[2024-12-17T06:55:03.601+0000] {local_task_job_runner.py:123} INFO - ::group::Pre task execution logs
[2024-12-17T06:55:03.609+0000] {taskinstance.py:2613} INFO - Dependencies all met for dep_context=non-requeueable deps ti=<TaskInstance: data_pipeline_etl.collect_data scheduled__2024-12-16T04:00:00+00:00 [queued]>
[2024-12-17T06:55:03.614+0000] {taskinstance.py:2613} INFO - Dependencies all met for dep_context=requeueable deps ti=<TaskInstance: data_pipeline_etl.collect_data scheduled__2024-12-16T04:00:00+00:00 [queued]>
[2024-12-17T06:55:03.614+0000] {taskinstance.py:2866} INFO - Starting attempt 2 of 2
[2024-12-17T06:55:03.623+0000] {taskinstance.py:2889} INFO - Executing <Task(BashOperator): collect_data> on 2024-12-16 04:00:00+00:00
[2024-12-17T06:55:03.627+0000] {logging_mixin.py:190} WARNING - /home/***/.local/lib/python3.12/site-packages/***/task/task_runner/standard_task_runner.py:70 DeprecationWarning: This process (pid=833) is multi-threaded, use of fork() may lead to deadlocks in the child.
[2024-12-17T06:55:03.628+0000] {standard_task_runner.py:72} INFO - Started process 834 to run task
[2024-12-17T06:55:03.627+0000] {standard_task_runner.py:104} INFO - Running: ['***', 'tasks', 'run', 'data_pipeline_etl', 'collect_data', 'scheduled__2024-12-16T04:00:00+00:00', '--job-id', '75', '--raw', '--subdir', 'DAGS_FOLDER/etl_pipeline_auto.py', '--cfg-path', '/tmp/tmpak2jcrsx']
[2024-12-17T06:55:03.630+0000] {standard_task_runner.py:105} INFO - Job 75: Subtask collect_data
[2024-12-17T06:55:03.661+0000] {task_command.py:467} INFO - Running <TaskInstance: data_pipeline_etl.collect_data scheduled__2024-12-16T04:00:00+00:00 [running]> on host a1770fae7bb1
[2024-12-17T06:55:03.718+0000] {taskinstance.py:3132} INFO - Exporting env vars: AIRFLOW_CTX_DAG_OWNER='***' AIRFLOW_CTX_DAG_ID='data_pipeline_etl' AIRFLOW_CTX_TASK_ID='collect_data' AIRFLOW_CTX_EXECUTION_DATE='2024-12-16T04:00:00+00:00' AIRFLOW_CTX_TRY_NUMBER='2' AIRFLOW_CTX_DAG_RUN_ID='scheduled__2024-12-16T04:00:00+00:00'
[2024-12-17T06:55:03.719+0000] {taskinstance.py:731} INFO - ::endgroup::
[2024-12-17T06:55:03.748+0000] {subprocess.py:78} INFO - Tmp dir root location: /tmp
[2024-12-17T06:55:03.749+0000] {subprocess.py:88} INFO - Running command: ['/usr/bin/bash', '-c', 'python /opt/***/data-pipeline-project/product_data_scraper.py']
[2024-12-17T06:55:03.755+0000] {subprocess.py:99} INFO - Output:
[2024-12-17T07:07:58.934+0000] {subprocess.py:106} INFO - 320번 데이터 수집 시작
[2024-12-17T07:07:58.936+0000] {subprocess.py:106} INFO - 페이지 1 데이터 수집 시작 (카테고리: 320)
[2024-12-17T07:07:58.936+0000] {subprocess.py:106} INFO - 페이지 2 데이터 수집 시작 (카테고리: 320)
[2024-12-17T07:07:58.936+0000] {subprocess.py:106} INFO - 페이지 3 데이터 수집 시작 (카테고리: 320)
[2024-12-17T07:07:58.936+0000] {subprocess.py:106} INFO - 페이지 4 데이터 수집 시작 (카테고리: 320)
[2024-12-17T07:07:58.936+0000] {subprocess.py:106} INFO - 페이지 5 데이터 수집 시작 (카테고리: 320)
[2024-12-17T07:07:58.936+0000] {subprocess.py:106} INFO - 페이지 6 데이터 수집 시작 (카테고리: 320)
[2024-12-17T07:07:58.937+0000] {subprocess.py:106} INFO - 페이지 7 데이터 수집 시작 (카테고리: 320)
[2024-12-17T07:07:58.937+0000] {subprocess.py:106} INFO - 페이지 8 데이터 수집 시작 (카테고리: 320)
[2024-12-17T07:07:58.937+0000] {subprocess.py:106} INFO - 페이지 9 데이터 수집 시작 (카테고리: 320)
[2024-12-17T07:07:58.937+0000] {subprocess.py:106} INFO - 페이지 10 데이터 수집 시작 (카테고리: 320)
[2024-12-17T07:07:58.937+0000] {subprocess.py:106} INFO - 페이지 11 데이터 수집 시작 (카테고리: 320)
[2024-12-17T07:07:58.937+0000] {subprocess.py:106} INFO - 페이지 12 데이터 수집 시작 (카테고리: 320)
[2024-12-17T07:07:58.937+0000] {subprocess.py:106} INFO - 페이지 13 데이터 수집 시작 (카테고리: 320)
[2024-12-17T07:07:58.937+0000] {subprocess.py:106} INFO - 페이지 14 데이터 수집 시작 (카테고리: 320)
[2024-12-17T07:07:58.937+0000] {subprocess.py:106} INFO - 페이지 15 데이터 수집 시작 (카테고리: 320)
[2024-12-17T07:07:58.938+0000] {subprocess.py:106} INFO - 페이지 16 데이터 수집 시작 (카테고리: 320)
[2024-12-17T07:07:58.938+0000] {subprocess.py:106} INFO - 페이지 17 데이터 수집 시작 (카테고리: 320)
[2024-12-17T07:07:58.938+0000] {subprocess.py:106} INFO - 페이지 18 데이터 수집 시작 (카테고리: 320)
[2024-12-17T07:07:58.938+0000] {subprocess.py:106} INFO - 페이지 19 데이터 수집 시작 (카테고리: 320)
[2024-12-17T07:07:58.938+0000] {subprocess.py:106} INFO - 페이지 20 데이터 수집 시작 (카테고리: 320)
[2024-12-17T07:07:58.938+0000] {subprocess.py:106} INFO - 페이지 21 데이터 수집 시작 (카테고리: 320)
[2024-12-17T07:07:58.938+0000] {subprocess.py:106} INFO - 페이지 22 데이터 수집 시작 (카테고리: 320)
[2024-12-17T07:07:58.938+0000] {subprocess.py:106} INFO - 페이지 23 데이터 수집 시작 (카테고리: 320)
[2024-12-17T07:07:58.939+0000] {subprocess.py:106} INFO - 페이지 24 데이터 수집 시작 (카테고리: 320)
[2024-12-17T07:07:58.939+0000] {subprocess.py:106} INFO - 페이지 25 데이터 수집 시작 (카테고리: 320)
[2024-12-17T07:07:58.939+0000] {subprocess.py:106} INFO - 페이지 26 데이터 수집 시작 (카테고리: 320)
[2024-12-17T07:07:58.939+0000] {subprocess.py:106} INFO - 페이지 27 데이터 수집 시작 (카테고리: 320)
[2024-12-17T07:07:58.939+0000] {subprocess.py:106} INFO - 페이지 28 데이터 수집 시작 (카테고리: 320)
[2024-12-17T07:07:58.939+0000] {subprocess.py:106} INFO - 페이지 29 데이터 수집 시작 (카테고리: 320)
[2024-12-17T07:07:58.939+0000] {subprocess.py:106} INFO - 페이지 30 데이터 수집 시작 (카테고리: 320)
[2024-12-17T07:07:58.940+0000] {subprocess.py:106} INFO - 페이지 31 데이터 수집 시작 (카테고리: 320)
[2024-12-17T07:07:58.940+0000] {subprocess.py:106} INFO - 페이지 32 데이터 수집 시작 (카테고리: 320)
[2024-12-17T07:07:58.940+0000] {subprocess.py:106} INFO - 페이지 33 데이터 수집 시작 (카테고리: 320)
[2024-12-17T07:07:58.940+0000] {subprocess.py:106} INFO - 페이지 34 데이터 수집 시작 (카테고리: 320)
[2024-12-17T07:07:58.940+0000] {subprocess.py:106} INFO - 페이지 35 데이터 수집 시작 (카테고리: 320)
[2024-12-17T07:07:58.940+0000] {subprocess.py:106} INFO - 페이지 36 데이터 수집 시작 (카테고리: 320)
[2024-12-17T07:07:58.940+0000] {subprocess.py:106} INFO - 페이지 37 데이터 수집 시작 (카테고리: 320)
[2024-12-17T07:07:58.941+0000] {subprocess.py:106} INFO - 페이지 38 데이터 수집 시작 (카테고리: 320)
[2024-12-17T07:07:58.941+0000] {subprocess.py:106} INFO - 페이지 39 데이터 수집 시작 (카테고리: 320)
[2024-12-17T07:07:58.941+0000] {subprocess.py:106} INFO - 페이지 40 데이터 수집 시작 (카테고리: 320)
[2024-12-17T07:07:58.941+0000] {subprocess.py:106} INFO - 페이지 41 데이터 수집 시작 (카테고리: 320)
[2024-12-17T07:07:58.941+0000] {subprocess.py:106} INFO - 페이지 42 데이터 수집 시작 (카테고리: 320)
[2024-12-17T07:07:58.941+0000] {subprocess.py:106} INFO - 페이지 43 데이터 수집 시작 (카테고리: 320)
[2024-12-17T07:07:58.942+0000] {subprocess.py:106} INFO - 페이지 44 데이터 수집 시작 (카테고리: 320)
[2024-12-17T07:07:58.942+0000] {subprocess.py:106} INFO - 페이지 45 데이터 수집 시작 (카테고리: 320)
[2024-12-17T07:07:58.942+0000] {subprocess.py:106} INFO - 페이지 46 데이터 수집 시작 (카테고리: 320)
[2024-12-17T07:07:58.942+0000] {subprocess.py:106} INFO - 페이지 47 데이터 수집 시작 (카테고리: 320)
[2024-12-17T07:07:58.942+0000] {subprocess.py:106} INFO - 페이지 48 데이터 수집 시작 (카테고리: 320)
[2024-12-17T07:07:58.942+0000] {subprocess.py:106} INFO - 페이지 49 데이터 수집 시작 (카테고리: 320)
[2024-12-17T07:07:58.942+0000] {subprocess.py:106} INFO - 페이지 50 데이터 수집 시작 (카테고리: 320)
[2024-12-17T07:07:58.942+0000] {subprocess.py:106} INFO - 페이지 51 데이터 수집 시작 (카테고리: 320)
[2024-12-17T07:07:58.943+0000] {subprocess.py:106} INFO - 페이지 52 데이터 수집 시작 (카테고리: 320)
[2024-12-17T07:07:58.943+0000] {subprocess.py:106} INFO - 페이지 53 데이터 수집 시작 (카테고리: 320)
[2024-12-17T07:07:58.943+0000] {subprocess.py:106} INFO - 페이지 54 데이터 수집 시작 (카테고리: 320)
[2024-12-17T07:07:58.943+0000] {subprocess.py:106} INFO - 페이지 55 데이터 수집 시작 (카테고리: 320)
[2024-12-17T07:07:58.943+0000] {subprocess.py:106} INFO - 페이지 56 데이터 수집 시작 (카테고리: 320)
[2024-12-17T07:07:58.943+0000] {subprocess.py:106} INFO - 페이지 57 데이터 수집 시작 (카테고리: 320)
[2024-12-17T07:07:58.943+0000] {subprocess.py:106} INFO - 페이지 58 데이터 수집 시작 (카테고리: 320)
[2024-12-17T07:07:58.943+0000] {subprocess.py:106} INFO - 페이지 59 데이터 수집 시작 (카테고리: 320)
[2024-12-17T07:07:58.943+0000] {subprocess.py:106} INFO - 페이지 60 데이터 수집 시작 (카테고리: 320)
[2024-12-17T07:07:58.943+0000] {subprocess.py:106} INFO - 페이지 61 데이터 수집 시작 (카테고리: 320)
[2024-12-17T07:07:58.943+0000] {subprocess.py:106} INFO - 페이지 62 데이터 수집 시작 (카테고리: 320)
[2024-12-17T07:07:58.943+0000] {subprocess.py:106} INFO - 페이지 63 데이터 수집 시작 (카테고리: 320)
[2024-12-17T07:07:58.944+0000] {subprocess.py:106} INFO - 페이지 64 데이터 수집 시작 (카테고리: 320)
[2024-12-17T07:07:58.944+0000] {subprocess.py:106} INFO - 페이지 65 데이터 수집 시작 (카테고리: 320)
[2024-12-17T07:07:58.944+0000] {subprocess.py:106} INFO - 페이지 66 데이터 수집 시작 (카테고리: 320)
[2024-12-17T07:07:58.944+0000] {subprocess.py:106} INFO - 페이지 67 데이터 수집 시작 (카테고리: 320)
[2024-12-17T07:07:58.944+0000] {subprocess.py:106} INFO - 페이지 68 데이터 수집 시작 (카테고리: 320)
[2024-12-17T07:07:58.944+0000] {subprocess.py:106} INFO - 페이지 69 데이터 수집 시작 (카테고리: 320)
[2024-12-17T07:07:58.944+0000] {subprocess.py:106} INFO - 페이지 70 데이터 수집 시작 (카테고리: 320)
[2024-12-17T07:07:58.944+0000] {subprocess.py:106} INFO - 페이지 71 데이터 수집 시작 (카테고리: 320)
[2024-12-17T07:07:58.944+0000] {subprocess.py:106} INFO - 페이지 72 데이터 수집 시작 (카테고리: 320)
[2024-12-17T07:07:58.944+0000] {subprocess.py:106} INFO - 페이지 73 데이터 수집 시작 (카테고리: 320)
[2024-12-17T07:07:58.944+0000] {subprocess.py:106} INFO - 페이지 74 데이터 수집 시작 (카테고리: 320)
[2024-12-17T07:07:58.944+0000] {subprocess.py:106} INFO - 페이지 75 데이터 수집 시작 (카테고리: 320)
[2024-12-17T07:07:58.945+0000] {subprocess.py:106} INFO - 페이지 76 데이터 수집 시작 (카테고리: 320)
[2024-12-17T07:07:58.945+0000] {subprocess.py:106} INFO - 페이지 77 데이터 수집 시작 (카테고리: 320)
[2024-12-17T07:07:58.945+0000] {subprocess.py:106} INFO - 페이지 78 데이터 수집 시작 (카테고리: 320)
[2024-12-17T07:07:58.945+0000] {subprocess.py:106} INFO - 페이지 79 데이터 수집 시작 (카테고리: 320)
[2024-12-17T07:07:58.945+0000] {subprocess.py:106} INFO - 페이지 80 데이터 수집 시작 (카테고리: 320)
[2024-12-17T07:07:58.945+0000] {subprocess.py:106} INFO - 페이지 81 데이터 수집 시작 (카테고리: 320)
[2024-12-17T07:07:58.945+0000] {subprocess.py:106} INFO - 페이지 82 데이터 수집 시작 (카테고리: 320)
[2024-12-17T07:07:58.945+0000] {subprocess.py:106} INFO - 페이지 83 데이터 수집 시작 (카테고리: 320)
[2024-12-17T07:07:58.945+0000] {subprocess.py:106} INFO - 페이지 84 데이터 수집 시작 (카테고리: 320)
[2024-12-17T07:07:58.945+0000] {subprocess.py:106} INFO - 페이지 85 데이터 수집 시작 (카테고리: 320)
[2024-12-17T07:07:58.945+0000] {subprocess.py:106} INFO - 페이지 86 데이터 수집 시작 (카테고리: 320)
[2024-12-17T07:07:58.945+0000] {subprocess.py:106} INFO - 페이지 87 데이터 수집 시작 (카테고리: 320)
[2024-12-17T07:07:58.946+0000] {subprocess.py:106} INFO - 페이지 88 데이터 수집 시작 (카테고리: 320)
[2024-12-17T07:07:58.946+0000] {subprocess.py:106} INFO - 페이지 89 데이터 수집 시작 (카테고리: 320)
[2024-12-17T07:07:58.946+0000] {subprocess.py:106} INFO - 페이지 90 데이터 수집 시작 (카테고리: 320)
[2024-12-17T07:07:58.946+0000] {subprocess.py:106} INFO - 페이지 91 데이터 수집 시작 (카테고리: 320)
[2024-12-17T07:07:58.946+0000] {subprocess.py:106} INFO - 페이지 92 데이터 수집 시작 (카테고리: 320)
[2024-12-17T07:07:58.946+0000] {subprocess.py:106} INFO - 페이지 93 데이터 수집 시작 (카테고리: 320)
[2024-12-17T07:07:58.946+0000] {subprocess.py:106} INFO - 페이지 94 데이터 수집 시작 (카테고리: 320)
[2024-12-17T07:07:58.946+0000] {subprocess.py:106} INFO - 페이지 95 데이터 수집 시작 (카테고리: 320)
[2024-12-17T07:07:58.946+0000] {subprocess.py:106} INFO - 페이지 96 데이터 수집 시작 (카테고리: 320)
[2024-12-17T07:07:58.946+0000] {subprocess.py:106} INFO - 페이지 97 데이터 수집 시작 (카테고리: 320)
[2024-12-17T07:07:58.947+0000] {subprocess.py:106} INFO - 페이지 98 데이터 수집 시작 (카테고리: 320)
[2024-12-17T07:07:58.947+0000] {subprocess.py:106} INFO - 페이지 99 데이터 수집 시작 (카테고리: 320)
[2024-12-17T07:07:58.947+0000] {subprocess.py:106} INFO - 페이지 100 데이터 수집 시작 (카테고리: 320)
[2024-12-17T07:07:58.947+0000] {subprocess.py:106} INFO - 페이지 101 데이터 수집 시작 (카테고리: 320)
[2024-12-17T07:07:58.947+0000] {subprocess.py:106} INFO - 페이지 102 데이터 수집 시작 (카테고리: 320)
[2024-12-17T07:07:58.947+0000] {subprocess.py:106} INFO - 페이지 103 데이터 수집 시작 (카테고리: 320)
[2024-12-17T07:07:58.947+0000] {subprocess.py:106} INFO - 페이지 104 데이터 수집 시작 (카테고리: 320)
[2024-12-17T07:07:58.948+0000] {subprocess.py:106} INFO - 페이지 105 데이터 수집 시작 (카테고리: 320)
[2024-12-17T07:07:58.948+0000] {subprocess.py:106} INFO - 페이지 106 데이터 수집 시작 (카테고리: 320)
[2024-12-17T07:07:58.948+0000] {subprocess.py:106} INFO - 페이지 107 데이터 수집 시작 (카테고리: 320)
[2024-12-17T07:07:58.948+0000] {subprocess.py:106} INFO - 페이지 108 데이터 수집 시작 (카테고리: 320)
[2024-12-17T07:07:58.948+0000] {subprocess.py:106} INFO - 페이지 109 데이터 수집 시작 (카테고리: 320)
[2024-12-17T07:07:58.948+0000] {subprocess.py:106} INFO - 페이지 110 데이터 수집 시작 (카테고리: 320)
[2024-12-17T07:07:58.948+0000] {subprocess.py:106} INFO - 페이지 111 데이터 수집 시작 (카테고리: 320)
[2024-12-17T07:07:58.948+0000] {subprocess.py:106} INFO - 페이지 112 데이터 수집 시작 (카테고리: 320)
[2024-12-17T07:07:58.949+0000] {subprocess.py:106} INFO - 페이지 113 데이터 수집 시작 (카테고리: 320)
[2024-12-17T07:07:58.949+0000] {subprocess.py:106} INFO - 페이지 114 데이터 수집 시작 (카테고리: 320)
[2024-12-17T07:07:58.949+0000] {subprocess.py:106} INFO - 페이지 115 데이터 수집 시작 (카테고리: 320)
[2024-12-17T07:07:58.949+0000] {subprocess.py:106} INFO - 페이지 116 데이터 수집 시작 (카테고리: 320)
[2024-12-17T07:07:58.949+0000] {subprocess.py:106} INFO - 페이지 117 데이터 수집 시작 (카테고리: 320)
[2024-12-17T07:07:58.949+0000] {subprocess.py:106} INFO - 페이지 118 데이터 수집 시작 (카테고리: 320)
[2024-12-17T07:07:58.949+0000] {subprocess.py:106} INFO - 페이지 119 데이터 수집 시작 (카테고리: 320)
[2024-12-17T07:07:58.949+0000] {subprocess.py:106} INFO - 페이지 120 데이터 수집 시작 (카테고리: 320)
[2024-12-17T07:07:58.950+0000] {subprocess.py:106} INFO - 페이지 121 데이터 수집 시작 (카테고리: 320)
[2024-12-17T07:07:58.950+0000] {subprocess.py:106} INFO - 페이지 122 데이터 수집 시작 (카테고리: 320)
[2024-12-17T07:07:58.950+0000] {subprocess.py:106} INFO - 페이지 123 데이터 수집 시작 (카테고리: 320)
[2024-12-17T07:07:58.950+0000] {subprocess.py:106} INFO - 페이지 124 데이터 수집 시작 (카테고리: 320)
[2024-12-17T07:07:58.950+0000] {subprocess.py:106} INFO - 페이지 125 데이터 수집 시작 (카테고리: 320)
[2024-12-17T07:07:58.950+0000] {subprocess.py:106} INFO - 페이지 126 데이터 수집 시작 (카테고리: 320)
[2024-12-17T07:07:58.950+0000] {subprocess.py:106} INFO - 페이지 127 데이터 수집 시작 (카테고리: 320)
[2024-12-17T07:07:58.951+0000] {subprocess.py:106} INFO - 페이지 128 데이터 수집 시작 (카테고리: 320)
[2024-12-17T07:07:58.951+0000] {subprocess.py:106} INFO - 페이지 129 데이터 수집 시작 (카테고리: 320)
[2024-12-17T07:07:58.951+0000] {subprocess.py:106} INFO - 페이지 130 데이터 수집 시작 (카테고리: 320)
[2024-12-17T07:07:58.951+0000] {subprocess.py:106} INFO - 페이지 131 데이터 수집 시작 (카테고리: 320)
[2024-12-17T07:07:58.951+0000] {subprocess.py:106} INFO - 페이지 132 데이터 수집 시작 (카테고리: 320)
[2024-12-17T07:07:58.951+0000] {subprocess.py:106} INFO - 페이지 133 데이터 수집 시작 (카테고리: 320)
[2024-12-17T07:07:58.951+0000] {subprocess.py:106} INFO - 페이지 134 데이터 수집 시작 (카테고리: 320)
[2024-12-17T07:07:58.951+0000] {subprocess.py:106} INFO - 페이지 135 데이터 수집 시작 (카테고리: 320)
[2024-12-17T07:07:58.952+0000] {subprocess.py:106} INFO - 페이지 136 데이터 수집 시작 (카테고리: 320)
[2024-12-17T07:07:58.952+0000] {subprocess.py:106} INFO - 페이지 137 데이터 수집 시작 (카테고리: 320)
[2024-12-17T07:07:58.952+0000] {subprocess.py:106} INFO - 페이지 138 데이터 수집 시작 (카테고리: 320)
[2024-12-17T07:07:58.952+0000] {subprocess.py:106} INFO - 페이지 139 데이터 수집 시작 (카테고리: 320)
[2024-12-17T07:07:58.952+0000] {subprocess.py:106} INFO - 페이지 140 데이터 수집 시작 (카테고리: 320)
[2024-12-17T07:07:58.952+0000] {subprocess.py:106} INFO - 페이지 141 데이터 수집 시작 (카테고리: 320)
[2024-12-17T07:07:58.952+0000] {subprocess.py:106} INFO - 페이지 142 데이터 수집 시작 (카테고리: 320)
[2024-12-17T07:20:57.057+0000] {subprocess.py:106} INFO - 페이지 143 데이터 수집 시작 (카테고리: 320)
[2024-12-17T07:20:57.059+0000] {subprocess.py:106} INFO - 페이지 144 데이터 수집 시작 (카테고리: 320)
[2024-12-17T07:20:57.059+0000] {subprocess.py:106} INFO - 페이지 145 데이터 수집 시작 (카테고리: 320)
[2024-12-17T07:20:57.059+0000] {subprocess.py:106} INFO - 페이지 146 데이터 수집 시작 (카테고리: 320)
[2024-12-17T07:20:57.060+0000] {subprocess.py:106} INFO - 페이지 147 데이터 수집 시작 (카테고리: 320)
[2024-12-17T07:20:57.060+0000] {subprocess.py:106} INFO - 페이지 148 데이터 수집 시작 (카테고리: 320)
[2024-12-17T07:20:57.060+0000] {subprocess.py:106} INFO - 페이지 149 데이터 수집 시작 (카테고리: 320)
[2024-12-17T07:20:57.060+0000] {subprocess.py:106} INFO - 페이지 150 데이터 수집 시작 (카테고리: 320)
[2024-12-17T07:20:57.061+0000] {subprocess.py:106} INFO - 페이지 151 데이터 수집 시작 (카테고리: 320)
[2024-12-17T07:20:57.061+0000] {subprocess.py:106} INFO - 페이지 152 데이터 수집 시작 (카테고리: 320)
[2024-12-17T07:20:57.061+0000] {subprocess.py:106} INFO - 페이지 153 데이터 수집 시작 (카테고리: 320)
[2024-12-17T07:20:57.061+0000] {subprocess.py:106} INFO - 페이지 154 데이터 수집 시작 (카테고리: 320)
[2024-12-17T07:20:57.061+0000] {subprocess.py:106} INFO - 페이지 155 데이터 수집 시작 (카테고리: 320)
[2024-12-17T07:20:57.061+0000] {subprocess.py:106} INFO - 페이지 156 데이터 수집 시작 (카테고리: 320)
[2024-12-17T07:20:57.062+0000] {subprocess.py:106} INFO - 페이지 157 데이터 수집 시작 (카테고리: 320)
[2024-12-17T07:20:57.062+0000] {subprocess.py:106} INFO - 페이지 158 데이터 수집 시작 (카테고리: 320)
[2024-12-17T07:20:57.062+0000] {subprocess.py:106} INFO - 페이지 159 데이터 수집 시작 (카테고리: 320)
[2024-12-17T07:20:57.062+0000] {subprocess.py:106} INFO - 페이지 160 데이터 수집 시작 (카테고리: 320)
[2024-12-17T07:20:57.063+0000] {subprocess.py:106} INFO - 페이지 161 데이터 수집 시작 (카테고리: 320)
[2024-12-17T07:20:57.063+0000] {subprocess.py:106} INFO - 페이지 162 데이터 수집 시작 (카테고리: 320)
[2024-12-17T07:20:57.063+0000] {subprocess.py:106} INFO - 페이지 163 데이터 수집 시작 (카테고리: 320)
[2024-12-17T07:20:57.063+0000] {subprocess.py:106} INFO - 페이지 164 데이터 수집 시작 (카테고리: 320)
[2024-12-17T07:20:57.063+0000] {subprocess.py:106} INFO - 페이지 165 데이터 수집 시작 (카테고리: 320)
[2024-12-17T07:20:57.063+0000] {subprocess.py:106} INFO - 페이지 166 데이터 수집 시작 (카테고리: 320)
[2024-12-17T07:20:57.065+0000] {subprocess.py:106} INFO - 페이지 167 데이터 수집 시작 (카테고리: 320)
[2024-12-17T07:20:57.065+0000] {subprocess.py:106} INFO - 페이지 168 데이터 수집 시작 (카테고리: 320)
[2024-12-17T07:20:57.065+0000] {subprocess.py:106} INFO - 페이지 169 데이터 수집 시작 (카테고리: 320)
[2024-12-17T07:20:57.065+0000] {subprocess.py:106} INFO - 페이지 170 데이터 수집 시작 (카테고리: 320)
[2024-12-17T07:20:57.065+0000] {subprocess.py:106} INFO - 페이지 171 데이터 수집 시작 (카테고리: 320)
[2024-12-17T07:20:57.065+0000] {subprocess.py:106} INFO - 페이지 172 데이터 수집 시작 (카테고리: 320)
[2024-12-17T07:20:57.065+0000] {subprocess.py:106} INFO - 페이지 173 데이터 수집 시작 (카테고리: 320)
[2024-12-17T07:20:57.066+0000] {subprocess.py:106} INFO - 페이지 174 데이터 수집 시작 (카테고리: 320)
[2024-12-17T07:20:57.066+0000] {subprocess.py:106} INFO - 페이지 175 데이터 수집 시작 (카테고리: 320)
[2024-12-17T07:20:57.066+0000] {subprocess.py:106} INFO - 페이지 176 데이터 수집 시작 (카테고리: 320)
[2024-12-17T07:20:57.066+0000] {subprocess.py:106} INFO - 페이지 177 데이터 수집 시작 (카테고리: 320)
[2024-12-17T07:20:57.066+0000] {subprocess.py:106} INFO - 페이지 178 데이터 수집 시작 (카테고리: 320)
[2024-12-17T07:20:57.066+0000] {subprocess.py:106} INFO - 페이지 179 데이터 수집 시작 (카테고리: 320)
[2024-12-17T07:20:57.066+0000] {subprocess.py:106} INFO - 페이지 180 데이터 수집 시작 (카테고리: 320)
[2024-12-17T07:20:57.067+0000] {subprocess.py:106} INFO - 페이지 181 데이터 수집 시작 (카테고리: 320)
[2024-12-17T07:20:57.067+0000] {subprocess.py:106} INFO - 페이지 182 데이터 수집 시작 (카테고리: 320)
[2024-12-17T07:20:57.067+0000] {subprocess.py:106} INFO - 페이지 183 데이터 수집 시작 (카테고리: 320)
[2024-12-17T07:20:57.067+0000] {subprocess.py:106} INFO - 페이지 184 데이터 수집 시작 (카테고리: 320)
[2024-12-17T07:20:57.067+0000] {subprocess.py:106} INFO - 페이지 185 데이터 수집 시작 (카테고리: 320)
[2024-12-17T07:20:57.067+0000] {subprocess.py:106} INFO - 페이지 186 데이터 수집 시작 (카테고리: 320)
[2024-12-17T07:20:57.067+0000] {subprocess.py:106} INFO - 페이지 187 데이터 수집 시작 (카테고리: 320)
[2024-12-17T07:20:57.068+0000] {subprocess.py:106} INFO - 페이지 188 데이터 수집 시작 (카테고리: 320)
[2024-12-17T07:20:57.068+0000] {subprocess.py:106} INFO - 페이지 189 데이터 수집 시작 (카테고리: 320)
[2024-12-17T07:20:57.068+0000] {subprocess.py:106} INFO - 페이지 190 데이터 수집 시작 (카테고리: 320)
[2024-12-17T07:20:57.068+0000] {subprocess.py:106} INFO - 페이지 191 데이터 수집 시작 (카테고리: 320)
[2024-12-17T07:20:57.068+0000] {subprocess.py:106} INFO - 페이지 192 데이터 수집 시작 (카테고리: 320)
[2024-12-17T07:20:57.068+0000] {subprocess.py:106} INFO - 페이지 193 데이터 수집 시작 (카테고리: 320)
[2024-12-17T07:20:57.069+0000] {subprocess.py:106} INFO - 페이지 194 데이터 수집 시작 (카테고리: 320)
[2024-12-17T07:20:57.069+0000] {subprocess.py:106} INFO - 페이지 195 데이터 수집 시작 (카테고리: 320)
[2024-12-17T07:20:57.069+0000] {subprocess.py:106} INFO - 페이지 196 데이터 수집 시작 (카테고리: 320)
[2024-12-17T07:20:57.069+0000] {subprocess.py:106} INFO - 페이지 197 데이터 수집 시작 (카테고리: 320)
[2024-12-17T07:20:57.069+0000] {subprocess.py:106} INFO - 페이지 198 데이터 수집 시작 (카테고리: 320)
[2024-12-17T07:20:57.069+0000] {subprocess.py:106} INFO - 페이지 199 데이터 수집 시작 (카테고리: 320)
[2024-12-17T07:20:57.069+0000] {subprocess.py:106} INFO - 페이지 200 데이터 수집 시작 (카테고리: 320)
[2024-12-17T07:20:57.070+0000] {subprocess.py:106} INFO - 페이지 201 데이터 수집 시작 (카테고리: 320)
[2024-12-17T07:20:57.070+0000] {subprocess.py:106} INFO - 페이지 202 데이터 수집 시작 (카테고리: 320)
[2024-12-17T07:20:57.070+0000] {subprocess.py:106} INFO - 페이지 203 데이터 수집 시작 (카테고리: 320)
[2024-12-17T07:20:57.070+0000] {subprocess.py:106} INFO - 페이지 204 데이터 수집 시작 (카테고리: 320)
[2024-12-17T07:20:57.070+0000] {subprocess.py:106} INFO - 페이지 205 데이터 수집 시작 (카테고리: 320)
[2024-12-17T07:20:57.070+0000] {subprocess.py:106} INFO - 페이지 206 데이터 수집 시작 (카테고리: 320)
[2024-12-17T07:20:57.070+0000] {subprocess.py:106} INFO - 페이지 207 데이터 수집 시작 (카테고리: 320)
[2024-12-17T07:20:57.070+0000] {subprocess.py:106} INFO - 페이지 208 데이터 수집 시작 (카테고리: 320)
[2024-12-17T07:20:57.071+0000] {subprocess.py:106} INFO - 페이지 209 데이터 수집 시작 (카테고리: 320)
[2024-12-17T07:20:57.071+0000] {subprocess.py:106} INFO - 페이지 210 데이터 수집 시작 (카테고리: 320)
[2024-12-17T07:20:57.071+0000] {subprocess.py:106} INFO - 페이지 211 데이터 수집 시작 (카테고리: 320)
[2024-12-17T07:20:57.071+0000] {subprocess.py:106} INFO - 페이지 212 데이터 수집 시작 (카테고리: 320)
[2024-12-17T07:20:57.071+0000] {subprocess.py:106} INFO - 페이지 213 데이터 수집 시작 (카테고리: 320)
[2024-12-17T07:20:57.071+0000] {subprocess.py:106} INFO - 페이지 214 데이터 수집 시작 (카테고리: 320)
[2024-12-17T07:20:57.071+0000] {subprocess.py:106} INFO - 페이지 215 데이터 수집 시작 (카테고리: 320)
[2024-12-17T07:20:57.072+0000] {subprocess.py:106} INFO - 페이지 216 데이터 수집 시작 (카테고리: 320)
[2024-12-17T07:20:57.072+0000] {subprocess.py:106} INFO - 페이지 217 데이터 수집 시작 (카테고리: 320)
[2024-12-17T07:20:57.072+0000] {subprocess.py:106} INFO - 페이지 218 데이터 수집 시작 (카테고리: 320)
[2024-12-17T07:20:57.072+0000] {subprocess.py:106} INFO - 페이지 219 데이터 수집 시작 (카테고리: 320)
[2024-12-17T07:20:57.072+0000] {subprocess.py:106} INFO - 페이지 220 데이터 수집 시작 (카테고리: 320)
[2024-12-17T07:20:57.072+0000] {subprocess.py:106} INFO - 페이지 221 데이터 수집 시작 (카테고리: 320)
[2024-12-17T07:20:57.072+0000] {subprocess.py:106} INFO - 페이지 222 데이터 수집 시작 (카테고리: 320)
[2024-12-17T07:20:57.073+0000] {subprocess.py:106} INFO - 페이지 223 데이터 수집 시작 (카테고리: 320)
[2024-12-17T07:20:57.073+0000] {subprocess.py:106} INFO - 페이지 224 데이터 수집 시작 (카테고리: 320)
[2024-12-17T07:20:57.073+0000] {subprocess.py:106} INFO - 페이지 225 데이터 수집 시작 (카테고리: 320)
[2024-12-17T07:20:57.073+0000] {subprocess.py:106} INFO - 페이지 226 데이터 수집 시작 (카테고리: 320)
[2024-12-17T07:20:57.073+0000] {subprocess.py:106} INFO - 페이지 227 데이터 수집 시작 (카테고리: 320)
[2024-12-17T07:20:57.073+0000] {subprocess.py:106} INFO - 페이지 228 데이터 수집 시작 (카테고리: 320)
[2024-12-17T07:20:57.073+0000] {subprocess.py:106} INFO - 페이지 229 데이터 수집 시작 (카테고리: 320)
[2024-12-17T07:20:57.074+0000] {subprocess.py:106} INFO - 페이지 230 데이터 수집 시작 (카테고리: 320)
[2024-12-17T07:20:57.074+0000] {subprocess.py:106} INFO - 페이지 231 데이터 수집 시작 (카테고리: 320)
[2024-12-17T07:20:57.074+0000] {subprocess.py:106} INFO - 페이지 232 데이터 수집 시작 (카테고리: 320)
[2024-12-17T07:20:57.074+0000] {subprocess.py:106} INFO - 페이지 233 데이터 수집 시작 (카테고리: 320)
[2024-12-17T07:20:57.074+0000] {subprocess.py:106} INFO - 페이지 234 데이터 수집 시작 (카테고리: 320)
[2024-12-17T07:20:57.074+0000] {subprocess.py:106} INFO - 페이지 235 데이터 수집 시작 (카테고리: 320)
[2024-12-17T07:20:57.074+0000] {subprocess.py:106} INFO - 페이지 236 데이터 수집 시작 (카테고리: 320)
[2024-12-17T07:20:57.075+0000] {subprocess.py:106} INFO - 페이지 237 데이터 수집 시작 (카테고리: 320)
[2024-12-17T07:20:57.075+0000] {subprocess.py:106} INFO - 페이지 238 데이터 수집 시작 (카테고리: 320)
[2024-12-17T07:20:57.075+0000] {subprocess.py:106} INFO - 페이지 239 데이터 수집 시작 (카테고리: 320)
[2024-12-17T07:20:57.075+0000] {subprocess.py:106} INFO - 페이지 240 데이터 수집 시작 (카테고리: 320)
[2024-12-17T07:20:57.075+0000] {subprocess.py:106} INFO - 페이지 241 데이터 수집 시작 (카테고리: 320)
[2024-12-17T07:20:57.075+0000] {subprocess.py:106} INFO - 페이지 242 데이터 수집 시작 (카테고리: 320)
[2024-12-17T07:20:57.075+0000] {subprocess.py:106} INFO - 페이지 243 데이터 수집 시작 (카테고리: 320)
[2024-12-17T07:20:57.076+0000] {subprocess.py:106} INFO - 페이지 244 데이터 수집 시작 (카테고리: 320)
[2024-12-17T07:20:57.076+0000] {subprocess.py:106} INFO - 페이지 245 데이터 수집 시작 (카테고리: 320)
[2024-12-17T07:20:57.076+0000] {subprocess.py:106} INFO - 페이지 246 데이터 수집 시작 (카테고리: 320)
[2024-12-17T07:20:57.076+0000] {subprocess.py:106} INFO - 페이지 247 데이터 수집 시작 (카테고리: 320)
[2024-12-17T07:20:57.076+0000] {subprocess.py:106} INFO - 페이지 248 데이터 수집 시작 (카테고리: 320)
[2024-12-17T07:20:57.076+0000] {subprocess.py:106} INFO - 페이지 249 데이터 수집 시작 (카테고리: 320)
[2024-12-17T07:20:57.076+0000] {subprocess.py:106} INFO - 페이지 250 데이터 수집 시작 (카테고리: 320)
[2024-12-17T07:20:57.077+0000] {subprocess.py:106} INFO - 페이지 251 데이터 수집 시작 (카테고리: 320)
[2024-12-17T07:20:57.077+0000] {subprocess.py:106} INFO - 페이지 252 데이터 수집 시작 (카테고리: 320)
[2024-12-17T07:20:57.077+0000] {subprocess.py:106} INFO - 페이지 253 데이터 수집 시작 (카테고리: 320)
[2024-12-17T07:20:57.077+0000] {subprocess.py:106} INFO - 페이지 254 데이터 수집 시작 (카테고리: 320)
[2024-12-17T07:20:57.077+0000] {subprocess.py:106} INFO - 페이지 255 데이터 수집 시작 (카테고리: 320)
[2024-12-17T07:20:57.077+0000] {subprocess.py:106} INFO - 페이지 256 데이터 수집 시작 (카테고리: 320)
[2024-12-17T07:20:57.077+0000] {subprocess.py:106} INFO - 페이지 257 데이터 수집 시작 (카테고리: 320)
[2024-12-17T07:20:57.078+0000] {subprocess.py:106} INFO - 페이지 258 데이터 수집 시작 (카테고리: 320)
[2024-12-17T07:20:57.078+0000] {subprocess.py:106} INFO - 페이지 259 데이터 수집 시작 (카테고리: 320)
[2024-12-17T07:20:57.078+0000] {subprocess.py:106} INFO - 페이지 260 데이터 수집 시작 (카테고리: 320)
[2024-12-17T07:20:57.078+0000] {subprocess.py:106} INFO - 페이지 261 데이터 수집 시작 (카테고리: 320)
[2024-12-17T07:20:57.078+0000] {subprocess.py:106} INFO - 페이지 262 데이터 수집 시작 (카테고리: 320)
[2024-12-17T07:20:57.078+0000] {subprocess.py:106} INFO - 페이지 263 데이터 수집 시작 (카테고리: 320)
[2024-12-17T07:20:57.078+0000] {subprocess.py:106} INFO - 페이지 264 데이터 수집 시작 (카테고리: 320)
[2024-12-17T07:20:57.079+0000] {subprocess.py:106} INFO - 페이지 265 데이터 수집 시작 (카테고리: 320)
[2024-12-17T07:20:57.079+0000] {subprocess.py:106} INFO - 페이지 266 데이터 수집 시작 (카테고리: 320)
[2024-12-17T07:20:57.079+0000] {subprocess.py:106} INFO - 페이지 267 데이터 수집 시작 (카테고리: 320)
[2024-12-17T07:20:57.079+0000] {subprocess.py:106} INFO - 페이지 268 데이터 수집 시작 (카테고리: 320)
[2024-12-17T07:20:57.079+0000] {subprocess.py:106} INFO - 페이지 269 데이터 수집 시작 (카테고리: 320)
[2024-12-17T07:20:57.079+0000] {subprocess.py:106} INFO - 페이지 270 데이터 수집 시작 (카테고리: 320)
[2024-12-17T07:20:57.079+0000] {subprocess.py:106} INFO - 페이지 271 데이터 수집 시작 (카테고리: 320)
[2024-12-17T07:20:57.080+0000] {subprocess.py:106} INFO - 페이지 272 데이터 수집 시작 (카테고리: 320)
[2024-12-17T07:20:57.080+0000] {subprocess.py:106} INFO - 페이지 273 데이터 수집 시작 (카테고리: 320)
[2024-12-17T07:20:57.080+0000] {subprocess.py:106} INFO - 페이지 274 데이터 수집 시작 (카테고리: 320)
[2024-12-17T07:20:57.080+0000] {subprocess.py:106} INFO - 페이지 275 데이터 수집 시작 (카테고리: 320)
[2024-12-17T07:20:57.080+0000] {subprocess.py:106} INFO - 페이지 276 데이터 수집 시작 (카테고리: 320)
[2024-12-17T07:20:57.080+0000] {subprocess.py:106} INFO - 페이지 277 데이터 수집 시작 (카테고리: 320)
[2024-12-17T07:20:57.080+0000] {subprocess.py:106} INFO - 페이지 278 데이터 수집 시작 (카테고리: 320)
[2024-12-17T07:20:57.081+0000] {subprocess.py:106} INFO - 페이지 279 데이터 수집 시작 (카테고리: 320)
[2024-12-17T07:20:57.081+0000] {subprocess.py:106} INFO - 페이지 280 데이터 수집 시작 (카테고리: 320)
[2024-12-17T07:20:57.081+0000] {subprocess.py:106} INFO - 페이지 281 데이터 수집 시작 (카테고리: 320)
[2024-12-17T07:20:57.081+0000] {subprocess.py:106} INFO - 페이지 282 데이터 수집 시작 (카테고리: 320)
[2024-12-17T07:20:57.081+0000] {subprocess.py:106} INFO - 페이지 283 데이터 수집 시작 (카테고리: 320)
[2024-12-17T07:20:57.081+0000] {subprocess.py:106} INFO - 페이지 284 데이터 수집 시작 (카테고리: 320)
[2024-12-17T07:33:46.369+0000] {subprocess.py:106} INFO - 페이지 285 데이터 수집 시작 (카테고리: 320)
[2024-12-17T07:33:46.371+0000] {subprocess.py:106} INFO - 페이지 286 데이터 수집 시작 (카테고리: 320)
[2024-12-17T07:33:46.371+0000] {subprocess.py:106} INFO - 페이지 287 데이터 수집 시작 (카테고리: 320)
[2024-12-17T07:33:46.372+0000] {subprocess.py:106} INFO - 페이지 288 데이터 수집 시작 (카테고리: 320)
[2024-12-17T07:33:46.372+0000] {subprocess.py:106} INFO - 페이지 289 데이터 수집 시작 (카테고리: 320)
[2024-12-17T07:33:46.372+0000] {subprocess.py:106} INFO - 페이지 290 데이터 수집 시작 (카테고리: 320)
[2024-12-17T07:33:46.372+0000] {subprocess.py:106} INFO - 페이지 291 데이터 수집 시작 (카테고리: 320)
[2024-12-17T07:33:46.372+0000] {subprocess.py:106} INFO - 페이지 292 데이터 수집 시작 (카테고리: 320)
[2024-12-17T07:33:46.372+0000] {subprocess.py:106} INFO - 페이지 293 데이터 수집 시작 (카테고리: 320)
[2024-12-17T07:33:46.372+0000] {subprocess.py:106} INFO - 페이지 294 데이터 수집 시작 (카테고리: 320)
[2024-12-17T07:33:46.373+0000] {subprocess.py:106} INFO - 페이지 295 데이터 수집 시작 (카테고리: 320)
[2024-12-17T07:33:46.373+0000] {subprocess.py:106} INFO - 페이지 296 데이터 수집 시작 (카테고리: 320)
[2024-12-17T07:33:46.373+0000] {subprocess.py:106} INFO - 페이지 297 데이터 수집 시작 (카테고리: 320)
[2024-12-17T07:33:46.373+0000] {subprocess.py:106} INFO - 페이지 298 데이터 수집 시작 (카테고리: 320)
[2024-12-17T07:33:46.373+0000] {subprocess.py:106} INFO - 페이지 299 데이터 수집 시작 (카테고리: 320)
[2024-12-17T07:33:46.374+0000] {subprocess.py:106} INFO - 페이지 300 데이터 수집 시작 (카테고리: 320)
[2024-12-17T07:33:46.374+0000] {subprocess.py:106} INFO - {'/opt/***/collectedData/mans_category/mans_category_20241217_072225.csv'}
[2024-12-17T07:33:46.374+0000] {subprocess.py:106} INFO - 데이터 수집 및 저장 완료
[2024-12-17T07:33:46.374+0000] {subprocess.py:106} INFO - 310번 데이터 수집 시작
[2024-12-17T07:33:46.374+0000] {subprocess.py:106} INFO - 페이지 1 데이터 수집 시작 (카테고리: 310)
[2024-12-17T07:33:46.374+0000] {subprocess.py:106} INFO - 페이지 2 데이터 수집 시작 (카테고리: 310)
[2024-12-17T07:33:46.375+0000] {subprocess.py:106} INFO - 페이지 3 데이터 수집 시작 (카테고리: 310)
[2024-12-17T07:33:46.375+0000] {subprocess.py:106} INFO - 페이지 4 데이터 수집 시작 (카테고리: 310)
[2024-12-17T07:33:46.375+0000] {subprocess.py:106} INFO - 페이지 5 데이터 수집 시작 (카테고리: 310)
[2024-12-17T07:33:46.375+0000] {subprocess.py:106} INFO - 페이지 6 데이터 수집 시작 (카테고리: 310)
[2024-12-17T07:33:46.375+0000] {subprocess.py:106} INFO - 페이지 7 데이터 수집 시작 (카테고리: 310)
[2024-12-17T07:33:46.375+0000] {subprocess.py:106} INFO - 페이지 8 데이터 수집 시작 (카테고리: 310)
[2024-12-17T07:33:46.375+0000] {subprocess.py:106} INFO - 페이지 9 데이터 수집 시작 (카테고리: 310)
[2024-12-17T07:33:46.376+0000] {subprocess.py:106} INFO - 페이지 10 데이터 수집 시작 (카테고리: 310)
[2024-12-17T07:33:46.376+0000] {subprocess.py:106} INFO - 페이지 11 데이터 수집 시작 (카테고리: 310)
[2024-12-17T07:33:46.376+0000] {subprocess.py:106} INFO - 페이지 12 데이터 수집 시작 (카테고리: 310)
[2024-12-17T07:33:46.376+0000] {subprocess.py:106} INFO - 페이지 13 데이터 수집 시작 (카테고리: 310)
[2024-12-17T07:33:46.376+0000] {subprocess.py:106} INFO - 페이지 14 데이터 수집 시작 (카테고리: 310)
[2024-12-17T07:33:46.376+0000] {subprocess.py:106} INFO - 페이지 15 데이터 수집 시작 (카테고리: 310)
[2024-12-17T07:33:46.376+0000] {subprocess.py:106} INFO - 페이지 16 데이터 수집 시작 (카테고리: 310)
[2024-12-17T07:33:46.377+0000] {subprocess.py:106} INFO - 페이지 17 데이터 수집 시작 (카테고리: 310)
[2024-12-17T07:33:46.377+0000] {subprocess.py:106} INFO - 페이지 18 데이터 수집 시작 (카테고리: 310)
[2024-12-17T07:33:46.377+0000] {subprocess.py:106} INFO - 페이지 19 데이터 수집 시작 (카테고리: 310)
[2024-12-17T07:33:46.377+0000] {subprocess.py:106} INFO - 페이지 20 데이터 수집 시작 (카테고리: 310)
[2024-12-17T07:33:46.377+0000] {subprocess.py:106} INFO - 페이지 21 데이터 수집 시작 (카테고리: 310)
[2024-12-17T07:33:46.377+0000] {subprocess.py:106} INFO - 페이지 22 데이터 수집 시작 (카테고리: 310)
[2024-12-17T07:33:46.378+0000] {subprocess.py:106} INFO - 페이지 23 데이터 수집 시작 (카테고리: 310)
[2024-12-17T07:33:46.378+0000] {subprocess.py:106} INFO - 페이지 24 데이터 수집 시작 (카테고리: 310)
[2024-12-17T07:33:46.378+0000] {subprocess.py:106} INFO - 페이지 25 데이터 수집 시작 (카테고리: 310)
[2024-12-17T07:33:46.378+0000] {subprocess.py:106} INFO - 페이지 26 데이터 수집 시작 (카테고리: 310)
[2024-12-17T07:33:46.378+0000] {subprocess.py:106} INFO - 페이지 27 데이터 수집 시작 (카테고리: 310)
[2024-12-17T07:33:46.378+0000] {subprocess.py:106} INFO - 페이지 28 데이터 수집 시작 (카테고리: 310)
[2024-12-17T07:33:46.378+0000] {subprocess.py:106} INFO - 페이지 29 데이터 수집 시작 (카테고리: 310)
[2024-12-17T07:33:46.379+0000] {subprocess.py:106} INFO - 페이지 30 데이터 수집 시작 (카테고리: 310)
[2024-12-17T07:33:46.379+0000] {subprocess.py:106} INFO - 페이지 31 데이터 수집 시작 (카테고리: 310)
[2024-12-17T07:33:46.379+0000] {subprocess.py:106} INFO - 페이지 32 데이터 수집 시작 (카테고리: 310)
[2024-12-17T07:33:46.379+0000] {subprocess.py:106} INFO - 페이지 33 데이터 수집 시작 (카테고리: 310)
[2024-12-17T07:33:46.379+0000] {subprocess.py:106} INFO - 페이지 34 데이터 수집 시작 (카테고리: 310)
[2024-12-17T07:33:46.379+0000] {subprocess.py:106} INFO - 페이지 35 데이터 수집 시작 (카테고리: 310)
[2024-12-17T07:33:46.379+0000] {subprocess.py:106} INFO - 페이지 36 데이터 수집 시작 (카테고리: 310)
[2024-12-17T07:33:46.380+0000] {subprocess.py:106} INFO - 페이지 37 데이터 수집 시작 (카테고리: 310)
[2024-12-17T07:33:46.380+0000] {subprocess.py:106} INFO - 페이지 38 데이터 수집 시작 (카테고리: 310)
[2024-12-17T07:33:46.380+0000] {subprocess.py:106} INFO - 페이지 39 데이터 수집 시작 (카테고리: 310)
[2024-12-17T07:33:46.380+0000] {subprocess.py:106} INFO - 페이지 40 데이터 수집 시작 (카테고리: 310)
[2024-12-17T07:33:46.380+0000] {subprocess.py:106} INFO - 페이지 41 데이터 수집 시작 (카테고리: 310)
[2024-12-17T07:33:46.380+0000] {subprocess.py:106} INFO - 페이지 42 데이터 수집 시작 (카테고리: 310)
[2024-12-17T07:33:46.380+0000] {subprocess.py:106} INFO - 페이지 43 데이터 수집 시작 (카테고리: 310)
[2024-12-17T07:33:46.381+0000] {subprocess.py:106} INFO - 페이지 44 데이터 수집 시작 (카테고리: 310)
[2024-12-17T07:33:46.381+0000] {subprocess.py:106} INFO - 페이지 45 데이터 수집 시작 (카테고리: 310)
[2024-12-17T07:33:46.381+0000] {subprocess.py:106} INFO - 페이지 46 데이터 수집 시작 (카테고리: 310)
[2024-12-17T07:33:46.381+0000] {subprocess.py:106} INFO - 페이지 47 데이터 수집 시작 (카테고리: 310)
[2024-12-17T07:33:46.381+0000] {subprocess.py:106} INFO - 페이지 48 데이터 수집 시작 (카테고리: 310)
[2024-12-17T07:33:46.381+0000] {subprocess.py:106} INFO - 페이지 49 데이터 수집 시작 (카테고리: 310)
[2024-12-17T07:33:46.381+0000] {subprocess.py:106} INFO - 페이지 50 데이터 수집 시작 (카테고리: 310)
[2024-12-17T07:33:46.382+0000] {subprocess.py:106} INFO - 페이지 51 데이터 수집 시작 (카테고리: 310)
[2024-12-17T07:33:46.382+0000] {subprocess.py:106} INFO - 페이지 52 데이터 수집 시작 (카테고리: 310)
[2024-12-17T07:33:46.382+0000] {subprocess.py:106} INFO - 페이지 53 데이터 수집 시작 (카테고리: 310)
[2024-12-17T07:33:46.382+0000] {subprocess.py:106} INFO - 페이지 54 데이터 수집 시작 (카테고리: 310)
[2024-12-17T07:33:46.382+0000] {subprocess.py:106} INFO - 페이지 55 데이터 수집 시작 (카테고리: 310)
[2024-12-17T07:33:46.382+0000] {subprocess.py:106} INFO - 페이지 56 데이터 수집 시작 (카테고리: 310)
[2024-12-17T07:33:46.382+0000] {subprocess.py:106} INFO - 페이지 57 데이터 수집 시작 (카테고리: 310)
[2024-12-17T07:33:46.383+0000] {subprocess.py:106} INFO - 페이지 58 데이터 수집 시작 (카테고리: 310)
[2024-12-17T07:33:46.383+0000] {subprocess.py:106} INFO - 페이지 59 데이터 수집 시작 (카테고리: 310)
[2024-12-17T07:33:46.383+0000] {subprocess.py:106} INFO - 페이지 60 데이터 수집 시작 (카테고리: 310)
[2024-12-17T07:33:46.383+0000] {subprocess.py:106} INFO - 페이지 61 데이터 수집 시작 (카테고리: 310)
[2024-12-17T07:33:46.383+0000] {subprocess.py:106} INFO - 페이지 62 데이터 수집 시작 (카테고리: 310)
[2024-12-17T07:33:46.383+0000] {subprocess.py:106} INFO - 페이지 63 데이터 수집 시작 (카테고리: 310)
[2024-12-17T07:33:46.383+0000] {subprocess.py:106} INFO - 페이지 64 데이터 수집 시작 (카테고리: 310)
[2024-12-17T07:33:46.383+0000] {subprocess.py:106} INFO - 페이지 65 데이터 수집 시작 (카테고리: 310)
[2024-12-17T07:33:46.384+0000] {subprocess.py:106} INFO - 페이지 66 데이터 수집 시작 (카테고리: 310)
[2024-12-17T07:33:46.384+0000] {subprocess.py:106} INFO - 페이지 67 데이터 수집 시작 (카테고리: 310)
[2024-12-17T07:33:46.384+0000] {subprocess.py:106} INFO - 페이지 68 데이터 수집 시작 (카테고리: 310)
[2024-12-17T07:33:46.384+0000] {subprocess.py:106} INFO - 페이지 69 데이터 수집 시작 (카테고리: 310)
[2024-12-17T07:33:46.384+0000] {subprocess.py:106} INFO - 페이지 70 데이터 수집 시작 (카테고리: 310)
[2024-12-17T07:33:46.385+0000] {subprocess.py:106} INFO - 페이지 71 데이터 수집 시작 (카테고리: 310)
[2024-12-17T07:33:46.385+0000] {subprocess.py:106} INFO - 페이지 72 데이터 수집 시작 (카테고리: 310)
[2024-12-17T07:33:46.385+0000] {subprocess.py:106} INFO - 페이지 73 데이터 수집 시작 (카테고리: 310)
[2024-12-17T07:33:46.385+0000] {subprocess.py:106} INFO - 페이지 74 데이터 수집 시작 (카테고리: 310)
[2024-12-17T07:33:46.385+0000] {subprocess.py:106} INFO - 페이지 75 데이터 수집 시작 (카테고리: 310)
[2024-12-17T07:33:46.385+0000] {subprocess.py:106} INFO - 페이지 76 데이터 수집 시작 (카테고리: 310)
[2024-12-17T07:33:46.385+0000] {subprocess.py:106} INFO - 페이지 77 데이터 수집 시작 (카테고리: 310)
[2024-12-17T07:33:46.386+0000] {subprocess.py:106} INFO - 페이지 78 데이터 수집 시작 (카테고리: 310)
[2024-12-17T07:33:46.386+0000] {subprocess.py:106} INFO - 페이지 79 데이터 수집 시작 (카테고리: 310)
[2024-12-17T07:33:46.386+0000] {subprocess.py:106} INFO - 페이지 80 데이터 수집 시작 (카테고리: 310)
[2024-12-17T07:33:46.386+0000] {subprocess.py:106} INFO - 페이지 81 데이터 수집 시작 (카테고리: 310)
[2024-12-17T07:33:46.386+0000] {subprocess.py:106} INFO - 페이지 82 데이터 수집 시작 (카테고리: 310)
[2024-12-17T07:33:46.386+0000] {subprocess.py:106} INFO - 페이지 83 데이터 수집 시작 (카테고리: 310)
[2024-12-17T07:33:46.386+0000] {subprocess.py:106} INFO - 페이지 84 데이터 수집 시작 (카테고리: 310)
[2024-12-17T07:33:46.387+0000] {subprocess.py:106} INFO - 페이지 85 데이터 수집 시작 (카테고리: 310)
[2024-12-17T07:33:46.387+0000] {subprocess.py:106} INFO - 페이지 86 데이터 수집 시작 (카테고리: 310)
[2024-12-17T07:33:46.387+0000] {subprocess.py:106} INFO - 페이지 87 데이터 수집 시작 (카테고리: 310)
[2024-12-17T07:33:46.387+0000] {subprocess.py:106} INFO - 페이지 88 데이터 수집 시작 (카테고리: 310)
[2024-12-17T07:33:46.387+0000] {subprocess.py:106} INFO - 페이지 89 데이터 수집 시작 (카테고리: 310)
[2024-12-17T07:33:46.387+0000] {subprocess.py:106} INFO - 페이지 90 데이터 수집 시작 (카테고리: 310)
[2024-12-17T07:33:46.387+0000] {subprocess.py:106} INFO - 페이지 91 데이터 수집 시작 (카테고리: 310)
[2024-12-17T07:33:46.387+0000] {subprocess.py:106} INFO - 페이지 92 데이터 수집 시작 (카테고리: 310)
[2024-12-17T07:33:46.388+0000] {subprocess.py:106} INFO - 페이지 93 데이터 수집 시작 (카테고리: 310)
[2024-12-17T07:33:46.388+0000] {subprocess.py:106} INFO - 페이지 94 데이터 수집 시작 (카테고리: 310)
[2024-12-17T07:33:46.388+0000] {subprocess.py:106} INFO - 페이지 95 데이터 수집 시작 (카테고리: 310)
[2024-12-17T07:33:46.388+0000] {subprocess.py:106} INFO - 페이지 96 데이터 수집 시작 (카테고리: 310)
[2024-12-17T07:33:46.388+0000] {subprocess.py:106} INFO - 페이지 97 데이터 수집 시작 (카테고리: 310)
[2024-12-17T07:33:46.388+0000] {subprocess.py:106} INFO - 페이지 98 데이터 수집 시작 (카테고리: 310)
[2024-12-17T07:33:46.388+0000] {subprocess.py:106} INFO - 페이지 99 데이터 수집 시작 (카테고리: 310)
[2024-12-17T07:33:46.389+0000] {subprocess.py:106} INFO - 페이지 100 데이터 수집 시작 (카테고리: 310)
[2024-12-17T07:33:46.389+0000] {subprocess.py:106} INFO - 페이지 101 데이터 수집 시작 (카테고리: 310)
[2024-12-17T07:33:46.389+0000] {subprocess.py:106} INFO - 페이지 102 데이터 수집 시작 (카테고리: 310)
[2024-12-17T07:33:46.389+0000] {subprocess.py:106} INFO - 페이지 103 데이터 수집 시작 (카테고리: 310)
[2024-12-17T07:33:46.389+0000] {subprocess.py:106} INFO - 페이지 104 데이터 수집 시작 (카테고리: 310)
[2024-12-17T07:33:46.389+0000] {subprocess.py:106} INFO - 페이지 105 데이터 수집 시작 (카테고리: 310)
[2024-12-17T07:33:46.389+0000] {subprocess.py:106} INFO - 페이지 106 데이터 수집 시작 (카테고리: 310)
[2024-12-17T07:33:46.390+0000] {subprocess.py:106} INFO - 페이지 107 데이터 수집 시작 (카테고리: 310)
[2024-12-17T07:33:46.390+0000] {subprocess.py:106} INFO - 페이지 108 데이터 수집 시작 (카테고리: 310)
[2024-12-17T07:33:46.390+0000] {subprocess.py:106} INFO - 페이지 109 데이터 수집 시작 (카테고리: 310)
[2024-12-17T07:33:46.390+0000] {subprocess.py:106} INFO - 페이지 110 데이터 수집 시작 (카테고리: 310)
[2024-12-17T07:33:46.390+0000] {subprocess.py:106} INFO - 페이지 111 데이터 수집 시작 (카테고리: 310)
[2024-12-17T07:33:46.390+0000] {subprocess.py:106} INFO - 페이지 112 데이터 수집 시작 (카테고리: 310)
[2024-12-17T07:33:46.390+0000] {subprocess.py:106} INFO - 페이지 113 데이터 수집 시작 (카테고리: 310)
[2024-12-17T07:33:46.391+0000] {subprocess.py:106} INFO - 페이지 114 데이터 수집 시작 (카테고리: 310)
[2024-12-17T07:33:46.391+0000] {subprocess.py:106} INFO - 페이지 115 데이터 수집 시작 (카테고리: 310)
[2024-12-17T07:33:46.391+0000] {subprocess.py:106} INFO - 페이지 116 데이터 수집 시작 (카테고리: 310)
[2024-12-17T07:33:46.391+0000] {subprocess.py:106} INFO - 페이지 117 데이터 수집 시작 (카테고리: 310)
[2024-12-17T07:33:46.391+0000] {subprocess.py:106} INFO - 페이지 118 데이터 수집 시작 (카테고리: 310)
[2024-12-17T07:33:46.391+0000] {subprocess.py:106} INFO - 페이지 119 데이터 수집 시작 (카테고리: 310)
[2024-12-17T07:33:46.391+0000] {subprocess.py:106} INFO - 페이지 120 데이터 수집 시작 (카테고리: 310)
[2024-12-17T07:33:46.391+0000] {subprocess.py:106} INFO - 페이지 121 데이터 수집 시작 (카테고리: 310)
[2024-12-17T07:33:46.392+0000] {subprocess.py:106} INFO - 페이지 122 데이터 수집 시작 (카테고리: 310)
[2024-12-17T07:33:46.392+0000] {subprocess.py:106} INFO - 페이지 123 데이터 수집 시작 (카테고리: 310)
[2024-12-17T07:33:46.392+0000] {subprocess.py:106} INFO - 페이지 124 데이터 수집 시작 (카테고리: 310)
[2024-12-17T07:33:46.392+0000] {subprocess.py:106} INFO - 페이지 125 데이터 수집 시작 (카테고리: 310)
[2024-12-17T07:46:39.802+0000] {subprocess.py:106} INFO - 페이지 126 데이터 수집 시작 (카테고리: 310)
[2024-12-17T07:46:39.803+0000] {subprocess.py:106} INFO - 페이지 127 데이터 수집 시작 (카테고리: 310)
[2024-12-17T07:46:39.804+0000] {subprocess.py:106} INFO - 페이지 128 데이터 수집 시작 (카테고리: 310)
[2024-12-17T07:46:39.804+0000] {subprocess.py:106} INFO - 페이지 129 데이터 수집 시작 (카테고리: 310)
[2024-12-17T07:46:39.804+0000] {subprocess.py:106} INFO - 페이지 130 데이터 수집 시작 (카테고리: 310)
[2024-12-17T07:46:39.804+0000] {subprocess.py:106} INFO - 페이지 131 데이터 수집 시작 (카테고리: 310)
[2024-12-17T07:46:39.805+0000] {subprocess.py:106} INFO - 페이지 132 데이터 수집 시작 (카테고리: 310)
[2024-12-17T07:46:39.805+0000] {subprocess.py:106} INFO - 페이지 133 데이터 수집 시작 (카테고리: 310)
[2024-12-17T07:46:39.805+0000] {subprocess.py:106} INFO - 페이지 134 데이터 수집 시작 (카테고리: 310)
[2024-12-17T07:46:39.805+0000] {subprocess.py:106} INFO - 페이지 135 데이터 수집 시작 (카테고리: 310)
[2024-12-17T07:46:39.805+0000] {subprocess.py:106} INFO - 페이지 136 데이터 수집 시작 (카테고리: 310)
[2024-12-17T07:46:39.805+0000] {subprocess.py:106} INFO - 페이지 137 데이터 수집 시작 (카테고리: 310)
[2024-12-17T07:46:39.806+0000] {subprocess.py:106} INFO - 페이지 138 데이터 수집 시작 (카테고리: 310)
[2024-12-17T07:46:39.806+0000] {subprocess.py:106} INFO - 페이지 139 데이터 수집 시작 (카테고리: 310)
[2024-12-17T07:46:39.806+0000] {subprocess.py:106} INFO - 페이지 140 데이터 수집 시작 (카테고리: 310)
[2024-12-17T07:46:39.806+0000] {subprocess.py:106} INFO - 페이지 141 데이터 수집 시작 (카테고리: 310)
[2024-12-17T07:46:39.806+0000] {subprocess.py:106} INFO - 페이지 142 데이터 수집 시작 (카테고리: 310)
[2024-12-17T07:46:39.806+0000] {subprocess.py:106} INFO - 페이지 143 데이터 수집 시작 (카테고리: 310)
[2024-12-17T07:46:39.807+0000] {subprocess.py:106} INFO - 페이지 144 데이터 수집 시작 (카테고리: 310)
[2024-12-17T07:46:39.807+0000] {subprocess.py:106} INFO - 페이지 145 데이터 수집 시작 (카테고리: 310)
[2024-12-17T07:46:39.807+0000] {subprocess.py:106} INFO - 페이지 146 데이터 수집 시작 (카테고리: 310)
[2024-12-17T07:46:39.807+0000] {subprocess.py:106} INFO - 페이지 147 데이터 수집 시작 (카테고리: 310)
[2024-12-17T07:46:39.807+0000] {subprocess.py:106} INFO - 페이지 148 데이터 수집 시작 (카테고리: 310)
[2024-12-17T07:46:39.807+0000] {subprocess.py:106} INFO - 페이지 149 데이터 수집 시작 (카테고리: 310)
[2024-12-17T07:46:39.807+0000] {subprocess.py:106} INFO - 페이지 150 데이터 수집 시작 (카테고리: 310)
[2024-12-17T07:46:39.807+0000] {subprocess.py:106} INFO - 페이지 151 데이터 수집 시작 (카테고리: 310)
[2024-12-17T07:46:39.808+0000] {subprocess.py:106} INFO - 페이지 152 데이터 수집 시작 (카테고리: 310)
[2024-12-17T07:46:39.808+0000] {subprocess.py:106} INFO - 페이지 153 데이터 수집 시작 (카테고리: 310)
[2024-12-17T07:46:39.808+0000] {subprocess.py:106} INFO - 페이지 154 데이터 수집 시작 (카테고리: 310)
[2024-12-17T07:46:39.808+0000] {subprocess.py:106} INFO - 페이지 155 데이터 수집 시작 (카테고리: 310)
[2024-12-17T07:46:39.808+0000] {subprocess.py:106} INFO - 페이지 156 데이터 수집 시작 (카테고리: 310)
[2024-12-17T07:46:39.808+0000] {subprocess.py:106} INFO - 페이지 157 데이터 수집 시작 (카테고리: 310)
[2024-12-17T07:46:39.808+0000] {subprocess.py:106} INFO - 페이지 158 데이터 수집 시작 (카테고리: 310)
[2024-12-17T07:46:39.809+0000] {subprocess.py:106} INFO - 페이지 159 데이터 수집 시작 (카테고리: 310)
[2024-12-17T07:46:39.809+0000] {subprocess.py:106} INFO - 페이지 160 데이터 수집 시작 (카테고리: 310)
[2024-12-17T07:46:39.809+0000] {subprocess.py:106} INFO - 페이지 161 데이터 수집 시작 (카테고리: 310)
[2024-12-17T07:46:39.809+0000] {subprocess.py:106} INFO - 페이지 162 데이터 수집 시작 (카테고리: 310)
[2024-12-17T07:46:39.809+0000] {subprocess.py:106} INFO - 페이지 163 데이터 수집 시작 (카테고리: 310)
[2024-12-17T07:46:39.809+0000] {subprocess.py:106} INFO - 페이지 164 데이터 수집 시작 (카테고리: 310)
[2024-12-17T07:46:39.809+0000] {subprocess.py:106} INFO - 페이지 165 데이터 수집 시작 (카테고리: 310)
[2024-12-17T07:46:39.810+0000] {subprocess.py:106} INFO - 페이지 166 데이터 수집 시작 (카테고리: 310)
[2024-12-17T07:46:39.810+0000] {subprocess.py:106} INFO - 페이지 167 데이터 수집 시작 (카테고리: 310)
[2024-12-17T07:46:39.810+0000] {subprocess.py:106} INFO - 페이지 168 데이터 수집 시작 (카테고리: 310)
[2024-12-17T07:46:39.810+0000] {subprocess.py:106} INFO - 페이지 169 데이터 수집 시작 (카테고리: 310)
[2024-12-17T07:46:39.810+0000] {subprocess.py:106} INFO - 페이지 170 데이터 수집 시작 (카테고리: 310)
[2024-12-17T07:46:39.810+0000] {subprocess.py:106} INFO - 페이지 171 데이터 수집 시작 (카테고리: 310)
[2024-12-17T07:46:39.810+0000] {subprocess.py:106} INFO - 페이지 172 데이터 수집 시작 (카테고리: 310)
[2024-12-17T07:46:39.811+0000] {subprocess.py:106} INFO - 페이지 173 데이터 수집 시작 (카테고리: 310)
[2024-12-17T07:46:39.811+0000] {subprocess.py:106} INFO - 페이지 174 데이터 수집 시작 (카테고리: 310)
[2024-12-17T07:46:39.811+0000] {subprocess.py:106} INFO - 페이지 175 데이터 수집 시작 (카테고리: 310)
[2024-12-17T07:46:39.811+0000] {subprocess.py:106} INFO - 페이지 176 데이터 수집 시작 (카테고리: 310)
[2024-12-17T07:46:39.811+0000] {subprocess.py:106} INFO - 페이지 177 데이터 수집 시작 (카테고리: 310)
[2024-12-17T07:46:39.811+0000] {subprocess.py:106} INFO - 페이지 178 데이터 수집 시작 (카테고리: 310)
[2024-12-17T07:46:39.811+0000] {subprocess.py:106} INFO - 페이지 179 데이터 수집 시작 (카테고리: 310)
[2024-12-17T07:46:39.812+0000] {subprocess.py:106} INFO - 페이지 180 데이터 수집 시작 (카테고리: 310)
[2024-12-17T07:46:39.812+0000] {subprocess.py:106} INFO - 페이지 181 데이터 수집 시작 (카테고리: 310)
[2024-12-17T07:46:39.812+0000] {subprocess.py:106} INFO - 페이지 182 데이터 수집 시작 (카테고리: 310)
[2024-12-17T07:46:39.812+0000] {subprocess.py:106} INFO - 페이지 183 데이터 수집 시작 (카테고리: 310)
[2024-12-17T07:46:39.812+0000] {subprocess.py:106} INFO - 페이지 184 데이터 수집 시작 (카테고리: 310)
[2024-12-17T07:46:39.812+0000] {subprocess.py:106} INFO - 페이지 185 데이터 수집 시작 (카테고리: 310)
[2024-12-17T07:46:39.812+0000] {subprocess.py:106} INFO - 페이지 186 데이터 수집 시작 (카테고리: 310)
[2024-12-17T07:46:39.813+0000] {subprocess.py:106} INFO - 페이지 187 데이터 수집 시작 (카테고리: 310)
[2024-12-17T07:46:39.813+0000] {subprocess.py:106} INFO - 페이지 188 데이터 수집 시작 (카테고리: 310)
[2024-12-17T07:46:39.813+0000] {subprocess.py:106} INFO - 페이지 189 데이터 수집 시작 (카테고리: 310)
[2024-12-17T07:46:39.813+0000] {subprocess.py:106} INFO - 페이지 190 데이터 수집 시작 (카테고리: 310)
[2024-12-17T07:46:39.813+0000] {subprocess.py:106} INFO - 페이지 191 데이터 수집 시작 (카테고리: 310)
[2024-12-17T07:46:39.813+0000] {subprocess.py:106} INFO - 페이지 192 데이터 수집 시작 (카테고리: 310)
[2024-12-17T07:46:39.814+0000] {subprocess.py:106} INFO - 페이지 193 데이터 수집 시작 (카테고리: 310)
[2024-12-17T07:46:39.814+0000] {subprocess.py:106} INFO - 페이지 194 데이터 수집 시작 (카테고리: 310)
[2024-12-17T07:46:39.814+0000] {subprocess.py:106} INFO - 페이지 195 데이터 수집 시작 (카테고리: 310)
[2024-12-17T07:46:39.814+0000] {subprocess.py:106} INFO - 페이지 196 데이터 수집 시작 (카테고리: 310)
[2024-12-17T07:46:39.814+0000] {subprocess.py:106} INFO - 페이지 197 데이터 수집 시작 (카테고리: 310)
[2024-12-17T07:46:39.814+0000] {subprocess.py:106} INFO - 페이지 198 데이터 수집 시작 (카테고리: 310)
[2024-12-17T07:46:39.814+0000] {subprocess.py:106} INFO - 페이지 199 데이터 수집 시작 (카테고리: 310)
[2024-12-17T07:46:39.814+0000] {subprocess.py:106} INFO - 페이지 200 데이터 수집 시작 (카테고리: 310)
[2024-12-17T07:46:39.815+0000] {subprocess.py:106} INFO - 페이지 201 데이터 수집 시작 (카테고리: 310)
[2024-12-17T07:46:39.815+0000] {subprocess.py:106} INFO - 페이지 202 데이터 수집 시작 (카테고리: 310)
[2024-12-17T07:46:39.815+0000] {subprocess.py:106} INFO - 페이지 203 데이터 수집 시작 (카테고리: 310)
[2024-12-17T07:46:39.815+0000] {subprocess.py:106} INFO - 페이지 204 데이터 수집 시작 (카테고리: 310)
[2024-12-17T07:46:39.815+0000] {subprocess.py:106} INFO - 페이지 205 데이터 수집 시작 (카테고리: 310)
[2024-12-17T07:46:39.815+0000] {subprocess.py:106} INFO - 페이지 206 데이터 수집 시작 (카테고리: 310)
[2024-12-17T07:46:39.815+0000] {subprocess.py:106} INFO - 페이지 207 데이터 수집 시작 (카테고리: 310)
[2024-12-17T07:46:39.816+0000] {subprocess.py:106} INFO - 페이지 208 데이터 수집 시작 (카테고리: 310)
[2024-12-17T07:46:39.816+0000] {subprocess.py:106} INFO - 페이지 209 데이터 수집 시작 (카테고리: 310)
[2024-12-17T07:46:39.816+0000] {subprocess.py:106} INFO - 페이지 210 데이터 수집 시작 (카테고리: 310)
[2024-12-17T07:46:39.816+0000] {subprocess.py:106} INFO - 페이지 211 데이터 수집 시작 (카테고리: 310)
[2024-12-17T07:46:39.816+0000] {subprocess.py:106} INFO - 페이지 212 데이터 수집 시작 (카테고리: 310)
[2024-12-17T07:46:39.816+0000] {subprocess.py:106} INFO - 페이지 213 데이터 수집 시작 (카테고리: 310)
[2024-12-17T07:46:39.816+0000] {subprocess.py:106} INFO - 페이지 214 데이터 수집 시작 (카테고리: 310)
[2024-12-17T07:46:39.817+0000] {subprocess.py:106} INFO - 페이지 215 데이터 수집 시작 (카테고리: 310)
[2024-12-17T07:46:39.817+0000] {subprocess.py:106} INFO - 페이지 216 데이터 수집 시작 (카테고리: 310)
[2024-12-17T07:46:39.817+0000] {subprocess.py:106} INFO - 페이지 217 데이터 수집 시작 (카테고리: 310)
[2024-12-17T07:46:39.817+0000] {subprocess.py:106} INFO - 페이지 218 데이터 수집 시작 (카테고리: 310)
[2024-12-17T07:46:39.817+0000] {subprocess.py:106} INFO - 페이지 219 데이터 수집 시작 (카테고리: 310)
[2024-12-17T07:46:39.817+0000] {subprocess.py:106} INFO - 페이지 220 데이터 수집 시작 (카테고리: 310)
[2024-12-17T07:46:39.818+0000] {subprocess.py:106} INFO - 페이지 221 데이터 수집 시작 (카테고리: 310)
[2024-12-17T07:46:39.818+0000] {subprocess.py:106} INFO - 페이지 222 데이터 수집 시작 (카테고리: 310)
[2024-12-17T07:46:39.818+0000] {subprocess.py:106} INFO - 페이지 223 데이터 수집 시작 (카테고리: 310)
[2024-12-17T07:46:39.818+0000] {subprocess.py:106} INFO - 페이지 224 데이터 수집 시작 (카테고리: 310)
[2024-12-17T07:46:39.818+0000] {subprocess.py:106} INFO - 페이지 225 데이터 수집 시작 (카테고리: 310)
[2024-12-17T07:46:39.818+0000] {subprocess.py:106} INFO - 페이지 226 데이터 수집 시작 (카테고리: 310)
[2024-12-17T07:46:39.818+0000] {subprocess.py:106} INFO - 페이지 227 데이터 수집 시작 (카테고리: 310)
[2024-12-17T07:46:39.818+0000] {subprocess.py:106} INFO - 페이지 228 데이터 수집 시작 (카테고리: 310)
[2024-12-17T07:46:39.819+0000] {subprocess.py:106} INFO - 페이지 229 데이터 수집 시작 (카테고리: 310)
[2024-12-17T07:46:39.819+0000] {subprocess.py:106} INFO - 페이지 230 데이터 수집 시작 (카테고리: 310)
[2024-12-17T07:46:39.819+0000] {subprocess.py:106} INFO - 페이지 231 데이터 수집 시작 (카테고리: 310)
[2024-12-17T07:46:39.819+0000] {subprocess.py:106} INFO - 페이지 232 데이터 수집 시작 (카테고리: 310)
[2024-12-17T07:46:39.819+0000] {subprocess.py:106} INFO - 페이지 233 데이터 수집 시작 (카테고리: 310)
[2024-12-17T07:46:39.819+0000] {subprocess.py:106} INFO - 페이지 234 데이터 수집 시작 (카테고리: 310)
[2024-12-17T07:46:39.819+0000] {subprocess.py:106} INFO - 페이지 235 데이터 수집 시작 (카테고리: 310)
[2024-12-17T07:46:39.820+0000] {subprocess.py:106} INFO - 페이지 236 데이터 수집 시작 (카테고리: 310)
[2024-12-17T07:46:39.820+0000] {subprocess.py:106} INFO - 페이지 237 데이터 수집 시작 (카테고리: 310)
[2024-12-17T07:46:39.820+0000] {subprocess.py:106} INFO - 페이지 238 데이터 수집 시작 (카테고리: 310)
[2024-12-17T07:46:39.820+0000] {subprocess.py:106} INFO - 페이지 239 데이터 수집 시작 (카테고리: 310)
[2024-12-17T07:46:39.820+0000] {subprocess.py:106} INFO - 페이지 240 데이터 수집 시작 (카테고리: 310)
[2024-12-17T07:46:39.820+0000] {subprocess.py:106} INFO - 페이지 241 데이터 수집 시작 (카테고리: 310)
[2024-12-17T07:46:39.820+0000] {subprocess.py:106} INFO - 페이지 242 데이터 수집 시작 (카테고리: 310)
[2024-12-17T07:46:39.821+0000] {subprocess.py:106} INFO - 페이지 243 데이터 수집 시작 (카테고리: 310)
[2024-12-17T07:46:39.821+0000] {subprocess.py:106} INFO - 페이지 244 데이터 수집 시작 (카테고리: 310)
[2024-12-17T07:46:39.821+0000] {subprocess.py:106} INFO - 페이지 245 데이터 수집 시작 (카테고리: 310)
[2024-12-17T07:46:39.821+0000] {subprocess.py:106} INFO - 페이지 246 데이터 수집 시작 (카테고리: 310)
[2024-12-17T07:46:39.821+0000] {subprocess.py:106} INFO - 페이지 247 데이터 수집 시작 (카테고리: 310)
[2024-12-17T07:46:39.821+0000] {subprocess.py:106} INFO - 페이지 248 데이터 수집 시작 (카테고리: 310)
[2024-12-17T07:46:39.822+0000] {subprocess.py:106} INFO - 페이지 249 데이터 수집 시작 (카테고리: 310)
[2024-12-17T07:46:39.822+0000] {subprocess.py:106} INFO - 페이지 250 데이터 수집 시작 (카테고리: 310)
[2024-12-17T07:46:39.822+0000] {subprocess.py:106} INFO - 페이지 251 데이터 수집 시작 (카테고리: 310)
[2024-12-17T07:46:39.822+0000] {subprocess.py:106} INFO - 페이지 252 데이터 수집 시작 (카테고리: 310)
[2024-12-17T07:46:39.822+0000] {subprocess.py:106} INFO - 페이지 253 데이터 수집 시작 (카테고리: 310)
[2024-12-17T07:46:39.822+0000] {subprocess.py:106} INFO - 페이지 254 데이터 수집 시작 (카테고리: 310)
[2024-12-17T07:46:39.822+0000] {subprocess.py:106} INFO - 페이지 255 데이터 수집 시작 (카테고리: 310)
[2024-12-17T07:46:39.823+0000] {subprocess.py:106} INFO - 페이지 256 데이터 수집 시작 (카테고리: 310)
[2024-12-17T07:46:39.823+0000] {subprocess.py:106} INFO - 페이지 257 데이터 수집 시작 (카테고리: 310)
[2024-12-17T07:46:39.823+0000] {subprocess.py:106} INFO - 페이지 258 데이터 수집 시작 (카테고리: 310)
[2024-12-17T07:46:39.823+0000] {subprocess.py:106} INFO - 페이지 259 데이터 수집 시작 (카테고리: 310)
[2024-12-17T07:46:39.823+0000] {subprocess.py:106} INFO - 페이지 260 데이터 수집 시작 (카테고리: 310)
[2024-12-17T07:46:39.823+0000] {subprocess.py:106} INFO - 페이지 261 데이터 수집 시작 (카테고리: 310)
[2024-12-17T07:46:39.823+0000] {subprocess.py:106} INFO - 페이지 262 데이터 수집 시작 (카테고리: 310)
[2024-12-17T07:46:39.823+0000] {subprocess.py:106} INFO - 페이지 263 데이터 수집 시작 (카테고리: 310)
[2024-12-17T07:46:39.824+0000] {subprocess.py:106} INFO - 페이지 264 데이터 수집 시작 (카테고리: 310)
[2024-12-17T07:46:39.824+0000] {subprocess.py:106} INFO - 페이지 265 데이터 수집 시작 (카테고리: 310)
[2024-12-17T07:46:39.824+0000] {subprocess.py:106} INFO - 페이지 266 데이터 수집 시작 (카테고리: 310)
[2024-12-17T07:46:39.824+0000] {subprocess.py:106} INFO - 페이지 267 데이터 수집 시작 (카테고리: 310)
[2024-12-17T07:49:43.284+0000] {subprocess.py:106} INFO - 페이지 268 데이터 수집 시작 (카테고리: 310)
[2024-12-17T07:49:43.284+0000] {subprocess.py:106} INFO - 페이지 269 데이터 수집 시작 (카테고리: 310)
[2024-12-17T07:49:43.285+0000] {subprocess.py:106} INFO - 페이지 270 데이터 수집 시작 (카테고리: 310)
[2024-12-17T07:49:43.285+0000] {subprocess.py:106} INFO - 페이지 271 데이터 수집 시작 (카테고리: 310)
[2024-12-17T07:49:43.285+0000] {subprocess.py:106} INFO - 페이지 272 데이터 수집 시작 (카테고리: 310)
[2024-12-17T07:49:43.285+0000] {subprocess.py:106} INFO - 페이지 273 데이터 수집 시작 (카테고리: 310)
[2024-12-17T07:49:43.285+0000] {subprocess.py:106} INFO - 페이지 274 데이터 수집 시작 (카테고리: 310)
[2024-12-17T07:49:43.286+0000] {subprocess.py:106} INFO - 페이지 275 데이터 수집 시작 (카테고리: 310)
[2024-12-17T07:49:43.286+0000] {subprocess.py:106} INFO - 페이지 276 데이터 수집 시작 (카테고리: 310)
[2024-12-17T07:49:43.286+0000] {subprocess.py:106} INFO - 페이지 277 데이터 수집 시작 (카테고리: 310)
[2024-12-17T07:49:43.286+0000] {subprocess.py:106} INFO - 페이지 278 데이터 수집 시작 (카테고리: 310)
[2024-12-17T07:49:43.286+0000] {subprocess.py:106} INFO - 페이지 279 데이터 수집 시작 (카테고리: 310)
[2024-12-17T07:49:43.286+0000] {subprocess.py:106} INFO - 페이지 280 데이터 수집 시작 (카테고리: 310)
[2024-12-17T07:49:43.287+0000] {subprocess.py:106} INFO - 페이지 281 데이터 수집 시작 (카테고리: 310)
[2024-12-17T07:49:43.287+0000] {subprocess.py:106} INFO - 페이지 282 데이터 수집 시작 (카테고리: 310)
[2024-12-17T07:49:43.287+0000] {subprocess.py:106} INFO - 페이지 283 데이터 수집 시작 (카테고리: 310)
[2024-12-17T07:49:43.287+0000] {subprocess.py:106} INFO - 페이지 284 데이터 수집 시작 (카테고리: 310)
[2024-12-17T07:49:43.287+0000] {subprocess.py:106} INFO - 페이지 285 데이터 수집 시작 (카테고리: 310)
[2024-12-17T07:49:43.288+0000] {subprocess.py:106} INFO - 페이지 286 데이터 수집 시작 (카테고리: 310)
[2024-12-17T07:49:43.288+0000] {subprocess.py:106} INFO - 페이지 287 데이터 수집 시작 (카테고리: 310)
[2024-12-17T07:49:43.288+0000] {subprocess.py:106} INFO - 페이지 288 데이터 수집 시작 (카테고리: 310)
[2024-12-17T07:49:43.288+0000] {subprocess.py:106} INFO - 페이지 289 데이터 수집 시작 (카테고리: 310)
[2024-12-17T07:49:43.288+0000] {subprocess.py:106} INFO - 페이지 290 데이터 수집 시작 (카테고리: 310)
[2024-12-17T07:49:43.289+0000] {subprocess.py:106} INFO - 페이지 291 데이터 수집 시작 (카테고리: 310)
[2024-12-17T07:49:43.289+0000] {subprocess.py:106} INFO - 페이지 292 데이터 수집 시작 (카테고리: 310)
[2024-12-17T07:49:43.289+0000] {subprocess.py:106} INFO - 페이지 293 데이터 수집 시작 (카테고리: 310)
[2024-12-17T07:49:43.289+0000] {subprocess.py:106} INFO - 페이지 294 데이터 수집 시작 (카테고리: 310)
[2024-12-17T07:49:43.290+0000] {subprocess.py:106} INFO - 페이지 295 데이터 수집 시작 (카테고리: 310)
[2024-12-17T07:49:43.290+0000] {subprocess.py:106} INFO - 페이지 296 데이터 수집 시작 (카테고리: 310)
[2024-12-17T07:49:43.290+0000] {subprocess.py:106} INFO - 페이지 297 데이터 수집 시작 (카테고리: 310)
[2024-12-17T07:49:43.290+0000] {subprocess.py:106} INFO - 페이지 298 데이터 수집 시작 (카테고리: 310)
[2024-12-17T07:49:43.290+0000] {subprocess.py:106} INFO - 페이지 299 데이터 수집 시작 (카테고리: 310)
[2024-12-17T07:49:43.290+0000] {subprocess.py:106} INFO - 페이지 300 데이터 수집 시작 (카테고리: 310)
[2024-12-17T07:49:43.291+0000] {subprocess.py:106} INFO - {'/opt/***/collectedData/woman_category/woman_category_20241217_074943.csv'}
[2024-12-17T07:49:43.291+0000] {subprocess.py:106} INFO - 데이터 수집 및 저장 완료
[2024-12-17T07:49:43.357+0000] {subprocess.py:110} INFO - Command exited with return code 0
[2024-12-17T07:49:43.391+0000] {taskinstance.py:340} INFO - ::group::Post task execution logs
[2024-12-17T07:49:43.391+0000] {taskinstance.py:352} INFO - Marking task as SUCCESS. dag_id=data_pipeline_etl, task_id=collect_data, run_id=scheduled__2024-12-16T04:00:00+00:00, execution_date=20241216T040000, start_date=20241217T065503, end_date=20241217T074943
[2024-12-17T07:49:43.420+0000] {local_task_job_runner.py:266} INFO - Task exited with return code 0
[2024-12-17T07:49:43.427+0000] {local_task_job_runner.py:245} INFO - ::endgroup::
