[2024-12-19T00:23:37.632+0000] {local_task_job_runner.py:123} INFO - ::group::Pre task execution logs
[2024-12-19T00:23:37.668+0000] {taskinstance.py:2613} INFO - Dependencies all met for dep_context=non-requeueable deps ti=<TaskInstance: data_pipeline_etl.collect_data scheduled__2024-12-17T04:00:00+00:00 [queued]>
[2024-12-19T00:23:37.687+0000] {taskinstance.py:2613} INFO - Dependencies all met for dep_context=requeueable deps ti=<TaskInstance: data_pipeline_etl.collect_data scheduled__2024-12-17T04:00:00+00:00 [queued]>
[2024-12-19T00:23:37.688+0000] {taskinstance.py:2866} INFO - Starting attempt 2 of 2
[2024-12-19T00:23:37.721+0000] {taskinstance.py:2889} INFO - Executing <Task(BashOperator): collect_data> on 2024-12-17 04:00:00+00:00
[2024-12-19T00:23:37.734+0000] {logging_mixin.py:190} WARNING - /home/***/.local/lib/python3.12/site-packages/***/task/task_runner/standard_task_runner.py:70 DeprecationWarning: This process (pid=213) is multi-threaded, use of fork() may lead to deadlocks in the child.
[2024-12-19T00:23:37.736+0000] {standard_task_runner.py:72} INFO - Started process 214 to run task
[2024-12-19T00:23:37.735+0000] {standard_task_runner.py:104} INFO - Running: ['***', 'tasks', 'run', 'data_pipeline_etl', 'collect_data', 'scheduled__2024-12-17T04:00:00+00:00', '--job-id', '80', '--raw', '--subdir', 'DAGS_FOLDER/etl_pipeline_auto.py', '--cfg-path', '/tmp/tmpumyg7ryr']
[2024-12-19T00:23:37.738+0000] {standard_task_runner.py:105} INFO - Job 80: Subtask collect_data
[2024-12-19T00:23:37.820+0000] {task_command.py:467} INFO - Running <TaskInstance: data_pipeline_etl.collect_data scheduled__2024-12-17T04:00:00+00:00 [running]> on host f7e783c766ec
[2024-12-19T00:23:38.013+0000] {taskinstance.py:3132} INFO - Exporting env vars: AIRFLOW_CTX_DAG_OWNER='***' AIRFLOW_CTX_DAG_ID='data_pipeline_etl' AIRFLOW_CTX_TASK_ID='collect_data' AIRFLOW_CTX_EXECUTION_DATE='2024-12-17T04:00:00+00:00' AIRFLOW_CTX_TRY_NUMBER='2' AIRFLOW_CTX_DAG_RUN_ID='scheduled__2024-12-17T04:00:00+00:00'
[2024-12-19T00:23:38.017+0000] {taskinstance.py:731} INFO - ::endgroup::
[2024-12-19T00:23:38.381+0000] {subprocess.py:78} INFO - Tmp dir root location: /tmp
[2024-12-19T00:23:38.383+0000] {subprocess.py:88} INFO - Running command: ['/usr/bin/bash', '-c', 'python /opt/***/data-pipeline-project/product_data_scraper.py']
[2024-12-19T00:23:38.409+0000] {subprocess.py:99} INFO - Output:
[2024-12-19T00:37:46.852+0000] {subprocess.py:106} INFO - 320번 데이터 수집 시작
[2024-12-19T00:37:46.855+0000] {subprocess.py:106} INFO - 페이지 1 데이터 수집 시작 (카테고리: 320)
[2024-12-19T00:37:46.856+0000] {subprocess.py:106} INFO - 페이지 2 데이터 수집 시작 (카테고리: 320)
[2024-12-19T00:37:46.856+0000] {subprocess.py:106} INFO - 페이지 3 데이터 수집 시작 (카테고리: 320)
[2024-12-19T00:37:46.857+0000] {subprocess.py:106} INFO - 페이지 4 데이터 수집 시작 (카테고리: 320)
[2024-12-19T00:37:46.857+0000] {subprocess.py:106} INFO - 페이지 5 데이터 수집 시작 (카테고리: 320)
[2024-12-19T00:37:46.858+0000] {subprocess.py:106} INFO - 페이지 6 데이터 수집 시작 (카테고리: 320)
[2024-12-19T00:37:46.858+0000] {subprocess.py:106} INFO - 페이지 7 데이터 수집 시작 (카테고리: 320)
[2024-12-19T00:37:46.858+0000] {subprocess.py:106} INFO - 페이지 8 데이터 수집 시작 (카테고리: 320)
[2024-12-19T00:37:46.859+0000] {subprocess.py:106} INFO - 페이지 9 데이터 수집 시작 (카테고리: 320)
[2024-12-19T00:37:46.859+0000] {subprocess.py:106} INFO - 페이지 10 데이터 수집 시작 (카테고리: 320)
[2024-12-19T00:37:46.859+0000] {subprocess.py:106} INFO - 페이지 11 데이터 수집 시작 (카테고리: 320)
[2024-12-19T00:37:46.860+0000] {subprocess.py:106} INFO - 페이지 12 데이터 수집 시작 (카테고리: 320)
[2024-12-19T00:37:46.860+0000] {subprocess.py:106} INFO - 페이지 13 데이터 수집 시작 (카테고리: 320)
[2024-12-19T00:37:46.862+0000] {subprocess.py:106} INFO - 페이지 14 데이터 수집 시작 (카테고리: 320)
[2024-12-19T00:37:46.862+0000] {subprocess.py:106} INFO - 페이지 15 데이터 수집 시작 (카테고리: 320)
[2024-12-19T00:37:46.863+0000] {subprocess.py:106} INFO - 페이지 16 데이터 수집 시작 (카테고리: 320)
[2024-12-19T00:37:46.863+0000] {subprocess.py:106} INFO - 페이지 17 데이터 수집 시작 (카테고리: 320)
[2024-12-19T00:37:46.864+0000] {subprocess.py:106} INFO - 페이지 18 데이터 수집 시작 (카테고리: 320)
[2024-12-19T00:37:46.864+0000] {subprocess.py:106} INFO - 페이지 19 데이터 수집 시작 (카테고리: 320)
[2024-12-19T00:37:46.864+0000] {subprocess.py:106} INFO - 페이지 20 데이터 수집 시작 (카테고리: 320)
[2024-12-19T00:37:46.865+0000] {subprocess.py:106} INFO - 페이지 21 데이터 수집 시작 (카테고리: 320)
[2024-12-19T00:37:46.865+0000] {subprocess.py:106} INFO - 페이지 22 데이터 수집 시작 (카테고리: 320)
[2024-12-19T00:37:46.865+0000] {subprocess.py:106} INFO - 페이지 23 데이터 수집 시작 (카테고리: 320)
[2024-12-19T00:37:46.866+0000] {subprocess.py:106} INFO - 페이지 24 데이터 수집 시작 (카테고리: 320)
[2024-12-19T00:37:46.871+0000] {subprocess.py:106} INFO - 페이지 25 데이터 수집 시작 (카테고리: 320)
[2024-12-19T00:37:46.872+0000] {subprocess.py:106} INFO - 페이지 26 데이터 수집 시작 (카테고리: 320)
[2024-12-19T00:37:46.873+0000] {subprocess.py:106} INFO - 페이지 27 데이터 수집 시작 (카테고리: 320)
[2024-12-19T00:37:46.874+0000] {subprocess.py:106} INFO - 페이지 28 데이터 수집 시작 (카테고리: 320)
[2024-12-19T00:37:46.875+0000] {subprocess.py:106} INFO - 페이지 29 데이터 수집 시작 (카테고리: 320)
[2024-12-19T00:37:46.879+0000] {subprocess.py:106} INFO - 페이지 30 데이터 수집 시작 (카테고리: 320)
[2024-12-19T00:37:46.880+0000] {subprocess.py:106} INFO - 페이지 31 데이터 수집 시작 (카테고리: 320)
[2024-12-19T00:37:46.884+0000] {subprocess.py:106} INFO - 페이지 32 데이터 수집 시작 (카테고리: 320)
[2024-12-19T00:37:46.885+0000] {subprocess.py:106} INFO - 페이지 33 데이터 수집 시작 (카테고리: 320)
[2024-12-19T00:37:46.886+0000] {subprocess.py:106} INFO - 페이지 34 데이터 수집 시작 (카테고리: 320)
[2024-12-19T00:37:46.887+0000] {subprocess.py:106} INFO - 페이지 35 데이터 수집 시작 (카테고리: 320)
[2024-12-19T00:37:46.890+0000] {subprocess.py:106} INFO - 페이지 36 데이터 수집 시작 (카테고리: 320)
[2024-12-19T00:37:46.894+0000] {subprocess.py:106} INFO - 페이지 37 데이터 수집 시작 (카테고리: 320)
[2024-12-19T00:37:46.895+0000] {subprocess.py:106} INFO - 페이지 38 데이터 수집 시작 (카테고리: 320)
[2024-12-19T00:37:46.896+0000] {subprocess.py:106} INFO - 페이지 39 데이터 수집 시작 (카테고리: 320)
[2024-12-19T00:37:46.896+0000] {subprocess.py:106} INFO - 페이지 40 데이터 수집 시작 (카테고리: 320)
[2024-12-19T00:37:46.897+0000] {subprocess.py:106} INFO - 페이지 41 데이터 수집 시작 (카테고리: 320)
[2024-12-19T00:37:46.897+0000] {subprocess.py:106} INFO - 페이지 42 데이터 수집 시작 (카테고리: 320)
[2024-12-19T00:37:46.898+0000] {subprocess.py:106} INFO - 페이지 43 데이터 수집 시작 (카테고리: 320)
[2024-12-19T00:37:46.899+0000] {subprocess.py:106} INFO - 페이지 44 데이터 수집 시작 (카테고리: 320)
[2024-12-19T00:37:46.901+0000] {subprocess.py:106} INFO - 페이지 45 데이터 수집 시작 (카테고리: 320)
[2024-12-19T00:37:46.904+0000] {subprocess.py:106} INFO - 페이지 46 데이터 수집 시작 (카테고리: 320)
[2024-12-19T00:37:46.905+0000] {subprocess.py:106} INFO - 페이지 47 데이터 수집 시작 (카테고리: 320)
[2024-12-19T00:37:46.907+0000] {subprocess.py:106} INFO - 페이지 48 데이터 수집 시작 (카테고리: 320)
[2024-12-19T00:37:46.907+0000] {subprocess.py:106} INFO - 페이지 49 데이터 수집 시작 (카테고리: 320)
[2024-12-19T00:37:46.908+0000] {subprocess.py:106} INFO - 페이지 50 데이터 수집 시작 (카테고리: 320)
[2024-12-19T00:37:46.909+0000] {subprocess.py:106} INFO - 페이지 51 데이터 수집 시작 (카테고리: 320)
[2024-12-19T00:37:46.910+0000] {subprocess.py:106} INFO - 페이지 52 데이터 수집 시작 (카테고리: 320)
[2024-12-19T00:37:46.910+0000] {subprocess.py:106} INFO - 페이지 53 데이터 수집 시작 (카테고리: 320)
[2024-12-19T00:37:46.911+0000] {subprocess.py:106} INFO - 페이지 54 데이터 수집 시작 (카테고리: 320)
[2024-12-19T00:37:46.912+0000] {subprocess.py:106} INFO - 페이지 55 데이터 수집 시작 (카테고리: 320)
[2024-12-19T00:37:46.913+0000] {subprocess.py:106} INFO - 페이지 56 데이터 수집 시작 (카테고리: 320)
[2024-12-19T00:37:46.913+0000] {subprocess.py:106} INFO - 페이지 57 데이터 수집 시작 (카테고리: 320)
[2024-12-19T00:37:46.914+0000] {subprocess.py:106} INFO - 페이지 58 데이터 수집 시작 (카테고리: 320)
[2024-12-19T00:37:46.914+0000] {subprocess.py:106} INFO - 페이지 59 데이터 수집 시작 (카테고리: 320)
[2024-12-19T00:37:46.914+0000] {subprocess.py:106} INFO - 페이지 60 데이터 수집 시작 (카테고리: 320)
[2024-12-19T00:37:46.915+0000] {subprocess.py:106} INFO - 페이지 61 데이터 수집 시작 (카테고리: 320)
[2024-12-19T00:37:46.915+0000] {subprocess.py:106} INFO - 페이지 62 데이터 수집 시작 (카테고리: 320)
[2024-12-19T00:37:46.917+0000] {subprocess.py:106} INFO - 페이지 63 데이터 수집 시작 (카테고리: 320)
[2024-12-19T00:37:46.918+0000] {subprocess.py:106} INFO - 페이지 64 데이터 수집 시작 (카테고리: 320)
[2024-12-19T00:37:46.918+0000] {subprocess.py:106} INFO - 페이지 65 데이터 수집 시작 (카테고리: 320)
[2024-12-19T00:37:46.918+0000] {subprocess.py:106} INFO - 페이지 66 데이터 수집 시작 (카테고리: 320)
[2024-12-19T00:37:46.919+0000] {subprocess.py:106} INFO - 페이지 67 데이터 수집 시작 (카테고리: 320)
[2024-12-19T00:37:46.919+0000] {subprocess.py:106} INFO - 페이지 68 데이터 수집 시작 (카테고리: 320)
[2024-12-19T00:37:46.921+0000] {subprocess.py:106} INFO - 페이지 69 데이터 수집 시작 (카테고리: 320)
[2024-12-19T00:37:46.922+0000] {subprocess.py:106} INFO - 페이지 70 데이터 수집 시작 (카테고리: 320)
[2024-12-19T00:37:46.924+0000] {subprocess.py:106} INFO - 페이지 71 데이터 수집 시작 (카테고리: 320)
[2024-12-19T00:37:46.931+0000] {subprocess.py:106} INFO - 페이지 72 데이터 수집 시작 (카테고리: 320)
[2024-12-19T00:37:46.933+0000] {subprocess.py:106} INFO - 페이지 73 데이터 수집 시작 (카테고리: 320)
[2024-12-19T00:37:46.933+0000] {subprocess.py:106} INFO - 페이지 74 데이터 수집 시작 (카테고리: 320)
[2024-12-19T00:37:46.935+0000] {subprocess.py:106} INFO - 페이지 75 데이터 수집 시작 (카테고리: 320)
[2024-12-19T00:37:46.935+0000] {subprocess.py:106} INFO - 페이지 76 데이터 수집 시작 (카테고리: 320)
[2024-12-19T00:37:46.936+0000] {subprocess.py:106} INFO - 페이지 77 데이터 수집 시작 (카테고리: 320)
[2024-12-19T00:37:46.941+0000] {subprocess.py:106} INFO - 페이지 78 데이터 수집 시작 (카테고리: 320)
[2024-12-19T00:37:46.944+0000] {subprocess.py:106} INFO - 페이지 79 데이터 수집 시작 (카테고리: 320)
[2024-12-19T00:37:46.945+0000] {subprocess.py:106} INFO - 페이지 80 데이터 수집 시작 (카테고리: 320)
[2024-12-19T00:37:46.946+0000] {subprocess.py:106} INFO - 페이지 81 데이터 수집 시작 (카테고리: 320)
[2024-12-19T00:37:46.946+0000] {subprocess.py:106} INFO - 페이지 82 데이터 수집 시작 (카테고리: 320)
[2024-12-19T00:37:46.947+0000] {subprocess.py:106} INFO - 페이지 83 데이터 수집 시작 (카테고리: 320)
[2024-12-19T00:37:46.948+0000] {subprocess.py:106} INFO - 페이지 84 데이터 수집 시작 (카테고리: 320)
[2024-12-19T00:37:46.948+0000] {subprocess.py:106} INFO - 페이지 85 데이터 수집 시작 (카테고리: 320)
[2024-12-19T00:37:46.949+0000] {subprocess.py:106} INFO - 페이지 86 데이터 수집 시작 (카테고리: 320)
[2024-12-19T00:37:46.951+0000] {subprocess.py:106} INFO - 페이지 87 데이터 수집 시작 (카테고리: 320)
[2024-12-19T00:37:46.953+0000] {subprocess.py:106} INFO - 페이지 88 데이터 수집 시작 (카테고리: 320)
[2024-12-19T00:37:46.954+0000] {subprocess.py:106} INFO - 페이지 89 데이터 수집 시작 (카테고리: 320)
[2024-12-19T00:37:46.954+0000] {subprocess.py:106} INFO - 페이지 90 데이터 수집 시작 (카테고리: 320)
[2024-12-19T00:37:46.954+0000] {subprocess.py:106} INFO - 페이지 91 데이터 수집 시작 (카테고리: 320)
[2024-12-19T00:37:46.955+0000] {subprocess.py:106} INFO - 페이지 92 데이터 수집 시작 (카테고리: 320)
[2024-12-19T00:37:46.955+0000] {subprocess.py:106} INFO - 페이지 93 데이터 수집 시작 (카테고리: 320)
[2024-12-19T00:37:46.955+0000] {subprocess.py:106} INFO - 페이지 94 데이터 수집 시작 (카테고리: 320)
[2024-12-19T00:37:46.956+0000] {subprocess.py:106} INFO - 페이지 95 데이터 수집 시작 (카테고리: 320)
[2024-12-19T00:37:46.956+0000] {subprocess.py:106} INFO - 페이지 96 데이터 수집 시작 (카테고리: 320)
[2024-12-19T00:37:46.956+0000] {subprocess.py:106} INFO - 페이지 97 데이터 수집 시작 (카테고리: 320)
[2024-12-19T00:37:46.956+0000] {subprocess.py:106} INFO - 페이지 98 데이터 수집 시작 (카테고리: 320)
[2024-12-19T00:37:46.957+0000] {subprocess.py:106} INFO - 페이지 99 데이터 수집 시작 (카테고리: 320)
[2024-12-19T00:37:46.957+0000] {subprocess.py:106} INFO - 페이지 100 데이터 수집 시작 (카테고리: 320)
[2024-12-19T00:37:46.958+0000] {subprocess.py:106} INFO - 페이지 101 데이터 수집 시작 (카테고리: 320)
[2024-12-19T00:37:46.959+0000] {subprocess.py:106} INFO - 페이지 102 데이터 수집 시작 (카테고리: 320)
[2024-12-19T00:37:46.963+0000] {subprocess.py:106} INFO - 페이지 103 데이터 수집 시작 (카테고리: 320)
[2024-12-19T00:37:46.963+0000] {subprocess.py:106} INFO - 페이지 104 데이터 수집 시작 (카테고리: 320)
[2024-12-19T00:37:46.964+0000] {subprocess.py:106} INFO - 페이지 105 데이터 수집 시작 (카테고리: 320)
[2024-12-19T00:37:46.964+0000] {subprocess.py:106} INFO - 페이지 106 데이터 수집 시작 (카테고리: 320)
[2024-12-19T00:37:46.964+0000] {subprocess.py:106} INFO - 페이지 107 데이터 수집 시작 (카테고리: 320)
[2024-12-19T00:37:46.964+0000] {subprocess.py:106} INFO - 페이지 108 데이터 수집 시작 (카테고리: 320)
[2024-12-19T00:37:46.965+0000] {subprocess.py:106} INFO - 페이지 109 데이터 수집 시작 (카테고리: 320)
[2024-12-19T00:37:46.965+0000] {subprocess.py:106} INFO - 페이지 110 데이터 수집 시작 (카테고리: 320)
[2024-12-19T00:37:46.965+0000] {subprocess.py:106} INFO - 페이지 111 데이터 수집 시작 (카테고리: 320)
[2024-12-19T00:37:46.965+0000] {subprocess.py:106} INFO - 페이지 112 데이터 수집 시작 (카테고리: 320)
[2024-12-19T00:37:46.965+0000] {subprocess.py:106} INFO - 페이지 113 데이터 수집 시작 (카테고리: 320)
[2024-12-19T00:37:46.965+0000] {subprocess.py:106} INFO - 페이지 114 데이터 수집 시작 (카테고리: 320)
[2024-12-19T00:37:46.966+0000] {subprocess.py:106} INFO - 페이지 115 데이터 수집 시작 (카테고리: 320)
[2024-12-19T00:37:46.966+0000] {subprocess.py:106} INFO - 페이지 116 데이터 수집 시작 (카테고리: 320)
[2024-12-19T00:37:46.966+0000] {subprocess.py:106} INFO - 페이지 117 데이터 수집 시작 (카테고리: 320)
[2024-12-19T00:37:46.966+0000] {subprocess.py:106} INFO - 페이지 118 데이터 수집 시작 (카테고리: 320)
[2024-12-19T00:37:46.966+0000] {subprocess.py:106} INFO - 페이지 119 데이터 수집 시작 (카테고리: 320)
[2024-12-19T00:37:46.968+0000] {subprocess.py:106} INFO - 페이지 120 데이터 수집 시작 (카테고리: 320)
[2024-12-19T00:37:46.968+0000] {subprocess.py:106} INFO - 페이지 121 데이터 수집 시작 (카테고리: 320)
[2024-12-19T00:37:46.969+0000] {subprocess.py:106} INFO - 페이지 122 데이터 수집 시작 (카테고리: 320)
[2024-12-19T00:37:46.971+0000] {subprocess.py:106} INFO - 페이지 123 데이터 수집 시작 (카테고리: 320)
[2024-12-19T00:37:46.971+0000] {subprocess.py:106} INFO - 페이지 124 데이터 수집 시작 (카테고리: 320)
[2024-12-19T00:37:46.972+0000] {subprocess.py:106} INFO - 페이지 125 데이터 수집 시작 (카테고리: 320)
[2024-12-19T00:37:46.972+0000] {subprocess.py:106} INFO - 페이지 126 데이터 수집 시작 (카테고리: 320)
[2024-12-19T00:37:46.973+0000] {subprocess.py:106} INFO - 페이지 127 데이터 수집 시작 (카테고리: 320)
[2024-12-19T00:37:46.973+0000] {subprocess.py:106} INFO - 페이지 128 데이터 수집 시작 (카테고리: 320)
[2024-12-19T00:37:46.973+0000] {subprocess.py:106} INFO - 페이지 129 데이터 수집 시작 (카테고리: 320)
[2024-12-19T00:37:46.974+0000] {subprocess.py:106} INFO - 페이지 130 데이터 수집 시작 (카테고리: 320)
[2024-12-19T00:37:46.974+0000] {subprocess.py:106} INFO - 페이지 131 데이터 수집 시작 (카테고리: 320)
[2024-12-19T00:37:46.974+0000] {subprocess.py:106} INFO - 페이지 132 데이터 수집 시작 (카테고리: 320)
[2024-12-19T00:37:46.975+0000] {subprocess.py:106} INFO - 페이지 133 데이터 수집 시작 (카테고리: 320)
[2024-12-19T00:37:46.975+0000] {subprocess.py:106} INFO - 페이지 134 데이터 수집 시작 (카테고리: 320)
[2024-12-19T00:37:46.975+0000] {subprocess.py:106} INFO - 페이지 135 데이터 수집 시작 (카테고리: 320)
[2024-12-19T00:37:46.975+0000] {subprocess.py:106} INFO - 페이지 136 데이터 수집 시작 (카테고리: 320)
[2024-12-19T00:37:46.975+0000] {subprocess.py:106} INFO - 페이지 137 데이터 수집 시작 (카테고리: 320)
[2024-12-19T00:37:46.975+0000] {subprocess.py:106} INFO - 페이지 138 데이터 수집 시작 (카테고리: 320)
[2024-12-19T00:37:46.976+0000] {subprocess.py:106} INFO - 페이지 139 데이터 수집 시작 (카테고리: 320)
[2024-12-19T00:37:46.976+0000] {subprocess.py:106} INFO - 페이지 140 데이터 수집 시작 (카테고리: 320)
[2024-12-19T00:37:46.976+0000] {subprocess.py:106} INFO - 페이지 141 데이터 수집 시작 (카테고리: 320)
[2024-12-19T00:37:46.976+0000] {subprocess.py:106} INFO - 페이지 142 데이터 수집 시작 (카테고리: 320)
[2024-12-19T00:51:15.847+0000] {subprocess.py:106} INFO - 페이지 143 데이터 수집 시작 (카테고리: 320)
[2024-12-19T00:51:15.852+0000] {subprocess.py:106} INFO - 페이지 144 데이터 수집 시작 (카테고리: 320)
[2024-12-19T00:51:15.854+0000] {subprocess.py:106} INFO - 페이지 145 데이터 수집 시작 (카테고리: 320)
[2024-12-19T00:51:15.856+0000] {subprocess.py:106} INFO - 페이지 146 데이터 수집 시작 (카테고리: 320)
[2024-12-19T00:51:15.857+0000] {subprocess.py:106} INFO - 페이지 147 데이터 수집 시작 (카테고리: 320)
[2024-12-19T00:51:15.858+0000] {subprocess.py:106} INFO - 페이지 148 데이터 수집 시작 (카테고리: 320)
[2024-12-19T00:51:15.859+0000] {subprocess.py:106} INFO - 페이지 149 데이터 수집 시작 (카테고리: 320)
[2024-12-19T00:51:15.860+0000] {subprocess.py:106} INFO - 페이지 150 데이터 수집 시작 (카테고리: 320)
[2024-12-19T00:51:15.861+0000] {subprocess.py:106} INFO - 페이지 151 데이터 수집 시작 (카테고리: 320)
[2024-12-19T00:51:15.862+0000] {subprocess.py:106} INFO - 페이지 152 데이터 수집 시작 (카테고리: 320)
[2024-12-19T00:51:15.865+0000] {subprocess.py:106} INFO - 페이지 153 데이터 수집 시작 (카테고리: 320)
[2024-12-19T00:51:15.865+0000] {subprocess.py:106} INFO - 페이지 154 데이터 수집 시작 (카테고리: 320)
[2024-12-19T00:51:15.866+0000] {subprocess.py:106} INFO - 페이지 155 데이터 수집 시작 (카테고리: 320)
[2024-12-19T00:51:15.867+0000] {subprocess.py:106} INFO - 페이지 156 데이터 수집 시작 (카테고리: 320)
[2024-12-19T00:51:15.867+0000] {subprocess.py:106} INFO - 페이지 157 데이터 수집 시작 (카테고리: 320)
[2024-12-19T00:51:15.868+0000] {subprocess.py:106} INFO - 페이지 158 데이터 수집 시작 (카테고리: 320)
[2024-12-19T00:51:15.869+0000] {subprocess.py:106} INFO - 페이지 159 데이터 수집 시작 (카테고리: 320)
[2024-12-19T00:51:15.869+0000] {subprocess.py:106} INFO - 페이지 160 데이터 수집 시작 (카테고리: 320)
[2024-12-19T00:51:15.869+0000] {subprocess.py:106} INFO - 페이지 161 데이터 수집 시작 (카테고리: 320)
[2024-12-19T00:51:15.870+0000] {subprocess.py:106} INFO - 페이지 162 데이터 수집 시작 (카테고리: 320)
[2024-12-19T00:51:15.870+0000] {subprocess.py:106} INFO - 페이지 163 데이터 수집 시작 (카테고리: 320)
[2024-12-19T00:51:15.872+0000] {subprocess.py:106} INFO - 페이지 164 데이터 수집 시작 (카테고리: 320)
[2024-12-19T00:51:15.872+0000] {subprocess.py:106} INFO - 페이지 165 데이터 수집 시작 (카테고리: 320)
[2024-12-19T00:51:15.873+0000] {subprocess.py:106} INFO - 페이지 166 데이터 수집 시작 (카테고리: 320)
[2024-12-19T00:51:15.874+0000] {subprocess.py:106} INFO - 페이지 167 데이터 수집 시작 (카테고리: 320)
[2024-12-19T00:51:15.874+0000] {subprocess.py:106} INFO - 페이지 168 데이터 수집 시작 (카테고리: 320)
[2024-12-19T00:51:15.875+0000] {subprocess.py:106} INFO - 페이지 169 데이터 수집 시작 (카테고리: 320)
[2024-12-19T00:51:15.875+0000] {subprocess.py:106} INFO - 페이지 170 데이터 수집 시작 (카테고리: 320)
[2024-12-19T00:51:15.876+0000] {subprocess.py:106} INFO - 페이지 171 데이터 수집 시작 (카테고리: 320)
[2024-12-19T00:51:15.877+0000] {subprocess.py:106} INFO - 페이지 172 데이터 수집 시작 (카테고리: 320)
[2024-12-19T00:51:15.877+0000] {subprocess.py:106} INFO - 페이지 173 데이터 수집 시작 (카테고리: 320)
[2024-12-19T00:51:15.879+0000] {subprocess.py:106} INFO - 페이지 174 데이터 수집 시작 (카테고리: 320)
[2024-12-19T00:51:15.881+0000] {subprocess.py:106} INFO - 페이지 175 데이터 수집 시작 (카테고리: 320)
[2024-12-19T00:51:15.883+0000] {subprocess.py:106} INFO - 페이지 176 데이터 수집 시작 (카테고리: 320)
[2024-12-19T00:51:15.884+0000] {subprocess.py:106} INFO - 페이지 177 데이터 수집 시작 (카테고리: 320)
[2024-12-19T00:51:15.885+0000] {subprocess.py:106} INFO - 페이지 178 데이터 수집 시작 (카테고리: 320)
[2024-12-19T00:51:15.886+0000] {subprocess.py:106} INFO - 페이지 179 데이터 수집 시작 (카테고리: 320)
[2024-12-19T00:51:15.887+0000] {subprocess.py:106} INFO - 페이지 180 데이터 수집 시작 (카테고리: 320)
[2024-12-19T00:51:15.888+0000] {subprocess.py:106} INFO - 페이지 181 데이터 수집 시작 (카테고리: 320)
[2024-12-19T00:51:15.888+0000] {subprocess.py:106} INFO - 페이지 182 데이터 수집 시작 (카테고리: 320)
[2024-12-19T00:51:15.889+0000] {subprocess.py:106} INFO - 페이지 183 데이터 수집 시작 (카테고리: 320)
[2024-12-19T00:51:15.889+0000] {subprocess.py:106} INFO - 페이지 184 데이터 수집 시작 (카테고리: 320)
[2024-12-19T00:51:15.889+0000] {subprocess.py:106} INFO - 페이지 185 데이터 수집 시작 (카테고리: 320)
[2024-12-19T00:51:15.890+0000] {subprocess.py:106} INFO - 페이지 186 데이터 수집 시작 (카테고리: 320)
[2024-12-19T00:51:15.890+0000] {subprocess.py:106} INFO - 페이지 187 데이터 수집 시작 (카테고리: 320)
[2024-12-19T00:51:15.890+0000] {subprocess.py:106} INFO - 페이지 188 데이터 수집 시작 (카테고리: 320)
[2024-12-19T00:51:15.890+0000] {subprocess.py:106} INFO - 페이지 189 데이터 수집 시작 (카테고리: 320)
[2024-12-19T00:51:15.891+0000] {subprocess.py:106} INFO - 페이지 190 데이터 수집 시작 (카테고리: 320)
[2024-12-19T00:51:15.891+0000] {subprocess.py:106} INFO - 페이지 191 데이터 수집 시작 (카테고리: 320)
[2024-12-19T00:51:15.891+0000] {subprocess.py:106} INFO - 페이지 192 데이터 수집 시작 (카테고리: 320)
[2024-12-19T00:51:15.892+0000] {subprocess.py:106} INFO - 페이지 193 데이터 수집 시작 (카테고리: 320)
[2024-12-19T00:51:15.892+0000] {subprocess.py:106} INFO - 페이지 194 데이터 수집 시작 (카테고리: 320)
[2024-12-19T00:51:15.893+0000] {subprocess.py:106} INFO - 페이지 195 데이터 수집 시작 (카테고리: 320)
[2024-12-19T00:51:15.893+0000] {subprocess.py:106} INFO - 페이지 196 데이터 수집 시작 (카테고리: 320)
[2024-12-19T00:51:15.894+0000] {subprocess.py:106} INFO - 페이지 197 데이터 수집 시작 (카테고리: 320)
[2024-12-19T00:51:15.894+0000] {subprocess.py:106} INFO - 페이지 198 데이터 수집 시작 (카테고리: 320)
[2024-12-19T00:51:15.894+0000] {subprocess.py:106} INFO - 페이지 199 데이터 수집 시작 (카테고리: 320)
[2024-12-19T00:51:15.894+0000] {subprocess.py:106} INFO - 페이지 200 데이터 수집 시작 (카테고리: 320)
[2024-12-19T00:51:15.895+0000] {subprocess.py:106} INFO - 페이지 201 데이터 수집 시작 (카테고리: 320)
[2024-12-19T00:51:15.895+0000] {subprocess.py:106} INFO - 페이지 202 데이터 수집 시작 (카테고리: 320)
[2024-12-19T00:51:15.895+0000] {subprocess.py:106} INFO - 페이지 203 데이터 수집 시작 (카테고리: 320)
[2024-12-19T00:51:15.899+0000] {subprocess.py:106} INFO - 페이지 204 데이터 수집 시작 (카테고리: 320)
[2024-12-19T00:51:15.899+0000] {subprocess.py:106} INFO - 페이지 205 데이터 수집 시작 (카테고리: 320)
[2024-12-19T00:51:15.899+0000] {subprocess.py:106} INFO - 페이지 206 데이터 수집 시작 (카테고리: 320)
[2024-12-19T00:51:15.900+0000] {subprocess.py:106} INFO - 페이지 207 데이터 수집 시작 (카테고리: 320)
[2024-12-19T00:51:15.902+0000] {subprocess.py:106} INFO - 페이지 208 데이터 수집 시작 (카테고리: 320)
[2024-12-19T00:51:15.904+0000] {subprocess.py:106} INFO - 페이지 209 데이터 수집 시작 (카테고리: 320)
[2024-12-19T00:51:15.905+0000] {subprocess.py:106} INFO - 페이지 210 데이터 수집 시작 (카테고리: 320)
[2024-12-19T00:51:15.906+0000] {subprocess.py:106} INFO - 페이지 211 데이터 수집 시작 (카테고리: 320)
[2024-12-19T00:51:15.906+0000] {subprocess.py:106} INFO - 페이지 212 데이터 수집 시작 (카테고리: 320)
[2024-12-19T00:51:15.907+0000] {subprocess.py:106} INFO - 페이지 213 데이터 수집 시작 (카테고리: 320)
[2024-12-19T00:51:15.907+0000] {subprocess.py:106} INFO - 페이지 214 데이터 수집 시작 (카테고리: 320)
[2024-12-19T00:51:15.907+0000] {subprocess.py:106} INFO - 페이지 215 데이터 수집 시작 (카테고리: 320)
[2024-12-19T00:51:15.907+0000] {subprocess.py:106} INFO - 페이지 216 데이터 수집 시작 (카테고리: 320)
[2024-12-19T00:51:15.908+0000] {subprocess.py:106} INFO - 페이지 217 데이터 수집 시작 (카테고리: 320)
[2024-12-19T00:51:15.908+0000] {subprocess.py:106} INFO - 페이지 218 데이터 수집 시작 (카테고리: 320)
[2024-12-19T00:51:15.908+0000] {subprocess.py:106} INFO - 페이지 219 데이터 수집 시작 (카테고리: 320)
[2024-12-19T00:51:15.908+0000] {subprocess.py:106} INFO - 페이지 220 데이터 수집 시작 (카테고리: 320)
[2024-12-19T00:51:15.908+0000] {subprocess.py:106} INFO - 페이지 221 데이터 수집 시작 (카테고리: 320)
[2024-12-19T00:51:15.909+0000] {subprocess.py:106} INFO - 페이지 222 데이터 수집 시작 (카테고리: 320)
[2024-12-19T00:51:15.909+0000] {subprocess.py:106} INFO - 페이지 223 데이터 수집 시작 (카테고리: 320)
[2024-12-19T00:51:15.909+0000] {subprocess.py:106} INFO - 페이지 224 데이터 수집 시작 (카테고리: 320)
[2024-12-19T00:51:15.910+0000] {subprocess.py:106} INFO - 페이지 225 데이터 수집 시작 (카테고리: 320)
[2024-12-19T00:51:15.910+0000] {subprocess.py:106} INFO - 페이지 226 데이터 수집 시작 (카테고리: 320)
[2024-12-19T00:51:15.910+0000] {subprocess.py:106} INFO - 페이지 227 데이터 수집 시작 (카테고리: 320)
[2024-12-19T00:51:15.912+0000] {subprocess.py:106} INFO - 페이지 228 데이터 수집 시작 (카테고리: 320)
[2024-12-19T00:51:15.914+0000] {subprocess.py:106} INFO - 페이지 229 데이터 수집 시작 (카테고리: 320)
[2024-12-19T00:51:15.915+0000] {subprocess.py:106} INFO - 페이지 230 데이터 수집 시작 (카테고리: 320)
[2024-12-19T00:51:15.916+0000] {subprocess.py:106} INFO - 페이지 231 데이터 수집 시작 (카테고리: 320)
[2024-12-19T00:51:15.917+0000] {subprocess.py:106} INFO - 페이지 232 데이터 수집 시작 (카테고리: 320)
[2024-12-19T00:51:15.917+0000] {subprocess.py:106} INFO - 페이지 233 데이터 수집 시작 (카테고리: 320)
[2024-12-19T00:51:15.918+0000] {subprocess.py:106} INFO - 페이지 234 데이터 수집 시작 (카테고리: 320)
[2024-12-19T00:51:15.919+0000] {subprocess.py:106} INFO - 페이지 235 데이터 수집 시작 (카테고리: 320)
[2024-12-19T00:51:15.919+0000] {subprocess.py:106} INFO - 페이지 236 데이터 수집 시작 (카테고리: 320)
[2024-12-19T00:51:15.920+0000] {subprocess.py:106} INFO - 페이지 237 데이터 수집 시작 (카테고리: 320)
[2024-12-19T00:51:15.920+0000] {subprocess.py:106} INFO - 페이지 238 데이터 수집 시작 (카테고리: 320)
[2024-12-19T00:51:15.920+0000] {subprocess.py:106} INFO - 페이지 239 데이터 수집 시작 (카테고리: 320)
[2024-12-19T00:51:15.921+0000] {subprocess.py:106} INFO - 페이지 240 데이터 수집 시작 (카테고리: 320)
[2024-12-19T00:51:15.921+0000] {subprocess.py:106} INFO - 페이지 241 데이터 수집 시작 (카테고리: 320)
[2024-12-19T00:51:15.922+0000] {subprocess.py:106} INFO - 페이지 242 데이터 수집 시작 (카테고리: 320)
[2024-12-19T00:51:15.923+0000] {subprocess.py:106} INFO - 페이지 243 데이터 수집 시작 (카테고리: 320)
[2024-12-19T00:51:15.924+0000] {subprocess.py:106} INFO - 페이지 244 데이터 수집 시작 (카테고리: 320)
[2024-12-19T00:51:15.926+0000] {subprocess.py:106} INFO - 페이지 245 데이터 수집 시작 (카테고리: 320)
[2024-12-19T00:51:15.928+0000] {subprocess.py:106} INFO - 페이지 246 데이터 수집 시작 (카테고리: 320)
[2024-12-19T00:51:15.933+0000] {subprocess.py:106} INFO - 페이지 247 데이터 수집 시작 (카테고리: 320)
[2024-12-19T00:51:15.936+0000] {subprocess.py:106} INFO - 페이지 248 데이터 수집 시작 (카테고리: 320)
[2024-12-19T00:51:15.938+0000] {subprocess.py:106} INFO - 페이지 249 데이터 수집 시작 (카테고리: 320)
[2024-12-19T00:51:15.938+0000] {subprocess.py:106} INFO - 페이지 250 데이터 수집 시작 (카테고리: 320)
[2024-12-19T00:51:15.940+0000] {subprocess.py:106} INFO - 페이지 251 데이터 수집 시작 (카테고리: 320)
[2024-12-19T00:51:15.942+0000] {subprocess.py:106} INFO - 페이지 252 데이터 수집 시작 (카테고리: 320)
[2024-12-19T00:51:15.943+0000] {subprocess.py:106} INFO - 페이지 253 데이터 수집 시작 (카테고리: 320)
[2024-12-19T00:51:15.944+0000] {subprocess.py:106} INFO - 페이지 254 데이터 수집 시작 (카테고리: 320)
[2024-12-19T00:51:15.945+0000] {subprocess.py:106} INFO - 페이지 255 데이터 수집 시작 (카테고리: 320)
[2024-12-19T00:51:15.947+0000] {subprocess.py:106} INFO - 페이지 256 데이터 수집 시작 (카테고리: 320)
[2024-12-19T00:51:15.948+0000] {subprocess.py:106} INFO - 페이지 257 데이터 수집 시작 (카테고리: 320)
[2024-12-19T00:51:15.949+0000] {subprocess.py:106} INFO - 페이지 258 데이터 수집 시작 (카테고리: 320)
[2024-12-19T00:51:15.949+0000] {subprocess.py:106} INFO - 페이지 259 데이터 수집 시작 (카테고리: 320)
[2024-12-19T00:51:15.950+0000] {subprocess.py:106} INFO - 페이지 260 데이터 수집 시작 (카테고리: 320)
[2024-12-19T00:51:15.950+0000] {subprocess.py:106} INFO - 페이지 261 데이터 수집 시작 (카테고리: 320)
[2024-12-19T00:51:15.950+0000] {subprocess.py:106} INFO - 페이지 262 데이터 수집 시작 (카테고리: 320)
[2024-12-19T00:51:15.951+0000] {subprocess.py:106} INFO - 페이지 263 데이터 수집 시작 (카테고리: 320)
[2024-12-19T00:51:15.951+0000] {subprocess.py:106} INFO - 페이지 264 데이터 수집 시작 (카테고리: 320)
[2024-12-19T00:51:15.956+0000] {subprocess.py:106} INFO - 페이지 265 데이터 수집 시작 (카테고리: 320)
[2024-12-19T00:51:15.957+0000] {subprocess.py:106} INFO - 페이지 266 데이터 수집 시작 (카테고리: 320)
[2024-12-19T00:51:15.957+0000] {subprocess.py:106} INFO - 페이지 267 데이터 수집 시작 (카테고리: 320)
[2024-12-19T00:51:15.957+0000] {subprocess.py:106} INFO - 페이지 268 데이터 수집 시작 (카테고리: 320)
[2024-12-19T00:51:15.958+0000] {subprocess.py:106} INFO - 페이지 269 데이터 수집 시작 (카테고리: 320)
[2024-12-19T00:51:15.958+0000] {subprocess.py:106} INFO - 페이지 270 데이터 수집 시작 (카테고리: 320)
[2024-12-19T00:51:15.958+0000] {subprocess.py:106} INFO - 페이지 271 데이터 수집 시작 (카테고리: 320)
[2024-12-19T00:51:15.959+0000] {subprocess.py:106} INFO - 페이지 272 데이터 수집 시작 (카테고리: 320)
[2024-12-19T00:51:15.959+0000] {subprocess.py:106} INFO - 페이지 273 데이터 수집 시작 (카테고리: 320)
[2024-12-19T00:51:15.959+0000] {subprocess.py:106} INFO - 페이지 274 데이터 수집 시작 (카테고리: 320)
[2024-12-19T00:51:15.960+0000] {subprocess.py:106} INFO - 페이지 275 데이터 수집 시작 (카테고리: 320)
[2024-12-19T00:51:15.960+0000] {subprocess.py:106} INFO - 페이지 276 데이터 수집 시작 (카테고리: 320)
[2024-12-19T00:51:15.960+0000] {subprocess.py:106} INFO - 페이지 277 데이터 수집 시작 (카테고리: 320)
[2024-12-19T00:51:15.961+0000] {subprocess.py:106} INFO - 페이지 278 데이터 수집 시작 (카테고리: 320)
[2024-12-19T00:51:15.961+0000] {subprocess.py:106} INFO - 페이지 279 데이터 수집 시작 (카테고리: 320)
[2024-12-19T00:51:15.962+0000] {subprocess.py:106} INFO - 페이지 280 데이터 수집 시작 (카테고리: 320)
[2024-12-19T00:51:15.962+0000] {subprocess.py:106} INFO - 페이지 281 데이터 수집 시작 (카테고리: 320)
[2024-12-19T00:51:15.962+0000] {subprocess.py:106} INFO - 페이지 282 데이터 수집 시작 (카테고리: 320)
[2024-12-19T00:51:15.963+0000] {subprocess.py:106} INFO - 페이지 283 데이터 수집 시작 (카테고리: 320)
[2024-12-19T00:51:15.963+0000] {subprocess.py:106} INFO - 페이지 284 데이터 수집 시작 (카테고리: 320)
[2024-12-19T01:05:47.882+0000] {subprocess.py:106} INFO - 페이지 285 데이터 수집 시작 (카테고리: 320)
[2024-12-19T01:05:47.890+0000] {subprocess.py:106} INFO - 페이지 286 데이터 수집 시작 (카테고리: 320)
[2024-12-19T01:05:47.891+0000] {subprocess.py:106} INFO - 페이지 287 데이터 수집 시작 (카테고리: 320)
[2024-12-19T01:05:47.891+0000] {subprocess.py:106} INFO - 페이지 288 데이터 수집 시작 (카테고리: 320)
[2024-12-19T01:05:47.892+0000] {subprocess.py:106} INFO - 페이지 289 데이터 수집 시작 (카테고리: 320)
[2024-12-19T01:05:47.892+0000] {subprocess.py:106} INFO - 페이지 290 데이터 수집 시작 (카테고리: 320)
[2024-12-19T01:05:47.892+0000] {subprocess.py:106} INFO - 페이지 291 데이터 수집 시작 (카테고리: 320)
[2024-12-19T01:05:47.892+0000] {subprocess.py:106} INFO - 페이지 292 데이터 수집 시작 (카테고리: 320)
[2024-12-19T01:05:47.893+0000] {subprocess.py:106} INFO - 페이지 293 데이터 수집 시작 (카테고리: 320)
[2024-12-19T01:05:47.893+0000] {subprocess.py:106} INFO - 페이지 294 데이터 수집 시작 (카테고리: 320)
[2024-12-19T01:05:47.894+0000] {subprocess.py:106} INFO - 페이지 295 데이터 수집 시작 (카테고리: 320)
[2024-12-19T01:05:47.894+0000] {subprocess.py:106} INFO - 페이지 296 데이터 수집 시작 (카테고리: 320)
[2024-12-19T01:05:47.894+0000] {subprocess.py:106} INFO - 페이지 297 데이터 수집 시작 (카테고리: 320)
[2024-12-19T01:05:47.895+0000] {subprocess.py:106} INFO - 페이지 298 데이터 수집 시작 (카테고리: 320)
[2024-12-19T01:05:47.895+0000] {subprocess.py:106} INFO - 페이지 299 데이터 수집 시작 (카테고리: 320)
[2024-12-19T01:05:47.899+0000] {subprocess.py:106} INFO - 페이지 300 데이터 수집 시작 (카테고리: 320)
[2024-12-19T01:05:47.900+0000] {subprocess.py:106} INFO - 데이터 수집 및 저장 완료: /opt/***/collectedData/mans_category/mans_category_20241219_005314.csv
[2024-12-19T01:05:47.902+0000] {subprocess.py:106} INFO - 310번 데이터 수집 시작
[2024-12-19T01:05:47.903+0000] {subprocess.py:106} INFO - 페이지 4 데이터 수집 시작 (카테고리: 310)
[2024-12-19T01:05:47.903+0000] {subprocess.py:106} INFO - 페이지 3 데이터 수집 시작 (카테고리: 310)
[2024-12-19T01:05:47.904+0000] {subprocess.py:106} INFO - 페이지 1 데이터 수집 시작 (카테고리: 310)
[2024-12-19T01:05:47.904+0000] {subprocess.py:106} INFO - 페이지 2 데이터 수집 시작 (카테고리: 310)
[2024-12-19T01:05:47.905+0000] {subprocess.py:106} INFO - 페이지 5 데이터 수집 시작 (카테고리: 310)
[2024-12-19T01:05:47.906+0000] {subprocess.py:106} INFO - 페이지 6 데이터 수집 시작 (카테고리: 310)
[2024-12-19T01:05:47.906+0000] {subprocess.py:106} INFO - 페이지 7 데이터 수집 시작 (카테고리: 310)
[2024-12-19T01:05:47.907+0000] {subprocess.py:106} INFO - 페이지 8 데이터 수집 시작 (카테고리: 310)
[2024-12-19T01:05:47.907+0000] {subprocess.py:106} INFO - 페이지 9 데이터 수집 시작 (카테고리: 310)
[2024-12-19T01:05:47.908+0000] {subprocess.py:106} INFO - 페이지 10 데이터 수집 시작 (카테고리: 310)
[2024-12-19T01:05:47.908+0000] {subprocess.py:106} INFO - 페이지 11 데이터 수집 시작 (카테고리: 310)
[2024-12-19T01:05:47.908+0000] {subprocess.py:106} INFO - 페이지 12 데이터 수집 시작 (카테고리: 310)
[2024-12-19T01:05:47.909+0000] {subprocess.py:106} INFO - 페이지 13 데이터 수집 시작 (카테고리: 310)
[2024-12-19T01:05:47.909+0000] {subprocess.py:106} INFO - 페이지 14 데이터 수집 시작 (카테고리: 310)
[2024-12-19T01:05:47.909+0000] {subprocess.py:106} INFO - 페이지 15 데이터 수집 시작 (카테고리: 310)
[2024-12-19T01:05:47.910+0000] {subprocess.py:106} INFO - 페이지 16 데이터 수집 시작 (카테고리: 310)
[2024-12-19T01:05:47.911+0000] {subprocess.py:106} INFO - 페이지 17 데이터 수집 시작 (카테고리: 310)
[2024-12-19T01:05:47.911+0000] {subprocess.py:106} INFO - 페이지 18 데이터 수집 시작 (카테고리: 310)
[2024-12-19T01:05:47.911+0000] {subprocess.py:106} INFO - 페이지 19 데이터 수집 시작 (카테고리: 310)
[2024-12-19T01:05:47.912+0000] {subprocess.py:106} INFO - 페이지 20 데이터 수집 시작 (카테고리: 310)
[2024-12-19T01:05:47.912+0000] {subprocess.py:106} INFO - 페이지 21 데이터 수집 시작 (카테고리: 310)
[2024-12-19T01:05:47.913+0000] {subprocess.py:106} INFO - 페이지 22 데이터 수집 시작 (카테고리: 310)
[2024-12-19T01:05:47.913+0000] {subprocess.py:106} INFO - 페이지 23 데이터 수집 시작 (카테고리: 310)
[2024-12-19T01:05:47.914+0000] {subprocess.py:106} INFO - 페이지 24 데이터 수집 시작 (카테고리: 310)
[2024-12-19T01:05:47.914+0000] {subprocess.py:106} INFO - 페이지 25 데이터 수집 시작 (카테고리: 310)
[2024-12-19T01:05:47.915+0000] {subprocess.py:106} INFO - 페이지 26 데이터 수집 시작 (카테고리: 310)
[2024-12-19T01:05:47.915+0000] {subprocess.py:106} INFO - 페이지 27 데이터 수집 시작 (카테고리: 310)
[2024-12-19T01:05:47.915+0000] {subprocess.py:106} INFO - 페이지 28 데이터 수집 시작 (카테고리: 310)
[2024-12-19T01:05:47.915+0000] {subprocess.py:106} INFO - 페이지 29 데이터 수집 시작 (카테고리: 310)
[2024-12-19T01:05:47.916+0000] {subprocess.py:106} INFO - 페이지 30 데이터 수집 시작 (카테고리: 310)
[2024-12-19T01:05:47.916+0000] {subprocess.py:106} INFO - 페이지 31 데이터 수집 시작 (카테고리: 310)
[2024-12-19T01:05:47.916+0000] {subprocess.py:106} INFO - 페이지 32 데이터 수집 시작 (카테고리: 310)
[2024-12-19T01:05:47.919+0000] {subprocess.py:106} INFO - 페이지 33 데이터 수집 시작 (카테고리: 310)
[2024-12-19T01:05:47.920+0000] {subprocess.py:106} INFO - 페이지 34 데이터 수집 시작 (카테고리: 310)
[2024-12-19T01:05:47.920+0000] {subprocess.py:106} INFO - 페이지 35 데이터 수집 시작 (카테고리: 310)
[2024-12-19T01:05:47.920+0000] {subprocess.py:106} INFO - 페이지 36 데이터 수집 시작 (카테고리: 310)
[2024-12-19T01:05:47.920+0000] {subprocess.py:106} INFO - 페이지 37 데이터 수집 시작 (카테고리: 310)
[2024-12-19T01:05:47.920+0000] {subprocess.py:106} INFO - 페이지 38 데이터 수집 시작 (카테고리: 310)
[2024-12-19T01:05:47.921+0000] {subprocess.py:106} INFO - 페이지 39 데이터 수집 시작 (카테고리: 310)
[2024-12-19T01:05:47.923+0000] {subprocess.py:106} INFO - 페이지 40 데이터 수집 시작 (카테고리: 310)
[2024-12-19T01:05:47.924+0000] {subprocess.py:106} INFO - 페이지 41 데이터 수집 시작 (카테고리: 310)
[2024-12-19T01:05:47.924+0000] {subprocess.py:106} INFO - 페이지 42 데이터 수집 시작 (카테고리: 310)
[2024-12-19T01:05:47.925+0000] {subprocess.py:106} INFO - 페이지 43 데이터 수집 시작 (카테고리: 310)
[2024-12-19T01:05:47.925+0000] {subprocess.py:106} INFO - 페이지 44 데이터 수집 시작 (카테고리: 310)
[2024-12-19T01:05:47.926+0000] {subprocess.py:106} INFO - 페이지 45 데이터 수집 시작 (카테고리: 310)
[2024-12-19T01:05:47.927+0000] {subprocess.py:106} INFO - 페이지 47 데이터 수집 시작 (카테고리: 310)
[2024-12-19T01:05:47.928+0000] {subprocess.py:106} INFO - 페이지 46 데이터 수집 시작 (카테고리: 310)
[2024-12-19T01:05:47.928+0000] {subprocess.py:106} INFO - 페이지 48 데이터 수집 시작 (카테고리: 310)
[2024-12-19T01:05:47.929+0000] {subprocess.py:106} INFO - 페이지 49 데이터 수집 시작 (카테고리: 310)
[2024-12-19T01:05:47.929+0000] {subprocess.py:106} INFO - 페이지 50 데이터 수집 시작 (카테고리: 310)
[2024-12-19T01:05:47.930+0000] {subprocess.py:106} INFO - 페이지 51 데이터 수집 시작 (카테고리: 310)
[2024-12-19T01:05:47.930+0000] {subprocess.py:106} INFO - 페이지 52 데이터 수집 시작 (카테고리: 310)
[2024-12-19T01:05:47.930+0000] {subprocess.py:106} INFO - 페이지 53 데이터 수집 시작 (카테고리: 310)
[2024-12-19T01:05:47.930+0000] {subprocess.py:106} INFO - 페이지 54 데이터 수집 시작 (카테고리: 310)
[2024-12-19T01:05:47.930+0000] {subprocess.py:106} INFO - 페이지 55 데이터 수집 시작 (카테고리: 310)
[2024-12-19T01:05:47.931+0000] {subprocess.py:106} INFO - 페이지 56 데이터 수집 시작 (카테고리: 310)
[2024-12-19T01:05:47.931+0000] {subprocess.py:106} INFO - 페이지 57 데이터 수집 시작 (카테고리: 310)
[2024-12-19T01:05:47.931+0000] {subprocess.py:106} INFO - 페이지 58 데이터 수집 시작 (카테고리: 310)
[2024-12-19T01:05:47.932+0000] {subprocess.py:106} INFO - 페이지 59 데이터 수집 시작 (카테고리: 310)
[2024-12-19T01:05:47.932+0000] {subprocess.py:106} INFO - 페이지 60 데이터 수집 시작 (카테고리: 310)
[2024-12-19T01:05:47.933+0000] {subprocess.py:106} INFO - 페이지 61 데이터 수집 시작 (카테고리: 310)
[2024-12-19T01:05:47.933+0000] {subprocess.py:106} INFO - 페이지 62 데이터 수집 시작 (카테고리: 310)
[2024-12-19T01:05:47.934+0000] {subprocess.py:106} INFO - 페이지 63 데이터 수집 시작 (카테고리: 310)
[2024-12-19T01:05:47.934+0000] {subprocess.py:106} INFO - 페이지 64 데이터 수집 시작 (카테고리: 310)
[2024-12-19T01:05:47.935+0000] {subprocess.py:106} INFO - 페이지 65 데이터 수집 시작 (카테고리: 310)
[2024-12-19T01:05:47.935+0000] {subprocess.py:106} INFO - 페이지 66 데이터 수집 시작 (카테고리: 310)
[2024-12-19T01:05:47.936+0000] {subprocess.py:106} INFO - 페이지 67 데이터 수집 시작 (카테고리: 310)
[2024-12-19T01:05:47.937+0000] {subprocess.py:106} INFO - 페이지 68 데이터 수집 시작 (카테고리: 310)
[2024-12-19T01:05:47.937+0000] {subprocess.py:106} INFO - 페이지 69 데이터 수집 시작 (카테고리: 310)
[2024-12-19T01:05:47.937+0000] {subprocess.py:106} INFO - 페이지 70 데이터 수집 시작 (카테고리: 310)
[2024-12-19T01:05:47.938+0000] {subprocess.py:106} INFO - 페이지 71 데이터 수집 시작 (카테고리: 310)
[2024-12-19T01:05:47.938+0000] {subprocess.py:106} INFO - 페이지 72 데이터 수집 시작 (카테고리: 310)
[2024-12-19T01:05:47.939+0000] {subprocess.py:106} INFO - 페이지 73 데이터 수집 시작 (카테고리: 310)
[2024-12-19T01:05:47.940+0000] {subprocess.py:106} INFO - 페이지 74 데이터 수집 시작 (카테고리: 310)
[2024-12-19T01:05:47.940+0000] {subprocess.py:106} INFO - 페이지 75 데이터 수집 시작 (카테고리: 310)
[2024-12-19T01:05:47.941+0000] {subprocess.py:106} INFO - 페이지 76 데이터 수집 시작 (카테고리: 310)
[2024-12-19T01:05:47.941+0000] {subprocess.py:106} INFO - 페이지 77 데이터 수집 시작 (카테고리: 310)
[2024-12-19T01:05:47.942+0000] {subprocess.py:106} INFO - 페이지 78 데이터 수집 시작 (카테고리: 310)
[2024-12-19T01:05:47.942+0000] {subprocess.py:106} INFO - 페이지 79 데이터 수집 시작 (카테고리: 310)
[2024-12-19T01:05:47.942+0000] {subprocess.py:106} INFO - 페이지 80 데이터 수집 시작 (카테고리: 310)
[2024-12-19T01:05:47.943+0000] {subprocess.py:106} INFO - 페이지 81 데이터 수집 시작 (카테고리: 310)
[2024-12-19T01:05:47.943+0000] {subprocess.py:106} INFO - 페이지 82 데이터 수집 시작 (카테고리: 310)
[2024-12-19T01:05:47.945+0000] {subprocess.py:106} INFO - 페이지 83 데이터 수집 시작 (카테고리: 310)
[2024-12-19T01:05:47.946+0000] {subprocess.py:106} INFO - 페이지 84 데이터 수집 시작 (카테고리: 310)
[2024-12-19T01:05:47.946+0000] {subprocess.py:106} INFO - 페이지 85 데이터 수집 시작 (카테고리: 310)
[2024-12-19T01:05:47.949+0000] {subprocess.py:106} INFO - 페이지 87 데이터 수집 시작 (카테고리: 310)
[2024-12-19T01:05:47.949+0000] {subprocess.py:106} INFO - 페이지 86 데이터 수집 시작 (카테고리: 310)
[2024-12-19T01:05:47.949+0000] {subprocess.py:106} INFO - 페이지 88 데이터 수집 시작 (카테고리: 310)
[2024-12-19T01:05:47.949+0000] {subprocess.py:106} INFO - 페이지 89 데이터 수집 시작 (카테고리: 310)
[2024-12-19T01:05:47.950+0000] {subprocess.py:106} INFO - 페이지 90 데이터 수집 시작 (카테고리: 310)
[2024-12-19T01:05:47.950+0000] {subprocess.py:106} INFO - 페이지 91 데이터 수집 시작 (카테고리: 310)
[2024-12-19T01:05:47.950+0000] {subprocess.py:106} INFO - 페이지 92 데이터 수집 시작 (카테고리: 310)
[2024-12-19T01:05:47.950+0000] {subprocess.py:106} INFO - 페이지 93 데이터 수집 시작 (카테고리: 310)
[2024-12-19T01:05:47.950+0000] {subprocess.py:106} INFO - 페이지 94 데이터 수집 시작 (카테고리: 310)
[2024-12-19T01:05:47.950+0000] {subprocess.py:106} INFO - 페이지 95 데이터 수집 시작 (카테고리: 310)
[2024-12-19T01:05:47.951+0000] {subprocess.py:106} INFO - 페이지 96 데이터 수집 시작 (카테고리: 310)
[2024-12-19T01:05:47.951+0000] {subprocess.py:106} INFO - 페이지 97 데이터 수집 시작 (카테고리: 310)
[2024-12-19T01:05:47.952+0000] {subprocess.py:106} INFO - 페이지 98 데이터 수집 시작 (카테고리: 310)
[2024-12-19T01:05:47.952+0000] {subprocess.py:106} INFO - 페이지 99 데이터 수집 시작 (카테고리: 310)
[2024-12-19T01:05:47.952+0000] {subprocess.py:106} INFO - 페이지 100 데이터 수집 시작 (카테고리: 310)
[2024-12-19T01:05:47.952+0000] {subprocess.py:106} INFO - 페이지 101 데이터 수집 시작 (카테고리: 310)
[2024-12-19T01:05:47.952+0000] {subprocess.py:106} INFO - 페이지 102 데이터 수집 시작 (카테고리: 310)
[2024-12-19T01:05:47.953+0000] {subprocess.py:106} INFO - 페이지 103 데이터 수집 시작 (카테고리: 310)
[2024-12-19T01:05:47.953+0000] {subprocess.py:106} INFO - 페이지 104 데이터 수집 시작 (카테고리: 310)
[2024-12-19T01:05:47.953+0000] {subprocess.py:106} INFO - 페이지 105 데이터 수집 시작 (카테고리: 310)
[2024-12-19T01:05:47.953+0000] {subprocess.py:106} INFO - 페이지 106 데이터 수집 시작 (카테고리: 310)
[2024-12-19T01:05:47.953+0000] {subprocess.py:106} INFO - 페이지 107 데이터 수집 시작 (카테고리: 310)
[2024-12-19T01:05:47.953+0000] {subprocess.py:106} INFO - 페이지 108 데이터 수집 시작 (카테고리: 310)
[2024-12-19T01:05:47.953+0000] {subprocess.py:106} INFO - 페이지 109 데이터 수집 시작 (카테고리: 310)
[2024-12-19T01:05:47.954+0000] {subprocess.py:106} INFO - 페이지 110 데이터 수집 시작 (카테고리: 310)
[2024-12-19T01:05:47.954+0000] {subprocess.py:106} INFO - 페이지 111 데이터 수집 시작 (카테고리: 310)
[2024-12-19T01:05:47.954+0000] {subprocess.py:106} INFO - 페이지 112 데이터 수집 시작 (카테고리: 310)
[2024-12-19T01:05:47.954+0000] {subprocess.py:106} INFO - 페이지 113 데이터 수집 시작 (카테고리: 310)
[2024-12-19T01:05:47.954+0000] {subprocess.py:106} INFO - 페이지 114 데이터 수집 시작 (카테고리: 310)
[2024-12-19T01:05:47.955+0000] {subprocess.py:106} INFO - 페이지 115 데이터 수집 시작 (카테고리: 310)
[2024-12-19T01:05:47.955+0000] {subprocess.py:106} INFO - 페이지 116 데이터 수집 시작 (카테고리: 310)
[2024-12-19T01:05:47.955+0000] {subprocess.py:106} INFO - 페이지 117 데이터 수집 시작 (카테고리: 310)
[2024-12-19T01:05:47.955+0000] {subprocess.py:106} INFO - 페이지 118 데이터 수집 시작 (카테고리: 310)
[2024-12-19T01:05:47.955+0000] {subprocess.py:106} INFO - 페이지 119 데이터 수집 시작 (카테고리: 310)
[2024-12-19T01:05:47.955+0000] {subprocess.py:106} INFO - 페이지 120 데이터 수집 시작 (카테고리: 310)
[2024-12-19T01:05:47.956+0000] {subprocess.py:106} INFO - 페이지 121 데이터 수집 시작 (카테고리: 310)
[2024-12-19T01:05:47.956+0000] {subprocess.py:106} INFO - 페이지 122 데이터 수집 시작 (카테고리: 310)
[2024-12-19T01:05:47.956+0000] {subprocess.py:106} INFO - 페이지 123 데이터 수집 시작 (카테고리: 310)
[2024-12-19T01:05:47.956+0000] {subprocess.py:106} INFO - 페이지 124 데이터 수집 시작 (카테고리: 310)
[2024-12-19T01:05:47.956+0000] {subprocess.py:106} INFO - 페이지 125 데이터 수집 시작 (카테고리: 310)
[2024-12-19T01:19:51.187+0000] {subprocess.py:106} INFO - 페이지 126 데이터 수집 시작 (카테고리: 310)
[2024-12-19T01:19:51.197+0000] {subprocess.py:106} INFO - 페이지 127 데이터 수집 시작 (카테고리: 310)
[2024-12-19T01:19:51.198+0000] {subprocess.py:106} INFO - 페이지 128 데이터 수집 시작 (카테고리: 310)
[2024-12-19T01:19:51.201+0000] {subprocess.py:106} INFO - 페이지 129 데이터 수집 시작 (카테고리: 310)
[2024-12-19T01:19:51.202+0000] {subprocess.py:106} INFO - 페이지 130 데이터 수집 시작 (카테고리: 310)
[2024-12-19T01:19:51.203+0000] {subprocess.py:106} INFO - 페이지 131 데이터 수집 시작 (카테고리: 310)
[2024-12-19T01:19:51.204+0000] {subprocess.py:106} INFO - 페이지 132 데이터 수집 시작 (카테고리: 310)
[2024-12-19T01:19:51.204+0000] {subprocess.py:106} INFO - 페이지 133 데이터 수집 시작 (카테고리: 310)
[2024-12-19T01:19:51.205+0000] {subprocess.py:106} INFO - 페이지 134 데이터 수집 시작 (카테고리: 310)
[2024-12-19T01:19:51.205+0000] {subprocess.py:106} INFO - 페이지 135 데이터 수집 시작 (카테고리: 310)
[2024-12-19T01:19:51.206+0000] {subprocess.py:106} INFO - 페이지 136 데이터 수집 시작 (카테고리: 310)
[2024-12-19T01:19:51.206+0000] {subprocess.py:106} INFO - 페이지 137 데이터 수집 시작 (카테고리: 310)
[2024-12-19T01:19:51.208+0000] {subprocess.py:106} INFO - 페이지 138 데이터 수집 시작 (카테고리: 310)
[2024-12-19T01:19:51.209+0000] {subprocess.py:106} INFO - 페이지 139 데이터 수집 시작 (카테고리: 310)
[2024-12-19T01:19:51.211+0000] {subprocess.py:106} INFO - 페이지 140 데이터 수집 시작 (카테고리: 310)
[2024-12-19T01:19:51.214+0000] {subprocess.py:106} INFO - 페이지 141 데이터 수집 시작 (카테고리: 310)
[2024-12-19T01:19:51.215+0000] {subprocess.py:106} INFO - 페이지 142 데이터 수집 시작 (카테고리: 310)
[2024-12-19T01:19:51.215+0000] {subprocess.py:106} INFO - 페이지 143 데이터 수집 시작 (카테고리: 310)
[2024-12-19T01:19:51.215+0000] {subprocess.py:106} INFO - 페이지 144 데이터 수집 시작 (카테고리: 310)
[2024-12-19T01:19:51.216+0000] {subprocess.py:106} INFO - 페이지 145 데이터 수집 시작 (카테고리: 310)
[2024-12-19T01:19:51.216+0000] {subprocess.py:106} INFO - 페이지 146 데이터 수집 시작 (카테고리: 310)
[2024-12-19T01:19:51.216+0000] {subprocess.py:106} INFO - 페이지 147 데이터 수집 시작 (카테고리: 310)
[2024-12-19T01:19:51.216+0000] {subprocess.py:106} INFO - 페이지 148 데이터 수집 시작 (카테고리: 310)
[2024-12-19T01:19:51.216+0000] {subprocess.py:106} INFO - 페이지 149 데이터 수집 시작 (카테고리: 310)
[2024-12-19T01:19:51.216+0000] {subprocess.py:106} INFO - 페이지 150 데이터 수집 시작 (카테고리: 310)
[2024-12-19T01:19:51.217+0000] {subprocess.py:106} INFO - 페이지 151 데이터 수집 시작 (카테고리: 310)
[2024-12-19T01:19:51.217+0000] {subprocess.py:106} INFO - 페이지 152 데이터 수집 시작 (카테고리: 310)
[2024-12-19T01:19:51.217+0000] {subprocess.py:106} INFO - 페이지 153 데이터 수집 시작 (카테고리: 310)
[2024-12-19T01:19:51.217+0000] {subprocess.py:106} INFO - 페이지 154 데이터 수집 시작 (카테고리: 310)
[2024-12-19T01:19:51.217+0000] {subprocess.py:106} INFO - 페이지 155 데이터 수집 시작 (카테고리: 310)
[2024-12-19T01:19:51.217+0000] {subprocess.py:106} INFO - 페이지 156 데이터 수집 시작 (카테고리: 310)
[2024-12-19T01:19:51.218+0000] {subprocess.py:106} INFO - 페이지 157 데이터 수집 시작 (카테고리: 310)
[2024-12-19T01:19:51.218+0000] {subprocess.py:106} INFO - 페이지 158 데이터 수집 시작 (카테고리: 310)
[2024-12-19T01:19:51.218+0000] {subprocess.py:106} INFO - 페이지 159 데이터 수집 시작 (카테고리: 310)
[2024-12-19T01:19:51.218+0000] {subprocess.py:106} INFO - 페이지 160 데이터 수집 시작 (카테고리: 310)
[2024-12-19T01:19:51.218+0000] {subprocess.py:106} INFO - 페이지 161 데이터 수집 시작 (카테고리: 310)
[2024-12-19T01:19:51.218+0000] {subprocess.py:106} INFO - 페이지 162 데이터 수집 시작 (카테고리: 310)
[2024-12-19T01:19:51.219+0000] {subprocess.py:106} INFO - 페이지 163 데이터 수집 시작 (카테고리: 310)
[2024-12-19T01:19:51.219+0000] {subprocess.py:106} INFO - 페이지 164 데이터 수집 시작 (카테고리: 310)
[2024-12-19T01:19:51.219+0000] {subprocess.py:106} INFO - 페이지 165 데이터 수집 시작 (카테고리: 310)
[2024-12-19T01:19:51.219+0000] {subprocess.py:106} INFO - 페이지 166 데이터 수집 시작 (카테고리: 310)
[2024-12-19T01:19:51.223+0000] {subprocess.py:106} INFO - 페이지 167 데이터 수집 시작 (카테고리: 310)
[2024-12-19T01:19:51.224+0000] {subprocess.py:106} INFO - 페이지 168 데이터 수집 시작 (카테고리: 310)
[2024-12-19T01:19:51.225+0000] {subprocess.py:106} INFO - 페이지 169 데이터 수집 시작 (카테고리: 310)
[2024-12-19T01:19:51.225+0000] {subprocess.py:106} INFO - 페이지 170 데이터 수집 시작 (카테고리: 310)
[2024-12-19T01:19:51.225+0000] {subprocess.py:106} INFO - 페이지 171 데이터 수집 시작 (카테고리: 310)
[2024-12-19T01:19:51.226+0000] {subprocess.py:106} INFO - 페이지 172 데이터 수집 시작 (카테고리: 310)
[2024-12-19T01:19:51.226+0000] {subprocess.py:106} INFO - 페이지 173 데이터 수집 시작 (카테고리: 310)
[2024-12-19T01:19:51.226+0000] {subprocess.py:106} INFO - 페이지 174 데이터 수집 시작 (카테고리: 310)
[2024-12-19T01:19:51.226+0000] {subprocess.py:106} INFO - 페이지 175 데이터 수집 시작 (카테고리: 310)
[2024-12-19T01:19:51.227+0000] {subprocess.py:106} INFO - 페이지 176 데이터 수집 시작 (카테고리: 310)
[2024-12-19T01:19:51.227+0000] {subprocess.py:106} INFO - 페이지 177 데이터 수집 시작 (카테고리: 310)
[2024-12-19T01:19:51.227+0000] {subprocess.py:106} INFO - 페이지 178 데이터 수집 시작 (카테고리: 310)
[2024-12-19T01:19:51.227+0000] {subprocess.py:106} INFO - 페이지 179 데이터 수집 시작 (카테고리: 310)
[2024-12-19T01:19:51.227+0000] {subprocess.py:106} INFO - 페이지 180 데이터 수집 시작 (카테고리: 310)
[2024-12-19T01:19:51.228+0000] {subprocess.py:106} INFO - 페이지 181 데이터 수집 시작 (카테고리: 310)
[2024-12-19T01:19:51.228+0000] {subprocess.py:106} INFO - 페이지 182 데이터 수집 시작 (카테고리: 310)
[2024-12-19T01:19:51.228+0000] {subprocess.py:106} INFO - 페이지 183 데이터 수집 시작 (카테고리: 310)
[2024-12-19T01:19:51.228+0000] {subprocess.py:106} INFO - 페이지 184 데이터 수집 시작 (카테고리: 310)
[2024-12-19T01:19:51.228+0000] {subprocess.py:106} INFO - 페이지 185 데이터 수집 시작 (카테고리: 310)
[2024-12-19T01:19:51.229+0000] {subprocess.py:106} INFO - 페이지 186 데이터 수집 시작 (카테고리: 310)
[2024-12-19T01:19:51.229+0000] {subprocess.py:106} INFO - 페이지 187 데이터 수집 시작 (카테고리: 310)
[2024-12-19T01:19:51.229+0000] {subprocess.py:106} INFO - 페이지 188 데이터 수집 시작 (카테고리: 310)
[2024-12-19T01:19:51.230+0000] {subprocess.py:106} INFO - 페이지 189 데이터 수집 시작 (카테고리: 310)
[2024-12-19T01:19:51.231+0000] {subprocess.py:106} INFO - 페이지 190 데이터 수집 시작 (카테고리: 310)
[2024-12-19T01:19:51.231+0000] {subprocess.py:106} INFO - 페이지 191 데이터 수집 시작 (카테고리: 310)
[2024-12-19T01:19:51.233+0000] {subprocess.py:106} INFO - 페이지 192 데이터 수집 시작 (카테고리: 310)
[2024-12-19T01:19:51.233+0000] {subprocess.py:106} INFO - 페이지 193 데이터 수집 시작 (카테고리: 310)
[2024-12-19T01:19:51.233+0000] {subprocess.py:106} INFO - 페이지 194 데이터 수집 시작 (카테고리: 310)
[2024-12-19T01:19:51.233+0000] {subprocess.py:106} INFO - 페이지 195 데이터 수집 시작 (카테고리: 310)
[2024-12-19T01:19:51.235+0000] {subprocess.py:106} INFO - 페이지 196 데이터 수집 시작 (카테고리: 310)
[2024-12-19T01:19:51.235+0000] {subprocess.py:106} INFO - 페이지 197 데이터 수집 시작 (카테고리: 310)
[2024-12-19T01:19:51.236+0000] {subprocess.py:106} INFO - 페이지 198 데이터 수집 시작 (카테고리: 310)
[2024-12-19T01:19:51.237+0000] {subprocess.py:106} INFO - 페이지 199 데이터 수집 시작 (카테고리: 310)
[2024-12-19T01:19:51.237+0000] {subprocess.py:106} INFO - 페이지 200 데이터 수집 시작 (카테고리: 310)
[2024-12-19T01:19:51.237+0000] {subprocess.py:106} INFO - 페이지 201 데이터 수집 시작 (카테고리: 310)
[2024-12-19T01:19:51.238+0000] {subprocess.py:106} INFO - 페이지 202 데이터 수집 시작 (카테고리: 310)
[2024-12-19T01:19:51.242+0000] {subprocess.py:106} INFO - 페이지 203 데이터 수집 시작 (카테고리: 310)
[2024-12-19T01:19:51.242+0000] {subprocess.py:106} INFO - 페이지 204 데이터 수집 시작 (카테고리: 310)
[2024-12-19T01:19:51.243+0000] {subprocess.py:106} INFO - 페이지 205 데이터 수집 시작 (카테고리: 310)
[2024-12-19T01:19:51.243+0000] {subprocess.py:106} INFO - 페이지 206 데이터 수집 시작 (카테고리: 310)
[2024-12-19T01:19:51.243+0000] {subprocess.py:106} INFO - 페이지 207 데이터 수집 시작 (카테고리: 310)
[2024-12-19T01:19:51.243+0000] {subprocess.py:106} INFO - 페이지 208 데이터 수집 시작 (카테고리: 310)
[2024-12-19T01:19:51.244+0000] {subprocess.py:106} INFO - 페이지 209 데이터 수집 시작 (카테고리: 310)
[2024-12-19T01:19:51.245+0000] {subprocess.py:106} INFO - 페이지 210 데이터 수집 시작 (카테고리: 310)
[2024-12-19T01:19:51.245+0000] {subprocess.py:106} INFO - 페이지 211 데이터 수집 시작 (카테고리: 310)
[2024-12-19T01:19:51.245+0000] {subprocess.py:106} INFO - 페이지 212 데이터 수집 시작 (카테고리: 310)
[2024-12-19T01:19:51.246+0000] {subprocess.py:106} INFO - 페이지 213 데이터 수집 시작 (카테고리: 310)
[2024-12-19T01:19:51.246+0000] {subprocess.py:106} INFO - 페이지 214 데이터 수집 시작 (카테고리: 310)
[2024-12-19T01:19:51.246+0000] {subprocess.py:106} INFO - 페이지 215 데이터 수집 시작 (카테고리: 310)
[2024-12-19T01:19:51.246+0000] {subprocess.py:106} INFO - 페이지 216 데이터 수집 시작 (카테고리: 310)
[2024-12-19T01:19:51.247+0000] {subprocess.py:106} INFO - 페이지 217 데이터 수집 시작 (카테고리: 310)
[2024-12-19T01:19:51.247+0000] {subprocess.py:106} INFO - 페이지 218 데이터 수집 시작 (카테고리: 310)
[2024-12-19T01:19:51.247+0000] {subprocess.py:106} INFO - 페이지 219 데이터 수집 시작 (카테고리: 310)
[2024-12-19T01:19:51.247+0000] {subprocess.py:106} INFO - 페이지 220 데이터 수집 시작 (카테고리: 310)
[2024-12-19T01:19:51.247+0000] {subprocess.py:106} INFO - 페이지 221 데이터 수집 시작 (카테고리: 310)
[2024-12-19T01:19:51.247+0000] {subprocess.py:106} INFO - 페이지 222 데이터 수집 시작 (카테고리: 310)
[2024-12-19T01:19:51.248+0000] {subprocess.py:106} INFO - 페이지 223 데이터 수집 시작 (카테고리: 310)
[2024-12-19T01:19:51.248+0000] {subprocess.py:106} INFO - 페이지 224 데이터 수집 시작 (카테고리: 310)
[2024-12-19T01:19:51.248+0000] {subprocess.py:106} INFO - 페이지 225 데이터 수집 시작 (카테고리: 310)
[2024-12-19T01:19:51.248+0000] {subprocess.py:106} INFO - 페이지 226 데이터 수집 시작 (카테고리: 310)
[2024-12-19T01:19:51.248+0000] {subprocess.py:106} INFO - 페이지 227 데이터 수집 시작 (카테고리: 310)
[2024-12-19T01:19:51.248+0000] {subprocess.py:106} INFO - 페이지 228 데이터 수집 시작 (카테고리: 310)
[2024-12-19T01:19:51.249+0000] {subprocess.py:106} INFO - 페이지 229 데이터 수집 시작 (카테고리: 310)
[2024-12-19T01:19:51.249+0000] {subprocess.py:106} INFO - 페이지 230 데이터 수집 시작 (카테고리: 310)
[2024-12-19T01:19:51.249+0000] {subprocess.py:106} INFO - 페이지 231 데이터 수집 시작 (카테고리: 310)
[2024-12-19T01:19:51.249+0000] {subprocess.py:106} INFO - 페이지 232 데이터 수집 시작 (카테고리: 310)
[2024-12-19T01:19:51.249+0000] {subprocess.py:106} INFO - 페이지 233 데이터 수집 시작 (카테고리: 310)
[2024-12-19T01:19:51.250+0000] {subprocess.py:106} INFO - 페이지 234 데이터 수집 시작 (카테고리: 310)
[2024-12-19T01:19:51.250+0000] {subprocess.py:106} INFO - 페이지 235 데이터 수집 시작 (카테고리: 310)
[2024-12-19T01:19:51.250+0000] {subprocess.py:106} INFO - 페이지 236 데이터 수집 시작 (카테고리: 310)
[2024-12-19T01:19:51.250+0000] {subprocess.py:106} INFO - 페이지 237 데이터 수집 시작 (카테고리: 310)
[2024-12-19T01:19:51.251+0000] {subprocess.py:106} INFO - 페이지 238 데이터 수집 시작 (카테고리: 310)
[2024-12-19T01:19:51.251+0000] {subprocess.py:106} INFO - 페이지 239 데이터 수집 시작 (카테고리: 310)
[2024-12-19T01:19:51.251+0000] {subprocess.py:106} INFO - 페이지 240 데이터 수집 시작 (카테고리: 310)
[2024-12-19T01:19:51.252+0000] {subprocess.py:106} INFO - 페이지 241 데이터 수집 시작 (카테고리: 310)
[2024-12-19T01:19:51.252+0000] {subprocess.py:106} INFO - 페이지 242 데이터 수집 시작 (카테고리: 310)
[2024-12-19T01:19:51.252+0000] {subprocess.py:106} INFO - 페이지 243 데이터 수집 시작 (카테고리: 310)
[2024-12-19T01:19:51.252+0000] {subprocess.py:106} INFO - 페이지 244 데이터 수집 시작 (카테고리: 310)
[2024-12-19T01:19:51.253+0000] {subprocess.py:106} INFO - 페이지 245 데이터 수집 시작 (카테고리: 310)
[2024-12-19T01:19:51.253+0000] {subprocess.py:106} INFO - 페이지 246 데이터 수집 시작 (카테고리: 310)
[2024-12-19T01:19:51.253+0000] {subprocess.py:106} INFO - 페이지 247 데이터 수집 시작 (카테고리: 310)
[2024-12-19T01:19:51.253+0000] {subprocess.py:106} INFO - 페이지 248 데이터 수집 시작 (카테고리: 310)
[2024-12-19T01:19:51.253+0000] {subprocess.py:106} INFO - 페이지 249 데이터 수집 시작 (카테고리: 310)
[2024-12-19T01:19:51.254+0000] {subprocess.py:106} INFO - 페이지 250 데이터 수집 시작 (카테고리: 310)
[2024-12-19T01:19:51.254+0000] {subprocess.py:106} INFO - 페이지 251 데이터 수집 시작 (카테고리: 310)
[2024-12-19T01:19:51.254+0000] {subprocess.py:106} INFO - 페이지 252 데이터 수집 시작 (카테고리: 310)
[2024-12-19T01:19:51.254+0000] {subprocess.py:106} INFO - 페이지 253 데이터 수집 시작 (카테고리: 310)
[2024-12-19T01:19:51.254+0000] {subprocess.py:106} INFO - 페이지 254 데이터 수집 시작 (카테고리: 310)
[2024-12-19T01:19:51.255+0000] {subprocess.py:106} INFO - 페이지 255 데이터 수집 시작 (카테고리: 310)
[2024-12-19T01:19:51.255+0000] {subprocess.py:106} INFO - 페이지 256 데이터 수집 시작 (카테고리: 310)
[2024-12-19T01:19:51.255+0000] {subprocess.py:106} INFO - 페이지 257 데이터 수집 시작 (카테고리: 310)
[2024-12-19T01:19:51.256+0000] {subprocess.py:106} INFO - 페이지 258 데이터 수집 시작 (카테고리: 310)
[2024-12-19T01:19:51.256+0000] {subprocess.py:106} INFO - 페이지 259 데이터 수집 시작 (카테고리: 310)
[2024-12-19T01:19:51.256+0000] {subprocess.py:106} INFO - 페이지 260 데이터 수집 시작 (카테고리: 310)
[2024-12-19T01:19:51.256+0000] {subprocess.py:106} INFO - 페이지 261 데이터 수집 시작 (카테고리: 310)
[2024-12-19T01:19:51.257+0000] {subprocess.py:106} INFO - 페이지 262 데이터 수집 시작 (카테고리: 310)
[2024-12-19T01:19:51.257+0000] {subprocess.py:106} INFO - 페이지 263 데이터 수집 시작 (카테고리: 310)
[2024-12-19T01:19:51.257+0000] {subprocess.py:106} INFO - 페이지 264 데이터 수집 시작 (카테고리: 310)
[2024-12-19T01:19:51.257+0000] {subprocess.py:106} INFO - 페이지 265 데이터 수집 시작 (카테고리: 310)
[2024-12-19T01:19:51.257+0000] {subprocess.py:106} INFO - 페이지 266 데이터 수집 시작 (카테고리: 310)
[2024-12-19T01:19:51.258+0000] {subprocess.py:106} INFO - 페이지 267 데이터 수집 시작 (카테고리: 310)
[2024-12-19T01:20:52.265+0000] {local_task_job_runner.py:127} ERROR - Received SIGTERM. Terminating subprocesses
[2024-12-19T01:20:52.287+0000] {process_utils.py:132} INFO - Sending 15 to group 214. PIDs of all processes in the group: [216, 214]
[2024-12-19T01:20:52.291+0000] {process_utils.py:87} INFO - Sending the signal 15 to group 214
[2024-12-19T01:20:52.297+0000] {taskinstance.py:3093} ERROR - Received SIGTERM. Terminating subprocesses.
[2024-12-19T01:20:52.308+0000] {subprocess.py:117} INFO - Sending SIGTERM signal to process group
[2024-12-19T01:20:52.396+0000] {taskinstance.py:3311} ERROR - Task failed with exception
Traceback (most recent call last):
  File "/home/airflow/.local/lib/python3.12/site-packages/airflow/models/taskinstance.py", line 762, in _execute_task
    result = _execute_callable(context=context, **execute_callable_kwargs)
             ^^^^^^^^^^^^^^^^^^^^^^^^^^^^^^^^^^^^^^^^^^^^^^^^^^^^^^^^^^^^^
  File "/home/airflow/.local/lib/python3.12/site-packages/airflow/models/taskinstance.py", line 733, in _execute_callable
    return ExecutionCallableRunner(
           ^^^^^^^^^^^^^^^^^^^^^^^^
  File "/home/airflow/.local/lib/python3.12/site-packages/airflow/utils/operator_helpers.py", line 252, in run
    return self.func(*args, **kwargs)
           ^^^^^^^^^^^^^^^^^^^^^^^^^^
  File "/home/airflow/.local/lib/python3.12/site-packages/airflow/models/baseoperator.py", line 417, in wrapper
    return func(self, *args, **kwargs)
           ^^^^^^^^^^^^^^^^^^^^^^^^^^^
  File "/home/airflow/.local/lib/python3.12/site-packages/airflow/operators/bash.py", line 257, in execute
    result = self._run_inline_command(bash_path=bash_path, env=env)
             ^^^^^^^^^^^^^^^^^^^^^^^^^^^^^^^^^^^^^^^^^^^^^^^^^^^^^^
  File "/home/airflow/.local/lib/python3.12/site-packages/airflow/operators/bash.py", line 284, in _run_inline_command
    return self.subprocess_hook.run_command(
           ^^^^^^^^^^^^^^^^^^^^^^^^^^^^^^^^^
  File "/home/airflow/.local/lib/python3.12/site-packages/airflow/hooks/subprocess.py", line 104, in run_command
    for raw_line in iter(self.sub_process.stdout.readline, b""):
                    ^^^^^^^^^^^^^^^^^^^^^^^^^^^^^^^^^^^^^^^^^^^
  File "/home/airflow/.local/lib/python3.12/site-packages/airflow/models/taskinstance.py", line 3095, in signal_handler
    raise AirflowTaskTerminated("Task received SIGTERM signal")
airflow.exceptions.AirflowTaskTerminated: Task received SIGTERM signal
[2024-12-19T01:20:52.431+0000] {taskinstance.py:1225} INFO - Marking task as FAILED. dag_id=data_pipeline_etl, task_id=collect_data, run_id=scheduled__2024-12-17T04:00:00+00:00, execution_date=20241217T040000, start_date=20241219T002337, end_date=20241219T012052
[2024-12-19T01:20:52.467+0000] {taskinstance.py:340} INFO - ::group::Post task execution logs
[2024-12-19T01:20:52.486+0000] {process_utils.py:80} INFO - Process psutil.Process(pid=214, status='terminated', exitcode=2, started='00:23:37') (214) terminated with exit code 2
[2024-12-19T01:20:52.487+0000] {process_utils.py:80} INFO - Process psutil.Process(pid=216, status='terminated', started='00:23:38') (216) terminated with exit code None
[2024-12-19T01:20:52.488+0000] {local_task_job_runner.py:266} INFO - Task exited with return code 143
[2024-12-19T01:20:52.515+0000] {taskinstance.py:3895} INFO - 0 downstream tasks scheduled from follow-on schedule check
