[2024-11-08T06:19:03.368+0000] {manager.py:483} INFO - Processing files using up to 2 processes at a time 
[2024-11-08T06:19:03.369+0000] {manager.py:484} INFO - Process each file at most once every 30 seconds
[2024-11-08T06:19:03.369+0000] {manager.py:485} INFO - Checking for new files in /opt/airflow/dags every 300 seconds
[2024-11-08T06:19:03.369+0000] {manager.py:821} INFO - Searching for files in /opt/airflow/dags
[2024-11-08T06:19:03.370+0000] {manager.py:824} INFO - There are 1 files in /opt/airflow/dags
[2024-11-08T06:19:03.397+0000] {manager.py:997} INFO - 
================================================================================
DAG File Processing Stats

File Path                        PID  Runtime      # DAGs    # Errors  Last Runtime    Last Run      Last # of DB Queries
-----------------------------  -----  ---------  --------  ----------  --------------  ----------  ----------------------
/opt/airflow/dags/test_dag.py     27  0.01s             0           0                                                   0
================================================================================
[2024-11-08T06:19:33.641+0000] {manager.py:997} INFO - 
================================================================================
DAG File Processing Stats

File Path                        PID  Runtime      # DAGs    # Errors  Last Runtime    Last Run               Last # of DB Queries
-----------------------------  -----  ---------  --------  ----------  --------------  -------------------  ----------------------
/opt/airflow/dags/test_dag.py     29  0.01s             1           0  0.15s           2024-11-08T06:19:03                      45
================================================================================
[2024-11-08T06:20:03.916+0000] {manager.py:997} INFO - 
================================================================================
DAG File Processing Stats

File Path                        PID  Runtime      # DAGs    # Errors  Last Runtime    Last Run               Last # of DB Queries
-----------------------------  -----  ---------  --------  ----------  --------------  -------------------  ----------------------
/opt/airflow/dags/test_dag.py     30  0.01s             1           0  0.10s           2024-11-08T06:19:33                      12
================================================================================
[2024-11-08T06:20:34.204+0000] {manager.py:997} INFO - 
================================================================================
DAG File Processing Stats

File Path                        PID  Runtime      # DAGs    # Errors  Last Runtime    Last Run               Last # of DB Queries
-----------------------------  -----  ---------  --------  ----------  --------------  -------------------  ----------------------
/opt/airflow/dags/test_dag.py     31  0.01s             1           0  0.07s           2024-11-08T06:20:03                      12
================================================================================
[2024-11-08T06:21:04.528+0000] {manager.py:997} INFO - 
================================================================================
DAG File Processing Stats

File Path                        PID  Runtime      # DAGs    # Errors  Last Runtime    Last Run               Last # of DB Queries
-----------------------------  -----  ---------  --------  ----------  --------------  -------------------  ----------------------
/opt/airflow/dags/test_dag.py     32  0.03s             1           0  0.07s           2024-11-08T06:20:34                      12
================================================================================
[2024-11-08T06:21:34.805+0000] {manager.py:997} INFO - 
================================================================================
DAG File Processing Stats

File Path                        PID  Runtime      # DAGs    # Errors  Last Runtime    Last Run               Last # of DB Queries
-----------------------------  -----  ---------  --------  ----------  --------------  -------------------  ----------------------
/opt/airflow/dags/test_dag.py     33  0.01s             1           0  0.09s           2024-11-08T06:21:04                      12
================================================================================
[2024-11-08T06:22:05.102+0000] {manager.py:997} INFO - 
================================================================================
DAG File Processing Stats

File Path                        PID  Runtime      # DAGs    # Errors  Last Runtime    Last Run               Last # of DB Queries
-----------------------------  -----  ---------  --------  ----------  --------------  -------------------  ----------------------
/opt/airflow/dags/test_dag.py     34  0.01s             1           0  0.08s           2024-11-08T06:21:34                      12
================================================================================
[2024-11-08T06:22:35.496+0000] {manager.py:997} INFO - 
================================================================================
DAG File Processing Stats

File Path                        PID  Runtime      # DAGs    # Errors  Last Runtime    Last Run               Last # of DB Queries
-----------------------------  -----  ---------  --------  ----------  --------------  -------------------  ----------------------
/opt/airflow/dags/test_dag.py     35  0.01s             1           0  0.09s           2024-11-08T06:22:05                      12
================================================================================
[2024-11-08T06:23:05.848+0000] {manager.py:997} INFO - 
================================================================================
DAG File Processing Stats

File Path                        PID  Runtime      # DAGs    # Errors  Last Runtime    Last Run               Last # of DB Queries
-----------------------------  -----  ---------  --------  ----------  --------------  -------------------  ----------------------
/opt/airflow/dags/test_dag.py     36  0.01s             1           0  0.08s           2024-11-08T06:22:35                      12
================================================================================
[2024-11-08T06:23:36.183+0000] {manager.py:997} INFO - 
================================================================================
DAG File Processing Stats

File Path                        PID  Runtime      # DAGs    # Errors  Last Runtime    Last Run               Last # of DB Queries
-----------------------------  -----  ---------  --------  ----------  --------------  -------------------  ----------------------
/opt/airflow/dags/test_dag.py     37  0.01s             1           0  0.07s           2024-11-08T06:23:05                      12
================================================================================
[2024-11-08T06:24:03.423+0000] {manager.py:821} INFO - Searching for files in /opt/airflow/dags
[2024-11-08T06:24:03.427+0000] {manager.py:824} INFO - There are 1 files in /opt/airflow/dags
[2024-11-08T06:24:06.456+0000] {manager.py:997} INFO - 
================================================================================
DAG File Processing Stats

File Path                        PID  Runtime      # DAGs    # Errors  Last Runtime    Last Run               Last # of DB Queries
-----------------------------  -----  ---------  --------  ----------  --------------  -------------------  ----------------------
/opt/airflow/dags/test_dag.py     38  0.00s             1           0  0.09s           2024-11-08T06:23:36                      12
================================================================================
[2024-11-08T06:24:36.683+0000] {manager.py:997} INFO - 
================================================================================
DAG File Processing Stats

File Path                        PID  Runtime      # DAGs    # Errors  Last Runtime    Last Run               Last # of DB Queries
-----------------------------  -----  ---------  --------  ----------  --------------  -------------------  ----------------------
/opt/airflow/dags/test_dag.py     39  0.00s             1           0  0.04s           2024-11-08T06:24:06                      12
================================================================================
[2024-11-08T06:25:06.908+0000] {manager.py:997} INFO - 
================================================================================
DAG File Processing Stats

File Path                        PID  Runtime      # DAGs    # Errors  Last Runtime    Last Run               Last # of DB Queries
-----------------------------  -----  ---------  --------  ----------  --------------  -------------------  ----------------------
/opt/airflow/dags/test_dag.py     40  0.00s             1           0  0.05s           2024-11-08T06:24:36                      12
================================================================================
[2024-11-08T06:25:37.141+0000] {manager.py:997} INFO - 
================================================================================
DAG File Processing Stats

File Path                        PID  Runtime      # DAGs    # Errors  Last Runtime    Last Run               Last # of DB Queries
-----------------------------  -----  ---------  --------  ----------  --------------  -------------------  ----------------------
/opt/airflow/dags/test_dag.py     41  0.01s             1           0  0.05s           2024-11-08T06:25:06                      12
================================================================================
[2024-11-08T06:26:07.372+0000] {manager.py:997} INFO - 
================================================================================
DAG File Processing Stats

File Path                        PID  Runtime      # DAGs    # Errors  Last Runtime    Last Run               Last # of DB Queries
-----------------------------  -----  ---------  --------  ----------  --------------  -------------------  ----------------------
/opt/airflow/dags/test_dag.py     42  0.02s             1           0  0.15s           2024-11-08T06:25:37                      12
================================================================================
[2024-11-08T06:26:37.592+0000] {manager.py:997} INFO - 
================================================================================
DAG File Processing Stats

File Path                        PID  Runtime      # DAGs    # Errors  Last Runtime    Last Run               Last # of DB Queries
-----------------------------  -----  ---------  --------  ----------  --------------  -------------------  ----------------------
/opt/airflow/dags/test_dag.py     43  0.00s             1           0  0.07s           2024-11-08T06:26:07                      12
================================================================================
[2024-11-08T06:27:07.764+0000] {manager.py:997} INFO - 
================================================================================
DAG File Processing Stats

File Path                        PID  Runtime      # DAGs    # Errors  Last Runtime    Last Run               Last # of DB Queries
-----------------------------  -----  ---------  --------  ----------  --------------  -------------------  ----------------------
/opt/airflow/dags/test_dag.py     44  0.00s             1           0  0.05s           2024-11-08T06:26:37                      12
================================================================================
[2024-11-08T06:27:14.333+0000] {manager.py:465} INFO - Exiting gracefully upon receiving signal 15
