[2024-12-21T12:02:39.005+0000] {local_task_job_runner.py:123} INFO - ::group::Pre task execution logs
[2024-12-21T12:02:39.014+0000] {taskinstance.py:2613} INFO - Dependencies all met for dep_context=non-requeueable deps ti=<TaskInstance: data_pipeline_etl.collect_data scheduled__2024-12-20T04:00:00+00:00 [queued]>
[2024-12-21T12:02:39.018+0000] {taskinstance.py:2613} INFO - Dependencies all met for dep_context=requeueable deps ti=<TaskInstance: data_pipeline_etl.collect_data scheduled__2024-12-20T04:00:00+00:00 [queued]>
[2024-12-21T12:02:39.018+0000] {taskinstance.py:2866} INFO - Starting attempt 2 of 2
[2024-12-21T12:02:39.027+0000] {taskinstance.py:2889} INFO - Executing <Task(BashOperator): collect_data> on 2024-12-20 04:00:00+00:00
[2024-12-21T12:02:39.031+0000] {logging_mixin.py:190} WARNING - /home/***/.local/lib/python3.12/site-packages/***/task/task_runner/standard_task_runner.py:70 DeprecationWarning: This process (pid=170) is multi-threaded, use of fork() may lead to deadlocks in the child.
[2024-12-21T12:02:39.032+0000] {standard_task_runner.py:72} INFO - Started process 173 to run task
[2024-12-21T12:02:39.031+0000] {standard_task_runner.py:104} INFO - Running: ['***', 'tasks', 'run', 'data_pipeline_etl', 'collect_data', 'scheduled__2024-12-20T04:00:00+00:00', '--job-id', '90', '--raw', '--subdir', 'DAGS_FOLDER/etl_pipeline_auto.py', '--cfg-path', '/tmp/tmp8o5riqgl']
[2024-12-21T12:02:39.033+0000] {standard_task_runner.py:105} INFO - Job 90: Subtask collect_data
[2024-12-21T12:02:39.061+0000] {task_command.py:467} INFO - Running <TaskInstance: data_pipeline_etl.collect_data scheduled__2024-12-20T04:00:00+00:00 [running]> on host 83bb635af3ec
[2024-12-21T12:02:39.115+0000] {taskinstance.py:3132} INFO - Exporting env vars: AIRFLOW_CTX_DAG_OWNER='***' AIRFLOW_CTX_DAG_ID='data_pipeline_etl' AIRFLOW_CTX_TASK_ID='collect_data' AIRFLOW_CTX_EXECUTION_DATE='2024-12-20T04:00:00+00:00' AIRFLOW_CTX_TRY_NUMBER='2' AIRFLOW_CTX_DAG_RUN_ID='scheduled__2024-12-20T04:00:00+00:00'
[2024-12-21T12:02:39.115+0000] {taskinstance.py:731} INFO - ::endgroup::
[2024-12-21T12:02:39.151+0000] {subprocess.py:78} INFO - Tmp dir root location: /tmp
[2024-12-21T12:02:39.152+0000] {subprocess.py:88} INFO - Running command: ['/usr/bin/bash', '-c', 'python /opt/***/data-pipeline-project/product_data_scraper.py']
[2024-12-21T12:02:39.156+0000] {subprocess.py:99} INFO - Output:
[2024-12-21T12:21:21.061+0000] {subprocess.py:106} INFO - 320번 데이터 수집 시작
[2024-12-21T12:21:21.068+0000] {subprocess.py:106} INFO - 페이지 2 데이터 수집 시작 (카테고리: 320)
[2024-12-21T12:21:21.072+0000] {subprocess.py:106} INFO - 페이지 1 데이터 수집 시작 (카테고리: 320)
[2024-12-21T12:21:21.072+0000] {subprocess.py:106} INFO - 페이지 4 데이터 수집 시작 (카테고리: 320)
[2024-12-21T12:21:21.073+0000] {subprocess.py:106} INFO - 페이지 3 데이터 수집 시작 (카테고리: 320)
[2024-12-21T12:21:21.076+0000] {subprocess.py:106} INFO - 페이지 5 데이터 수집 시작 (카테고리: 320)
[2024-12-21T12:21:21.077+0000] {subprocess.py:106} INFO - 페이지 6 데이터 수집 시작 (카테고리: 320)
[2024-12-21T12:21:21.078+0000] {subprocess.py:106} INFO - 페이지 7 데이터 수집 시작 (카테고리: 320)
[2024-12-21T12:21:21.078+0000] {subprocess.py:106} INFO - 페이지 8 데이터 수집 시작 (카테고리: 320)
[2024-12-21T12:21:21.079+0000] {subprocess.py:106} INFO - 페이지 9 데이터 수집 시작 (카테고리: 320)
[2024-12-21T12:21:21.079+0000] {subprocess.py:106} INFO - 페이지 10 데이터 수집 시작 (카테고리: 320)
[2024-12-21T12:21:21.080+0000] {subprocess.py:106} INFO - 페이지 11 데이터 수집 시작 (카테고리: 320)
[2024-12-21T12:21:21.080+0000] {subprocess.py:106} INFO - 페이지 12 데이터 수집 시작 (카테고리: 320)
[2024-12-21T12:21:21.080+0000] {subprocess.py:106} INFO - 페이지 13 데이터 수집 시작 (카테고리: 320)
[2024-12-21T12:21:21.081+0000] {subprocess.py:106} INFO - 페이지 14 데이터 수집 시작 (카테고리: 320)
[2024-12-21T12:21:21.083+0000] {subprocess.py:106} INFO - 페이지 15 데이터 수집 시작 (카테고리: 320)
[2024-12-21T12:21:21.084+0000] {subprocess.py:106} INFO - 페이지 16 데이터 수집 시작 (카테고리: 320)
[2024-12-21T12:21:21.084+0000] {subprocess.py:106} INFO - 페이지 17 데이터 수집 시작 (카테고리: 320)
[2024-12-21T12:21:21.084+0000] {subprocess.py:106} INFO - 페이지 18 데이터 수집 시작 (카테고리: 320)
[2024-12-21T12:21:21.085+0000] {subprocess.py:106} INFO - 페이지 19 데이터 수집 시작 (카테고리: 320)
[2024-12-21T12:21:21.085+0000] {subprocess.py:106} INFO - 페이지 20 데이터 수집 시작 (카테고리: 320)
[2024-12-21T12:21:21.085+0000] {subprocess.py:106} INFO - 페이지 21 데이터 수집 시작 (카테고리: 320)
[2024-12-21T12:21:21.085+0000] {subprocess.py:106} INFO - 페이지 22 데이터 수집 시작 (카테고리: 320)
[2024-12-21T12:21:21.086+0000] {subprocess.py:106} INFO - 페이지 23 데이터 수집 시작 (카테고리: 320)
[2024-12-21T12:21:21.086+0000] {subprocess.py:106} INFO - 페이지 24 데이터 수집 시작 (카테고리: 320)
[2024-12-21T12:21:21.086+0000] {subprocess.py:106} INFO - 페이지 25 데이터 수집 시작 (카테고리: 320)
[2024-12-21T12:21:21.087+0000] {subprocess.py:106} INFO - 페이지 26 데이터 수집 시작 (카테고리: 320)
[2024-12-21T12:21:21.087+0000] {subprocess.py:106} INFO - 페이지 27 데이터 수집 시작 (카테고리: 320)
[2024-12-21T12:21:21.087+0000] {subprocess.py:106} INFO - 페이지 28 데이터 수집 시작 (카테고리: 320)
[2024-12-21T12:21:21.088+0000] {subprocess.py:106} INFO - 페이지 29 데이터 수집 시작 (카테고리: 320)
[2024-12-21T12:21:21.088+0000] {subprocess.py:106} INFO - 페이지 30 데이터 수집 시작 (카테고리: 320)
[2024-12-21T12:21:21.088+0000] {subprocess.py:106} INFO - 페이지 31 데이터 수집 시작 (카테고리: 320)
[2024-12-21T12:21:21.089+0000] {subprocess.py:106} INFO - 페이지 32 데이터 수집 시작 (카테고리: 320)
[2024-12-21T12:21:21.089+0000] {subprocess.py:106} INFO - 페이지 33 데이터 수집 시작 (카테고리: 320)
[2024-12-21T12:21:21.089+0000] {subprocess.py:106} INFO - 페이지 34 데이터 수집 시작 (카테고리: 320)
[2024-12-21T12:21:21.090+0000] {subprocess.py:106} INFO - 페이지 35 데이터 수집 시작 (카테고리: 320)
[2024-12-21T12:21:21.090+0000] {subprocess.py:106} INFO - 페이지 36 데이터 수집 시작 (카테고리: 320)
[2024-12-21T12:21:21.090+0000] {subprocess.py:106} INFO - 페이지 37 데이터 수집 시작 (카테고리: 320)
[2024-12-21T12:21:21.090+0000] {subprocess.py:106} INFO - 페이지 38 데이터 수집 시작 (카테고리: 320)
[2024-12-21T12:21:21.091+0000] {subprocess.py:106} INFO - 페이지 39 데이터 수집 시작 (카테고리: 320)
[2024-12-21T12:21:21.091+0000] {subprocess.py:106} INFO - 페이지 40 데이터 수집 시작 (카테고리: 320)
[2024-12-21T12:21:21.092+0000] {subprocess.py:106} INFO - 페이지 41 데이터 수집 시작 (카테고리: 320)
[2024-12-21T12:21:21.092+0000] {subprocess.py:106} INFO - 페이지 42 데이터 수집 시작 (카테고리: 320)
[2024-12-21T12:21:21.092+0000] {subprocess.py:106} INFO - 페이지 43 데이터 수집 시작 (카테고리: 320)
[2024-12-21T12:21:21.092+0000] {subprocess.py:106} INFO - 페이지 44 데이터 수집 시작 (카테고리: 320)
[2024-12-21T12:21:21.093+0000] {subprocess.py:106} INFO - 페이지 45 데이터 수집 시작 (카테고리: 320)
[2024-12-21T12:21:21.093+0000] {subprocess.py:106} INFO - 페이지 46 데이터 수집 시작 (카테고리: 320)
[2024-12-21T12:21:21.093+0000] {subprocess.py:106} INFO - 페이지 47 데이터 수집 시작 (카테고리: 320)
[2024-12-21T12:21:21.094+0000] {subprocess.py:106} INFO - 페이지 48 데이터 수집 시작 (카테고리: 320)
[2024-12-21T12:21:21.094+0000] {subprocess.py:106} INFO - 페이지 49 데이터 수집 시작 (카테고리: 320)
[2024-12-21T12:21:21.094+0000] {subprocess.py:106} INFO - 페이지 50 데이터 수집 시작 (카테고리: 320)
[2024-12-21T12:21:21.094+0000] {subprocess.py:106} INFO - 페이지 51 데이터 수집 시작 (카테고리: 320)
[2024-12-21T12:21:21.095+0000] {subprocess.py:106} INFO - 페이지 52 데이터 수집 시작 (카테고리: 320)
[2024-12-21T12:21:21.095+0000] {subprocess.py:106} INFO - 페이지 53 데이터 수집 시작 (카테고리: 320)
[2024-12-21T12:21:21.095+0000] {subprocess.py:106} INFO - 페이지 54 데이터 수집 시작 (카테고리: 320)
[2024-12-21T12:21:21.096+0000] {subprocess.py:106} INFO - 페이지 55 데이터 수집 시작 (카테고리: 320)
[2024-12-21T12:21:21.096+0000] {subprocess.py:106} INFO - 페이지 56 데이터 수집 시작 (카테고리: 320)
[2024-12-21T12:21:21.096+0000] {subprocess.py:106} INFO - 페이지 57 데이터 수집 시작 (카테고리: 320)
[2024-12-21T12:21:21.097+0000] {subprocess.py:106} INFO - 페이지 58 데이터 수집 시작 (카테고리: 320)
[2024-12-21T12:21:21.097+0000] {subprocess.py:106} INFO - 페이지 59 데이터 수집 시작 (카테고리: 320)
[2024-12-21T12:21:21.097+0000] {subprocess.py:106} INFO - 페이지 60 데이터 수집 시작 (카테고리: 320)
[2024-12-21T12:21:21.097+0000] {subprocess.py:106} INFO - 페이지 61 데이터 수집 시작 (카테고리: 320)
[2024-12-21T12:21:21.098+0000] {subprocess.py:106} INFO - 페이지 62 데이터 수집 시작 (카테고리: 320)
[2024-12-21T12:21:21.098+0000] {subprocess.py:106} INFO - 페이지 63 데이터 수집 시작 (카테고리: 320)
[2024-12-21T12:21:21.098+0000] {subprocess.py:106} INFO - 페이지 64 데이터 수집 시작 (카테고리: 320)
[2024-12-21T12:21:21.099+0000] {subprocess.py:106} INFO - 페이지 65 데이터 수집 시작 (카테고리: 320)
[2024-12-21T12:21:21.099+0000] {subprocess.py:106} INFO - 페이지 66 데이터 수집 시작 (카테고리: 320)
[2024-12-21T12:21:21.099+0000] {subprocess.py:106} INFO - 페이지 67 데이터 수집 시작 (카테고리: 320)
[2024-12-21T12:21:21.100+0000] {subprocess.py:106} INFO - 페이지 68 데이터 수집 시작 (카테고리: 320)
[2024-12-21T12:21:21.100+0000] {subprocess.py:106} INFO - 페이지 69 데이터 수집 시작 (카테고리: 320)
[2024-12-21T12:21:21.100+0000] {subprocess.py:106} INFO - 페이지 70 데이터 수집 시작 (카테고리: 320)
[2024-12-21T12:21:21.100+0000] {subprocess.py:106} INFO - 페이지 71 데이터 수집 시작 (카테고리: 320)
[2024-12-21T12:21:21.101+0000] {subprocess.py:106} INFO - 페이지 72 데이터 수집 시작 (카테고리: 320)
[2024-12-21T12:21:21.101+0000] {subprocess.py:106} INFO - 페이지 73 데이터 수집 시작 (카테고리: 320)
[2024-12-21T12:21:21.101+0000] {subprocess.py:106} INFO - 페이지 74 데이터 수집 시작 (카테고리: 320)
[2024-12-21T12:21:21.101+0000] {subprocess.py:106} INFO - 페이지 75 데이터 수집 시작 (카테고리: 320)
[2024-12-21T12:21:21.102+0000] {subprocess.py:106} INFO - 페이지 76 데이터 수집 시작 (카테고리: 320)
[2024-12-21T12:21:21.102+0000] {subprocess.py:106} INFO - 페이지 77 데이터 수집 시작 (카테고리: 320)
[2024-12-21T12:21:21.103+0000] {subprocess.py:106} INFO - 페이지 78 데이터 수집 시작 (카테고리: 320)
[2024-12-21T12:21:21.103+0000] {subprocess.py:106} INFO - 페이지 79 데이터 수집 시작 (카테고리: 320)
[2024-12-21T12:21:21.103+0000] {subprocess.py:106} INFO - 페이지 80 데이터 수집 시작 (카테고리: 320)
[2024-12-21T12:21:21.104+0000] {subprocess.py:106} INFO - 페이지 81 데이터 수집 시작 (카테고리: 320)
[2024-12-21T12:21:21.104+0000] {subprocess.py:106} INFO - 페이지 82 데이터 수집 시작 (카테고리: 320)
[2024-12-21T12:21:21.104+0000] {subprocess.py:106} INFO - 페이지 83 데이터 수집 시작 (카테고리: 320)
[2024-12-21T12:21:21.105+0000] {subprocess.py:106} INFO - 페이지 84 데이터 수집 시작 (카테고리: 320)
[2024-12-21T12:21:21.105+0000] {subprocess.py:106} INFO - 페이지 85 데이터 수집 시작 (카테고리: 320)
[2024-12-21T12:21:21.105+0000] {subprocess.py:106} INFO - 페이지 86 데이터 수집 시작 (카테고리: 320)
[2024-12-21T12:21:21.106+0000] {subprocess.py:106} INFO - 페이지 87 데이터 수집 시작 (카테고리: 320)
[2024-12-21T12:21:21.106+0000] {subprocess.py:106} INFO - 페이지 88 데이터 수집 시작 (카테고리: 320)
[2024-12-21T12:21:21.106+0000] {subprocess.py:106} INFO - 페이지 89 데이터 수집 시작 (카테고리: 320)
[2024-12-21T12:21:21.107+0000] {subprocess.py:106} INFO - 페이지 90 데이터 수집 시작 (카테고리: 320)
[2024-12-21T12:21:21.107+0000] {subprocess.py:106} INFO - 페이지 91 데이터 수집 시작 (카테고리: 320)
[2024-12-21T12:21:21.107+0000] {subprocess.py:106} INFO - 페이지 92 데이터 수집 시작 (카테고리: 320)
[2024-12-21T12:21:21.107+0000] {subprocess.py:106} INFO - 페이지 93 데이터 수집 시작 (카테고리: 320)
[2024-12-21T12:21:21.108+0000] {subprocess.py:106} INFO - 페이지 94 데이터 수집 시작 (카테고리: 320)
[2024-12-21T12:21:21.108+0000] {subprocess.py:106} INFO - 페이지 95 데이터 수집 시작 (카테고리: 320)
[2024-12-21T12:21:21.108+0000] {subprocess.py:106} INFO - 페이지 96 데이터 수집 시작 (카테고리: 320)
[2024-12-21T12:21:21.108+0000] {subprocess.py:106} INFO - 페이지 97 데이터 수집 시작 (카테고리: 320)
[2024-12-21T12:21:21.109+0000] {subprocess.py:106} INFO - 페이지 98 데이터 수집 시작 (카테고리: 320)
[2024-12-21T12:21:21.109+0000] {subprocess.py:106} INFO - 페이지 99 데이터 수집 시작 (카테고리: 320)
[2024-12-21T12:21:21.109+0000] {subprocess.py:106} INFO - 페이지 100 데이터 수집 시작 (카테고리: 320)
[2024-12-21T12:21:21.109+0000] {subprocess.py:106} INFO - 페이지 101 데이터 수집 시작 (카테고리: 320)
[2024-12-21T12:21:21.110+0000] {subprocess.py:106} INFO - 페이지 102 데이터 수집 시작 (카테고리: 320)
[2024-12-21T12:21:21.110+0000] {subprocess.py:106} INFO - 페이지 103 데이터 수집 시작 (카테고리: 320)
[2024-12-21T12:21:21.110+0000] {subprocess.py:106} INFO - 페이지 104 데이터 수집 시작 (카테고리: 320)
[2024-12-21T12:21:21.111+0000] {subprocess.py:106} INFO - 페이지 105 데이터 수집 시작 (카테고리: 320)
[2024-12-21T12:21:21.112+0000] {subprocess.py:106} INFO - 페이지 106 데이터 수집 시작 (카테고리: 320)
[2024-12-21T12:21:21.112+0000] {subprocess.py:106} INFO - 페이지 107 데이터 수집 시작 (카테고리: 320)
[2024-12-21T12:21:21.112+0000] {subprocess.py:106} INFO - 페이지 108 데이터 수집 시작 (카테고리: 320)
[2024-12-21T12:21:21.113+0000] {subprocess.py:106} INFO - 페이지 109 데이터 수집 시작 (카테고리: 320)
[2024-12-21T12:21:21.113+0000] {subprocess.py:106} INFO - 페이지 110 데이터 수집 시작 (카테고리: 320)
[2024-12-21T12:21:21.113+0000] {subprocess.py:106} INFO - 페이지 111 데이터 수집 시작 (카테고리: 320)
[2024-12-21T12:21:21.114+0000] {subprocess.py:106} INFO - 페이지 112 데이터 수집 시작 (카테고리: 320)
[2024-12-21T12:21:21.114+0000] {subprocess.py:106} INFO - 페이지 113 데이터 수집 시작 (카테고리: 320)
[2024-12-21T12:21:21.114+0000] {subprocess.py:106} INFO - 페이지 114 데이터 수집 시작 (카테고리: 320)
[2024-12-21T12:21:21.114+0000] {subprocess.py:106} INFO - 페이지 115 데이터 수집 시작 (카테고리: 320)
[2024-12-21T12:21:21.114+0000] {subprocess.py:106} INFO - 페이지 116 데이터 수집 시작 (카테고리: 320)
[2024-12-21T12:21:21.115+0000] {subprocess.py:106} INFO - 페이지 117 데이터 수집 시작 (카테고리: 320)
[2024-12-21T12:21:21.115+0000] {subprocess.py:106} INFO - 페이지 118 데이터 수집 시작 (카테고리: 320)
[2024-12-21T12:21:21.115+0000] {subprocess.py:106} INFO - 페이지 119 데이터 수집 시작 (카테고리: 320)
[2024-12-21T12:21:21.115+0000] {subprocess.py:106} INFO - 페이지 120 데이터 수집 시작 (카테고리: 320)
[2024-12-21T12:21:21.115+0000] {subprocess.py:106} INFO - 페이지 121 데이터 수집 시작 (카테고리: 320)
[2024-12-21T12:21:21.116+0000] {subprocess.py:106} INFO - 페이지 122 데이터 수집 시작 (카테고리: 320)
[2024-12-21T12:21:21.116+0000] {subprocess.py:106} INFO - 페이지 123 데이터 수집 시작 (카테고리: 320)
[2024-12-21T12:21:21.116+0000] {subprocess.py:106} INFO - 페이지 124 데이터 수집 시작 (카테고리: 320)
[2024-12-21T12:21:21.116+0000] {subprocess.py:106} INFO - 페이지 125 데이터 수집 시작 (카테고리: 320)
[2024-12-21T12:21:21.117+0000] {subprocess.py:106} INFO - 페이지 126 데이터 수집 시작 (카테고리: 320)
[2024-12-21T12:21:21.117+0000] {subprocess.py:106} INFO - 페이지 127 데이터 수집 시작 (카테고리: 320)
[2024-12-21T12:21:21.117+0000] {subprocess.py:106} INFO - 페이지 128 데이터 수집 시작 (카테고리: 320)
[2024-12-21T12:21:21.117+0000] {subprocess.py:106} INFO - 페이지 129 데이터 수집 시작 (카테고리: 320)
[2024-12-21T12:21:21.117+0000] {subprocess.py:106} INFO - 페이지 130 데이터 수집 시작 (카테고리: 320)
[2024-12-21T12:21:21.118+0000] {subprocess.py:106} INFO - 페이지 131 데이터 수집 시작 (카테고리: 320)
[2024-12-21T12:21:21.118+0000] {subprocess.py:106} INFO - 페이지 132 데이터 수집 시작 (카테고리: 320)
[2024-12-21T12:21:21.118+0000] {subprocess.py:106} INFO - 페이지 133 데이터 수집 시작 (카테고리: 320)
[2024-12-21T12:21:21.118+0000] {subprocess.py:106} INFO - 페이지 134 데이터 수집 시작 (카테고리: 320)
[2024-12-21T12:21:21.118+0000] {subprocess.py:106} INFO - 페이지 135 데이터 수집 시작 (카테고리: 320)
[2024-12-21T12:21:21.118+0000] {subprocess.py:106} INFO - 페이지 136 데이터 수집 시작 (카테고리: 320)
[2024-12-21T12:21:21.119+0000] {subprocess.py:106} INFO - 페이지 137 데이터 수집 시작 (카테고리: 320)
[2024-12-21T12:21:21.119+0000] {subprocess.py:106} INFO - 페이지 138 데이터 수집 시작 (카테고리: 320)
[2024-12-21T12:21:21.119+0000] {subprocess.py:106} INFO - 페이지 139 데이터 수집 시작 (카테고리: 320)
[2024-12-21T12:21:21.119+0000] {subprocess.py:106} INFO - 페이지 140 데이터 수집 시작 (카테고리: 320)
[2024-12-21T12:21:21.120+0000] {subprocess.py:106} INFO - 페이지 141 데이터 수집 시작 (카테고리: 320)
[2024-12-21T12:21:21.120+0000] {subprocess.py:106} INFO - 페이지 142 데이터 수집 시작 (카테고리: 320)
[2024-12-21T12:39:39.801+0000] {subprocess.py:106} INFO - 페이지 143 데이터 수집 시작 (카테고리: 320)
[2024-12-21T12:39:39.805+0000] {subprocess.py:106} INFO - 페이지 144 데이터 수집 시작 (카테고리: 320)
[2024-12-21T12:39:39.805+0000] {subprocess.py:106} INFO - 페이지 145 데이터 수집 시작 (카테고리: 320)
[2024-12-21T12:39:39.806+0000] {subprocess.py:106} INFO - 페이지 146 데이터 수집 시작 (카테고리: 320)
[2024-12-21T12:39:39.806+0000] {subprocess.py:106} INFO - 페이지 147 데이터 수집 시작 (카테고리: 320)
[2024-12-21T12:39:39.807+0000] {subprocess.py:106} INFO - 페이지 148 데이터 수집 시작 (카테고리: 320)
[2024-12-21T12:39:39.808+0000] {subprocess.py:106} INFO - 페이지 149 데이터 수집 시작 (카테고리: 320)
[2024-12-21T12:39:39.808+0000] {subprocess.py:106} INFO - 페이지 150 데이터 수집 시작 (카테고리: 320)
[2024-12-21T12:39:39.809+0000] {subprocess.py:106} INFO - 페이지 151 데이터 수집 시작 (카테고리: 320)
[2024-12-21T12:39:39.809+0000] {subprocess.py:106} INFO - 페이지 152 데이터 수집 시작 (카테고리: 320)
[2024-12-21T12:39:39.809+0000] {subprocess.py:106} INFO - 페이지 153 데이터 수집 시작 (카테고리: 320)
[2024-12-21T12:39:39.813+0000] {subprocess.py:106} INFO - 페이지 154 데이터 수집 시작 (카테고리: 320)
[2024-12-21T12:39:39.814+0000] {subprocess.py:106} INFO - 페이지 155 데이터 수집 시작 (카테고리: 320)
[2024-12-21T12:39:39.816+0000] {subprocess.py:106} INFO - 페이지 156 데이터 수집 시작 (카테고리: 320)
[2024-12-21T12:39:39.818+0000] {subprocess.py:106} INFO - 페이지 157 데이터 수집 시작 (카테고리: 320)
[2024-12-21T12:39:39.821+0000] {subprocess.py:106} INFO - 페이지 158 데이터 수집 시작 (카테고리: 320)
[2024-12-21T12:39:39.824+0000] {subprocess.py:106} INFO - 페이지 159 데이터 수집 시작 (카테고리: 320)
[2024-12-21T12:39:39.828+0000] {subprocess.py:106} INFO - 페이지 160 데이터 수집 시작 (카테고리: 320)
[2024-12-21T12:39:39.829+0000] {subprocess.py:106} INFO - 페이지 161 데이터 수집 시작 (카테고리: 320)
[2024-12-21T12:39:39.832+0000] {subprocess.py:106} INFO - 페이지 162 데이터 수집 시작 (카테고리: 320)
[2024-12-21T12:39:39.833+0000] {subprocess.py:106} INFO - 페이지 163 데이터 수집 시작 (카테고리: 320)
[2024-12-21T12:39:39.838+0000] {subprocess.py:106} INFO - 페이지 164 데이터 수집 시작 (카테고리: 320)
[2024-12-21T12:39:39.840+0000] {subprocess.py:106} INFO - 페이지 165 데이터 수집 시작 (카테고리: 320)
[2024-12-21T12:39:39.842+0000] {subprocess.py:106} INFO - 페이지 166 데이터 수집 시작 (카테고리: 320)
[2024-12-21T12:39:39.844+0000] {subprocess.py:106} INFO - 페이지 167 데이터 수집 시작 (카테고리: 320)
[2024-12-21T12:39:39.844+0000] {subprocess.py:106} INFO - 페이지 168 데이터 수집 시작 (카테고리: 320)
[2024-12-21T12:39:39.845+0000] {subprocess.py:106} INFO - 페이지 169 데이터 수집 시작 (카테고리: 320)
[2024-12-21T12:39:39.845+0000] {subprocess.py:106} INFO - 페이지 170 데이터 수집 시작 (카테고리: 320)
[2024-12-21T12:39:39.846+0000] {subprocess.py:106} INFO - 페이지 171 데이터 수집 시작 (카테고리: 320)
[2024-12-21T12:39:39.846+0000] {subprocess.py:106} INFO - 페이지 172 데이터 수집 시작 (카테고리: 320)
[2024-12-21T12:39:39.846+0000] {subprocess.py:106} INFO - 페이지 173 데이터 수집 시작 (카테고리: 320)
[2024-12-21T12:39:39.847+0000] {subprocess.py:106} INFO - 페이지 174 데이터 수집 시작 (카테고리: 320)
[2024-12-21T12:39:39.848+0000] {subprocess.py:106} INFO - 페이지 175 데이터 수집 시작 (카테고리: 320)
[2024-12-21T12:39:39.849+0000] {subprocess.py:106} INFO - 페이지 176 데이터 수집 시작 (카테고리: 320)
[2024-12-21T12:39:39.849+0000] {subprocess.py:106} INFO - 페이지 177 데이터 수집 시작 (카테고리: 320)
[2024-12-21T12:39:39.850+0000] {subprocess.py:106} INFO - 페이지 178 데이터 수집 시작 (카테고리: 320)
[2024-12-21T12:39:39.851+0000] {subprocess.py:106} INFO - 페이지 179 데이터 수집 시작 (카테고리: 320)
[2024-12-21T12:39:39.852+0000] {subprocess.py:106} INFO - 페이지 180 데이터 수집 시작 (카테고리: 320)
[2024-12-21T12:39:39.854+0000] {subprocess.py:106} INFO - 페이지 181 데이터 수집 시작 (카테고리: 320)
[2024-12-21T12:39:39.854+0000] {subprocess.py:106} INFO - 페이지 182 데이터 수집 시작 (카테고리: 320)
[2024-12-21T12:39:39.855+0000] {subprocess.py:106} INFO - 페이지 183 데이터 수집 시작 (카테고리: 320)
[2024-12-21T12:39:39.856+0000] {subprocess.py:106} INFO - 페이지 184 데이터 수집 시작 (카테고리: 320)
[2024-12-21T12:39:39.856+0000] {subprocess.py:106} INFO - 페이지 185 데이터 수집 시작 (카테고리: 320)
[2024-12-21T12:39:39.860+0000] {subprocess.py:106} INFO - 페이지 186 데이터 수집 시작 (카테고리: 320)
[2024-12-21T12:39:39.861+0000] {subprocess.py:106} INFO - 페이지 187 데이터 수집 시작 (카테고리: 320)
[2024-12-21T12:39:39.862+0000] {subprocess.py:106} INFO - 페이지 188 데이터 수집 시작 (카테고리: 320)
[2024-12-21T12:39:39.863+0000] {subprocess.py:106} INFO - 페이지 189 데이터 수집 시작 (카테고리: 320)
[2024-12-21T12:39:39.865+0000] {subprocess.py:106} INFO - 페이지 190 데이터 수집 시작 (카테고리: 320)
[2024-12-21T12:39:39.865+0000] {subprocess.py:106} INFO - 페이지 191 데이터 수집 시작 (카테고리: 320)
[2024-12-21T12:39:39.866+0000] {subprocess.py:106} INFO - 페이지 192 데이터 수집 시작 (카테고리: 320)
[2024-12-21T12:39:39.867+0000] {subprocess.py:106} INFO - 페이지 193 데이터 수집 시작 (카테고리: 320)
[2024-12-21T12:39:39.869+0000] {subprocess.py:106} INFO - 페이지 194 데이터 수집 시작 (카테고리: 320)
[2024-12-21T12:39:39.869+0000] {subprocess.py:106} INFO - 페이지 195 데이터 수집 시작 (카테고리: 320)
[2024-12-21T12:39:39.871+0000] {subprocess.py:106} INFO - 페이지 196 데이터 수집 시작 (카테고리: 320)
[2024-12-21T12:39:39.874+0000] {subprocess.py:106} INFO - 페이지 197 데이터 수집 시작 (카테고리: 320)
[2024-12-21T12:39:39.875+0000] {subprocess.py:106} INFO - 페이지 198 데이터 수집 시작 (카테고리: 320)
[2024-12-21T12:39:39.876+0000] {subprocess.py:106} INFO - 페이지 199 데이터 수집 시작 (카테고리: 320)
[2024-12-21T12:39:39.876+0000] {subprocess.py:106} INFO - 페이지 200 데이터 수집 시작 (카테고리: 320)
[2024-12-21T12:39:39.877+0000] {subprocess.py:106} INFO - 페이지 201 데이터 수집 시작 (카테고리: 320)
[2024-12-21T12:39:39.878+0000] {subprocess.py:106} INFO - 페이지 202 데이터 수집 시작 (카테고리: 320)
[2024-12-21T12:39:39.879+0000] {subprocess.py:106} INFO - 페이지 203 데이터 수집 시작 (카테고리: 320)
[2024-12-21T12:39:39.889+0000] {subprocess.py:106} INFO - 페이지 204 데이터 수집 시작 (카테고리: 320)
[2024-12-21T12:39:39.893+0000] {subprocess.py:106} INFO - 페이지 205 데이터 수집 시작 (카테고리: 320)
[2024-12-21T12:39:39.898+0000] {subprocess.py:106} INFO - 페이지 206 데이터 수집 시작 (카테고리: 320)
[2024-12-21T12:39:39.900+0000] {subprocess.py:106} INFO - 페이지 207 데이터 수집 시작 (카테고리: 320)
[2024-12-21T12:39:39.900+0000] {subprocess.py:106} INFO - 페이지 208 데이터 수집 시작 (카테고리: 320)
[2024-12-21T12:39:39.901+0000] {subprocess.py:106} INFO - 페이지 209 데이터 수집 시작 (카테고리: 320)
[2024-12-21T12:39:39.903+0000] {subprocess.py:106} INFO - 페이지 210 데이터 수집 시작 (카테고리: 320)
[2024-12-21T12:39:39.905+0000] {subprocess.py:106} INFO - 페이지 211 데이터 수집 시작 (카테고리: 320)
[2024-12-21T12:39:39.905+0000] {subprocess.py:106} INFO - 페이지 212 데이터 수집 시작 (카테고리: 320)
[2024-12-21T12:39:39.906+0000] {subprocess.py:106} INFO - 페이지 213 데이터 수집 시작 (카테고리: 320)
[2024-12-21T12:39:39.907+0000] {subprocess.py:106} INFO - 페이지 214 데이터 수집 시작 (카테고리: 320)
[2024-12-21T12:39:39.909+0000] {subprocess.py:106} INFO - 페이지 215 데이터 수집 시작 (카테고리: 320)
[2024-12-21T12:39:39.910+0000] {subprocess.py:106} INFO - 페이지 216 데이터 수집 시작 (카테고리: 320)
[2024-12-21T12:39:39.910+0000] {subprocess.py:106} INFO - 페이지 217 데이터 수집 시작 (카테고리: 320)
[2024-12-21T12:39:39.912+0000] {subprocess.py:106} INFO - 페이지 218 데이터 수집 시작 (카테고리: 320)
[2024-12-21T12:39:39.914+0000] {subprocess.py:106} INFO - 페이지 219 데이터 수집 시작 (카테고리: 320)
[2024-12-21T12:39:39.916+0000] {subprocess.py:106} INFO - 페이지 220 데이터 수집 시작 (카테고리: 320)
[2024-12-21T12:39:39.919+0000] {subprocess.py:106} INFO - 페이지 221 데이터 수집 시작 (카테고리: 320)
[2024-12-21T12:39:39.920+0000] {subprocess.py:106} INFO - 페이지 222 데이터 수집 시작 (카테고리: 320)
[2024-12-21T12:39:39.920+0000] {subprocess.py:106} INFO - 페이지 223 데이터 수집 시작 (카테고리: 320)
[2024-12-21T12:39:39.921+0000] {subprocess.py:106} INFO - 페이지 224 데이터 수집 시작 (카테고리: 320)
[2024-12-21T12:39:39.924+0000] {subprocess.py:106} INFO - 페이지 225 데이터 수집 시작 (카테고리: 320)
[2024-12-21T12:39:39.925+0000] {subprocess.py:106} INFO - 페이지 226 데이터 수집 시작 (카테고리: 320)
[2024-12-21T12:39:39.927+0000] {subprocess.py:106} INFO - 페이지 227 데이터 수집 시작 (카테고리: 320)
[2024-12-21T12:39:39.933+0000] {subprocess.py:106} INFO - 페이지 228 데이터 수집 시작 (카테고리: 320)
[2024-12-21T12:39:39.934+0000] {subprocess.py:106} INFO - 페이지 229 데이터 수집 시작 (카테고리: 320)
[2024-12-21T12:39:39.936+0000] {subprocess.py:106} INFO - 페이지 230 데이터 수집 시작 (카테고리: 320)
[2024-12-21T12:39:39.943+0000] {subprocess.py:106} INFO - 페이지 231 데이터 수집 시작 (카테고리: 320)
[2024-12-21T12:39:39.952+0000] {subprocess.py:106} INFO - 페이지 232 데이터 수집 시작 (카테고리: 320)
[2024-12-21T12:39:39.965+0000] {subprocess.py:106} INFO - 페이지 233 데이터 수집 시작 (카테고리: 320)
[2024-12-21T12:39:39.966+0000] {subprocess.py:106} INFO - 페이지 234 데이터 수집 시작 (카테고리: 320)
[2024-12-21T12:39:39.968+0000] {subprocess.py:106} INFO - 페이지 235 데이터 수집 시작 (카테고리: 320)
[2024-12-21T12:39:39.969+0000] {subprocess.py:106} INFO - 페이지 236 데이터 수집 시작 (카테고리: 320)
[2024-12-21T12:39:39.970+0000] {subprocess.py:106} INFO - 페이지 237 데이터 수집 시작 (카테고리: 320)
[2024-12-21T12:39:39.970+0000] {subprocess.py:106} INFO - 페이지 238 데이터 수집 시작 (카테고리: 320)
[2024-12-21T12:39:39.971+0000] {subprocess.py:106} INFO - 페이지 239 데이터 수집 시작 (카테고리: 320)
[2024-12-21T12:39:39.972+0000] {subprocess.py:106} INFO - 페이지 240 데이터 수집 시작 (카테고리: 320)
[2024-12-21T12:39:39.972+0000] {subprocess.py:106} INFO - 페이지 241 데이터 수집 시작 (카테고리: 320)
[2024-12-21T12:39:39.973+0000] {subprocess.py:106} INFO - 페이지 242 데이터 수집 시작 (카테고리: 320)
[2024-12-21T12:39:39.974+0000] {subprocess.py:106} INFO - 페이지 243 데이터 수집 시작 (카테고리: 320)
[2024-12-21T12:39:39.975+0000] {subprocess.py:106} INFO - 페이지 244 데이터 수집 시작 (카테고리: 320)
[2024-12-21T12:39:39.975+0000] {subprocess.py:106} INFO - 페이지 245 데이터 수집 시작 (카테고리: 320)
[2024-12-21T12:39:39.976+0000] {subprocess.py:106} INFO - 페이지 246 데이터 수집 시작 (카테고리: 320)
[2024-12-21T12:39:39.979+0000] {subprocess.py:106} INFO - 페이지 247 데이터 수집 시작 (카테고리: 320)
[2024-12-21T12:39:39.980+0000] {subprocess.py:106} INFO - 페이지 248 데이터 수집 시작 (카테고리: 320)
[2024-12-21T12:39:39.982+0000] {subprocess.py:106} INFO - 페이지 249 데이터 수집 시작 (카테고리: 320)
[2024-12-21T12:39:39.983+0000] {subprocess.py:106} INFO - 페이지 250 데이터 수집 시작 (카테고리: 320)
[2024-12-21T12:39:39.984+0000] {subprocess.py:106} INFO - 페이지 251 데이터 수집 시작 (카테고리: 320)
[2024-12-21T12:39:39.989+0000] {subprocess.py:106} INFO - 페이지 252 데이터 수집 시작 (카테고리: 320)
[2024-12-21T12:39:39.991+0000] {subprocess.py:106} INFO - 페이지 253 데이터 수집 시작 (카테고리: 320)
[2024-12-21T12:39:39.993+0000] {subprocess.py:106} INFO - 페이지 254 데이터 수집 시작 (카테고리: 320)
[2024-12-21T12:39:39.994+0000] {subprocess.py:106} INFO - 페이지 255 데이터 수집 시작 (카테고리: 320)
[2024-12-21T12:39:39.996+0000] {subprocess.py:106} INFO - 페이지 256 데이터 수집 시작 (카테고리: 320)
[2024-12-21T12:39:39.997+0000] {subprocess.py:106} INFO - 페이지 257 데이터 수집 시작 (카테고리: 320)
[2024-12-21T12:39:39.997+0000] {subprocess.py:106} INFO - 페이지 258 데이터 수집 시작 (카테고리: 320)
[2024-12-21T12:39:39.998+0000] {subprocess.py:106} INFO - 페이지 259 데이터 수집 시작 (카테고리: 320)
[2024-12-21T12:39:39.998+0000] {subprocess.py:106} INFO - 페이지 260 데이터 수집 시작 (카테고리: 320)
[2024-12-21T12:39:39.999+0000] {subprocess.py:106} INFO - 페이지 261 데이터 수집 시작 (카테고리: 320)
[2024-12-21T12:39:40.002+0000] {subprocess.py:106} INFO - 페이지 262 데이터 수집 시작 (카테고리: 320)
[2024-12-21T12:39:40.009+0000] {subprocess.py:106} INFO - 페이지 263 데이터 수집 시작 (카테고리: 320)
[2024-12-21T12:39:40.013+0000] {subprocess.py:106} INFO - 페이지 264 데이터 수집 시작 (카테고리: 320)
[2024-12-21T12:39:40.016+0000] {subprocess.py:106} INFO - 페이지 265 데이터 수집 시작 (카테고리: 320)
[2024-12-21T12:39:40.020+0000] {subprocess.py:106} INFO - 페이지 266 데이터 수집 시작 (카테고리: 320)
[2024-12-21T12:39:40.023+0000] {subprocess.py:106} INFO - 페이지 267 데이터 수집 시작 (카테고리: 320)
[2024-12-21T12:39:40.025+0000] {subprocess.py:106} INFO - 페이지 268 데이터 수집 시작 (카테고리: 320)
[2024-12-21T12:39:40.027+0000] {subprocess.py:106} INFO - 페이지 269 데이터 수집 시작 (카테고리: 320)
[2024-12-21T12:39:40.028+0000] {subprocess.py:106} INFO - 페이지 270 데이터 수집 시작 (카테고리: 320)
[2024-12-21T12:39:40.028+0000] {subprocess.py:106} INFO - 페이지 271 데이터 수집 시작 (카테고리: 320)
[2024-12-21T12:39:40.028+0000] {subprocess.py:106} INFO - 페이지 272 데이터 수집 시작 (카테고리: 320)
[2024-12-21T12:39:40.029+0000] {subprocess.py:106} INFO - 페이지 273 데이터 수집 시작 (카테고리: 320)
[2024-12-21T12:39:40.029+0000] {subprocess.py:106} INFO - 페이지 274 데이터 수집 시작 (카테고리: 320)
[2024-12-21T12:39:40.030+0000] {subprocess.py:106} INFO - 페이지 275 데이터 수집 시작 (카테고리: 320)
[2024-12-21T12:39:40.030+0000] {subprocess.py:106} INFO - 페이지 276 데이터 수집 시작 (카테고리: 320)
[2024-12-21T12:39:40.031+0000] {subprocess.py:106} INFO - 페이지 277 데이터 수집 시작 (카테고리: 320)
[2024-12-21T12:39:40.031+0000] {subprocess.py:106} INFO - 페이지 278 데이터 수집 시작 (카테고리: 320)
[2024-12-21T12:39:40.032+0000] {subprocess.py:106} INFO - 페이지 279 데이터 수집 시작 (카테고리: 320)
[2024-12-21T12:39:40.033+0000] {subprocess.py:106} INFO - 페이지 280 데이터 수집 시작 (카테고리: 320)
[2024-12-21T12:39:40.033+0000] {subprocess.py:106} INFO - 페이지 281 데이터 수집 시작 (카테고리: 320)
[2024-12-21T12:39:40.033+0000] {subprocess.py:106} INFO - 페이지 282 데이터 수집 시작 (카테고리: 320)
[2024-12-21T12:39:40.034+0000] {subprocess.py:106} INFO - 페이지 283 데이터 수집 시작 (카테고리: 320)
[2024-12-21T12:39:40.034+0000] {subprocess.py:106} INFO - 페이지 284 데이터 수집 시작 (카테고리: 320)
[2024-12-21T12:55:09.354+0000] {subprocess.py:106} INFO - 페이지 285 데이터 수집 시작 (카테고리: 320)
[2024-12-21T12:55:09.358+0000] {subprocess.py:106} INFO - 페이지 286 데이터 수집 시작 (카테고리: 320)
[2024-12-21T12:55:09.359+0000] {subprocess.py:106} INFO - 페이지 287 데이터 수집 시작 (카테고리: 320)
[2024-12-21T12:55:09.363+0000] {subprocess.py:106} INFO - 페이지 288 데이터 수집 시작 (카테고리: 320)
[2024-12-21T12:55:09.364+0000] {subprocess.py:106} INFO - 페이지 289 데이터 수집 시작 (카테고리: 320)
[2024-12-21T12:55:09.365+0000] {subprocess.py:106} INFO - 페이지 290 데이터 수집 시작 (카테고리: 320)
[2024-12-21T12:55:09.365+0000] {subprocess.py:106} INFO - 페이지 291 데이터 수집 시작 (카테고리: 320)
[2024-12-21T12:55:09.366+0000] {subprocess.py:106} INFO - 페이지 292 데이터 수집 시작 (카테고리: 320)
[2024-12-21T12:55:09.366+0000] {subprocess.py:106} INFO - 페이지 293 데이터 수집 시작 (카테고리: 320)
[2024-12-21T12:55:09.367+0000] {subprocess.py:106} INFO - 페이지 294 데이터 수집 시작 (카테고리: 320)
[2024-12-21T12:55:09.368+0000] {subprocess.py:106} INFO - 페이지 295 데이터 수집 시작 (카테고리: 320)
[2024-12-21T12:55:09.368+0000] {subprocess.py:106} INFO - 페이지 296 데이터 수집 시작 (카테고리: 320)
[2024-12-21T12:55:09.368+0000] {subprocess.py:106} INFO - 페이지 297 데이터 수집 시작 (카테고리: 320)
[2024-12-21T12:55:09.369+0000] {subprocess.py:106} INFO - 페이지 298 데이터 수집 시작 (카테고리: 320)
[2024-12-21T12:55:09.369+0000] {subprocess.py:106} INFO - 페이지 299 데이터 수집 시작 (카테고리: 320)
[2024-12-21T12:55:09.370+0000] {subprocess.py:106} INFO - 페이지 300 데이터 수집 시작 (카테고리: 320)
[2024-12-21T12:55:09.370+0000] {subprocess.py:106} INFO - 데이터 수집 및 저장 완료: /opt/***/collectedData/mans_category/mans_category_20241221_124141.csv
[2024-12-21T12:55:09.372+0000] {subprocess.py:106} INFO - 310번 데이터 수집 시작
[2024-12-21T12:55:09.373+0000] {subprocess.py:106} INFO - 페이지 2 데이터 수집 시작 (카테고리: 310)
[2024-12-21T12:55:09.377+0000] {subprocess.py:106} INFO - 페이지 1 데이터 수집 시작 (카테고리: 310)
[2024-12-21T12:55:09.378+0000] {subprocess.py:106} INFO - 페이지 4 데이터 수집 시작 (카테고리: 310)
[2024-12-21T12:55:09.378+0000] {subprocess.py:106} INFO - 페이지 3 데이터 수집 시작 (카테고리: 310)
[2024-12-21T12:55:09.379+0000] {subprocess.py:106} INFO - 페이지 5 데이터 수집 시작 (카테고리: 310)
[2024-12-21T12:55:09.380+0000] {subprocess.py:106} INFO - 페이지 6 데이터 수집 시작 (카테고리: 310)
[2024-12-21T12:55:09.380+0000] {subprocess.py:106} INFO - 페이지 7 데이터 수집 시작 (카테고리: 310)
[2024-12-21T12:55:09.381+0000] {subprocess.py:106} INFO - 페이지 8 데이터 수집 시작 (카테고리: 310)
[2024-12-21T12:55:09.383+0000] {subprocess.py:106} INFO - 페이지 9 데이터 수집 시작 (카테고리: 310)
[2024-12-21T12:55:09.387+0000] {subprocess.py:106} INFO - 페이지 10 데이터 수집 시작 (카테고리: 310)
[2024-12-21T12:55:09.388+0000] {subprocess.py:106} INFO - 페이지 11 데이터 수집 시작 (카테고리: 310)
[2024-12-21T12:55:09.391+0000] {subprocess.py:106} INFO - 페이지 12 데이터 수집 시작 (카테고리: 310)
[2024-12-21T12:55:09.392+0000] {subprocess.py:106} INFO - 페이지 13 데이터 수집 시작 (카테고리: 310)
[2024-12-21T12:55:09.393+0000] {subprocess.py:106} INFO - 페이지 14 데이터 수집 시작 (카테고리: 310)
[2024-12-21T12:55:09.394+0000] {subprocess.py:106} INFO - 페이지 15 데이터 수집 시작 (카테고리: 310)
[2024-12-21T12:55:09.394+0000] {subprocess.py:106} INFO - 페이지 16 데이터 수집 시작 (카테고리: 310)
[2024-12-21T12:55:09.395+0000] {subprocess.py:106} INFO - 페이지 17 데이터 수집 시작 (카테고리: 310)
[2024-12-21T12:55:09.395+0000] {subprocess.py:106} INFO - 페이지 18 데이터 수집 시작 (카테고리: 310)
[2024-12-21T12:55:09.396+0000] {subprocess.py:106} INFO - 페이지 19 데이터 수집 시작 (카테고리: 310)
[2024-12-21T12:55:09.398+0000] {subprocess.py:106} INFO - 페이지 20 데이터 수집 시작 (카테고리: 310)
[2024-12-21T12:55:09.400+0000] {subprocess.py:106} INFO - 페이지 21 데이터 수집 시작 (카테고리: 310)
[2024-12-21T12:55:09.402+0000] {subprocess.py:106} INFO - 페이지 22 데이터 수집 시작 (카테고리: 310)
[2024-12-21T12:55:09.404+0000] {subprocess.py:106} INFO - 페이지 23 데이터 수집 시작 (카테고리: 310)
[2024-12-21T12:55:09.404+0000] {subprocess.py:106} INFO - 페이지 24 데이터 수집 시작 (카테고리: 310)
[2024-12-21T12:55:09.405+0000] {subprocess.py:106} INFO - 페이지 25 데이터 수집 시작 (카테고리: 310)
[2024-12-21T12:55:09.405+0000] {subprocess.py:106} INFO - 페이지 26 데이터 수집 시작 (카테고리: 310)
[2024-12-21T12:55:09.406+0000] {subprocess.py:106} INFO - 페이지 27 데이터 수집 시작 (카테고리: 310)
[2024-12-21T12:55:09.406+0000] {subprocess.py:106} INFO - 페이지 28 데이터 수집 시작 (카테고리: 310)
[2024-12-21T12:55:09.406+0000] {subprocess.py:106} INFO - 페이지 29 데이터 수집 시작 (카테고리: 310)
[2024-12-21T12:55:09.406+0000] {subprocess.py:106} INFO - 페이지 30 데이터 수집 시작 (카테고리: 310)
[2024-12-21T12:55:09.406+0000] {subprocess.py:106} INFO - 페이지 31 데이터 수집 시작 (카테고리: 310)
[2024-12-21T12:55:09.407+0000] {subprocess.py:106} INFO - 페이지 32 데이터 수집 시작 (카테고리: 310)
[2024-12-21T12:55:09.407+0000] {subprocess.py:106} INFO - 페이지 33 데이터 수집 시작 (카테고리: 310)
[2024-12-21T12:55:09.407+0000] {subprocess.py:106} INFO - 페이지 34 데이터 수집 시작 (카테고리: 310)
[2024-12-21T12:55:09.407+0000] {subprocess.py:106} INFO - 페이지 35 데이터 수집 시작 (카테고리: 310)
[2024-12-21T12:55:09.407+0000] {subprocess.py:106} INFO - 페이지 36 데이터 수집 시작 (카테고리: 310)
[2024-12-21T12:55:09.407+0000] {subprocess.py:106} INFO - 페이지 37 데이터 수집 시작 (카테고리: 310)
[2024-12-21T12:55:09.408+0000] {subprocess.py:106} INFO - 페이지 38 데이터 수집 시작 (카테고리: 310)
[2024-12-21T12:55:09.408+0000] {subprocess.py:106} INFO - 페이지 39 데이터 수집 시작 (카테고리: 310)
[2024-12-21T12:55:09.409+0000] {subprocess.py:106} INFO - 페이지 40 데이터 수집 시작 (카테고리: 310)
[2024-12-21T12:55:09.409+0000] {subprocess.py:106} INFO - 페이지 41 데이터 수집 시작 (카테고리: 310)
[2024-12-21T12:55:09.410+0000] {subprocess.py:106} INFO - 페이지 42 데이터 수집 시작 (카테고리: 310)
[2024-12-21T12:55:09.410+0000] {subprocess.py:106} INFO - 페이지 43 데이터 수집 시작 (카테고리: 310)
[2024-12-21T12:55:09.410+0000] {subprocess.py:106} INFO - 페이지 44 데이터 수집 시작 (카테고리: 310)
[2024-12-21T12:55:09.411+0000] {subprocess.py:106} INFO - 페이지 45 데이터 수집 시작 (카테고리: 310)
[2024-12-21T12:55:09.411+0000] {subprocess.py:106} INFO - 페이지 46 데이터 수집 시작 (카테고리: 310)
[2024-12-21T12:55:09.412+0000] {subprocess.py:106} INFO - 페이지 47 데이터 수집 시작 (카테고리: 310)
[2024-12-21T12:55:09.412+0000] {subprocess.py:106} INFO - 페이지 48 데이터 수집 시작 (카테고리: 310)
[2024-12-21T12:55:09.412+0000] {subprocess.py:106} INFO - 페이지 49 데이터 수집 시작 (카테고리: 310)
[2024-12-21T12:55:09.412+0000] {subprocess.py:106} INFO - 페이지 50 데이터 수집 시작 (카테고리: 310)
[2024-12-21T12:55:09.413+0000] {subprocess.py:106} INFO - 페이지 51 데이터 수집 시작 (카테고리: 310)
[2024-12-21T12:55:09.413+0000] {subprocess.py:106} INFO - 페이지 52 데이터 수집 시작 (카테고리: 310)
[2024-12-21T12:55:09.413+0000] {subprocess.py:106} INFO - 페이지 53 데이터 수집 시작 (카테고리: 310)
[2024-12-21T12:55:09.413+0000] {subprocess.py:106} INFO - 페이지 54 데이터 수집 시작 (카테고리: 310)
[2024-12-21T12:55:09.413+0000] {subprocess.py:106} INFO - 페이지 55 데이터 수집 시작 (카테고리: 310)
[2024-12-21T12:55:09.414+0000] {subprocess.py:106} INFO - 페이지 56 데이터 수집 시작 (카테고리: 310)
[2024-12-21T12:55:09.414+0000] {subprocess.py:106} INFO - 페이지 57 데이터 수집 시작 (카테고리: 310)
[2024-12-21T12:55:09.414+0000] {subprocess.py:106} INFO - 페이지 58 데이터 수집 시작 (카테고리: 310)
[2024-12-21T12:55:09.414+0000] {subprocess.py:106} INFO - 페이지 59 데이터 수집 시작 (카테고리: 310)
[2024-12-21T12:55:09.415+0000] {subprocess.py:106} INFO - 페이지 60 데이터 수집 시작 (카테고리: 310)
[2024-12-21T12:55:09.415+0000] {subprocess.py:106} INFO - 페이지 61 데이터 수집 시작 (카테고리: 310)
[2024-12-21T12:55:09.415+0000] {subprocess.py:106} INFO - 페이지 62 데이터 수집 시작 (카테고리: 310)
[2024-12-21T12:55:09.415+0000] {subprocess.py:106} INFO - 페이지 63 데이터 수집 시작 (카테고리: 310)
[2024-12-21T12:55:09.416+0000] {subprocess.py:106} INFO - 페이지 64 데이터 수집 시작 (카테고리: 310)
[2024-12-21T12:55:09.416+0000] {subprocess.py:106} INFO - 페이지 65 데이터 수집 시작 (카테고리: 310)
[2024-12-21T12:55:09.416+0000] {subprocess.py:106} INFO - 페이지 66 데이터 수집 시작 (카테고리: 310)
[2024-12-21T12:55:09.417+0000] {subprocess.py:106} INFO - 페이지 67 데이터 수집 시작 (카테고리: 310)
[2024-12-21T12:55:09.417+0000] {subprocess.py:106} INFO - 페이지 68 데이터 수집 시작 (카테고리: 310)
[2024-12-21T12:55:09.417+0000] {subprocess.py:106} INFO - 페이지 69 데이터 수집 시작 (카테고리: 310)
[2024-12-21T12:55:09.417+0000] {subprocess.py:106} INFO - 페이지 70 데이터 수집 시작 (카테고리: 310)
[2024-12-21T12:55:09.418+0000] {subprocess.py:106} INFO - 페이지 71 데이터 수집 시작 (카테고리: 310)
[2024-12-21T12:55:09.418+0000] {subprocess.py:106} INFO - 페이지 72 데이터 수집 시작 (카테고리: 310)
[2024-12-21T12:55:09.419+0000] {subprocess.py:106} INFO - 페이지 73 데이터 수집 시작 (카테고리: 310)
[2024-12-21T12:55:09.419+0000] {subprocess.py:106} INFO - 페이지 74 데이터 수집 시작 (카테고리: 310)
[2024-12-21T12:55:09.420+0000] {subprocess.py:106} INFO - 페이지 75 데이터 수집 시작 (카테고리: 310)
[2024-12-21T12:55:09.424+0000] {subprocess.py:106} INFO - 페이지 76 데이터 수집 시작 (카테고리: 310)
[2024-12-21T12:55:09.425+0000] {subprocess.py:106} INFO - 페이지 77 데이터 수집 시작 (카테고리: 310)
[2024-12-21T12:55:09.426+0000] {subprocess.py:106} INFO - 페이지 78 데이터 수집 시작 (카테고리: 310)
[2024-12-21T12:55:09.427+0000] {subprocess.py:106} INFO - 페이지 79 데이터 수집 시작 (카테고리: 310)
[2024-12-21T12:55:09.427+0000] {subprocess.py:106} INFO - 페이지 80 데이터 수집 시작 (카테고리: 310)
[2024-12-21T12:55:09.428+0000] {subprocess.py:106} INFO - 페이지 81 데이터 수집 시작 (카테고리: 310)
[2024-12-21T12:55:09.429+0000] {subprocess.py:106} INFO - 페이지 82 데이터 수집 시작 (카테고리: 310)
[2024-12-21T12:55:09.429+0000] {subprocess.py:106} INFO - 페이지 83 데이터 수집 시작 (카테고리: 310)
[2024-12-21T12:55:09.429+0000] {subprocess.py:106} INFO - 페이지 84 데이터 수집 시작 (카테고리: 310)
[2024-12-21T12:55:09.430+0000] {subprocess.py:106} INFO - 페이지 85 데이터 수집 시작 (카테고리: 310)
[2024-12-21T12:55:09.430+0000] {subprocess.py:106} INFO - 페이지 86 데이터 수집 시작 (카테고리: 310)
[2024-12-21T12:55:09.430+0000] {subprocess.py:106} INFO - 페이지 87 데이터 수집 시작 (카테고리: 310)
[2024-12-21T12:55:09.430+0000] {subprocess.py:106} INFO - 페이지 88 데이터 수집 시작 (카테고리: 310)
[2024-12-21T12:55:09.430+0000] {subprocess.py:106} INFO - 페이지 89 데이터 수집 시작 (카테고리: 310)
[2024-12-21T12:55:09.431+0000] {subprocess.py:106} INFO - 페이지 90 데이터 수집 시작 (카테고리: 310)
[2024-12-21T12:55:09.431+0000] {subprocess.py:106} INFO - 페이지 91 데이터 수집 시작 (카테고리: 310)
[2024-12-21T12:55:09.431+0000] {subprocess.py:106} INFO - 페이지 92 데이터 수집 시작 (카테고리: 310)
[2024-12-21T12:55:09.431+0000] {subprocess.py:106} INFO - 페이지 93 데이터 수집 시작 (카테고리: 310)
[2024-12-21T12:55:09.433+0000] {subprocess.py:106} INFO - 페이지 94 데이터 수집 시작 (카테고리: 310)
[2024-12-21T12:55:09.435+0000] {subprocess.py:106} INFO - 페이지 95 데이터 수집 시작 (카테고리: 310)
[2024-12-21T12:55:09.436+0000] {subprocess.py:106} INFO - 페이지 96 데이터 수집 시작 (카테고리: 310)
[2024-12-21T12:55:09.437+0000] {subprocess.py:106} INFO - 페이지 97 데이터 수집 시작 (카테고리: 310)
[2024-12-21T12:55:09.437+0000] {subprocess.py:106} INFO - 페이지 98 데이터 수집 시작 (카테고리: 310)
[2024-12-21T12:55:09.439+0000] {subprocess.py:106} INFO - 페이지 99 데이터 수집 시작 (카테고리: 310)
[2024-12-21T12:55:09.445+0000] {subprocess.py:106} INFO - 페이지 100 데이터 수집 시작 (카테고리: 310)
[2024-12-21T12:55:09.447+0000] {subprocess.py:106} INFO - 페이지 101 데이터 수집 시작 (카테고리: 310)
[2024-12-21T12:55:09.449+0000] {subprocess.py:106} INFO - 페이지 102 데이터 수집 시작 (카테고리: 310)
[2024-12-21T12:55:09.450+0000] {subprocess.py:106} INFO - 페이지 103 데이터 수집 시작 (카테고리: 310)
[2024-12-21T12:55:09.455+0000] {subprocess.py:106} INFO - 페이지 104 데이터 수집 시작 (카테고리: 310)
[2024-12-21T12:55:09.461+0000] {subprocess.py:106} INFO - 페이지 105 데이터 수집 시작 (카테고리: 310)
[2024-12-21T12:55:09.461+0000] {subprocess.py:106} INFO - 페이지 106 데이터 수집 시작 (카테고리: 310)
[2024-12-21T12:55:09.468+0000] {subprocess.py:106} INFO - 페이지 107 데이터 수집 시작 (카테고리: 310)
[2024-12-21T12:55:09.483+0000] {subprocess.py:106} INFO - 페이지 108 데이터 수집 시작 (카테고리: 310)
[2024-12-21T12:55:09.489+0000] {subprocess.py:106} INFO - 페이지 109 데이터 수집 시작 (카테고리: 310)
[2024-12-21T12:55:09.498+0000] {subprocess.py:106} INFO - 페이지 110 데이터 수집 시작 (카테고리: 310)
[2024-12-21T12:55:09.509+0000] {subprocess.py:106} INFO - 페이지 111 데이터 수집 시작 (카테고리: 310)
[2024-12-21T12:55:09.521+0000] {subprocess.py:106} INFO - 페이지 112 데이터 수집 시작 (카테고리: 310)
[2024-12-21T12:55:09.527+0000] {subprocess.py:106} INFO - 페이지 113 데이터 수집 시작 (카테고리: 310)
[2024-12-21T12:55:09.532+0000] {subprocess.py:106} INFO - 페이지 114 데이터 수집 시작 (카테고리: 310)
[2024-12-21T12:55:09.538+0000] {subprocess.py:106} INFO - 페이지 115 데이터 수집 시작 (카테고리: 310)
[2024-12-21T12:55:09.541+0000] {subprocess.py:106} INFO - 페이지 116 데이터 수집 시작 (카테고리: 310)
[2024-12-21T12:55:09.547+0000] {subprocess.py:106} INFO - 페이지 117 데이터 수집 시작 (카테고리: 310)
[2024-12-21T12:55:09.548+0000] {subprocess.py:106} INFO - 페이지 118 데이터 수집 시작 (카테고리: 310)
[2024-12-21T12:55:09.548+0000] {subprocess.py:106} INFO - 페이지 119 데이터 수집 시작 (카테고리: 310)
[2024-12-21T12:55:09.549+0000] {subprocess.py:106} INFO - 페이지 120 데이터 수집 시작 (카테고리: 310)
[2024-12-21T12:55:09.549+0000] {subprocess.py:106} INFO - 페이지 121 데이터 수집 시작 (카테고리: 310)
[2024-12-21T12:55:09.549+0000] {subprocess.py:106} INFO - 페이지 122 데이터 수집 시작 (카테고리: 310)
[2024-12-21T12:55:09.549+0000] {subprocess.py:106} INFO - 페이지 123 데이터 수집 시작 (카테고리: 310)
[2024-12-21T12:55:09.550+0000] {subprocess.py:106} INFO - 페이지 124 데이터 수집 시작 (카테고리: 310)
[2024-12-21T12:55:09.550+0000] {subprocess.py:106} INFO - 페이지 125 데이터 수집 시작 (카테고리: 310)
[2024-12-21T13:02:41.148+0000] {timeout.py:68} ERROR - Process timed out, PID: 173
[2024-12-21T13:02:41.155+0000] {subprocess.py:117} INFO - Sending SIGTERM signal to process group
[2024-12-21T13:02:41.194+0000] {taskinstance.py:3311} ERROR - Task failed with exception
Traceback (most recent call last):
  File "/home/airflow/.local/lib/python3.12/site-packages/airflow/models/taskinstance.py", line 762, in _execute_task
    result = _execute_callable(context=context, **execute_callable_kwargs)
             ^^^^^^^^^^^^^^^^^^^^^^^^^^^^^^^^^^^^^^^^^^^^^^^^^^^^^^^^^^^^^
  File "/home/airflow/.local/lib/python3.12/site-packages/airflow/models/taskinstance.py", line 733, in _execute_callable
    return ExecutionCallableRunner(
           ^^^^^^^^^^^^^^^^^^^^^^^^
  File "/home/airflow/.local/lib/python3.12/site-packages/airflow/utils/operator_helpers.py", line 252, in run
    return self.func(*args, **kwargs)
           ^^^^^^^^^^^^^^^^^^^^^^^^^^
  File "/home/airflow/.local/lib/python3.12/site-packages/airflow/models/baseoperator.py", line 417, in wrapper
    return func(self, *args, **kwargs)
           ^^^^^^^^^^^^^^^^^^^^^^^^^^^
  File "/home/airflow/.local/lib/python3.12/site-packages/airflow/operators/bash.py", line 257, in execute
    result = self._run_inline_command(bash_path=bash_path, env=env)
             ^^^^^^^^^^^^^^^^^^^^^^^^^^^^^^^^^^^^^^^^^^^^^^^^^^^^^^
  File "/home/airflow/.local/lib/python3.12/site-packages/airflow/operators/bash.py", line 284, in _run_inline_command
    return self.subprocess_hook.run_command(
           ^^^^^^^^^^^^^^^^^^^^^^^^^^^^^^^^^
  File "/home/airflow/.local/lib/python3.12/site-packages/airflow/hooks/subprocess.py", line 104, in run_command
    for raw_line in iter(self.sub_process.stdout.readline, b""):
                    ^^^^^^^^^^^^^^^^^^^^^^^^^^^^^^^^^^^^^^^^^^^
  File "/home/airflow/.local/lib/python3.12/site-packages/airflow/utils/timeout.py", line 69, in handle_timeout
    raise AirflowTaskTimeout(self.error_message)
airflow.exceptions.AirflowTaskTimeout: Timeout, PID: 173
[2024-12-21T13:02:41.204+0000] {taskinstance.py:1225} INFO - Marking task as FAILED. dag_id=data_pipeline_etl, task_id=collect_data, run_id=scheduled__2024-12-20T04:00:00+00:00, execution_date=20241220T040000, start_date=20241221T120239, end_date=20241221T130241
[2024-12-21T13:02:41.224+0000] {taskinstance.py:340} INFO - ::group::Post task execution logs
[2024-12-21T13:02:41.237+0000] {local_task_job_runner.py:266} INFO - Task exited with return code 2
[2024-12-21T13:02:41.254+0000] {taskinstance.py:3895} INFO - 0 downstream tasks scheduled from follow-on schedule check
[2024-12-21T13:02:41.255+0000] {local_task_job_runner.py:245} INFO - ::endgroup::
