[2024-12-10T13:30:58.227+0000] {local_task_job_runner.py:123} INFO - ::group::Pre task execution logs
[2024-12-10T13:30:58.237+0000] {taskinstance.py:2613} INFO - Dependencies all met for dep_context=non-requeueable deps ti=<TaskInstance: data_pipeline_etl.collect_data scheduled__2024-12-09T04:00:00+00:00 [queued]>
[2024-12-10T13:30:58.242+0000] {taskinstance.py:2613} INFO - Dependencies all met for dep_context=requeueable deps ti=<TaskInstance: data_pipeline_etl.collect_data scheduled__2024-12-09T04:00:00+00:00 [queued]>
[2024-12-10T13:30:58.242+0000] {taskinstance.py:2866} INFO - Starting attempt 1 of 2
[2024-12-10T13:30:58.250+0000] {taskinstance.py:2889} INFO - Executing <Task(BashOperator): collect_data> on 2024-12-09 04:00:00+00:00
[2024-12-10T13:30:58.254+0000] {logging_mixin.py:190} WARNING - /home/***/.local/lib/python3.12/site-packages/***/task/task_runner/standard_task_runner.py:70 DeprecationWarning: This process (pid=171) is multi-threaded, use of fork() may lead to deadlocks in the child.
[2024-12-10T13:30:58.254+0000] {standard_task_runner.py:72} INFO - Started process 174 to run task
[2024-12-10T13:30:58.254+0000] {standard_task_runner.py:104} INFO - Running: ['***', 'tasks', 'run', 'data_pipeline_etl', 'collect_data', 'scheduled__2024-12-09T04:00:00+00:00', '--job-id', '32', '--raw', '--subdir', 'DAGS_FOLDER/etl_pipeline_auto.py', '--cfg-path', '/tmp/tmpc9g6fl0w']
[2024-12-10T13:30:58.256+0000] {standard_task_runner.py:105} INFO - Job 32: Subtask collect_data
[2024-12-10T13:30:58.286+0000] {task_command.py:467} INFO - Running <TaskInstance: data_pipeline_etl.collect_data scheduled__2024-12-09T04:00:00+00:00 [running]> on host 88c81553e713
[2024-12-10T13:30:58.335+0000] {taskinstance.py:3132} INFO - Exporting env vars: AIRFLOW_CTX_DAG_OWNER='***' AIRFLOW_CTX_DAG_ID='data_pipeline_etl' AIRFLOW_CTX_TASK_ID='collect_data' AIRFLOW_CTX_EXECUTION_DATE='2024-12-09T04:00:00+00:00' AIRFLOW_CTX_TRY_NUMBER='1' AIRFLOW_CTX_DAG_RUN_ID='scheduled__2024-12-09T04:00:00+00:00'
[2024-12-10T13:30:58.335+0000] {taskinstance.py:731} INFO - ::endgroup::
[2024-12-10T13:30:58.349+0000] {subprocess.py:78} INFO - Tmp dir root location: /tmp
[2024-12-10T13:30:58.350+0000] {subprocess.py:88} INFO - Running command: ['/usr/bin/bash', '-c', 'python /opt/***/data-pipeline-project/product_data_scraper.py']
[2024-12-10T13:30:58.354+0000] {subprocess.py:99} INFO - Output:
[2024-12-10T13:43:47.748+0000] {subprocess.py:106} INFO - 320번 데이터 수집 시작
[2024-12-10T13:43:47.750+0000] {subprocess.py:106} INFO - 페이지 1 데이터 수집 시작 (카테고리: 320)
[2024-12-10T13:43:47.750+0000] {subprocess.py:106} INFO - 페이지 2 데이터 수집 시작 (카테고리: 320)
[2024-12-10T13:43:47.750+0000] {subprocess.py:106} INFO - 페이지 3 데이터 수집 시작 (카테고리: 320)
[2024-12-10T13:43:47.750+0000] {subprocess.py:106} INFO - 페이지 4 데이터 수집 시작 (카테고리: 320)
[2024-12-10T13:43:47.751+0000] {subprocess.py:106} INFO - 페이지 5 데이터 수집 시작 (카테고리: 320)
[2024-12-10T13:43:47.751+0000] {subprocess.py:106} INFO - 페이지 6 데이터 수집 시작 (카테고리: 320)
[2024-12-10T13:43:47.751+0000] {subprocess.py:106} INFO - 페이지 7 데이터 수집 시작 (카테고리: 320)
[2024-12-10T13:43:47.751+0000] {subprocess.py:106} INFO - 페이지 8 데이터 수집 시작 (카테고리: 320)
[2024-12-10T13:43:47.751+0000] {subprocess.py:106} INFO - 페이지 9 데이터 수집 시작 (카테고리: 320)
[2024-12-10T13:43:47.753+0000] {subprocess.py:106} INFO - 페이지 10 데이터 수집 시작 (카테고리: 320)
[2024-12-10T13:43:47.753+0000] {subprocess.py:106} INFO - 페이지 11 데이터 수집 시작 (카테고리: 320)
[2024-12-10T13:43:47.753+0000] {subprocess.py:106} INFO - 페이지 12 데이터 수집 시작 (카테고리: 320)
[2024-12-10T13:43:47.753+0000] {subprocess.py:106} INFO - 페이지 13 데이터 수집 시작 (카테고리: 320)
[2024-12-10T13:43:47.754+0000] {subprocess.py:106} INFO - 페이지 14 데이터 수집 시작 (카테고리: 320)
[2024-12-10T13:43:47.754+0000] {subprocess.py:106} INFO - 페이지 15 데이터 수집 시작 (카테고리: 320)
[2024-12-10T13:43:47.754+0000] {subprocess.py:106} INFO - 페이지 16 데이터 수집 시작 (카테고리: 320)
[2024-12-10T13:43:47.754+0000] {subprocess.py:106} INFO - 페이지 17 데이터 수집 시작 (카테고리: 320)
[2024-12-10T13:43:47.755+0000] {subprocess.py:106} INFO - 페이지 18 데이터 수집 시작 (카테고리: 320)
[2024-12-10T13:43:47.755+0000] {subprocess.py:106} INFO - 페이지 19 데이터 수집 시작 (카테고리: 320)
[2024-12-10T13:43:47.755+0000] {subprocess.py:106} INFO - 페이지 20 데이터 수집 시작 (카테고리: 320)
[2024-12-10T13:43:47.755+0000] {subprocess.py:106} INFO - 페이지 21 데이터 수집 시작 (카테고리: 320)
[2024-12-10T13:43:47.755+0000] {subprocess.py:106} INFO - 페이지 22 데이터 수집 시작 (카테고리: 320)
[2024-12-10T13:43:47.756+0000] {subprocess.py:106} INFO - 페이지 23 데이터 수집 시작 (카테고리: 320)
[2024-12-10T13:43:47.756+0000] {subprocess.py:106} INFO - 페이지 24 데이터 수집 시작 (카테고리: 320)
[2024-12-10T13:43:47.756+0000] {subprocess.py:106} INFO - 페이지 25 데이터 수집 시작 (카테고리: 320)
[2024-12-10T13:43:47.756+0000] {subprocess.py:106} INFO - 페이지 26 데이터 수집 시작 (카테고리: 320)
[2024-12-10T13:43:47.756+0000] {subprocess.py:106} INFO - 페이지 27 데이터 수집 시작 (카테고리: 320)
[2024-12-10T13:43:47.756+0000] {subprocess.py:106} INFO - 페이지 28 데이터 수집 시작 (카테고리: 320)
[2024-12-10T13:43:47.756+0000] {subprocess.py:106} INFO - 페이지 29 데이터 수집 시작 (카테고리: 320)
[2024-12-10T13:43:47.757+0000] {subprocess.py:106} INFO - 페이지 30 데이터 수집 시작 (카테고리: 320)
[2024-12-10T13:43:47.757+0000] {subprocess.py:106} INFO - 페이지 31 데이터 수집 시작 (카테고리: 320)
[2024-12-10T13:43:47.757+0000] {subprocess.py:106} INFO - 페이지 32 데이터 수집 시작 (카테고리: 320)
[2024-12-10T13:43:47.757+0000] {subprocess.py:106} INFO - 페이지 33 데이터 수집 시작 (카테고리: 320)
[2024-12-10T13:43:47.757+0000] {subprocess.py:106} INFO - 페이지 34 데이터 수집 시작 (카테고리: 320)
[2024-12-10T13:43:47.757+0000] {subprocess.py:106} INFO - 페이지 35 데이터 수집 시작 (카테고리: 320)
[2024-12-10T13:43:47.757+0000] {subprocess.py:106} INFO - 페이지 36 데이터 수집 시작 (카테고리: 320)
[2024-12-10T13:43:47.758+0000] {subprocess.py:106} INFO - 페이지 37 데이터 수집 시작 (카테고리: 320)
[2024-12-10T13:43:47.758+0000] {subprocess.py:106} INFO - 페이지 38 데이터 수집 시작 (카테고리: 320)
[2024-12-10T13:43:47.758+0000] {subprocess.py:106} INFO - 페이지 39 데이터 수집 시작 (카테고리: 320)
[2024-12-10T13:43:47.758+0000] {subprocess.py:106} INFO - 페이지 40 데이터 수집 시작 (카테고리: 320)
[2024-12-10T13:43:47.758+0000] {subprocess.py:106} INFO - 페이지 41 데이터 수집 시작 (카테고리: 320)
[2024-12-10T13:43:47.758+0000] {subprocess.py:106} INFO - 페이지 42 데이터 수집 시작 (카테고리: 320)
[2024-12-10T13:43:47.758+0000] {subprocess.py:106} INFO - 페이지 43 데이터 수집 시작 (카테고리: 320)
[2024-12-10T13:43:47.759+0000] {subprocess.py:106} INFO - 페이지 44 데이터 수집 시작 (카테고리: 320)
[2024-12-10T13:43:47.759+0000] {subprocess.py:106} INFO - 페이지 45 데이터 수집 시작 (카테고리: 320)
[2024-12-10T13:43:47.759+0000] {subprocess.py:106} INFO - 페이지 46 데이터 수집 시작 (카테고리: 320)
[2024-12-10T13:43:47.759+0000] {subprocess.py:106} INFO - 페이지 47 데이터 수집 시작 (카테고리: 320)
[2024-12-10T13:43:47.759+0000] {subprocess.py:106} INFO - 페이지 48 데이터 수집 시작 (카테고리: 320)
[2024-12-10T13:43:47.759+0000] {subprocess.py:106} INFO - 페이지 49 데이터 수집 시작 (카테고리: 320)
[2024-12-10T13:43:47.759+0000] {subprocess.py:106} INFO - 페이지 50 데이터 수집 시작 (카테고리: 320)
[2024-12-10T13:43:47.760+0000] {subprocess.py:106} INFO - 페이지 51 데이터 수집 시작 (카테고리: 320)
[2024-12-10T13:43:47.760+0000] {subprocess.py:106} INFO - 페이지 52 데이터 수집 시작 (카테고리: 320)
[2024-12-10T13:43:47.760+0000] {subprocess.py:106} INFO - 페이지 53 데이터 수집 시작 (카테고리: 320)
[2024-12-10T13:43:47.760+0000] {subprocess.py:106} INFO - 페이지 54 데이터 수집 시작 (카테고리: 320)
[2024-12-10T13:43:47.760+0000] {subprocess.py:106} INFO - 페이지 55 데이터 수집 시작 (카테고리: 320)
[2024-12-10T13:43:47.760+0000] {subprocess.py:106} INFO - 페이지 56 데이터 수집 시작 (카테고리: 320)
[2024-12-10T13:43:47.760+0000] {subprocess.py:106} INFO - 페이지 57 데이터 수집 시작 (카테고리: 320)
[2024-12-10T13:43:47.761+0000] {subprocess.py:106} INFO - 페이지 58 데이터 수집 시작 (카테고리: 320)
[2024-12-10T13:43:47.761+0000] {subprocess.py:106} INFO - 페이지 59 데이터 수집 시작 (카테고리: 320)
[2024-12-10T13:43:47.761+0000] {subprocess.py:106} INFO - 페이지 60 데이터 수집 시작 (카테고리: 320)
[2024-12-10T13:43:47.761+0000] {subprocess.py:106} INFO - 페이지 61 데이터 수집 시작 (카테고리: 320)
[2024-12-10T13:43:47.761+0000] {subprocess.py:106} INFO - 페이지 62 데이터 수집 시작 (카테고리: 320)
[2024-12-10T13:43:47.761+0000] {subprocess.py:106} INFO - 페이지 63 데이터 수집 시작 (카테고리: 320)
[2024-12-10T13:43:47.761+0000] {subprocess.py:106} INFO - 페이지 64 데이터 수집 시작 (카테고리: 320)
[2024-12-10T13:43:47.762+0000] {subprocess.py:106} INFO - 페이지 65 데이터 수집 시작 (카테고리: 320)
[2024-12-10T13:43:47.762+0000] {subprocess.py:106} INFO - 페이지 66 데이터 수집 시작 (카테고리: 320)
[2024-12-10T13:43:47.762+0000] {subprocess.py:106} INFO - 페이지 67 데이터 수집 시작 (카테고리: 320)
[2024-12-10T13:43:47.762+0000] {subprocess.py:106} INFO - 페이지 68 데이터 수집 시작 (카테고리: 320)
[2024-12-10T13:43:47.762+0000] {subprocess.py:106} INFO - 페이지 69 데이터 수집 시작 (카테고리: 320)
[2024-12-10T13:43:47.762+0000] {subprocess.py:106} INFO - 페이지 70 데이터 수집 시작 (카테고리: 320)
[2024-12-10T13:43:47.762+0000] {subprocess.py:106} INFO - 페이지 71 데이터 수집 시작 (카테고리: 320)
[2024-12-10T13:43:47.762+0000] {subprocess.py:106} INFO - 페이지 72 데이터 수집 시작 (카테고리: 320)
[2024-12-10T13:43:47.763+0000] {subprocess.py:106} INFO - 페이지 73 데이터 수집 시작 (카테고리: 320)
[2024-12-10T13:43:47.763+0000] {subprocess.py:106} INFO - 페이지 74 데이터 수집 시작 (카테고리: 320)
[2024-12-10T13:43:47.763+0000] {subprocess.py:106} INFO - 페이지 75 데이터 수집 시작 (카테고리: 320)
[2024-12-10T13:43:47.763+0000] {subprocess.py:106} INFO - 페이지 76 데이터 수집 시작 (카테고리: 320)
[2024-12-10T13:43:47.763+0000] {subprocess.py:106} INFO - 페이지 77 데이터 수집 시작 (카테고리: 320)
[2024-12-10T13:43:47.763+0000] {subprocess.py:106} INFO - 페이지 78 데이터 수집 시작 (카테고리: 320)
[2024-12-10T13:43:47.763+0000] {subprocess.py:106} INFO - 페이지 79 데이터 수집 시작 (카테고리: 320)
[2024-12-10T13:43:47.763+0000] {subprocess.py:106} INFO - 페이지 80 데이터 수집 시작 (카테고리: 320)
[2024-12-10T13:43:47.764+0000] {subprocess.py:106} INFO - 페이지 81 데이터 수집 시작 (카테고리: 320)
[2024-12-10T13:43:47.764+0000] {subprocess.py:106} INFO - 페이지 82 데이터 수집 시작 (카테고리: 320)
[2024-12-10T13:43:47.764+0000] {subprocess.py:106} INFO - 페이지 83 데이터 수집 시작 (카테고리: 320)
[2024-12-10T13:43:47.764+0000] {subprocess.py:106} INFO - 페이지 84 데이터 수집 시작 (카테고리: 320)
[2024-12-10T13:43:47.764+0000] {subprocess.py:106} INFO - 페이지 85 데이터 수집 시작 (카테고리: 320)
[2024-12-10T13:43:47.764+0000] {subprocess.py:106} INFO - 페이지 86 데이터 수집 시작 (카테고리: 320)
[2024-12-10T13:43:47.765+0000] {subprocess.py:106} INFO - 페이지 87 데이터 수집 시작 (카테고리: 320)
[2024-12-10T13:43:47.765+0000] {subprocess.py:106} INFO - 페이지 88 데이터 수집 시작 (카테고리: 320)
[2024-12-10T13:43:47.765+0000] {subprocess.py:106} INFO - 페이지 89 데이터 수집 시작 (카테고리: 320)
[2024-12-10T13:43:47.765+0000] {subprocess.py:106} INFO - 페이지 90 데이터 수집 시작 (카테고리: 320)
[2024-12-10T13:43:47.765+0000] {subprocess.py:106} INFO - 페이지 91 데이터 수집 시작 (카테고리: 320)
[2024-12-10T13:43:47.765+0000] {subprocess.py:106} INFO - 페이지 92 데이터 수집 시작 (카테고리: 320)
[2024-12-10T13:43:47.765+0000] {subprocess.py:106} INFO - 페이지 93 데이터 수집 시작 (카테고리: 320)
[2024-12-10T13:43:47.766+0000] {subprocess.py:106} INFO - 페이지 94 데이터 수집 시작 (카테고리: 320)
[2024-12-10T13:43:47.766+0000] {subprocess.py:106} INFO - 페이지 95 데이터 수집 시작 (카테고리: 320)
[2024-12-10T13:43:47.766+0000] {subprocess.py:106} INFO - 페이지 96 데이터 수집 시작 (카테고리: 320)
[2024-12-10T13:43:47.766+0000] {subprocess.py:106} INFO - 페이지 97 데이터 수집 시작 (카테고리: 320)
[2024-12-10T13:43:47.766+0000] {subprocess.py:106} INFO - 페이지 98 데이터 수집 시작 (카테고리: 320)
[2024-12-10T13:43:47.766+0000] {subprocess.py:106} INFO - 페이지 99 데이터 수집 시작 (카테고리: 320)
[2024-12-10T13:43:47.766+0000] {subprocess.py:106} INFO - 페이지 100 데이터 수집 시작 (카테고리: 320)
[2024-12-10T13:43:47.767+0000] {subprocess.py:106} INFO - 페이지 101 데이터 수집 시작 (카테고리: 320)
[2024-12-10T13:43:47.767+0000] {subprocess.py:106} INFO - 페이지 102 데이터 수집 시작 (카테고리: 320)
[2024-12-10T13:43:47.767+0000] {subprocess.py:106} INFO - 페이지 103 데이터 수집 시작 (카테고리: 320)
[2024-12-10T13:43:47.767+0000] {subprocess.py:106} INFO - 페이지 104 데이터 수집 시작 (카테고리: 320)
[2024-12-10T13:43:47.767+0000] {subprocess.py:106} INFO - 페이지 105 데이터 수집 시작 (카테고리: 320)
[2024-12-10T13:43:47.767+0000] {subprocess.py:106} INFO - 페이지 106 데이터 수집 시작 (카테고리: 320)
[2024-12-10T13:43:47.767+0000] {subprocess.py:106} INFO - 페이지 107 데이터 수집 시작 (카테고리: 320)
[2024-12-10T13:43:47.767+0000] {subprocess.py:106} INFO - 페이지 108 데이터 수집 시작 (카테고리: 320)
[2024-12-10T13:43:47.768+0000] {subprocess.py:106} INFO - 페이지 109 데이터 수집 시작 (카테고리: 320)
[2024-12-10T13:43:47.768+0000] {subprocess.py:106} INFO - 페이지 110 데이터 수집 시작 (카테고리: 320)
[2024-12-10T13:43:47.768+0000] {subprocess.py:106} INFO - 페이지 111 데이터 수집 시작 (카테고리: 320)
[2024-12-10T13:43:47.768+0000] {subprocess.py:106} INFO - 페이지 112 데이터 수집 시작 (카테고리: 320)
[2024-12-10T13:43:47.768+0000] {subprocess.py:106} INFO - 페이지 113 데이터 수집 시작 (카테고리: 320)
[2024-12-10T13:43:47.768+0000] {subprocess.py:106} INFO - 페이지 114 데이터 수집 시작 (카테고리: 320)
[2024-12-10T13:43:47.768+0000] {subprocess.py:106} INFO - 페이지 115 데이터 수집 시작 (카테고리: 320)
[2024-12-10T13:43:47.769+0000] {subprocess.py:106} INFO - 페이지 116 데이터 수집 시작 (카테고리: 320)
[2024-12-10T13:43:47.769+0000] {subprocess.py:106} INFO - 페이지 117 데이터 수집 시작 (카테고리: 320)
[2024-12-10T13:43:47.769+0000] {subprocess.py:106} INFO - 페이지 118 데이터 수집 시작 (카테고리: 320)
[2024-12-10T13:43:47.769+0000] {subprocess.py:106} INFO - 페이지 119 데이터 수집 시작 (카테고리: 320)
[2024-12-10T13:43:47.769+0000] {subprocess.py:106} INFO - 페이지 120 데이터 수집 시작 (카테고리: 320)
[2024-12-10T13:43:47.769+0000] {subprocess.py:106} INFO - 페이지 121 데이터 수집 시작 (카테고리: 320)
[2024-12-10T13:43:47.769+0000] {subprocess.py:106} INFO - 페이지 122 데이터 수집 시작 (카테고리: 320)
[2024-12-10T13:43:47.770+0000] {subprocess.py:106} INFO - 페이지 123 데이터 수집 시작 (카테고리: 320)
[2024-12-10T13:43:47.770+0000] {subprocess.py:106} INFO - 페이지 124 데이터 수집 시작 (카테고리: 320)
[2024-12-10T13:43:47.770+0000] {subprocess.py:106} INFO - 페이지 125 데이터 수집 시작 (카테고리: 320)
[2024-12-10T13:43:47.770+0000] {subprocess.py:106} INFO - 페이지 126 데이터 수집 시작 (카테고리: 320)
[2024-12-10T13:43:47.770+0000] {subprocess.py:106} INFO - 페이지 127 데이터 수집 시작 (카테고리: 320)
[2024-12-10T13:43:47.770+0000] {subprocess.py:106} INFO - 페이지 128 데이터 수집 시작 (카테고리: 320)
[2024-12-10T13:43:47.770+0000] {subprocess.py:106} INFO - 페이지 129 데이터 수집 시작 (카테고리: 320)
[2024-12-10T13:43:47.770+0000] {subprocess.py:106} INFO - 페이지 130 데이터 수집 시작 (카테고리: 320)
[2024-12-10T13:43:47.771+0000] {subprocess.py:106} INFO - 페이지 131 데이터 수집 시작 (카테고리: 320)
[2024-12-10T13:43:47.771+0000] {subprocess.py:106} INFO - 페이지 132 데이터 수집 시작 (카테고리: 320)
[2024-12-10T13:43:47.771+0000] {subprocess.py:106} INFO - 페이지 133 데이터 수집 시작 (카테고리: 320)
[2024-12-10T13:43:47.771+0000] {subprocess.py:106} INFO - 페이지 134 데이터 수집 시작 (카테고리: 320)
[2024-12-10T13:43:47.771+0000] {subprocess.py:106} INFO - 페이지 135 데이터 수집 시작 (카테고리: 320)
[2024-12-10T13:43:47.771+0000] {subprocess.py:106} INFO - 페이지 136 데이터 수집 시작 (카테고리: 320)
[2024-12-10T13:43:47.771+0000] {subprocess.py:106} INFO - 페이지 137 데이터 수집 시작 (카테고리: 320)
[2024-12-10T13:43:47.771+0000] {subprocess.py:106} INFO - 페이지 138 데이터 수집 시작 (카테고리: 320)
[2024-12-10T13:43:47.772+0000] {subprocess.py:106} INFO - 페이지 139 데이터 수집 시작 (카테고리: 320)
[2024-12-10T13:43:47.772+0000] {subprocess.py:106} INFO - 페이지 140 데이터 수집 시작 (카테고리: 320)
[2024-12-10T13:43:47.772+0000] {subprocess.py:106} INFO - 페이지 141 데이터 수집 시작 (카테고리: 320)
[2024-12-10T13:43:47.772+0000] {subprocess.py:106} INFO - 페이지 142 데이터 수집 시작 (카테고리: 320)
[2024-12-10T15:04:12.974+0000] {subprocess.py:106} INFO - 페이지 143 데이터 수집 시작 (카테고리: 320)
[2024-12-10T15:04:12.976+0000] {subprocess.py:106} INFO - 페이지 144 데이터 수집 시작 (카테고리: 320)
[2024-12-10T15:04:12.978+0000] {subprocess.py:106} INFO - 페이지 145 데이터 수집 시작 (카테고리: 320)
[2024-12-10T15:04:12.979+0000] {subprocess.py:106} INFO - 페이지 146 데이터 수집 시작 (카테고리: 320)
[2024-12-10T15:04:12.980+0000] {subprocess.py:106} INFO - 페이지 147 데이터 수집 시작 (카테고리: 320)
[2024-12-10T15:04:12.981+0000] {subprocess.py:106} INFO - 페이지 148 데이터 수집 시작 (카테고리: 320)
[2024-12-10T15:04:12.982+0000] {subprocess.py:106} INFO - 페이지 149 데이터 수집 시작 (카테고리: 320)
[2024-12-10T15:04:12.982+0000] {subprocess.py:106} INFO - 페이지 150 데이터 수집 시작 (카테고리: 320)
[2024-12-10T15:04:12.982+0000] {subprocess.py:106} INFO - 페이지 151 데이터 수집 시작 (카테고리: 320)
[2024-12-10T15:04:12.983+0000] {subprocess.py:106} INFO - 페이지 152 데이터 수집 시작 (카테고리: 320)
[2024-12-10T15:04:12.983+0000] {subprocess.py:106} INFO - 페이지 153 데이터 수집 시작 (카테고리: 320)
[2024-12-10T15:04:12.983+0000] {subprocess.py:106} INFO - 페이지 154 데이터 수집 시작 (카테고리: 320)
[2024-12-10T15:04:12.984+0000] {subprocess.py:106} INFO - 페이지 155 데이터 수집 시작 (카테고리: 320)
[2024-12-10T15:04:12.984+0000] {subprocess.py:106} INFO - 페이지 156 데이터 수집 시작 (카테고리: 320)
[2024-12-10T15:04:12.984+0000] {subprocess.py:106} INFO - 페이지 157 데이터 수집 시작 (카테고리: 320)
[2024-12-10T15:04:12.985+0000] {subprocess.py:106} INFO - 페이지 158 데이터 수집 시작 (카테고리: 320)
[2024-12-10T15:04:12.986+0000] {subprocess.py:106} INFO - 페이지 159 데이터 수집 시작 (카테고리: 320)
[2024-12-10T15:04:12.986+0000] {subprocess.py:106} INFO - 페이지 160 데이터 수집 시작 (카테고리: 320)
[2024-12-10T15:04:12.986+0000] {subprocess.py:106} INFO - 페이지 161 데이터 수집 시작 (카테고리: 320)
[2024-12-10T15:04:12.987+0000] {subprocess.py:106} INFO - 페이지 162 데이터 수집 시작 (카테고리: 320)
[2024-12-10T15:04:12.987+0000] {subprocess.py:106} INFO - 페이지 163 데이터 수집 시작 (카테고리: 320)
[2024-12-10T15:04:12.987+0000] {subprocess.py:106} INFO - 페이지 164 데이터 수집 시작 (카테고리: 320)
[2024-12-10T15:04:12.987+0000] {subprocess.py:106} INFO - 페이지 165 데이터 수집 시작 (카테고리: 320)
[2024-12-10T15:04:12.988+0000] {subprocess.py:106} INFO - 페이지 166 데이터 수집 시작 (카테고리: 320)
[2024-12-10T15:04:12.988+0000] {subprocess.py:106} INFO - 페이지 167 데이터 수집 시작 (카테고리: 320)
[2024-12-10T15:04:12.988+0000] {subprocess.py:106} INFO - 페이지 168 데이터 수집 시작 (카테고리: 320)
[2024-12-10T15:04:12.988+0000] {subprocess.py:106} INFO - 페이지 169 데이터 수집 시작 (카테고리: 320)
[2024-12-10T15:04:12.989+0000] {subprocess.py:106} INFO - 페이지 170 데이터 수집 시작 (카테고리: 320)
[2024-12-10T15:04:12.989+0000] {subprocess.py:106} INFO - 페이지 171 데이터 수집 시작 (카테고리: 320)
[2024-12-10T15:04:12.989+0000] {subprocess.py:106} INFO - 페이지 172 데이터 수집 시작 (카테고리: 320)
[2024-12-10T15:04:12.990+0000] {subprocess.py:106} INFO - 페이지 173 데이터 수집 시작 (카테고리: 320)
[2024-12-10T15:04:12.990+0000] {subprocess.py:106} INFO - 페이지 174 데이터 수집 시작 (카테고리: 320)
[2024-12-10T15:04:12.991+0000] {subprocess.py:106} INFO - 페이지 175 데이터 수집 시작 (카테고리: 320)
[2024-12-10T15:04:12.991+0000] {subprocess.py:106} INFO - 페이지 176 데이터 수집 시작 (카테고리: 320)
[2024-12-10T15:04:12.991+0000] {subprocess.py:106} INFO - 페이지 177 데이터 수집 시작 (카테고리: 320)
[2024-12-10T15:04:12.991+0000] {subprocess.py:106} INFO - 페이지 178 데이터 수집 시작 (카테고리: 320)
[2024-12-10T15:04:12.991+0000] {subprocess.py:106} INFO - 페이지 179 데이터 수집 시작 (카테고리: 320)
[2024-12-10T15:04:12.992+0000] {subprocess.py:106} INFO - 페이지 180 데이터 수집 시작 (카테고리: 320)
[2024-12-10T15:04:12.992+0000] {subprocess.py:106} INFO - 페이지 181 데이터 수집 시작 (카테고리: 320)
[2024-12-10T15:04:12.992+0000] {subprocess.py:106} INFO - 페이지 182 데이터 수집 시작 (카테고리: 320)
[2024-12-10T15:04:12.992+0000] {subprocess.py:106} INFO - 페이지 183 데이터 수집 시작 (카테고리: 320)
[2024-12-10T15:04:12.993+0000] {subprocess.py:106} INFO - 페이지 184 데이터 수집 시작 (카테고리: 320)
[2024-12-10T15:04:12.993+0000] {subprocess.py:106} INFO - 페이지 185 데이터 수집 시작 (카테고리: 320)
[2024-12-10T15:04:12.993+0000] {subprocess.py:106} INFO - 페이지 186 데이터 수집 시작 (카테고리: 320)
[2024-12-10T15:04:12.994+0000] {subprocess.py:106} INFO - 페이지 187 데이터 수집 시작 (카테고리: 320)
[2024-12-10T15:04:12.994+0000] {subprocess.py:106} INFO - 페이지 188 데이터 수집 시작 (카테고리: 320)
[2024-12-10T15:04:12.994+0000] {subprocess.py:106} INFO - 페이지 189 데이터 수집 시작 (카테고리: 320)
[2024-12-10T15:04:12.995+0000] {subprocess.py:106} INFO - 페이지 190 데이터 수집 시작 (카테고리: 320)
[2024-12-10T15:04:12.995+0000] {subprocess.py:106} INFO - 페이지 191 데이터 수집 시작 (카테고리: 320)
[2024-12-10T15:04:12.995+0000] {subprocess.py:106} INFO - 페이지 192 데이터 수집 시작 (카테고리: 320)
[2024-12-10T15:04:12.996+0000] {subprocess.py:106} INFO - 페이지 193 데이터 수집 시작 (카테고리: 320)
[2024-12-10T15:04:12.997+0000] {subprocess.py:106} INFO - 페이지 194 데이터 수집 시작 (카테고리: 320)
[2024-12-10T15:04:12.997+0000] {subprocess.py:106} INFO - 페이지 195 데이터 수집 시작 (카테고리: 320)
[2024-12-10T15:04:12.997+0000] {subprocess.py:106} INFO - 페이지 196 데이터 수집 시작 (카테고리: 320)
[2024-12-10T15:04:12.997+0000] {subprocess.py:106} INFO - 페이지 197 데이터 수집 시작 (카테고리: 320)
[2024-12-10T15:04:13.000+0000] {subprocess.py:106} INFO - 페이지 198 데이터 수집 시작 (카테고리: 320)
[2024-12-10T15:04:13.001+0000] {subprocess.py:106} INFO - 페이지 199 데이터 수집 시작 (카테고리: 320)
[2024-12-10T15:04:13.001+0000] {subprocess.py:106} INFO - 페이지 200 데이터 수집 시작 (카테고리: 320)
[2024-12-10T15:04:13.002+0000] {subprocess.py:106} INFO - 페이지 201 데이터 수집 시작 (카테고리: 320)
[2024-12-10T15:04:13.002+0000] {subprocess.py:106} INFO - 페이지 202 데이터 수집 시작 (카테고리: 320)
[2024-12-10T15:04:13.003+0000] {subprocess.py:106} INFO - 페이지 203 데이터 수집 시작 (카테고리: 320)
[2024-12-10T15:04:13.003+0000] {subprocess.py:106} INFO - 페이지 204 데이터 수집 시작 (카테고리: 320)
[2024-12-10T15:04:13.003+0000] {subprocess.py:106} INFO - 페이지 205 데이터 수집 시작 (카테고리: 320)
[2024-12-10T15:04:13.005+0000] {subprocess.py:106} INFO - 페이지 206 데이터 수집 시작 (카테고리: 320)
[2024-12-10T15:04:13.006+0000] {subprocess.py:106} INFO - 페이지 207 데이터 수집 시작 (카테고리: 320)
[2024-12-10T15:04:13.007+0000] {subprocess.py:106} INFO - 페이지 208 데이터 수집 시작 (카테고리: 320)
[2024-12-10T15:04:13.007+0000] {subprocess.py:106} INFO - 페이지 209 데이터 수집 시작 (카테고리: 320)
[2024-12-10T15:04:13.007+0000] {subprocess.py:106} INFO - 페이지 210 데이터 수집 시작 (카테고리: 320)
[2024-12-10T15:04:13.008+0000] {subprocess.py:106} INFO - 페이지 211 데이터 수집 시작 (카테고리: 320)
[2024-12-10T15:04:13.008+0000] {subprocess.py:106} INFO - 페이지 212 데이터 수집 시작 (카테고리: 320)
[2024-12-10T15:04:13.009+0000] {subprocess.py:106} INFO - 페이지 213 데이터 수집 시작 (카테고리: 320)
[2024-12-10T15:04:13.009+0000] {subprocess.py:106} INFO - 페이지 214 데이터 수집 시작 (카테고리: 320)
[2024-12-10T15:04:13.010+0000] {subprocess.py:106} INFO - 크롤링 중 에러발생 Message: Unable to execute request for an existing session: java.net.http.HttpTimeoutException: request timed out
[2024-12-10T15:04:13.011+0000] {subprocess.py:106} INFO - Build info: version: '4.20.0', revision: '866c76ca80'
[2024-12-10T15:04:13.011+0000] {subprocess.py:106} INFO - System info: os.name: 'Linux', os.arch: 'aarch64', os.version: '6.10.14-linuxkit', java.version: '17.0.11'
[2024-12-10T15:04:13.011+0000] {subprocess.py:106} INFO - Driver info: driver.version: unknown
[2024-12-10T15:04:13.012+0000] {subprocess.py:106} INFO - Stacktrace:
[2024-12-10T15:04:13.012+0000] {subprocess.py:106} INFO - java.lang.RuntimeException: Unable to execute request for an existing session: java.net.http.HttpTimeoutException: request timed out
[2024-12-10T15:04:13.012+0000] {subprocess.py:106} INFO - Build info: version: '4.20.0', revision: '866c76ca80'
[2024-12-10T15:04:13.013+0000] {subprocess.py:106} INFO - System info: os.name: 'Linux', os.arch: 'aarch64', os.version: '6.10.14-linuxkit', java.version: '17.0.11'
[2024-12-10T15:04:13.013+0000] {subprocess.py:106} INFO - Driver info: driver.version: unknown
[2024-12-10T15:04:13.013+0000] {subprocess.py:106} INFO - 	at org.openqa.selenium.grid.router.HandleSession.execute(HandleSession.java:208)
[2024-12-10T15:04:13.013+0000] {subprocess.py:106} INFO - 	at org.openqa.selenium.remote.http.Route$PredicatedRoute.handle(Route.java:383)
[2024-12-10T15:04:13.014+0000] {subprocess.py:106} INFO - 	at org.openqa.selenium.remote.http.Route.execute(Route.java:69)
[2024-12-10T15:04:13.014+0000] {subprocess.py:106} INFO - 	at org.openqa.selenium.remote.http.Route$CombinedRoute.handle(Route.java:346)
[2024-12-10T15:04:13.014+0000] {subprocess.py:106} INFO - 	at org.openqa.selenium.remote.http.Route.execute(Route.java:69)
[2024-12-10T15:04:13.014+0000] {subprocess.py:106} INFO - 	at org.openqa.selenium.grid.router.Router.execute(Router.java:87)
[2024-12-10T15:04:13.015+0000] {subprocess.py:106} INFO - 	at org.openqa.selenium.grid.web.EnsureSpecCompliantResponseHeaders.lambda$apply$0(EnsureSpecCompliantResponseHeaders.java:34)
[2024-12-10T15:04:13.015+0000] {subprocess.py:106} INFO - 	at org.openqa.selenium.remote.http.Filter$1.execute(Filter.java:63)
[2024-12-10T15:04:13.015+0000] {subprocess.py:106} INFO - 	at org.openqa.selenium.remote.http.Route$CombinedRoute.handle(Route.java:346)
[2024-12-10T15:04:13.016+0000] {subprocess.py:106} INFO - 	at org.openqa.selenium.remote.http.Route.execute(Route.java:69)
[2024-12-10T15:04:13.016+0000] {subprocess.py:106} INFO - 	at org.openqa.selenium.remote.http.Route$NestedRoute.handle(Route.java:270)
[2024-12-10T15:04:13.016+0000] {subprocess.py:106} INFO - 	at org.openqa.selenium.remote.http.Route.execute(Route.java:69)
[2024-12-10T15:04:13.017+0000] {subprocess.py:106} INFO - 	at org.openqa.selenium.remote.http.Route$CombinedRoute.handle(Route.java:346)
[2024-12-10T15:04:13.017+0000] {subprocess.py:106} INFO - 	at org.openqa.selenium.remote.http.Route.execute(Route.java:69)
[2024-12-10T15:04:13.017+0000] {subprocess.py:106} INFO - 	at org.openqa.selenium.remote.http.Route$CombinedRoute.handle(Route.java:346)
[2024-12-10T15:04:13.018+0000] {subprocess.py:106} INFO - 	at org.openqa.selenium.remote.http.Route.execute(Route.java:69)
[2024-12-10T15:04:13.018+0000] {subprocess.py:106} INFO - 	at org.openqa.selenium.remote.http.Route$CombinedRoute.handle(Route.java:346)
[2024-12-10T15:04:13.018+0000] {subprocess.py:106} INFO - 	at org.openqa.selenium.remote.http.Route.execute(Route.java:69)
[2024-12-10T15:04:13.018+0000] {subprocess.py:106} INFO - 	at org.openqa.selenium.remote.http.Route$CombinedRoute.handle(Route.java:346)
[2024-12-10T15:04:13.019+0000] {subprocess.py:106} INFO - 	at org.openqa.selenium.remote.http.Route.execute(Route.java:69)
[2024-12-10T15:04:13.019+0000] {subprocess.py:106} INFO - 	at org.openqa.selenium.remote.AddWebDriverSpecHeaders.lambda$apply$0(AddWebDriverSpecHeaders.java:35)
[2024-12-10T15:04:13.019+0000] {subprocess.py:106} INFO - 	at org.openqa.selenium.remote.ErrorFilter.lambda$apply$0(ErrorFilter.java:44)
[2024-12-10T15:04:13.019+0000] {subprocess.py:106} INFO - 	at org.openqa.selenium.remote.http.Filter$1.execute(Filter.java:63)
[2024-12-10T15:04:13.020+0000] {subprocess.py:106} INFO - 	at org.openqa.selenium.remote.ErrorFilter.lambda$apply$0(ErrorFilter.java:44)
[2024-12-10T15:04:13.020+0000] {subprocess.py:106} INFO - 	at org.openqa.selenium.remote.http.Filter$1.execute(Filter.java:63)
[2024-12-10T15:04:13.020+0000] {subprocess.py:106} INFO - 	at org.openqa.selenium.netty.server.SeleniumHandler.lambda$channelRead0$0(SeleniumHandler.java:44)
[2024-12-10T15:04:13.020+0000] {subprocess.py:106} INFO - 	at java.base/java.util.concurrent.Executors$RunnableAdapter.call(Unknown Source)
[2024-12-10T15:04:13.021+0000] {subprocess.py:106} INFO - 	at java.base/java.util.concurrent.FutureTask.run(Unknown Source)
[2024-12-10T15:04:13.021+0000] {subprocess.py:106} INFO - 	at java.base/java.util.concurrent.ThreadPoolExecutor.runWorker(Unknown Source)
[2024-12-10T15:04:13.021+0000] {subprocess.py:106} INFO - 	at java.base/java.util.concurrent.ThreadPoolExecutor$Worker.run(Unknown Source)
[2024-12-10T15:04:13.021+0000] {subprocess.py:106} INFO - 	at java.base/java.lang.Thread.run(Unknown Source)
[2024-12-10T15:04:13.021+0000] {subprocess.py:106} INFO - Caused by: java.net.http.HttpTimeoutException: request timed out
[2024-12-10T15:04:13.022+0000] {subprocess.py:106} INFO - 	at java.net.http/jdk.internal.net.http.ResponseTimerEvent.handle(Unknown Source)
[2024-12-10T15:04:13.022+0000] {subprocess.py:106} INFO - 	at java.net.http/jdk.internal.net.http.HttpClientImpl.purgeTimeoutsAndReturnNextDeadline(Unknown Source)
[2024-12-10T15:04:13.022+0000] {subprocess.py:106} INFO - 	at java.net.http/jdk.internal.net.http.HttpClientImpl$SelectorManager.run(Unknown Source)
[2024-12-10T15:04:13.022+0000] {subprocess.py:106} INFO - 
[2024-12-10T15:04:13.022+0000] {subprocess.py:106} INFO - 크롤링 중 에러발생 Message: Unable to execute request for an existing session: java.net.http.HttpTimeoutException: request timed out
[2024-12-10T15:04:13.023+0000] {subprocess.py:106} INFO - Build info: version: '4.20.0', revision: '866c76ca80'
[2024-12-10T15:04:13.023+0000] {subprocess.py:106} INFO - System info: os.name: 'Linux', os.arch: 'aarch64', os.version: '6.10.14-linuxkit', java.version: '17.0.11'
[2024-12-10T15:04:13.023+0000] {subprocess.py:106} INFO - Driver info: driver.version: unknown
[2024-12-10T15:04:13.024+0000] {subprocess.py:106} INFO - Stacktrace:
[2024-12-10T15:04:13.024+0000] {subprocess.py:106} INFO - java.lang.RuntimeException: Unable to execute request for an existing session: java.net.http.HttpTimeoutException: request timed out
[2024-12-10T15:04:13.025+0000] {subprocess.py:106} INFO - Build info: version: '4.20.0', revision: '866c76ca80'
[2024-12-10T15:04:13.026+0000] {subprocess.py:106} INFO - System info: os.name: 'Linux', os.arch: 'aarch64', os.version: '6.10.14-linuxkit', java.version: '17.0.11'
[2024-12-10T15:04:13.026+0000] {subprocess.py:106} INFO - Driver info: driver.version: unknown
[2024-12-10T15:04:13.026+0000] {subprocess.py:106} INFO - 	at org.openqa.selenium.grid.router.HandleSession.execute(HandleSession.java:208)
[2024-12-10T15:04:13.027+0000] {subprocess.py:106} INFO - 	at org.openqa.selenium.remote.http.Route$PredicatedRoute.handle(Route.java:383)
[2024-12-10T15:04:13.027+0000] {subprocess.py:106} INFO - 	at org.openqa.selenium.remote.http.Route.execute(Route.java:69)
[2024-12-10T15:04:13.028+0000] {subprocess.py:106} INFO - 	at org.openqa.selenium.remote.http.Route$CombinedRoute.handle(Route.java:346)
[2024-12-10T15:04:13.028+0000] {subprocess.py:106} INFO - 	at org.openqa.selenium.remote.http.Route.execute(Route.java:69)
[2024-12-10T15:04:13.029+0000] {subprocess.py:106} INFO - 	at org.openqa.selenium.grid.router.Router.execute(Router.java:87)
[2024-12-10T15:04:13.029+0000] {subprocess.py:106} INFO - 	at org.openqa.selenium.grid.web.EnsureSpecCompliantResponseHeaders.lambda$apply$0(EnsureSpecCompliantResponseHeaders.java:34)
[2024-12-10T15:04:13.029+0000] {subprocess.py:106} INFO - 	at org.openqa.selenium.remote.http.Filter$1.execute(Filter.java:63)
[2024-12-10T15:04:13.030+0000] {subprocess.py:106} INFO - 	at org.openqa.selenium.remote.http.Route$CombinedRoute.handle(Route.java:346)
[2024-12-10T15:04:13.031+0000] {subprocess.py:106} INFO - 	at org.openqa.selenium.remote.http.Route.execute(Route.java:69)
[2024-12-10T15:04:13.032+0000] {subprocess.py:106} INFO - 	at org.openqa.selenium.remote.http.Route$NestedRoute.handle(Route.java:270)
[2024-12-10T15:04:13.032+0000] {subprocess.py:106} INFO - 	at org.openqa.selenium.remote.http.Route.execute(Route.java:69)
[2024-12-10T15:04:13.033+0000] {subprocess.py:106} INFO - 	at org.openqa.selenium.remote.http.Route$CombinedRoute.handle(Route.java:346)
[2024-12-10T15:04:13.033+0000] {subprocess.py:106} INFO - 	at org.openqa.selenium.remote.http.Route.execute(Route.java:69)
[2024-12-10T15:04:13.033+0000] {subprocess.py:106} INFO - 	at org.openqa.selenium.remote.http.Route$CombinedRoute.handle(Route.java:346)
[2024-12-10T15:04:13.034+0000] {subprocess.py:106} INFO - 	at org.openqa.selenium.remote.http.Route.execute(Route.java:69)
[2024-12-10T15:04:13.034+0000] {subprocess.py:106} INFO - 	at org.openqa.selenium.remote.http.Route$CombinedRoute.handle(Route.java:346)
[2024-12-10T15:04:13.035+0000] {subprocess.py:106} INFO - 	at org.openqa.selenium.remote.http.Route.execute(Route.java:69)
[2024-12-10T15:04:13.035+0000] {subprocess.py:106} INFO - 	at org.openqa.selenium.remote.http.Route$CombinedRoute.handle(Route.java:346)
[2024-12-10T15:04:13.036+0000] {subprocess.py:106} INFO - 	at org.openqa.selenium.remote.http.Route.execute(Route.java:69)
[2024-12-10T15:04:13.036+0000] {subprocess.py:106} INFO - 	at org.openqa.selenium.remote.AddWebDriverSpecHeaders.lambda$apply$0(AddWebDriverSpecHeaders.java:35)
[2024-12-10T15:04:13.037+0000] {subprocess.py:106} INFO - 	at org.openqa.selenium.remote.ErrorFilter.lambda$apply$0(ErrorFilter.java:44)
[2024-12-10T15:04:13.038+0000] {subprocess.py:106} INFO - 	at org.openqa.selenium.remote.http.Filter$1.execute(Filter.java:63)
[2024-12-10T15:04:13.039+0000] {subprocess.py:106} INFO - 	at org.openqa.selenium.remote.ErrorFilter.lambda$apply$0(ErrorFilter.java:44)
[2024-12-10T15:04:13.039+0000] {subprocess.py:106} INFO - 	at org.openqa.selenium.remote.http.Filter$1.execute(Filter.java:63)
[2024-12-10T15:04:13.040+0000] {subprocess.py:106} INFO - 	at org.openqa.selenium.netty.server.SeleniumHandler.lambda$channelRead0$0(SeleniumHandler.java:44)
[2024-12-10T15:04:13.040+0000] {subprocess.py:106} INFO - 	at java.base/java.util.concurrent.Executors$RunnableAdapter.call(Unknown Source)
[2024-12-10T15:04:13.041+0000] {subprocess.py:106} INFO - 	at java.base/java.util.concurrent.FutureTask.run(Unknown Source)
[2024-12-10T15:04:13.041+0000] {subprocess.py:106} INFO - 	at java.base/java.util.concurrent.ThreadPoolExecutor.runWorker(Unknown Source)
[2024-12-10T15:04:13.042+0000] {subprocess.py:106} INFO - 	at java.base/java.util.concurrent.ThreadPoolExecutor$Worker.run(Unknown Source)
[2024-12-10T15:04:13.042+0000] {subprocess.py:106} INFO - 	at java.base/java.lang.Thread.run(Unknown Source)
[2024-12-10T15:04:13.042+0000] {subprocess.py:106} INFO - Caused by: java.net.http.HttpTimeoutException: request timed out
[2024-12-10T15:04:13.043+0000] {subprocess.py:106} INFO - 	at java.net.http/jdk.internal.net.http.ResponseTimerEvent.handle(Unknown Source)
[2024-12-10T15:04:13.043+0000] {subprocess.py:106} INFO - 	at java.net.http/jdk.internal.net.http.HttpClientImpl.purgeTimeoutsAndReturnNextDeadline(Unknown Source)
[2024-12-10T15:04:13.044+0000] {subprocess.py:106} INFO - 	at java.net.http/jdk.internal.net.http.HttpClientImpl$SelectorManager.run(Unknown Source)
[2024-12-10T15:04:17.358+0000] {job.py:229} INFO - Heartbeat recovered after 4475.67 seconds
[2024-12-10T15:08:15.611+0000] {local_task_job_runner.py:127} ERROR - Received SIGTERM. Terminating subprocesses
[2024-12-10T15:08:15.620+0000] {process_utils.py:132} INFO - Sending 15 to group 174. PIDs of all processes in the group: [176, 174]
[2024-12-10T15:08:15.621+0000] {process_utils.py:87} INFO - Sending the signal 15 to group 174
[2024-12-10T15:08:15.625+0000] {taskinstance.py:3093} ERROR - Received SIGTERM. Terminating subprocesses.
[2024-12-10T15:08:15.628+0000] {subprocess.py:117} INFO - Sending SIGTERM signal to process group
[2024-12-10T15:08:15.655+0000] {taskinstance.py:3311} ERROR - Task failed with exception
Traceback (most recent call last):
  File "/home/airflow/.local/lib/python3.12/site-packages/airflow/models/taskinstance.py", line 762, in _execute_task
    result = _execute_callable(context=context, **execute_callable_kwargs)
             ^^^^^^^^^^^^^^^^^^^^^^^^^^^^^^^^^^^^^^^^^^^^^^^^^^^^^^^^^^^^^
  File "/home/airflow/.local/lib/python3.12/site-packages/airflow/models/taskinstance.py", line 733, in _execute_callable
    return ExecutionCallableRunner(
           ^^^^^^^^^^^^^^^^^^^^^^^^
  File "/home/airflow/.local/lib/python3.12/site-packages/airflow/utils/operator_helpers.py", line 252, in run
    return self.func(*args, **kwargs)
           ^^^^^^^^^^^^^^^^^^^^^^^^^^
  File "/home/airflow/.local/lib/python3.12/site-packages/airflow/models/baseoperator.py", line 417, in wrapper
    return func(self, *args, **kwargs)
           ^^^^^^^^^^^^^^^^^^^^^^^^^^^
  File "/home/airflow/.local/lib/python3.12/site-packages/airflow/operators/bash.py", line 257, in execute
    result = self._run_inline_command(bash_path=bash_path, env=env)
             ^^^^^^^^^^^^^^^^^^^^^^^^^^^^^^^^^^^^^^^^^^^^^^^^^^^^^^
  File "/home/airflow/.local/lib/python3.12/site-packages/airflow/operators/bash.py", line 284, in _run_inline_command
    return self.subprocess_hook.run_command(
           ^^^^^^^^^^^^^^^^^^^^^^^^^^^^^^^^^
  File "/home/airflow/.local/lib/python3.12/site-packages/airflow/hooks/subprocess.py", line 104, in run_command
    for raw_line in iter(self.sub_process.stdout.readline, b""):
                    ^^^^^^^^^^^^^^^^^^^^^^^^^^^^^^^^^^^^^^^^^^^
  File "/home/airflow/.local/lib/python3.12/site-packages/airflow/models/taskinstance.py", line 3095, in signal_handler
    raise AirflowTaskTerminated("Task received SIGTERM signal")
airflow.exceptions.AirflowTaskTerminated: Task received SIGTERM signal
[2024-12-10T15:08:15.670+0000] {taskinstance.py:1225} INFO - Marking task as UP_FOR_RETRY. dag_id=data_pipeline_etl, task_id=collect_data, run_id=scheduled__2024-12-09T04:00:00+00:00, execution_date=20241209T040000, start_date=20241210T133058, end_date=20241210T150815
[2024-12-10T15:08:15.690+0000] {taskinstance.py:340} INFO - ::group::Post task execution logs
[2024-12-10T15:08:15.723+0000] {process_utils.py:80} INFO - Process psutil.Process(pid=176, status='terminated', started='13:30:57') (176) terminated with exit code None
[2024-12-10T15:08:15.724+0000] {process_utils.py:80} INFO - Process psutil.Process(pid=174, status='terminated', exitcode=2, started='13:30:57') (174) terminated with exit code 2
[2024-12-10T15:08:15.724+0000] {local_task_job_runner.py:266} INFO - Task exited with return code 143
[2024-12-10T15:08:15.740+0000] {taskinstance.py:3895} INFO - 0 downstream tasks scheduled from follow-on schedule check
[2024-12-10T15:08:16.076+0000] {local_task_job_runner.py:127} ERROR - Received SIGTERM. Terminating subprocesses
[2024-12-10T15:08:16.077+0000] {local_task_job_runner.py:266} INFO - Task exited with return code 143
[2024-12-10T15:08:16.084+0000] {taskinstance.py:3895} INFO - 0 downstream tasks scheduled from follow-on schedule check
