[2024-12-02T15:58:40.172+0000] {processor.py:186} INFO - Started process (PID=179) to work on /opt/airflow/dags/etl_pipeline_auto.py
[2024-12-02T15:58:40.174+0000] {processor.py:914} INFO - Processing file /opt/airflow/dags/etl_pipeline_auto.py for tasks to queue
[2024-12-02T15:58:40.176+0000] {logging_mixin.py:190} INFO - [2024-12-02T15:58:40.176+0000] {dagbag.py:588} INFO - Filling up the DagBag from /opt/airflow/dags/etl_pipeline_auto.py
[2024-12-02T15:58:40.195+0000] {processor.py:925} INFO - DAG(s) 'data_pipeline_etl' retrieved from /opt/airflow/dags/etl_pipeline_auto.py
[2024-12-02T15:58:40.858+0000] {logging_mixin.py:190} INFO - [2024-12-02T15:58:40.858+0000] {dag.py:3239} INFO - Sync 1 DAGs
[2024-12-02T15:58:40.895+0000] {logging_mixin.py:190} INFO - [2024-12-02T15:58:40.894+0000] {dag.py:4180} INFO - Setting next_dagrun for data_pipeline_etl to None, run_after=None
[2024-12-02T15:58:40.925+0000] {processor.py:208} INFO - Processing /opt/airflow/dags/etl_pipeline_auto.py took 0.760 seconds
[2024-12-02T15:59:11.643+0000] {processor.py:186} INFO - Started process (PID=184) to work on /opt/airflow/dags/etl_pipeline_auto.py
[2024-12-02T15:59:11.644+0000] {processor.py:914} INFO - Processing file /opt/airflow/dags/etl_pipeline_auto.py for tasks to queue
[2024-12-02T15:59:11.649+0000] {logging_mixin.py:190} INFO - [2024-12-02T15:59:11.648+0000] {dagbag.py:588} INFO - Filling up the DagBag from /opt/airflow/dags/etl_pipeline_auto.py
[2024-12-02T15:59:11.662+0000] {processor.py:925} INFO - DAG(s) 'data_pipeline_etl' retrieved from /opt/airflow/dags/etl_pipeline_auto.py
[2024-12-02T15:59:11.699+0000] {logging_mixin.py:190} INFO - [2024-12-02T15:59:11.698+0000] {dag.py:3239} INFO - Sync 1 DAGs
[2024-12-02T15:59:11.730+0000] {logging_mixin.py:190} INFO - [2024-12-02T15:59:11.729+0000] {dag.py:4180} INFO - Setting next_dagrun for data_pipeline_etl to None, run_after=None
[2024-12-02T15:59:11.756+0000] {processor.py:208} INFO - Processing /opt/airflow/dags/etl_pipeline_auto.py took 0.120 seconds
[2024-12-02T15:59:41.929+0000] {processor.py:186} INFO - Started process (PID=189) to work on /opt/airflow/dags/etl_pipeline_auto.py
[2024-12-02T15:59:41.930+0000] {processor.py:914} INFO - Processing file /opt/airflow/dags/etl_pipeline_auto.py for tasks to queue
[2024-12-02T15:59:41.934+0000] {logging_mixin.py:190} INFO - [2024-12-02T15:59:41.934+0000] {dagbag.py:588} INFO - Filling up the DagBag from /opt/airflow/dags/etl_pipeline_auto.py
[2024-12-02T15:59:41.954+0000] {processor.py:925} INFO - DAG(s) 'data_pipeline_etl' retrieved from /opt/airflow/dags/etl_pipeline_auto.py
[2024-12-02T15:59:42.016+0000] {logging_mixin.py:190} INFO - [2024-12-02T15:59:42.015+0000] {dag.py:3239} INFO - Sync 1 DAGs
[2024-12-02T15:59:42.039+0000] {logging_mixin.py:190} INFO - [2024-12-02T15:59:42.039+0000] {dag.py:4180} INFO - Setting next_dagrun for data_pipeline_etl to None, run_after=None
[2024-12-02T15:59:42.058+0000] {processor.py:208} INFO - Processing /opt/airflow/dags/etl_pipeline_auto.py took 0.137 seconds
[2024-12-02T16:00:12.163+0000] {processor.py:186} INFO - Started process (PID=194) to work on /opt/airflow/dags/etl_pipeline_auto.py
[2024-12-02T16:00:12.168+0000] {processor.py:914} INFO - Processing file /opt/airflow/dags/etl_pipeline_auto.py for tasks to queue
[2024-12-02T16:00:12.175+0000] {logging_mixin.py:190} INFO - [2024-12-02T16:00:12.174+0000] {dagbag.py:588} INFO - Filling up the DagBag from /opt/airflow/dags/etl_pipeline_auto.py
[2024-12-02T16:00:12.294+0000] {processor.py:925} INFO - DAG(s) 'data_pipeline_etl' retrieved from /opt/airflow/dags/etl_pipeline_auto.py
[2024-12-02T16:00:12.358+0000] {logging_mixin.py:190} INFO - [2024-12-02T16:00:12.358+0000] {dag.py:3239} INFO - Sync 1 DAGs
[2024-12-02T16:00:12.398+0000] {logging_mixin.py:190} INFO - [2024-12-02T16:00:12.397+0000] {dag.py:4180} INFO - Setting next_dagrun for data_pipeline_etl to None, run_after=None
[2024-12-02T16:00:12.606+0000] {processor.py:208} INFO - Processing /opt/airflow/dags/etl_pipeline_auto.py took 0.453 seconds
[2024-12-02T16:00:42.828+0000] {processor.py:186} INFO - Started process (PID=199) to work on /opt/airflow/dags/etl_pipeline_auto.py
[2024-12-02T16:00:42.829+0000] {processor.py:914} INFO - Processing file /opt/airflow/dags/etl_pipeline_auto.py for tasks to queue
[2024-12-02T16:00:42.833+0000] {logging_mixin.py:190} INFO - [2024-12-02T16:00:42.833+0000] {dagbag.py:588} INFO - Filling up the DagBag from /opt/airflow/dags/etl_pipeline_auto.py
[2024-12-02T16:00:42.970+0000] {processor.py:925} INFO - DAG(s) 'data_pipeline_etl' retrieved from /opt/airflow/dags/etl_pipeline_auto.py
[2024-12-02T16:00:43.171+0000] {logging_mixin.py:190} INFO - [2024-12-02T16:00:43.171+0000] {dag.py:3239} INFO - Sync 1 DAGs
[2024-12-02T16:00:43.208+0000] {logging_mixin.py:190} INFO - [2024-12-02T16:00:43.208+0000] {dag.py:4180} INFO - Setting next_dagrun for data_pipeline_etl to None, run_after=None
[2024-12-02T16:00:43.454+0000] {processor.py:208} INFO - Processing /opt/airflow/dags/etl_pipeline_auto.py took 0.635 seconds
[2024-12-02T16:01:13.640+0000] {processor.py:186} INFO - Started process (PID=204) to work on /opt/airflow/dags/etl_pipeline_auto.py
[2024-12-02T16:01:13.644+0000] {processor.py:914} INFO - Processing file /opt/airflow/dags/etl_pipeline_auto.py for tasks to queue
[2024-12-02T16:01:13.647+0000] {logging_mixin.py:190} INFO - [2024-12-02T16:01:13.647+0000] {dagbag.py:588} INFO - Filling up the DagBag from /opt/airflow/dags/etl_pipeline_auto.py
[2024-12-02T16:01:13.662+0000] {processor.py:925} INFO - DAG(s) 'data_pipeline_etl' retrieved from /opt/airflow/dags/etl_pipeline_auto.py
[2024-12-02T16:01:13.701+0000] {logging_mixin.py:190} INFO - [2024-12-02T16:01:13.701+0000] {dag.py:3239} INFO - Sync 1 DAGs
[2024-12-02T16:01:13.725+0000] {logging_mixin.py:190} INFO - [2024-12-02T16:01:13.725+0000] {dag.py:4180} INFO - Setting next_dagrun for data_pipeline_etl to None, run_after=None
[2024-12-02T16:01:13.743+0000] {processor.py:208} INFO - Processing /opt/airflow/dags/etl_pipeline_auto.py took 0.110 seconds
[2024-12-02T16:01:43.869+0000] {processor.py:186} INFO - Started process (PID=209) to work on /opt/airflow/dags/etl_pipeline_auto.py
[2024-12-02T16:01:43.871+0000] {processor.py:914} INFO - Processing file /opt/airflow/dags/etl_pipeline_auto.py for tasks to queue
[2024-12-02T16:01:43.873+0000] {logging_mixin.py:190} INFO - [2024-12-02T16:01:43.873+0000] {dagbag.py:588} INFO - Filling up the DagBag from /opt/airflow/dags/etl_pipeline_auto.py
[2024-12-02T16:01:43.885+0000] {processor.py:925} INFO - DAG(s) 'data_pipeline_etl' retrieved from /opt/airflow/dags/etl_pipeline_auto.py
[2024-12-02T16:01:43.918+0000] {logging_mixin.py:190} INFO - [2024-12-02T16:01:43.918+0000] {dag.py:3239} INFO - Sync 1 DAGs
[2024-12-02T16:01:43.939+0000] {logging_mixin.py:190} INFO - [2024-12-02T16:01:43.938+0000] {dag.py:4180} INFO - Setting next_dagrun for data_pipeline_etl to None, run_after=None
[2024-12-02T16:01:43.956+0000] {processor.py:208} INFO - Processing /opt/airflow/dags/etl_pipeline_auto.py took 0.091 seconds
[2024-12-02T16:02:14.118+0000] {processor.py:186} INFO - Started process (PID=214) to work on /opt/airflow/dags/etl_pipeline_auto.py
[2024-12-02T16:02:14.119+0000] {processor.py:914} INFO - Processing file /opt/airflow/dags/etl_pipeline_auto.py for tasks to queue
[2024-12-02T16:02:14.121+0000] {logging_mixin.py:190} INFO - [2024-12-02T16:02:14.121+0000] {dagbag.py:588} INFO - Filling up the DagBag from /opt/airflow/dags/etl_pipeline_auto.py
[2024-12-02T16:02:14.133+0000] {processor.py:925} INFO - DAG(s) 'data_pipeline_etl' retrieved from /opt/airflow/dags/etl_pipeline_auto.py
[2024-12-02T16:02:14.166+0000] {logging_mixin.py:190} INFO - [2024-12-02T16:02:14.166+0000] {dag.py:3239} INFO - Sync 1 DAGs
[2024-12-02T16:02:14.187+0000] {logging_mixin.py:190} INFO - [2024-12-02T16:02:14.187+0000] {dag.py:4180} INFO - Setting next_dagrun for data_pipeline_etl to None, run_after=None
[2024-12-02T16:02:14.365+0000] {processor.py:208} INFO - Processing /opt/airflow/dags/etl_pipeline_auto.py took 0.252 seconds
[2024-12-02T16:02:44.580+0000] {processor.py:186} INFO - Started process (PID=219) to work on /opt/airflow/dags/etl_pipeline_auto.py
[2024-12-02T16:02:44.583+0000] {processor.py:914} INFO - Processing file /opt/airflow/dags/etl_pipeline_auto.py for tasks to queue
[2024-12-02T16:02:44.586+0000] {logging_mixin.py:190} INFO - [2024-12-02T16:02:44.586+0000] {dagbag.py:588} INFO - Filling up the DagBag from /opt/airflow/dags/etl_pipeline_auto.py
[2024-12-02T16:02:44.602+0000] {processor.py:925} INFO - DAG(s) 'data_pipeline_etl' retrieved from /opt/airflow/dags/etl_pipeline_auto.py
[2024-12-02T16:02:44.645+0000] {logging_mixin.py:190} INFO - [2024-12-02T16:02:44.645+0000] {dag.py:3239} INFO - Sync 1 DAGs
[2024-12-02T16:02:44.789+0000] {logging_mixin.py:190} INFO - [2024-12-02T16:02:44.789+0000] {dag.py:4180} INFO - Setting next_dagrun for data_pipeline_etl to None, run_after=None
[2024-12-02T16:02:44.805+0000] {processor.py:208} INFO - Processing /opt/airflow/dags/etl_pipeline_auto.py took 0.231 seconds
[2024-12-02T16:03:15.406+0000] {processor.py:186} INFO - Started process (PID=224) to work on /opt/airflow/dags/etl_pipeline_auto.py
[2024-12-02T16:03:15.408+0000] {processor.py:914} INFO - Processing file /opt/airflow/dags/etl_pipeline_auto.py for tasks to queue
[2024-12-02T16:03:15.412+0000] {logging_mixin.py:190} INFO - [2024-12-02T16:03:15.412+0000] {dagbag.py:588} INFO - Filling up the DagBag from /opt/airflow/dags/etl_pipeline_auto.py
[2024-12-02T16:03:15.431+0000] {processor.py:925} INFO - DAG(s) 'data_pipeline_etl' retrieved from /opt/airflow/dags/etl_pipeline_auto.py
[2024-12-02T16:03:15.513+0000] {logging_mixin.py:190} INFO - [2024-12-02T16:03:15.513+0000] {dag.py:3239} INFO - Sync 1 DAGs
[2024-12-02T16:03:15.821+0000] {logging_mixin.py:190} INFO - [2024-12-02T16:03:15.820+0000] {dag.py:4180} INFO - Setting next_dagrun for data_pipeline_etl to None, run_after=None
[2024-12-02T16:03:16.142+0000] {processor.py:208} INFO - Processing /opt/airflow/dags/etl_pipeline_auto.py took 0.748 seconds
[2024-12-02T16:03:46.349+0000] {processor.py:186} INFO - Started process (PID=229) to work on /opt/airflow/dags/etl_pipeline_auto.py
[2024-12-02T16:03:46.352+0000] {processor.py:914} INFO - Processing file /opt/airflow/dags/etl_pipeline_auto.py for tasks to queue
[2024-12-02T16:03:46.355+0000] {logging_mixin.py:190} INFO - [2024-12-02T16:03:46.354+0000] {dagbag.py:588} INFO - Filling up the DagBag from /opt/airflow/dags/etl_pipeline_auto.py
[2024-12-02T16:03:46.371+0000] {processor.py:925} INFO - DAG(s) 'data_pipeline_etl' retrieved from /opt/airflow/dags/etl_pipeline_auto.py
[2024-12-02T16:03:46.586+0000] {logging_mixin.py:190} INFO - [2024-12-02T16:03:46.586+0000] {dag.py:3239} INFO - Sync 1 DAGs
[2024-12-02T16:03:46.606+0000] {logging_mixin.py:190} INFO - [2024-12-02T16:03:46.606+0000] {dag.py:4180} INFO - Setting next_dagrun for data_pipeline_etl to None, run_after=None
[2024-12-02T16:03:46.627+0000] {processor.py:208} INFO - Processing /opt/airflow/dags/etl_pipeline_auto.py took 0.285 seconds
[2024-12-02T16:04:16.723+0000] {processor.py:186} INFO - Started process (PID=234) to work on /opt/airflow/dags/etl_pipeline_auto.py
[2024-12-02T16:04:16.724+0000] {processor.py:914} INFO - Processing file /opt/airflow/dags/etl_pipeline_auto.py for tasks to queue
[2024-12-02T16:04:16.726+0000] {logging_mixin.py:190} INFO - [2024-12-02T16:04:16.726+0000] {dagbag.py:588} INFO - Filling up the DagBag from /opt/airflow/dags/etl_pipeline_auto.py
[2024-12-02T16:04:16.739+0000] {processor.py:925} INFO - DAG(s) 'data_pipeline_etl' retrieved from /opt/airflow/dags/etl_pipeline_auto.py
[2024-12-02T16:04:16.774+0000] {logging_mixin.py:190} INFO - [2024-12-02T16:04:16.774+0000] {dag.py:3239} INFO - Sync 1 DAGs
[2024-12-02T16:04:16.796+0000] {logging_mixin.py:190} INFO - [2024-12-02T16:04:16.795+0000] {dag.py:4180} INFO - Setting next_dagrun for data_pipeline_etl to None, run_after=None
[2024-12-02T16:04:16.815+0000] {processor.py:208} INFO - Processing /opt/airflow/dags/etl_pipeline_auto.py took 0.099 seconds
[2024-12-02T16:04:46.984+0000] {processor.py:186} INFO - Started process (PID=239) to work on /opt/airflow/dags/etl_pipeline_auto.py
[2024-12-02T16:04:46.986+0000] {processor.py:914} INFO - Processing file /opt/airflow/dags/etl_pipeline_auto.py for tasks to queue
[2024-12-02T16:04:46.992+0000] {logging_mixin.py:190} INFO - [2024-12-02T16:04:46.991+0000] {dagbag.py:588} INFO - Filling up the DagBag from /opt/airflow/dags/etl_pipeline_auto.py
[2024-12-02T16:04:47.003+0000] {processor.py:925} INFO - DAG(s) 'data_pipeline_etl' retrieved from /opt/airflow/dags/etl_pipeline_auto.py
[2024-12-02T16:04:47.033+0000] {logging_mixin.py:190} INFO - [2024-12-02T16:04:47.033+0000] {dag.py:3239} INFO - Sync 1 DAGs
[2024-12-02T16:04:47.053+0000] {logging_mixin.py:190} INFO - [2024-12-02T16:04:47.053+0000] {dag.py:4180} INFO - Setting next_dagrun for data_pipeline_etl to None, run_after=None
[2024-12-02T16:04:47.073+0000] {processor.py:208} INFO - Processing /opt/airflow/dags/etl_pipeline_auto.py took 0.094 seconds
[2024-12-02T16:05:17.188+0000] {processor.py:186} INFO - Started process (PID=244) to work on /opt/airflow/dags/etl_pipeline_auto.py
[2024-12-02T16:05:17.189+0000] {processor.py:914} INFO - Processing file /opt/airflow/dags/etl_pipeline_auto.py for tasks to queue
[2024-12-02T16:05:17.191+0000] {logging_mixin.py:190} INFO - [2024-12-02T16:05:17.191+0000] {dagbag.py:588} INFO - Filling up the DagBag from /opt/airflow/dags/etl_pipeline_auto.py
[2024-12-02T16:05:17.209+0000] {processor.py:925} INFO - DAG(s) 'data_pipeline_etl' retrieved from /opt/airflow/dags/etl_pipeline_auto.py
[2024-12-02T16:05:17.242+0000] {logging_mixin.py:190} INFO - [2024-12-02T16:05:17.242+0000] {dag.py:3239} INFO - Sync 1 DAGs
[2024-12-02T16:05:17.263+0000] {logging_mixin.py:190} INFO - [2024-12-02T16:05:17.262+0000] {dag.py:4180} INFO - Setting next_dagrun for data_pipeline_etl to None, run_after=None
[2024-12-02T16:05:17.281+0000] {processor.py:208} INFO - Processing /opt/airflow/dags/etl_pipeline_auto.py took 0.098 seconds
[2024-12-02T16:05:47.416+0000] {processor.py:186} INFO - Started process (PID=249) to work on /opt/airflow/dags/etl_pipeline_auto.py
[2024-12-02T16:05:47.417+0000] {processor.py:914} INFO - Processing file /opt/airflow/dags/etl_pipeline_auto.py for tasks to queue
[2024-12-02T16:05:47.419+0000] {logging_mixin.py:190} INFO - [2024-12-02T16:05:47.419+0000] {dagbag.py:588} INFO - Filling up the DagBag from /opt/airflow/dags/etl_pipeline_auto.py
[2024-12-02T16:05:47.431+0000] {processor.py:925} INFO - DAG(s) 'data_pipeline_etl' retrieved from /opt/airflow/dags/etl_pipeline_auto.py
[2024-12-02T16:05:47.461+0000] {logging_mixin.py:190} INFO - [2024-12-02T16:05:47.461+0000] {dag.py:3239} INFO - Sync 1 DAGs
[2024-12-02T16:05:47.483+0000] {logging_mixin.py:190} INFO - [2024-12-02T16:05:47.483+0000] {dag.py:4180} INFO - Setting next_dagrun for data_pipeline_etl to None, run_after=None
[2024-12-02T16:05:47.504+0000] {processor.py:208} INFO - Processing /opt/airflow/dags/etl_pipeline_auto.py took 0.094 seconds
[2024-12-02T16:06:17.635+0000] {processor.py:186} INFO - Started process (PID=254) to work on /opt/airflow/dags/etl_pipeline_auto.py
[2024-12-02T16:06:17.636+0000] {processor.py:914} INFO - Processing file /opt/airflow/dags/etl_pipeline_auto.py for tasks to queue
[2024-12-02T16:06:17.639+0000] {logging_mixin.py:190} INFO - [2024-12-02T16:06:17.639+0000] {dagbag.py:588} INFO - Filling up the DagBag from /opt/airflow/dags/etl_pipeline_auto.py
[2024-12-02T16:06:17.649+0000] {processor.py:925} INFO - DAG(s) 'data_pipeline_etl' retrieved from /opt/airflow/dags/etl_pipeline_auto.py
[2024-12-02T16:06:17.679+0000] {logging_mixin.py:190} INFO - [2024-12-02T16:06:17.679+0000] {dag.py:3239} INFO - Sync 1 DAGs
[2024-12-02T16:06:17.699+0000] {logging_mixin.py:190} INFO - [2024-12-02T16:06:17.699+0000] {dag.py:4180} INFO - Setting next_dagrun for data_pipeline_etl to None, run_after=None
[2024-12-02T16:06:17.715+0000] {processor.py:208} INFO - Processing /opt/airflow/dags/etl_pipeline_auto.py took 0.084 seconds
[2024-12-02T16:06:47.886+0000] {processor.py:186} INFO - Started process (PID=259) to work on /opt/airflow/dags/etl_pipeline_auto.py
[2024-12-02T16:06:47.886+0000] {processor.py:914} INFO - Processing file /opt/airflow/dags/etl_pipeline_auto.py for tasks to queue
[2024-12-02T16:06:47.889+0000] {logging_mixin.py:190} INFO - [2024-12-02T16:06:47.888+0000] {dagbag.py:588} INFO - Filling up the DagBag from /opt/airflow/dags/etl_pipeline_auto.py
[2024-12-02T16:06:47.898+0000] {processor.py:925} INFO - DAG(s) 'data_pipeline_etl' retrieved from /opt/airflow/dags/etl_pipeline_auto.py
[2024-12-02T16:06:47.930+0000] {logging_mixin.py:190} INFO - [2024-12-02T16:06:47.930+0000] {dag.py:3239} INFO - Sync 1 DAGs
[2024-12-02T16:06:47.954+0000] {logging_mixin.py:190} INFO - [2024-12-02T16:06:47.953+0000] {dag.py:4180} INFO - Setting next_dagrun for data_pipeline_etl to None, run_after=None
[2024-12-02T16:06:47.971+0000] {processor.py:208} INFO - Processing /opt/airflow/dags/etl_pipeline_auto.py took 0.091 seconds
[2024-12-02T16:07:18.062+0000] {processor.py:186} INFO - Started process (PID=264) to work on /opt/airflow/dags/etl_pipeline_auto.py
[2024-12-02T16:07:18.063+0000] {processor.py:914} INFO - Processing file /opt/airflow/dags/etl_pipeline_auto.py for tasks to queue
[2024-12-02T16:07:18.065+0000] {logging_mixin.py:190} INFO - [2024-12-02T16:07:18.065+0000] {dagbag.py:588} INFO - Filling up the DagBag from /opt/airflow/dags/etl_pipeline_auto.py
[2024-12-02T16:07:18.089+0000] {processor.py:925} INFO - DAG(s) 'data_pipeline_etl' retrieved from /opt/airflow/dags/etl_pipeline_auto.py
[2024-12-02T16:07:18.147+0000] {logging_mixin.py:190} INFO - [2024-12-02T16:07:18.147+0000] {dag.py:3239} INFO - Sync 1 DAGs
[2024-12-02T16:07:18.182+0000] {logging_mixin.py:190} INFO - [2024-12-02T16:07:18.182+0000] {dag.py:4180} INFO - Setting next_dagrun for data_pipeline_etl to None, run_after=None
[2024-12-02T16:07:18.296+0000] {processor.py:208} INFO - Processing /opt/airflow/dags/etl_pipeline_auto.py took 0.239 seconds
[2024-12-02T16:07:48.349+0000] {processor.py:186} INFO - Started process (PID=269) to work on /opt/airflow/dags/etl_pipeline_auto.py
[2024-12-02T16:07:48.350+0000] {processor.py:914} INFO - Processing file /opt/airflow/dags/etl_pipeline_auto.py for tasks to queue
[2024-12-02T16:07:48.352+0000] {logging_mixin.py:190} INFO - [2024-12-02T16:07:48.352+0000] {dagbag.py:588} INFO - Filling up the DagBag from /opt/airflow/dags/etl_pipeline_auto.py
[2024-12-02T16:07:48.368+0000] {processor.py:925} INFO - DAG(s) 'data_pipeline_etl' retrieved from /opt/airflow/dags/etl_pipeline_auto.py
[2024-12-02T16:07:48.396+0000] {logging_mixin.py:190} INFO - [2024-12-02T16:07:48.396+0000] {dag.py:3239} INFO - Sync 1 DAGs
[2024-12-02T16:07:48.416+0000] {logging_mixin.py:190} INFO - [2024-12-02T16:07:48.416+0000] {dag.py:4180} INFO - Setting next_dagrun for data_pipeline_etl to None, run_after=None
[2024-12-02T16:07:48.435+0000] {processor.py:208} INFO - Processing /opt/airflow/dags/etl_pipeline_auto.py took 0.092 seconds
[2024-12-02T16:08:18.519+0000] {processor.py:186} INFO - Started process (PID=274) to work on /opt/airflow/dags/etl_pipeline_auto.py
[2024-12-02T16:08:18.521+0000] {processor.py:914} INFO - Processing file /opt/airflow/dags/etl_pipeline_auto.py for tasks to queue
[2024-12-02T16:08:18.524+0000] {logging_mixin.py:190} INFO - [2024-12-02T16:08:18.523+0000] {dagbag.py:588} INFO - Filling up the DagBag from /opt/airflow/dags/etl_pipeline_auto.py
[2024-12-02T16:08:18.545+0000] {processor.py:925} INFO - DAG(s) 'data_pipeline_etl' retrieved from /opt/airflow/dags/etl_pipeline_auto.py
[2024-12-02T16:08:18.579+0000] {logging_mixin.py:190} INFO - [2024-12-02T16:08:18.579+0000] {dag.py:3239} INFO - Sync 1 DAGs
[2024-12-02T16:08:18.611+0000] {logging_mixin.py:190} INFO - [2024-12-02T16:08:18.611+0000] {dag.py:4180} INFO - Setting next_dagrun for data_pipeline_etl to None, run_after=None
[2024-12-02T16:08:18.637+0000] {processor.py:208} INFO - Processing /opt/airflow/dags/etl_pipeline_auto.py took 0.124 seconds
[2024-12-02T16:08:48.833+0000] {processor.py:186} INFO - Started process (PID=279) to work on /opt/airflow/dags/etl_pipeline_auto.py
[2024-12-02T16:08:48.834+0000] {processor.py:914} INFO - Processing file /opt/airflow/dags/etl_pipeline_auto.py for tasks to queue
[2024-12-02T16:08:48.837+0000] {logging_mixin.py:190} INFO - [2024-12-02T16:08:48.837+0000] {dagbag.py:588} INFO - Filling up the DagBag from /opt/airflow/dags/etl_pipeline_auto.py
[2024-12-02T16:08:48.861+0000] {processor.py:925} INFO - DAG(s) 'data_pipeline_etl' retrieved from /opt/airflow/dags/etl_pipeline_auto.py
[2024-12-02T16:08:48.886+0000] {logging_mixin.py:190} INFO - [2024-12-02T16:08:48.886+0000] {dag.py:3239} INFO - Sync 1 DAGs
[2024-12-02T16:08:48.908+0000] {logging_mixin.py:190} INFO - [2024-12-02T16:08:48.907+0000] {dag.py:4180} INFO - Setting next_dagrun for data_pipeline_etl to None, run_after=None
[2024-12-02T16:08:48.926+0000] {processor.py:208} INFO - Processing /opt/airflow/dags/etl_pipeline_auto.py took 0.099 seconds
[2024-12-02T16:09:19.004+0000] {processor.py:186} INFO - Started process (PID=284) to work on /opt/airflow/dags/etl_pipeline_auto.py
[2024-12-02T16:09:19.005+0000] {processor.py:914} INFO - Processing file /opt/airflow/dags/etl_pipeline_auto.py for tasks to queue
[2024-12-02T16:09:19.008+0000] {logging_mixin.py:190} INFO - [2024-12-02T16:09:19.008+0000] {dagbag.py:588} INFO - Filling up the DagBag from /opt/airflow/dags/etl_pipeline_auto.py
[2024-12-02T16:09:19.024+0000] {processor.py:925} INFO - DAG(s) 'data_pipeline_etl' retrieved from /opt/airflow/dags/etl_pipeline_auto.py
[2024-12-02T16:09:19.050+0000] {logging_mixin.py:190} INFO - [2024-12-02T16:09:19.050+0000] {dag.py:3239} INFO - Sync 1 DAGs
[2024-12-02T16:09:19.071+0000] {logging_mixin.py:190} INFO - [2024-12-02T16:09:19.071+0000] {dag.py:4180} INFO - Setting next_dagrun for data_pipeline_etl to None, run_after=None
[2024-12-02T16:09:19.088+0000] {processor.py:208} INFO - Processing /opt/airflow/dags/etl_pipeline_auto.py took 0.089 seconds
[2024-12-02T16:09:49.284+0000] {processor.py:186} INFO - Started process (PID=289) to work on /opt/airflow/dags/etl_pipeline_auto.py
[2024-12-02T16:09:49.286+0000] {processor.py:914} INFO - Processing file /opt/airflow/dags/etl_pipeline_auto.py for tasks to queue
[2024-12-02T16:09:49.287+0000] {logging_mixin.py:190} INFO - [2024-12-02T16:09:49.287+0000] {dagbag.py:588} INFO - Filling up the DagBag from /opt/airflow/dags/etl_pipeline_auto.py
[2024-12-02T16:09:49.303+0000] {processor.py:925} INFO - DAG(s) 'data_pipeline_etl' retrieved from /opt/airflow/dags/etl_pipeline_auto.py
[2024-12-02T16:09:49.328+0000] {logging_mixin.py:190} INFO - [2024-12-02T16:09:49.328+0000] {dag.py:3239} INFO - Sync 1 DAGs
[2024-12-02T16:09:49.347+0000] {logging_mixin.py:190} INFO - [2024-12-02T16:09:49.347+0000] {dag.py:4180} INFO - Setting next_dagrun for data_pipeline_etl to None, run_after=None
[2024-12-02T16:09:49.365+0000] {processor.py:208} INFO - Processing /opt/airflow/dags/etl_pipeline_auto.py took 0.087 seconds
[2024-12-02T16:10:19.448+0000] {processor.py:186} INFO - Started process (PID=294) to work on /opt/airflow/dags/etl_pipeline_auto.py
[2024-12-02T16:10:19.448+0000] {processor.py:914} INFO - Processing file /opt/airflow/dags/etl_pipeline_auto.py for tasks to queue
[2024-12-02T16:10:19.450+0000] {logging_mixin.py:190} INFO - [2024-12-02T16:10:19.450+0000] {dagbag.py:588} INFO - Filling up the DagBag from /opt/airflow/dags/etl_pipeline_auto.py
[2024-12-02T16:10:19.466+0000] {processor.py:925} INFO - DAG(s) 'data_pipeline_etl' retrieved from /opt/airflow/dags/etl_pipeline_auto.py
[2024-12-02T16:10:19.496+0000] {logging_mixin.py:190} INFO - [2024-12-02T16:10:19.495+0000] {dag.py:3239} INFO - Sync 1 DAGs
[2024-12-02T16:10:19.518+0000] {logging_mixin.py:190} INFO - [2024-12-02T16:10:19.518+0000] {dag.py:4180} INFO - Setting next_dagrun for data_pipeline_etl to None, run_after=None
[2024-12-02T16:10:19.541+0000] {processor.py:208} INFO - Processing /opt/airflow/dags/etl_pipeline_auto.py took 0.098 seconds
[2024-12-02T16:10:49.738+0000] {processor.py:186} INFO - Started process (PID=299) to work on /opt/airflow/dags/etl_pipeline_auto.py
[2024-12-02T16:10:49.739+0000] {processor.py:914} INFO - Processing file /opt/airflow/dags/etl_pipeline_auto.py for tasks to queue
[2024-12-02T16:10:49.742+0000] {logging_mixin.py:190} INFO - [2024-12-02T16:10:49.741+0000] {dagbag.py:588} INFO - Filling up the DagBag from /opt/airflow/dags/etl_pipeline_auto.py
[2024-12-02T16:10:49.757+0000] {processor.py:925} INFO - DAG(s) 'data_pipeline_etl' retrieved from /opt/airflow/dags/etl_pipeline_auto.py
[2024-12-02T16:10:49.783+0000] {logging_mixin.py:190} INFO - [2024-12-02T16:10:49.783+0000] {dag.py:3239} INFO - Sync 1 DAGs
[2024-12-02T16:10:49.813+0000] {logging_mixin.py:190} INFO - [2024-12-02T16:10:49.812+0000] {dag.py:4180} INFO - Setting next_dagrun for data_pipeline_etl to None, run_after=None
[2024-12-02T16:10:49.873+0000] {processor.py:208} INFO - Processing /opt/airflow/dags/etl_pipeline_auto.py took 0.140 seconds
[2024-12-02T16:11:19.905+0000] {processor.py:186} INFO - Started process (PID=304) to work on /opt/airflow/dags/etl_pipeline_auto.py
[2024-12-02T16:11:19.907+0000] {processor.py:914} INFO - Processing file /opt/airflow/dags/etl_pipeline_auto.py for tasks to queue
[2024-12-02T16:11:19.909+0000] {logging_mixin.py:190} INFO - [2024-12-02T16:11:19.909+0000] {dagbag.py:588} INFO - Filling up the DagBag from /opt/airflow/dags/etl_pipeline_auto.py
[2024-12-02T16:11:19.929+0000] {processor.py:925} INFO - DAG(s) 'data_pipeline_etl' retrieved from /opt/airflow/dags/etl_pipeline_auto.py
[2024-12-02T16:11:19.955+0000] {logging_mixin.py:190} INFO - [2024-12-02T16:11:19.955+0000] {dag.py:3239} INFO - Sync 1 DAGs
[2024-12-02T16:11:19.975+0000] {logging_mixin.py:190} INFO - [2024-12-02T16:11:19.975+0000] {dag.py:4180} INFO - Setting next_dagrun for data_pipeline_etl to None, run_after=None
[2024-12-02T16:11:20.197+0000] {processor.py:208} INFO - Processing /opt/airflow/dags/etl_pipeline_auto.py took 0.298 seconds
[2024-12-02T16:11:50.289+0000] {processor.py:186} INFO - Started process (PID=309) to work on /opt/airflow/dags/etl_pipeline_auto.py
[2024-12-02T16:11:50.297+0000] {processor.py:914} INFO - Processing file /opt/airflow/dags/etl_pipeline_auto.py for tasks to queue
[2024-12-02T16:11:50.300+0000] {logging_mixin.py:190} INFO - [2024-12-02T16:11:50.299+0000] {dagbag.py:588} INFO - Filling up the DagBag from /opt/airflow/dags/etl_pipeline_auto.py
[2024-12-02T16:11:50.328+0000] {processor.py:925} INFO - DAG(s) 'data_pipeline_etl' retrieved from /opt/airflow/dags/etl_pipeline_auto.py
[2024-12-02T16:11:50.370+0000] {logging_mixin.py:190} INFO - [2024-12-02T16:11:50.370+0000] {dag.py:3239} INFO - Sync 1 DAGs
[2024-12-02T16:11:50.411+0000] {logging_mixin.py:190} INFO - [2024-12-02T16:11:50.410+0000] {dag.py:4180} INFO - Setting next_dagrun for data_pipeline_etl to None, run_after=None
[2024-12-02T16:11:50.434+0000] {processor.py:208} INFO - Processing /opt/airflow/dags/etl_pipeline_auto.py took 0.153 seconds
[2024-12-02T16:12:20.550+0000] {processor.py:186} INFO - Started process (PID=314) to work on /opt/airflow/dags/etl_pipeline_auto.py
[2024-12-02T16:12:20.550+0000] {processor.py:914} INFO - Processing file /opt/airflow/dags/etl_pipeline_auto.py for tasks to queue
[2024-12-02T16:12:20.553+0000] {logging_mixin.py:190} INFO - [2024-12-02T16:12:20.552+0000] {dagbag.py:588} INFO - Filling up the DagBag from /opt/airflow/dags/etl_pipeline_auto.py
[2024-12-02T16:12:20.570+0000] {processor.py:925} INFO - DAG(s) 'data_pipeline_etl' retrieved from /opt/airflow/dags/etl_pipeline_auto.py
[2024-12-02T16:12:20.598+0000] {logging_mixin.py:190} INFO - [2024-12-02T16:12:20.598+0000] {dag.py:3239} INFO - Sync 1 DAGs
[2024-12-02T16:12:20.620+0000] {logging_mixin.py:190} INFO - [2024-12-02T16:12:20.619+0000] {dag.py:4180} INFO - Setting next_dagrun for data_pipeline_etl to None, run_after=None
[2024-12-02T16:12:20.654+0000] {processor.py:208} INFO - Processing /opt/airflow/dags/etl_pipeline_auto.py took 0.110 seconds
[2024-12-02T16:12:50.781+0000] {processor.py:186} INFO - Started process (PID=319) to work on /opt/airflow/dags/etl_pipeline_auto.py
[2024-12-02T16:12:50.782+0000] {processor.py:914} INFO - Processing file /opt/airflow/dags/etl_pipeline_auto.py for tasks to queue
[2024-12-02T16:12:50.784+0000] {logging_mixin.py:190} INFO - [2024-12-02T16:12:50.784+0000] {dagbag.py:588} INFO - Filling up the DagBag from /opt/airflow/dags/etl_pipeline_auto.py
[2024-12-02T16:12:50.799+0000] {processor.py:925} INFO - DAG(s) 'data_pipeline_etl' retrieved from /opt/airflow/dags/etl_pipeline_auto.py
[2024-12-02T16:12:50.825+0000] {logging_mixin.py:190} INFO - [2024-12-02T16:12:50.825+0000] {dag.py:3239} INFO - Sync 1 DAGs
[2024-12-02T16:12:50.850+0000] {logging_mixin.py:190} INFO - [2024-12-02T16:12:50.850+0000] {dag.py:4180} INFO - Setting next_dagrun for data_pipeline_etl to None, run_after=None
[2024-12-02T16:12:50.888+0000] {processor.py:208} INFO - Processing /opt/airflow/dags/etl_pipeline_auto.py took 0.112 seconds
[2024-12-02T16:13:21.017+0000] {processor.py:186} INFO - Started process (PID=324) to work on /opt/airflow/dags/etl_pipeline_auto.py
[2024-12-02T16:13:21.018+0000] {processor.py:914} INFO - Processing file /opt/airflow/dags/etl_pipeline_auto.py for tasks to queue
[2024-12-02T16:13:21.021+0000] {logging_mixin.py:190} INFO - [2024-12-02T16:13:21.020+0000] {dagbag.py:588} INFO - Filling up the DagBag from /opt/airflow/dags/etl_pipeline_auto.py
[2024-12-02T16:13:21.037+0000] {processor.py:925} INFO - DAG(s) 'data_pipeline_etl' retrieved from /opt/airflow/dags/etl_pipeline_auto.py
[2024-12-02T16:13:21.067+0000] {logging_mixin.py:190} INFO - [2024-12-02T16:13:21.067+0000] {dag.py:3239} INFO - Sync 1 DAGs
[2024-12-02T16:13:21.088+0000] {logging_mixin.py:190} INFO - [2024-12-02T16:13:21.088+0000] {dag.py:4180} INFO - Setting next_dagrun for data_pipeline_etl to None, run_after=None
[2024-12-02T16:13:21.131+0000] {processor.py:208} INFO - Processing /opt/airflow/dags/etl_pipeline_auto.py took 0.119 seconds
[2024-12-02T16:13:51.255+0000] {processor.py:186} INFO - Started process (PID=329) to work on /opt/airflow/dags/etl_pipeline_auto.py
[2024-12-02T16:13:51.256+0000] {processor.py:914} INFO - Processing file /opt/airflow/dags/etl_pipeline_auto.py for tasks to queue
[2024-12-02T16:13:51.258+0000] {logging_mixin.py:190} INFO - [2024-12-02T16:13:51.257+0000] {dagbag.py:588} INFO - Filling up the DagBag from /opt/airflow/dags/etl_pipeline_auto.py
[2024-12-02T16:13:51.266+0000] {processor.py:925} INFO - DAG(s) 'data_pipeline_etl' retrieved from /opt/airflow/dags/etl_pipeline_auto.py
[2024-12-02T16:13:51.286+0000] {logging_mixin.py:190} INFO - [2024-12-02T16:13:51.286+0000] {dag.py:3239} INFO - Sync 1 DAGs
[2024-12-02T16:13:51.306+0000] {logging_mixin.py:190} INFO - [2024-12-02T16:13:51.306+0000] {dag.py:4180} INFO - Setting next_dagrun for data_pipeline_etl to None, run_after=None
[2024-12-02T16:13:51.319+0000] {processor.py:208} INFO - Processing /opt/airflow/dags/etl_pipeline_auto.py took 0.068 seconds
[2024-12-02T16:14:21.498+0000] {processor.py:186} INFO - Started process (PID=334) to work on /opt/airflow/dags/etl_pipeline_auto.py
[2024-12-02T16:14:21.499+0000] {processor.py:914} INFO - Processing file /opt/airflow/dags/etl_pipeline_auto.py for tasks to queue
[2024-12-02T16:14:21.501+0000] {logging_mixin.py:190} INFO - [2024-12-02T16:14:21.501+0000] {dagbag.py:588} INFO - Filling up the DagBag from /opt/airflow/dags/etl_pipeline_auto.py
[2024-12-02T16:14:21.513+0000] {processor.py:925} INFO - DAG(s) 'data_pipeline_etl' retrieved from /opt/airflow/dags/etl_pipeline_auto.py
[2024-12-02T16:14:21.540+0000] {logging_mixin.py:190} INFO - [2024-12-02T16:14:21.540+0000] {dag.py:3239} INFO - Sync 1 DAGs
[2024-12-02T16:14:21.562+0000] {logging_mixin.py:190} INFO - [2024-12-02T16:14:21.562+0000] {dag.py:4180} INFO - Setting next_dagrun for data_pipeline_etl to None, run_after=None
[2024-12-02T16:14:21.600+0000] {processor.py:208} INFO - Processing /opt/airflow/dags/etl_pipeline_auto.py took 0.108 seconds
[2024-12-02T16:14:51.692+0000] {processor.py:186} INFO - Started process (PID=339) to work on /opt/airflow/dags/etl_pipeline_auto.py
[2024-12-02T16:14:51.694+0000] {processor.py:914} INFO - Processing file /opt/airflow/dags/etl_pipeline_auto.py for tasks to queue
[2024-12-02T16:14:51.695+0000] {logging_mixin.py:190} INFO - [2024-12-02T16:14:51.695+0000] {dagbag.py:588} INFO - Filling up the DagBag from /opt/airflow/dags/etl_pipeline_auto.py
[2024-12-02T16:14:51.705+0000] {processor.py:925} INFO - DAG(s) 'data_pipeline_etl' retrieved from /opt/airflow/dags/etl_pipeline_auto.py
[2024-12-02T16:14:51.729+0000] {logging_mixin.py:190} INFO - [2024-12-02T16:14:51.729+0000] {dag.py:3239} INFO - Sync 1 DAGs
[2024-12-02T16:14:51.749+0000] {logging_mixin.py:190} INFO - [2024-12-02T16:14:51.748+0000] {dag.py:4180} INFO - Setting next_dagrun for data_pipeline_etl to None, run_after=None
[2024-12-02T16:14:51.763+0000] {processor.py:208} INFO - Processing /opt/airflow/dags/etl_pipeline_auto.py took 0.077 seconds
[2024-12-02T16:15:21.875+0000] {processor.py:186} INFO - Started process (PID=344) to work on /opt/airflow/dags/etl_pipeline_auto.py
[2024-12-02T16:15:21.877+0000] {processor.py:914} INFO - Processing file /opt/airflow/dags/etl_pipeline_auto.py for tasks to queue
[2024-12-02T16:15:21.880+0000] {logging_mixin.py:190} INFO - [2024-12-02T16:15:21.879+0000] {dagbag.py:588} INFO - Filling up the DagBag from /opt/airflow/dags/etl_pipeline_auto.py
[2024-12-02T16:15:21.890+0000] {processor.py:925} INFO - DAG(s) 'data_pipeline_etl' retrieved from /opt/airflow/dags/etl_pipeline_auto.py
[2024-12-02T16:15:21.917+0000] {logging_mixin.py:190} INFO - [2024-12-02T16:15:21.917+0000] {dag.py:3239} INFO - Sync 1 DAGs
[2024-12-02T16:15:21.940+0000] {logging_mixin.py:190} INFO - [2024-12-02T16:15:21.940+0000] {dag.py:4180} INFO - Setting next_dagrun for data_pipeline_etl to None, run_after=None
[2024-12-02T16:15:21.958+0000] {processor.py:208} INFO - Processing /opt/airflow/dags/etl_pipeline_auto.py took 0.087 seconds
[2024-12-02T16:15:52.123+0000] {processor.py:186} INFO - Started process (PID=349) to work on /opt/airflow/dags/etl_pipeline_auto.py
[2024-12-02T16:15:52.132+0000] {processor.py:914} INFO - Processing file /opt/airflow/dags/etl_pipeline_auto.py for tasks to queue
[2024-12-02T16:15:52.134+0000] {logging_mixin.py:190} INFO - [2024-12-02T16:15:52.134+0000] {dagbag.py:588} INFO - Filling up the DagBag from /opt/airflow/dags/etl_pipeline_auto.py
[2024-12-02T16:15:52.148+0000] {processor.py:925} INFO - DAG(s) 'data_pipeline_etl' retrieved from /opt/airflow/dags/etl_pipeline_auto.py
[2024-12-02T16:15:52.173+0000] {logging_mixin.py:190} INFO - [2024-12-02T16:15:52.172+0000] {dag.py:3239} INFO - Sync 1 DAGs
[2024-12-02T16:15:52.194+0000] {logging_mixin.py:190} INFO - [2024-12-02T16:15:52.194+0000] {dag.py:4180} INFO - Setting next_dagrun for data_pipeline_etl to None, run_after=None
[2024-12-02T16:15:52.212+0000] {processor.py:208} INFO - Processing /opt/airflow/dags/etl_pipeline_auto.py took 0.094 seconds
[2024-12-02T16:16:22.358+0000] {processor.py:186} INFO - Started process (PID=354) to work on /opt/airflow/dags/etl_pipeline_auto.py
[2024-12-02T16:16:22.358+0000] {processor.py:914} INFO - Processing file /opt/airflow/dags/etl_pipeline_auto.py for tasks to queue
[2024-12-02T16:16:22.361+0000] {logging_mixin.py:190} INFO - [2024-12-02T16:16:22.361+0000] {dagbag.py:588} INFO - Filling up the DagBag from /opt/airflow/dags/etl_pipeline_auto.py
[2024-12-02T16:16:22.374+0000] {processor.py:925} INFO - DAG(s) 'data_pipeline_etl' retrieved from /opt/airflow/dags/etl_pipeline_auto.py
[2024-12-02T16:16:22.405+0000] {logging_mixin.py:190} INFO - [2024-12-02T16:16:22.405+0000] {dag.py:3239} INFO - Sync 1 DAGs
[2024-12-02T16:16:22.428+0000] {logging_mixin.py:190} INFO - [2024-12-02T16:16:22.427+0000] {dag.py:4180} INFO - Setting next_dagrun for data_pipeline_etl to None, run_after=None
[2024-12-02T16:16:22.448+0000] {processor.py:208} INFO - Processing /opt/airflow/dags/etl_pipeline_auto.py took 0.097 seconds
[2024-12-02T16:16:52.593+0000] {processor.py:186} INFO - Started process (PID=359) to work on /opt/airflow/dags/etl_pipeline_auto.py
[2024-12-02T16:16:52.595+0000] {processor.py:914} INFO - Processing file /opt/airflow/dags/etl_pipeline_auto.py for tasks to queue
[2024-12-02T16:16:52.597+0000] {logging_mixin.py:190} INFO - [2024-12-02T16:16:52.597+0000] {dagbag.py:588} INFO - Filling up the DagBag from /opt/airflow/dags/etl_pipeline_auto.py
[2024-12-02T16:16:52.610+0000] {processor.py:925} INFO - DAG(s) 'data_pipeline_etl' retrieved from /opt/airflow/dags/etl_pipeline_auto.py
[2024-12-02T16:16:52.634+0000] {logging_mixin.py:190} INFO - [2024-12-02T16:16:52.634+0000] {dag.py:3239} INFO - Sync 1 DAGs
[2024-12-02T16:16:52.656+0000] {logging_mixin.py:190} INFO - [2024-12-02T16:16:52.656+0000] {dag.py:4180} INFO - Setting next_dagrun for data_pipeline_etl to None, run_after=None
[2024-12-02T16:16:52.676+0000] {processor.py:208} INFO - Processing /opt/airflow/dags/etl_pipeline_auto.py took 0.087 seconds
[2024-12-02T16:17:22.825+0000] {processor.py:186} INFO - Started process (PID=364) to work on /opt/airflow/dags/etl_pipeline_auto.py
[2024-12-02T16:17:22.826+0000] {processor.py:914} INFO - Processing file /opt/airflow/dags/etl_pipeline_auto.py for tasks to queue
[2024-12-02T16:17:22.829+0000] {logging_mixin.py:190} INFO - [2024-12-02T16:17:22.829+0000] {dagbag.py:588} INFO - Filling up the DagBag from /opt/airflow/dags/etl_pipeline_auto.py
[2024-12-02T16:17:22.839+0000] {processor.py:925} INFO - DAG(s) 'data_pipeline_etl' retrieved from /opt/airflow/dags/etl_pipeline_auto.py
[2024-12-02T16:17:22.871+0000] {logging_mixin.py:190} INFO - [2024-12-02T16:17:22.871+0000] {dag.py:3239} INFO - Sync 1 DAGs
[2024-12-02T16:17:22.892+0000] {logging_mixin.py:190} INFO - [2024-12-02T16:17:22.892+0000] {dag.py:4180} INFO - Setting next_dagrun for data_pipeline_etl to None, run_after=None
[2024-12-02T16:17:22.909+0000] {processor.py:208} INFO - Processing /opt/airflow/dags/etl_pipeline_auto.py took 0.089 seconds
[2024-12-02T16:17:53.020+0000] {processor.py:186} INFO - Started process (PID=369) to work on /opt/airflow/dags/etl_pipeline_auto.py
[2024-12-02T16:17:53.021+0000] {processor.py:914} INFO - Processing file /opt/airflow/dags/etl_pipeline_auto.py for tasks to queue
[2024-12-02T16:17:53.025+0000] {logging_mixin.py:190} INFO - [2024-12-02T16:17:53.025+0000] {dagbag.py:588} INFO - Filling up the DagBag from /opt/airflow/dags/etl_pipeline_auto.py
[2024-12-02T16:17:53.041+0000] {processor.py:925} INFO - DAG(s) 'data_pipeline_etl' retrieved from /opt/airflow/dags/etl_pipeline_auto.py
[2024-12-02T16:17:53.070+0000] {logging_mixin.py:190} INFO - [2024-12-02T16:17:53.070+0000] {dag.py:3239} INFO - Sync 1 DAGs
[2024-12-02T16:17:53.096+0000] {logging_mixin.py:190} INFO - [2024-12-02T16:17:53.096+0000] {dag.py:4180} INFO - Setting next_dagrun for data_pipeline_etl to None, run_after=None
[2024-12-02T16:17:53.120+0000] {processor.py:208} INFO - Processing /opt/airflow/dags/etl_pipeline_auto.py took 0.105 seconds
[2024-12-02T16:18:23.301+0000] {processor.py:186} INFO - Started process (PID=374) to work on /opt/airflow/dags/etl_pipeline_auto.py
[2024-12-02T16:18:23.322+0000] {processor.py:914} INFO - Processing file /opt/airflow/dags/etl_pipeline_auto.py for tasks to queue
[2024-12-02T16:18:23.337+0000] {logging_mixin.py:190} INFO - [2024-12-02T16:18:23.336+0000] {dagbag.py:588} INFO - Filling up the DagBag from /opt/airflow/dags/etl_pipeline_auto.py
[2024-12-02T16:18:23.390+0000] {processor.py:925} INFO - DAG(s) 'data_pipeline_etl' retrieved from /opt/airflow/dags/etl_pipeline_auto.py
[2024-12-02T16:18:23.501+0000] {logging_mixin.py:190} INFO - [2024-12-02T16:18:23.500+0000] {dag.py:3239} INFO - Sync 1 DAGs
[2024-12-02T16:18:23.570+0000] {logging_mixin.py:190} INFO - [2024-12-02T16:18:23.570+0000] {dag.py:4180} INFO - Setting next_dagrun for data_pipeline_etl to None, run_after=None
[2024-12-02T16:18:23.599+0000] {processor.py:208} INFO - Processing /opt/airflow/dags/etl_pipeline_auto.py took 0.326 seconds
