[2024-12-19T13:39:26.968+0000] {local_task_job_runner.py:123} INFO - ::group::Pre task execution logs
[2024-12-19T13:39:26.989+0000] {taskinstance.py:2613} INFO - Dependencies all met for dep_context=non-requeueable deps ti=<TaskInstance: data_pipeline_etl.collect_data scheduled__2024-12-18T04:00:00+00:00 [queued]>
[2024-12-19T13:39:27.001+0000] {taskinstance.py:2613} INFO - Dependencies all met for dep_context=requeueable deps ti=<TaskInstance: data_pipeline_etl.collect_data scheduled__2024-12-18T04:00:00+00:00 [queued]>
[2024-12-19T13:39:27.002+0000] {taskinstance.py:2866} INFO - Starting attempt 1 of 2
[2024-12-19T13:39:27.022+0000] {taskinstance.py:2889} INFO - Executing <Task(BashOperator): collect_data> on 2024-12-18 04:00:00+00:00
[2024-12-19T13:39:27.030+0000] {logging_mixin.py:190} WARNING - /home/***/.local/lib/python3.12/site-packages/***/task/task_runner/standard_task_runner.py:70 DeprecationWarning: This process (pid=173) is multi-threaded, use of fork() may lead to deadlocks in the child.
[2024-12-19T13:39:27.032+0000] {standard_task_runner.py:72} INFO - Started process 174 to run task
[2024-12-19T13:39:27.030+0000] {standard_task_runner.py:104} INFO - Running: ['***', 'tasks', 'run', 'data_pipeline_etl', 'collect_data', 'scheduled__2024-12-18T04:00:00+00:00', '--job-id', '82', '--raw', '--subdir', 'DAGS_FOLDER/etl_pipeline_auto.py', '--cfg-path', '/tmp/tmpa4ubwl3i']
[2024-12-19T13:39:27.034+0000] {standard_task_runner.py:105} INFO - Job 82: Subtask collect_data
[2024-12-19T13:39:27.097+0000] {task_command.py:467} INFO - Running <TaskInstance: data_pipeline_etl.collect_data scheduled__2024-12-18T04:00:00+00:00 [running]> on host ad2ccc023e34
[2024-12-19T13:39:27.254+0000] {taskinstance.py:3132} INFO - Exporting env vars: AIRFLOW_CTX_DAG_OWNER='***' AIRFLOW_CTX_DAG_ID='data_pipeline_etl' AIRFLOW_CTX_TASK_ID='collect_data' AIRFLOW_CTX_EXECUTION_DATE='2024-12-18T04:00:00+00:00' AIRFLOW_CTX_TRY_NUMBER='1' AIRFLOW_CTX_DAG_RUN_ID='scheduled__2024-12-18T04:00:00+00:00'
[2024-12-19T13:39:27.255+0000] {taskinstance.py:731} INFO - ::endgroup::
[2024-12-19T13:39:27.329+0000] {subprocess.py:78} INFO - Tmp dir root location: /tmp
[2024-12-19T13:39:27.330+0000] {subprocess.py:88} INFO - Running command: ['/usr/bin/bash', '-c', 'python /opt/***/data-pipeline-project/product_data_scraper.py']
[2024-12-19T13:39:27.337+0000] {subprocess.py:99} INFO - Output:
[2024-12-19T13:56:08.762+0000] {subprocess.py:106} INFO - 320번 데이터 수집 시작
[2024-12-19T13:56:08.768+0000] {subprocess.py:106} INFO - 페이지 4 데이터 수집 시작 (카테고리: 320)
[2024-12-19T13:56:08.769+0000] {subprocess.py:106} INFO - 페이지 1 데이터 수집 시작 (카테고리: 320)
[2024-12-19T13:56:08.769+0000] {subprocess.py:106} INFO - 페이지 3 데이터 수집 시작 (카테고리: 320)
[2024-12-19T13:56:08.769+0000] {subprocess.py:106} INFO - 페이지 2 데이터 수집 시작 (카테고리: 320)
[2024-12-19T13:56:08.772+0000] {subprocess.py:106} INFO - 페이지 5 데이터 수집 시작 (카테고리: 320)
[2024-12-19T13:56:08.772+0000] {subprocess.py:106} INFO - 페이지 6 데이터 수집 시작 (카테고리: 320)
[2024-12-19T13:56:08.772+0000] {subprocess.py:106} INFO - 페이지 7 데이터 수집 시작 (카테고리: 320)
[2024-12-19T13:56:08.773+0000] {subprocess.py:106} INFO - 페이지 8 데이터 수집 시작 (카테고리: 320)
[2024-12-19T13:56:08.773+0000] {subprocess.py:106} INFO - 페이지 9 데이터 수집 시작 (카테고리: 320)
[2024-12-19T13:56:08.774+0000] {subprocess.py:106} INFO - 페이지 10 데이터 수집 시작 (카테고리: 320)
[2024-12-19T13:56:08.774+0000] {subprocess.py:106} INFO - 페이지 11 데이터 수집 시작 (카테고리: 320)
[2024-12-19T13:56:08.774+0000] {subprocess.py:106} INFO - 페이지 12 데이터 수집 시작 (카테고리: 320)
[2024-12-19T13:56:08.775+0000] {subprocess.py:106} INFO - 페이지 13 데이터 수집 시작 (카테고리: 320)
[2024-12-19T13:56:08.775+0000] {subprocess.py:106} INFO - 페이지 14 데이터 수집 시작 (카테고리: 320)
[2024-12-19T13:56:08.776+0000] {subprocess.py:106} INFO - 페이지 15 데이터 수집 시작 (카테고리: 320)
[2024-12-19T13:56:08.776+0000] {subprocess.py:106} INFO - 페이지 16 데이터 수집 시작 (카테고리: 320)
[2024-12-19T13:56:08.776+0000] {subprocess.py:106} INFO - 페이지 17 데이터 수집 시작 (카테고리: 320)
[2024-12-19T13:56:08.777+0000] {subprocess.py:106} INFO - 페이지 18 데이터 수집 시작 (카테고리: 320)
[2024-12-19T13:56:08.777+0000] {subprocess.py:106} INFO - 페이지 19 데이터 수집 시작 (카테고리: 320)
[2024-12-19T13:56:08.779+0000] {subprocess.py:106} INFO - 페이지 20 데이터 수집 시작 (카테고리: 320)
[2024-12-19T13:56:08.779+0000] {subprocess.py:106} INFO - 페이지 21 데이터 수집 시작 (카테고리: 320)
[2024-12-19T13:56:08.780+0000] {subprocess.py:106} INFO - 페이지 22 데이터 수집 시작 (카테고리: 320)
[2024-12-19T13:56:08.780+0000] {subprocess.py:106} INFO - 페이지 23 데이터 수집 시작 (카테고리: 320)
[2024-12-19T13:56:08.780+0000] {subprocess.py:106} INFO - 페이지 24 데이터 수집 시작 (카테고리: 320)
[2024-12-19T13:56:08.780+0000] {subprocess.py:106} INFO - 페이지 25 데이터 수집 시작 (카테고리: 320)
[2024-12-19T13:56:08.780+0000] {subprocess.py:106} INFO - 페이지 26 데이터 수집 시작 (카테고리: 320)
[2024-12-19T13:56:08.780+0000] {subprocess.py:106} INFO - 페이지 27 데이터 수집 시작 (카테고리: 320)
[2024-12-19T13:56:08.781+0000] {subprocess.py:106} INFO - 페이지 28 데이터 수집 시작 (카테고리: 320)
[2024-12-19T13:56:08.781+0000] {subprocess.py:106} INFO - 페이지 29 데이터 수집 시작 (카테고리: 320)
[2024-12-19T13:56:08.781+0000] {subprocess.py:106} INFO - 페이지 30 데이터 수집 시작 (카테고리: 320)
[2024-12-19T13:56:08.781+0000] {subprocess.py:106} INFO - 페이지 31 데이터 수집 시작 (카테고리: 320)
[2024-12-19T13:56:08.781+0000] {subprocess.py:106} INFO - 페이지 32 데이터 수집 시작 (카테고리: 320)
[2024-12-19T13:56:08.781+0000] {subprocess.py:106} INFO - 페이지 33 데이터 수집 시작 (카테고리: 320)
[2024-12-19T13:56:08.781+0000] {subprocess.py:106} INFO - 페이지 34 데이터 수집 시작 (카테고리: 320)
[2024-12-19T13:56:08.781+0000] {subprocess.py:106} INFO - 페이지 35 데이터 수집 시작 (카테고리: 320)
[2024-12-19T13:56:08.781+0000] {subprocess.py:106} INFO - 페이지 36 데이터 수집 시작 (카테고리: 320)
[2024-12-19T13:56:08.781+0000] {subprocess.py:106} INFO - 페이지 37 데이터 수집 시작 (카테고리: 320)
[2024-12-19T13:56:08.782+0000] {subprocess.py:106} INFO - 페이지 38 데이터 수집 시작 (카테고리: 320)
[2024-12-19T13:56:08.782+0000] {subprocess.py:106} INFO - 페이지 39 데이터 수집 시작 (카테고리: 320)
[2024-12-19T13:56:08.782+0000] {subprocess.py:106} INFO - 페이지 40 데이터 수집 시작 (카테고리: 320)
[2024-12-19T13:56:08.782+0000] {subprocess.py:106} INFO - 페이지 41 데이터 수집 시작 (카테고리: 320)
[2024-12-19T13:56:08.782+0000] {subprocess.py:106} INFO - 페이지 42 데이터 수집 시작 (카테고리: 320)
[2024-12-19T13:56:08.782+0000] {subprocess.py:106} INFO - 페이지 43 데이터 수집 시작 (카테고리: 320)
[2024-12-19T13:56:08.782+0000] {subprocess.py:106} INFO - 페이지 44 데이터 수집 시작 (카테고리: 320)
[2024-12-19T13:56:08.782+0000] {subprocess.py:106} INFO - 페이지 45 데이터 수집 시작 (카테고리: 320)
[2024-12-19T13:56:08.782+0000] {subprocess.py:106} INFO - 페이지 46 데이터 수집 시작 (카테고리: 320)
[2024-12-19T13:56:08.782+0000] {subprocess.py:106} INFO - 페이지 47 데이터 수집 시작 (카테고리: 320)
[2024-12-19T13:56:08.783+0000] {subprocess.py:106} INFO - 페이지 48 데이터 수집 시작 (카테고리: 320)
[2024-12-19T13:56:08.783+0000] {subprocess.py:106} INFO - 페이지 49 데이터 수집 시작 (카테고리: 320)
[2024-12-19T13:56:08.783+0000] {subprocess.py:106} INFO - 페이지 50 데이터 수집 시작 (카테고리: 320)
[2024-12-19T13:56:08.783+0000] {subprocess.py:106} INFO - 페이지 51 데이터 수집 시작 (카테고리: 320)
[2024-12-19T13:56:08.783+0000] {subprocess.py:106} INFO - 페이지 52 데이터 수집 시작 (카테고리: 320)
[2024-12-19T13:56:08.784+0000] {subprocess.py:106} INFO - 페이지 53 데이터 수집 시작 (카테고리: 320)
[2024-12-19T13:56:08.784+0000] {subprocess.py:106} INFO - 페이지 54 데이터 수집 시작 (카테고리: 320)
[2024-12-19T13:56:08.784+0000] {subprocess.py:106} INFO - 페이지 55 데이터 수집 시작 (카테고리: 320)
[2024-12-19T13:56:08.784+0000] {subprocess.py:106} INFO - 페이지 56 데이터 수집 시작 (카테고리: 320)
[2024-12-19T13:56:08.784+0000] {subprocess.py:106} INFO - 페이지 57 데이터 수집 시작 (카테고리: 320)
[2024-12-19T13:56:08.784+0000] {subprocess.py:106} INFO - 페이지 58 데이터 수집 시작 (카테고리: 320)
[2024-12-19T13:56:08.784+0000] {subprocess.py:106} INFO - 페이지 59 데이터 수집 시작 (카테고리: 320)
[2024-12-19T13:56:08.784+0000] {subprocess.py:106} INFO - 페이지 60 데이터 수집 시작 (카테고리: 320)
[2024-12-19T13:56:08.784+0000] {subprocess.py:106} INFO - 페이지 61 데이터 수집 시작 (카테고리: 320)
[2024-12-19T13:56:08.784+0000] {subprocess.py:106} INFO - 페이지 62 데이터 수집 시작 (카테고리: 320)
[2024-12-19T13:56:08.784+0000] {subprocess.py:106} INFO - 페이지 63 데이터 수집 시작 (카테고리: 320)
[2024-12-19T13:56:08.785+0000] {subprocess.py:106} INFO - 페이지 64 데이터 수집 시작 (카테고리: 320)
[2024-12-19T13:56:08.785+0000] {subprocess.py:106} INFO - 페이지 65 데이터 수집 시작 (카테고리: 320)
[2024-12-19T13:56:08.785+0000] {subprocess.py:106} INFO - 페이지 66 데이터 수집 시작 (카테고리: 320)
[2024-12-19T13:56:08.785+0000] {subprocess.py:106} INFO - 페이지 67 데이터 수집 시작 (카테고리: 320)
[2024-12-19T13:56:08.785+0000] {subprocess.py:106} INFO - 페이지 68 데이터 수집 시작 (카테고리: 320)
[2024-12-19T13:56:08.785+0000] {subprocess.py:106} INFO - 페이지 69 데이터 수집 시작 (카테고리: 320)
[2024-12-19T13:56:08.785+0000] {subprocess.py:106} INFO - 페이지 70 데이터 수집 시작 (카테고리: 320)
[2024-12-19T13:56:08.785+0000] {subprocess.py:106} INFO - 페이지 71 데이터 수집 시작 (카테고리: 320)
[2024-12-19T13:56:08.785+0000] {subprocess.py:106} INFO - 페이지 72 데이터 수집 시작 (카테고리: 320)
[2024-12-19T13:56:08.786+0000] {subprocess.py:106} INFO - 페이지 73 데이터 수집 시작 (카테고리: 320)
[2024-12-19T13:56:08.786+0000] {subprocess.py:106} INFO - 페이지 74 데이터 수집 시작 (카테고리: 320)
[2024-12-19T13:56:08.786+0000] {subprocess.py:106} INFO - 페이지 75 데이터 수집 시작 (카테고리: 320)
[2024-12-19T13:56:08.786+0000] {subprocess.py:106} INFO - 페이지 76 데이터 수집 시작 (카테고리: 320)
[2024-12-19T13:56:08.786+0000] {subprocess.py:106} INFO - 페이지 77 데이터 수집 시작 (카테고리: 320)
[2024-12-19T13:56:08.786+0000] {subprocess.py:106} INFO - 페이지 78 데이터 수집 시작 (카테고리: 320)
[2024-12-19T13:56:08.786+0000] {subprocess.py:106} INFO - 페이지 79 데이터 수집 시작 (카테고리: 320)
[2024-12-19T13:56:08.786+0000] {subprocess.py:106} INFO - 페이지 80 데이터 수집 시작 (카테고리: 320)
[2024-12-19T13:56:08.786+0000] {subprocess.py:106} INFO - 페이지 81 데이터 수집 시작 (카테고리: 320)
[2024-12-19T13:56:08.787+0000] {subprocess.py:106} INFO - 페이지 82 데이터 수집 시작 (카테고리: 320)
[2024-12-19T13:56:08.788+0000] {subprocess.py:106} INFO - 페이지 83 데이터 수집 시작 (카테고리: 320)
[2024-12-19T13:56:08.788+0000] {subprocess.py:106} INFO - 페이지 84 데이터 수집 시작 (카테고리: 320)
[2024-12-19T13:56:08.788+0000] {subprocess.py:106} INFO - 페이지 85 데이터 수집 시작 (카테고리: 320)
[2024-12-19T13:56:08.788+0000] {subprocess.py:106} INFO - 페이지 86 데이터 수집 시작 (카테고리: 320)
[2024-12-19T13:56:08.788+0000] {subprocess.py:106} INFO - 페이지 87 데이터 수집 시작 (카테고리: 320)
[2024-12-19T13:56:08.788+0000] {subprocess.py:106} INFO - 페이지 88 데이터 수집 시작 (카테고리: 320)
[2024-12-19T13:56:08.788+0000] {subprocess.py:106} INFO - 페이지 89 데이터 수집 시작 (카테고리: 320)
[2024-12-19T13:56:08.788+0000] {subprocess.py:106} INFO - 페이지 90 데이터 수집 시작 (카테고리: 320)
[2024-12-19T13:56:08.789+0000] {subprocess.py:106} INFO - 페이지 91 데이터 수집 시작 (카테고리: 320)
[2024-12-19T13:56:08.789+0000] {subprocess.py:106} INFO - 페이지 92 데이터 수집 시작 (카테고리: 320)
[2024-12-19T13:56:08.789+0000] {subprocess.py:106} INFO - 페이지 93 데이터 수집 시작 (카테고리: 320)
[2024-12-19T13:56:08.789+0000] {subprocess.py:106} INFO - 페이지 94 데이터 수집 시작 (카테고리: 320)
[2024-12-19T13:56:08.789+0000] {subprocess.py:106} INFO - 페이지 95 데이터 수집 시작 (카테고리: 320)
[2024-12-19T13:56:08.789+0000] {subprocess.py:106} INFO - 페이지 96 데이터 수집 시작 (카테고리: 320)
[2024-12-19T13:56:08.789+0000] {subprocess.py:106} INFO - 페이지 97 데이터 수집 시작 (카테고리: 320)
[2024-12-19T13:56:08.789+0000] {subprocess.py:106} INFO - 페이지 98 데이터 수집 시작 (카테고리: 320)
[2024-12-19T13:56:08.790+0000] {subprocess.py:106} INFO - 페이지 99 데이터 수집 시작 (카테고리: 320)
[2024-12-19T13:56:08.790+0000] {subprocess.py:106} INFO - 페이지 100 데이터 수집 시작 (카테고리: 320)
[2024-12-19T13:56:08.790+0000] {subprocess.py:106} INFO - 페이지 101 데이터 수집 시작 (카테고리: 320)
[2024-12-19T13:56:08.790+0000] {subprocess.py:106} INFO - 페이지 102 데이터 수집 시작 (카테고리: 320)
[2024-12-19T13:56:08.790+0000] {subprocess.py:106} INFO - 페이지 103 데이터 수집 시작 (카테고리: 320)
[2024-12-19T13:56:08.790+0000] {subprocess.py:106} INFO - 페이지 104 데이터 수집 시작 (카테고리: 320)
[2024-12-19T13:56:08.791+0000] {subprocess.py:106} INFO - 페이지 105 데이터 수집 시작 (카테고리: 320)
[2024-12-19T13:56:08.791+0000] {subprocess.py:106} INFO - 페이지 106 데이터 수집 시작 (카테고리: 320)
[2024-12-19T13:56:08.791+0000] {subprocess.py:106} INFO - 페이지 107 데이터 수집 시작 (카테고리: 320)
[2024-12-19T13:56:08.791+0000] {subprocess.py:106} INFO - 페이지 108 데이터 수집 시작 (카테고리: 320)
[2024-12-19T13:56:08.791+0000] {subprocess.py:106} INFO - 페이지 109 데이터 수집 시작 (카테고리: 320)
[2024-12-19T13:56:08.791+0000] {subprocess.py:106} INFO - 페이지 110 데이터 수집 시작 (카테고리: 320)
[2024-12-19T13:56:08.791+0000] {subprocess.py:106} INFO - 페이지 111 데이터 수집 시작 (카테고리: 320)
[2024-12-19T13:56:08.791+0000] {subprocess.py:106} INFO - 페이지 112 데이터 수집 시작 (카테고리: 320)
[2024-12-19T13:56:08.791+0000] {subprocess.py:106} INFO - 페이지 113 데이터 수집 시작 (카테고리: 320)
[2024-12-19T13:56:08.792+0000] {subprocess.py:106} INFO - 페이지 114 데이터 수집 시작 (카테고리: 320)
[2024-12-19T13:56:08.792+0000] {subprocess.py:106} INFO - 페이지 115 데이터 수집 시작 (카테고리: 320)
[2024-12-19T13:56:08.792+0000] {subprocess.py:106} INFO - 페이지 116 데이터 수집 시작 (카테고리: 320)
[2024-12-19T13:56:08.792+0000] {subprocess.py:106} INFO - 페이지 117 데이터 수집 시작 (카테고리: 320)
[2024-12-19T13:56:08.792+0000] {subprocess.py:106} INFO - 페이지 118 데이터 수집 시작 (카테고리: 320)
[2024-12-19T13:56:08.792+0000] {subprocess.py:106} INFO - 페이지 119 데이터 수집 시작 (카테고리: 320)
[2024-12-19T13:56:08.792+0000] {subprocess.py:106} INFO - 페이지 120 데이터 수집 시작 (카테고리: 320)
[2024-12-19T13:56:08.792+0000] {subprocess.py:106} INFO - 페이지 121 데이터 수집 시작 (카테고리: 320)
[2024-12-19T13:56:08.792+0000] {subprocess.py:106} INFO - 페이지 122 데이터 수집 시작 (카테고리: 320)
[2024-12-19T13:56:08.792+0000] {subprocess.py:106} INFO - 페이지 123 데이터 수집 시작 (카테고리: 320)
[2024-12-19T13:56:08.792+0000] {subprocess.py:106} INFO - 페이지 124 데이터 수집 시작 (카테고리: 320)
[2024-12-19T13:56:08.792+0000] {subprocess.py:106} INFO - 페이지 125 데이터 수집 시작 (카테고리: 320)
[2024-12-19T13:56:08.793+0000] {subprocess.py:106} INFO - 페이지 126 데이터 수집 시작 (카테고리: 320)
[2024-12-19T13:56:08.793+0000] {subprocess.py:106} INFO - 페이지 127 데이터 수집 시작 (카테고리: 320)
[2024-12-19T13:56:08.793+0000] {subprocess.py:106} INFO - 페이지 128 데이터 수집 시작 (카테고리: 320)
[2024-12-19T13:56:08.793+0000] {subprocess.py:106} INFO - 페이지 129 데이터 수집 시작 (카테고리: 320)
[2024-12-19T13:56:08.793+0000] {subprocess.py:106} INFO - 페이지 130 데이터 수집 시작 (카테고리: 320)
[2024-12-19T13:56:08.793+0000] {subprocess.py:106} INFO - 페이지 131 데이터 수집 시작 (카테고리: 320)
[2024-12-19T13:56:08.793+0000] {subprocess.py:106} INFO - 페이지 132 데이터 수집 시작 (카테고리: 320)
[2024-12-19T13:56:08.793+0000] {subprocess.py:106} INFO - 페이지 133 데이터 수집 시작 (카테고리: 320)
[2024-12-19T13:56:08.793+0000] {subprocess.py:106} INFO - 페이지 134 데이터 수집 시작 (카테고리: 320)
[2024-12-19T13:56:08.794+0000] {subprocess.py:106} INFO - 페이지 135 데이터 수집 시작 (카테고리: 320)
[2024-12-19T13:56:08.794+0000] {subprocess.py:106} INFO - 페이지 136 데이터 수집 시작 (카테고리: 320)
[2024-12-19T13:56:08.794+0000] {subprocess.py:106} INFO - 페이지 137 데이터 수집 시작 (카테고리: 320)
[2024-12-19T13:56:08.794+0000] {subprocess.py:106} INFO - 페이지 138 데이터 수집 시작 (카테고리: 320)
[2024-12-19T13:56:08.794+0000] {subprocess.py:106} INFO - 페이지 140 데이터 수집 시작 (카테고리: 320)
[2024-12-19T13:56:08.794+0000] {subprocess.py:106} INFO - 페이지 139 데이터 수집 시작 (카테고리: 320)
[2024-12-19T13:56:08.794+0000] {subprocess.py:106} INFO - 페이지 141 데이터 수집 시작 (카테고리: 320)
[2024-12-19T13:56:08.794+0000] {subprocess.py:106} INFO - 페이지 142 데이터 수집 시작 (카테고리: 320)
[2024-12-19T14:07:38.728+0000] {subprocess.py:106} INFO - 페이지 143 데이터 수집 시작 (카테고리: 320)
[2024-12-19T14:07:38.730+0000] {subprocess.py:106} INFO - 페이지 144 데이터 수집 시작 (카테고리: 320)
[2024-12-19T14:07:38.731+0000] {subprocess.py:106} INFO - 페이지 145 데이터 수집 시작 (카테고리: 320)
[2024-12-19T14:07:38.731+0000] {subprocess.py:106} INFO - 페이지 146 데이터 수집 시작 (카테고리: 320)
[2024-12-19T14:07:38.731+0000] {subprocess.py:106} INFO - 페이지 147 데이터 수집 시작 (카테고리: 320)
[2024-12-19T14:07:38.734+0000] {subprocess.py:106} INFO - 페이지 148 데이터 수집 시작 (카테고리: 320)
[2024-12-19T14:07:38.735+0000] {subprocess.py:106} INFO - 페이지 149 데이터 수집 시작 (카테고리: 320)
[2024-12-19T14:07:38.735+0000] {subprocess.py:106} INFO - 페이지 150 데이터 수집 시작 (카테고리: 320)
[2024-12-19T14:07:38.736+0000] {subprocess.py:106} INFO - 페이지 151 데이터 수집 시작 (카테고리: 320)
[2024-12-19T14:07:38.736+0000] {subprocess.py:106} INFO - 페이지 152 데이터 수집 시작 (카테고리: 320)
[2024-12-19T14:07:38.737+0000] {subprocess.py:106} INFO - 페이지 153 데이터 수집 시작 (카테고리: 320)
[2024-12-19T14:07:38.737+0000] {subprocess.py:106} INFO - 페이지 154 데이터 수집 시작 (카테고리: 320)
[2024-12-19T14:07:38.737+0000] {subprocess.py:106} INFO - 페이지 155 데이터 수집 시작 (카테고리: 320)
[2024-12-19T14:07:38.738+0000] {subprocess.py:106} INFO - 페이지 156 데이터 수집 시작 (카테고리: 320)
[2024-12-19T14:07:38.738+0000] {subprocess.py:106} INFO - 페이지 157 데이터 수집 시작 (카테고리: 320)
[2024-12-19T14:07:38.738+0000] {subprocess.py:106} INFO - 페이지 158 데이터 수집 시작 (카테고리: 320)
[2024-12-19T14:07:38.740+0000] {subprocess.py:106} INFO - 페이지 159 데이터 수집 시작 (카테고리: 320)
[2024-12-19T14:07:38.741+0000] {subprocess.py:106} INFO - 페이지 160 데이터 수집 시작 (카테고리: 320)
[2024-12-19T14:07:38.741+0000] {subprocess.py:106} INFO - 페이지 161 데이터 수집 시작 (카테고리: 320)
[2024-12-19T14:07:38.741+0000] {subprocess.py:106} INFO - 페이지 162 데이터 수집 시작 (카테고리: 320)
[2024-12-19T14:07:38.741+0000] {subprocess.py:106} INFO - 페이지 163 데이터 수집 시작 (카테고리: 320)
[2024-12-19T14:07:38.742+0000] {subprocess.py:106} INFO - 페이지 164 데이터 수집 시작 (카테고리: 320)
[2024-12-19T14:07:38.742+0000] {subprocess.py:106} INFO - 페이지 165 데이터 수집 시작 (카테고리: 320)
[2024-12-19T14:07:38.743+0000] {subprocess.py:106} INFO - 페이지 166 데이터 수집 시작 (카테고리: 320)
[2024-12-19T14:07:38.743+0000] {subprocess.py:106} INFO - 페이지 167 데이터 수집 시작 (카테고리: 320)
[2024-12-19T14:07:38.744+0000] {subprocess.py:106} INFO - 페이지 168 데이터 수집 시작 (카테고리: 320)
[2024-12-19T14:07:38.744+0000] {subprocess.py:106} INFO - 페이지 169 데이터 수집 시작 (카테고리: 320)
[2024-12-19T14:07:38.744+0000] {subprocess.py:106} INFO - 페이지 170 데이터 수집 시작 (카테고리: 320)
[2024-12-19T14:07:38.745+0000] {subprocess.py:106} INFO - 페이지 171 데이터 수집 시작 (카테고리: 320)
[2024-12-19T14:07:38.745+0000] {subprocess.py:106} INFO - 페이지 172 데이터 수집 시작 (카테고리: 320)
[2024-12-19T14:07:38.746+0000] {subprocess.py:106} INFO - 페이지 173 데이터 수집 시작 (카테고리: 320)
[2024-12-19T14:07:38.747+0000] {subprocess.py:106} INFO - 페이지 174 데이터 수집 시작 (카테고리: 320)
[2024-12-19T14:07:38.748+0000] {subprocess.py:106} INFO - 페이지 175 데이터 수집 시작 (카테고리: 320)
[2024-12-19T14:07:38.748+0000] {subprocess.py:106} INFO - 페이지 176 데이터 수집 시작 (카테고리: 320)
[2024-12-19T14:07:38.748+0000] {subprocess.py:106} INFO - 페이지 177 데이터 수집 시작 (카테고리: 320)
[2024-12-19T14:07:38.749+0000] {subprocess.py:106} INFO - 페이지 178 데이터 수집 시작 (카테고리: 320)
[2024-12-19T14:07:38.750+0000] {subprocess.py:106} INFO - 페이지 179 데이터 수집 시작 (카테고리: 320)
[2024-12-19T14:07:38.751+0000] {subprocess.py:106} INFO - 페이지 180 데이터 수집 시작 (카테고리: 320)
[2024-12-19T14:07:38.752+0000] {subprocess.py:106} INFO - 페이지 181 데이터 수집 시작 (카테고리: 320)
[2024-12-19T14:07:38.752+0000] {subprocess.py:106} INFO - 페이지 182 데이터 수집 시작 (카테고리: 320)
[2024-12-19T14:07:38.752+0000] {subprocess.py:106} INFO - 페이지 183 데이터 수집 시작 (카테고리: 320)
[2024-12-19T14:07:38.753+0000] {subprocess.py:106} INFO - 페이지 184 데이터 수집 시작 (카테고리: 320)
[2024-12-19T14:07:38.753+0000] {subprocess.py:106} INFO - 페이지 185 데이터 수집 시작 (카테고리: 320)
[2024-12-19T14:07:38.753+0000] {subprocess.py:106} INFO - 페이지 186 데이터 수집 시작 (카테고리: 320)
[2024-12-19T14:07:38.754+0000] {subprocess.py:106} INFO - 페이지 187 데이터 수집 시작 (카테고리: 320)
[2024-12-19T14:07:38.754+0000] {subprocess.py:106} INFO - 페이지 188 데이터 수집 시작 (카테고리: 320)
[2024-12-19T14:07:38.754+0000] {subprocess.py:106} INFO - 페이지 189 데이터 수집 시작 (카테고리: 320)
[2024-12-19T14:07:38.754+0000] {subprocess.py:106} INFO - 페이지 190 데이터 수집 시작 (카테고리: 320)
[2024-12-19T14:07:38.755+0000] {subprocess.py:106} INFO - 페이지 191 데이터 수집 시작 (카테고리: 320)
[2024-12-19T14:07:38.755+0000] {subprocess.py:106} INFO - 페이지 192 데이터 수집 시작 (카테고리: 320)
[2024-12-19T14:07:38.755+0000] {subprocess.py:106} INFO - 페이지 193 데이터 수집 시작 (카테고리: 320)
[2024-12-19T14:07:38.756+0000] {subprocess.py:106} INFO - 페이지 194 데이터 수집 시작 (카테고리: 320)
[2024-12-19T14:07:38.756+0000] {subprocess.py:106} INFO - 페이지 195 데이터 수집 시작 (카테고리: 320)
[2024-12-19T14:07:38.756+0000] {subprocess.py:106} INFO - 페이지 196 데이터 수집 시작 (카테고리: 320)
[2024-12-19T14:07:38.757+0000] {subprocess.py:106} INFO - 페이지 197 데이터 수집 시작 (카테고리: 320)
[2024-12-19T14:07:38.757+0000] {subprocess.py:106} INFO - 페이지 198 데이터 수집 시작 (카테고리: 320)
[2024-12-19T14:07:38.757+0000] {subprocess.py:106} INFO - 페이지 199 데이터 수집 시작 (카테고리: 320)
[2024-12-19T14:07:38.758+0000] {subprocess.py:106} INFO - 페이지 200 데이터 수집 시작 (카테고리: 320)
[2024-12-19T14:07:38.758+0000] {subprocess.py:106} INFO - 페이지 201 데이터 수집 시작 (카테고리: 320)
[2024-12-19T14:07:38.759+0000] {subprocess.py:106} INFO - 페이지 202 데이터 수집 시작 (카테고리: 320)
[2024-12-19T14:07:38.759+0000] {subprocess.py:106} INFO - 페이지 203 데이터 수집 시작 (카테고리: 320)
[2024-12-19T14:07:38.763+0000] {subprocess.py:106} INFO - 페이지 204 데이터 수집 시작 (카테고리: 320)
[2024-12-19T14:07:38.763+0000] {subprocess.py:106} INFO - 페이지 205 데이터 수집 시작 (카테고리: 320)
[2024-12-19T14:07:38.763+0000] {subprocess.py:106} INFO - 페이지 206 데이터 수집 시작 (카테고리: 320)
[2024-12-19T14:07:38.764+0000] {subprocess.py:106} INFO - 페이지 207 데이터 수집 시작 (카테고리: 320)
[2024-12-19T14:07:38.764+0000] {subprocess.py:106} INFO - 페이지 208 데이터 수집 시작 (카테고리: 320)
[2024-12-19T14:07:38.764+0000] {subprocess.py:106} INFO - 페이지 209 데이터 수집 시작 (카테고리: 320)
[2024-12-19T14:07:38.764+0000] {subprocess.py:106} INFO - 페이지 210 데이터 수집 시작 (카테고리: 320)
[2024-12-19T14:07:38.765+0000] {subprocess.py:106} INFO - 페이지 211 데이터 수집 시작 (카테고리: 320)
[2024-12-19T14:07:38.765+0000] {subprocess.py:106} INFO - 페이지 212 데이터 수집 시작 (카테고리: 320)
[2024-12-19T14:07:38.765+0000] {subprocess.py:106} INFO - 페이지 213 데이터 수집 시작 (카테고리: 320)
[2024-12-19T14:07:38.765+0000] {subprocess.py:106} INFO - 페이지 214 데이터 수집 시작 (카테고리: 320)
[2024-12-19T14:07:38.766+0000] {subprocess.py:106} INFO - 페이지 215 데이터 수집 시작 (카테고리: 320)
[2024-12-19T14:07:38.766+0000] {subprocess.py:106} INFO - 페이지 216 데이터 수집 시작 (카테고리: 320)
[2024-12-19T14:07:38.767+0000] {subprocess.py:106} INFO - 페이지 217 데이터 수집 시작 (카테고리: 320)
[2024-12-19T14:07:38.767+0000] {subprocess.py:106} INFO - 페이지 218 데이터 수집 시작 (카테고리: 320)
[2024-12-19T14:07:38.767+0000] {subprocess.py:106} INFO - 페이지 219 데이터 수집 시작 (카테고리: 320)
[2024-12-19T14:07:38.768+0000] {subprocess.py:106} INFO - 페이지 221 데이터 수집 시작 (카테고리: 320)
[2024-12-19T14:07:38.768+0000] {subprocess.py:106} INFO - 페이지 220 데이터 수집 시작 (카테고리: 320)
[2024-12-19T14:07:38.768+0000] {subprocess.py:106} INFO - 페이지 222 데이터 수집 시작 (카테고리: 320)
[2024-12-19T14:07:38.769+0000] {subprocess.py:106} INFO - 페이지 223 데이터 수집 시작 (카테고리: 320)
[2024-12-19T14:07:38.769+0000] {subprocess.py:106} INFO - 페이지 224 데이터 수집 시작 (카테고리: 320)
[2024-12-19T14:07:38.769+0000] {subprocess.py:106} INFO - 페이지 225 데이터 수집 시작 (카테고리: 320)
[2024-12-19T14:07:38.770+0000] {subprocess.py:106} INFO - 페이지 226 데이터 수집 시작 (카테고리: 320)
[2024-12-19T14:07:38.770+0000] {subprocess.py:106} INFO - 페이지 227 데이터 수집 시작 (카테고리: 320)
[2024-12-19T14:07:38.770+0000] {subprocess.py:106} INFO - 페이지 228 데이터 수집 시작 (카테고리: 320)
[2024-12-19T14:07:38.770+0000] {subprocess.py:106} INFO - 페이지 229 데이터 수집 시작 (카테고리: 320)
[2024-12-19T14:07:38.771+0000] {subprocess.py:106} INFO - 페이지 230 데이터 수집 시작 (카테고리: 320)
[2024-12-19T14:07:38.771+0000] {subprocess.py:106} INFO - 페이지 231 데이터 수집 시작 (카테고리: 320)
[2024-12-19T14:07:38.771+0000] {subprocess.py:106} INFO - 페이지 232 데이터 수집 시작 (카테고리: 320)
[2024-12-19T14:07:38.771+0000] {subprocess.py:106} INFO - 페이지 233 데이터 수집 시작 (카테고리: 320)
[2024-12-19T14:07:38.771+0000] {subprocess.py:106} INFO - 페이지 234 데이터 수집 시작 (카테고리: 320)
[2024-12-19T14:07:38.772+0000] {subprocess.py:106} INFO - 페이지 235 데이터 수집 시작 (카테고리: 320)
[2024-12-19T14:07:38.772+0000] {subprocess.py:106} INFO - 페이지 236 데이터 수집 시작 (카테고리: 320)
[2024-12-19T14:07:38.772+0000] {subprocess.py:106} INFO - 페이지 237 데이터 수집 시작 (카테고리: 320)
[2024-12-19T14:07:38.772+0000] {subprocess.py:106} INFO - 페이지 238 데이터 수집 시작 (카테고리: 320)
[2024-12-19T14:07:38.773+0000] {subprocess.py:106} INFO - 페이지 239 데이터 수집 시작 (카테고리: 320)
[2024-12-19T14:07:38.773+0000] {subprocess.py:106} INFO - 페이지 240 데이터 수집 시작 (카테고리: 320)
[2024-12-19T14:07:38.773+0000] {subprocess.py:106} INFO - 페이지 241 데이터 수집 시작 (카테고리: 320)
[2024-12-19T14:07:38.774+0000] {subprocess.py:106} INFO - 페이지 242 데이터 수집 시작 (카테고리: 320)
[2024-12-19T14:07:38.775+0000] {subprocess.py:106} INFO - 페이지 243 데이터 수집 시작 (카테고리: 320)
[2024-12-19T14:07:38.776+0000] {subprocess.py:106} INFO - 페이지 244 데이터 수집 시작 (카테고리: 320)
[2024-12-19T14:07:38.776+0000] {subprocess.py:106} INFO - 페이지 245 데이터 수집 시작 (카테고리: 320)
[2024-12-19T14:07:38.777+0000] {subprocess.py:106} INFO - 페이지 246 데이터 수집 시작 (카테고리: 320)
[2024-12-19T14:07:38.777+0000] {subprocess.py:106} INFO - 페이지 247 데이터 수집 시작 (카테고리: 320)
[2024-12-19T14:07:38.777+0000] {subprocess.py:106} INFO - 페이지 248 데이터 수집 시작 (카테고리: 320)
[2024-12-19T14:07:38.777+0000] {subprocess.py:106} INFO - 페이지 249 데이터 수집 시작 (카테고리: 320)
[2024-12-19T14:07:38.778+0000] {subprocess.py:106} INFO - 페이지 250 데이터 수집 시작 (카테고리: 320)
[2024-12-19T14:07:38.778+0000] {subprocess.py:106} INFO - 페이지 251 데이터 수집 시작 (카테고리: 320)
[2024-12-19T14:07:38.778+0000] {subprocess.py:106} INFO - 페이지 252 데이터 수집 시작 (카테고리: 320)
[2024-12-19T14:07:38.778+0000] {subprocess.py:106} INFO - 페이지 253 데이터 수집 시작 (카테고리: 320)
[2024-12-19T14:07:38.779+0000] {subprocess.py:106} INFO - 페이지 254 데이터 수집 시작 (카테고리: 320)
[2024-12-19T14:07:38.779+0000] {subprocess.py:106} INFO - 페이지 255 데이터 수집 시작 (카테고리: 320)
[2024-12-19T14:07:38.779+0000] {subprocess.py:106} INFO - 페이지 256 데이터 수집 시작 (카테고리: 320)
[2024-12-19T14:07:38.779+0000] {subprocess.py:106} INFO - 페이지 257 데이터 수집 시작 (카테고리: 320)
[2024-12-19T14:07:38.780+0000] {subprocess.py:106} INFO - 페이지 258 데이터 수집 시작 (카테고리: 320)
[2024-12-19T14:07:38.780+0000] {subprocess.py:106} INFO - 페이지 259 데이터 수집 시작 (카테고리: 320)
[2024-12-19T14:07:38.781+0000] {subprocess.py:106} INFO - 페이지 260 데이터 수집 시작 (카테고리: 320)
[2024-12-19T14:07:38.781+0000] {subprocess.py:106} INFO - 페이지 261 데이터 수집 시작 (카테고리: 320)
[2024-12-19T14:07:38.782+0000] {subprocess.py:106} INFO - 페이지 262 데이터 수집 시작 (카테고리: 320)
[2024-12-19T14:07:38.783+0000] {subprocess.py:106} INFO - 페이지 263 데이터 수집 시작 (카테고리: 320)
[2024-12-19T14:07:38.783+0000] {subprocess.py:106} INFO - 페이지 264 데이터 수집 시작 (카테고리: 320)
[2024-12-19T14:07:38.783+0000] {subprocess.py:106} INFO - 페이지 265 데이터 수집 시작 (카테고리: 320)
[2024-12-19T14:07:38.783+0000] {subprocess.py:106} INFO - 페이지 266 데이터 수집 시작 (카테고리: 320)
[2024-12-19T14:07:38.784+0000] {subprocess.py:106} INFO - 페이지 267 데이터 수집 시작 (카테고리: 320)
[2024-12-19T14:07:38.784+0000] {subprocess.py:106} INFO - 페이지 268 데이터 수집 시작 (카테고리: 320)
[2024-12-19T14:07:38.784+0000] {subprocess.py:106} INFO - 페이지 269 데이터 수집 시작 (카테고리: 320)
[2024-12-19T14:07:38.784+0000] {subprocess.py:106} INFO - 페이지 270 데이터 수집 시작 (카테고리: 320)
[2024-12-19T14:07:38.784+0000] {subprocess.py:106} INFO - 페이지 271 데이터 수집 시작 (카테고리: 320)
[2024-12-19T14:07:38.785+0000] {subprocess.py:106} INFO - 페이지 272 데이터 수집 시작 (카테고리: 320)
[2024-12-19T14:07:38.785+0000] {subprocess.py:106} INFO - 페이지 273 데이터 수집 시작 (카테고리: 320)
[2024-12-19T14:07:38.786+0000] {subprocess.py:106} INFO - 페이지 274 데이터 수집 시작 (카테고리: 320)
[2024-12-19T14:07:38.787+0000] {subprocess.py:106} INFO - 페이지 275 데이터 수집 시작 (카테고리: 320)
[2024-12-19T14:07:38.787+0000] {subprocess.py:106} INFO - 페이지 276 데이터 수집 시작 (카테고리: 320)
[2024-12-19T14:07:38.787+0000] {subprocess.py:106} INFO - 페이지 277 데이터 수집 시작 (카테고리: 320)
[2024-12-19T14:07:38.788+0000] {subprocess.py:106} INFO - 페이지 278 데이터 수집 시작 (카테고리: 320)
[2024-12-19T14:07:38.788+0000] {subprocess.py:106} INFO - 페이지 279 데이터 수집 시작 (카테고리: 320)
[2024-12-19T14:07:38.788+0000] {subprocess.py:106} INFO - 페이지 280 데이터 수집 시작 (카테고리: 320)
[2024-12-19T14:07:38.788+0000] {subprocess.py:106} INFO - 페이지 281 데이터 수집 시작 (카테고리: 320)
[2024-12-19T14:07:38.789+0000] {subprocess.py:106} INFO - 페이지 282 데이터 수집 시작 (카테고리: 320)
[2024-12-19T14:07:38.790+0000] {subprocess.py:106} INFO - 페이지 283 데이터 수집 시작 (카테고리: 320)
[2024-12-19T14:07:38.790+0000] {subprocess.py:106} INFO - 페이지 284 데이터 수집 시작 (카테고리: 320)
[2024-12-19T14:17:08.478+0000] {subprocess.py:106} INFO - 페이지 285 데이터 수집 시작 (카테고리: 320)
[2024-12-19T14:17:08.480+0000] {subprocess.py:106} INFO - 페이지 286 데이터 수집 시작 (카테고리: 320)
[2024-12-19T14:17:08.482+0000] {subprocess.py:106} INFO - 페이지 287 데이터 수집 시작 (카테고리: 320)
[2024-12-19T14:17:08.482+0000] {subprocess.py:106} INFO - 페이지 288 데이터 수집 시작 (카테고리: 320)
[2024-12-19T14:17:08.482+0000] {subprocess.py:106} INFO - 페이지 289 데이터 수집 시작 (카테고리: 320)
[2024-12-19T14:17:08.483+0000] {subprocess.py:106} INFO - 페이지 290 데이터 수집 시작 (카테고리: 320)
[2024-12-19T14:17:08.483+0000] {subprocess.py:106} INFO - 페이지 291 데이터 수집 시작 (카테고리: 320)
[2024-12-19T14:17:08.483+0000] {subprocess.py:106} INFO - 페이지 292 데이터 수집 시작 (카테고리: 320)
[2024-12-19T14:17:08.484+0000] {subprocess.py:106} INFO - 페이지 293 데이터 수집 시작 (카테고리: 320)
[2024-12-19T14:17:08.484+0000] {subprocess.py:106} INFO - 페이지 294 데이터 수집 시작 (카테고리: 320)
[2024-12-19T14:17:08.484+0000] {subprocess.py:106} INFO - 페이지 295 데이터 수집 시작 (카테고리: 320)
[2024-12-19T14:17:08.485+0000] {subprocess.py:106} INFO - 페이지 296 데이터 수집 시작 (카테고리: 320)
[2024-12-19T14:17:08.485+0000] {subprocess.py:106} INFO - 페이지 297 데이터 수집 시작 (카테고리: 320)
[2024-12-19T14:17:08.485+0000] {subprocess.py:106} INFO - 페이지 298 데이터 수집 시작 (카테고리: 320)
[2024-12-19T14:17:08.485+0000] {subprocess.py:106} INFO - 페이지 299 데이터 수집 시작 (카테고리: 320)
[2024-12-19T14:17:08.486+0000] {subprocess.py:106} INFO - 페이지 300 데이터 수집 시작 (카테고리: 320)
[2024-12-19T14:17:08.486+0000] {subprocess.py:106} INFO - 데이터 수집 및 저장 완료: /opt/***/collectedData/mans_category/mans_category_20241219_140850.csv
[2024-12-19T14:17:08.487+0000] {subprocess.py:106} INFO - 310번 데이터 수집 시작
[2024-12-19T14:17:08.487+0000] {subprocess.py:106} INFO - 페이지 3 데이터 수집 시작 (카테고리: 310)
[2024-12-19T14:17:08.488+0000] {subprocess.py:106} INFO - 페이지 4 데이터 수집 시작 (카테고리: 310)
[2024-12-19T14:17:08.488+0000] {subprocess.py:106} INFO - 페이지 1 데이터 수집 시작 (카테고리: 310)
[2024-12-19T14:17:08.489+0000] {subprocess.py:106} INFO - 페이지 2 데이터 수집 시작 (카테고리: 310)
[2024-12-19T14:17:08.489+0000] {subprocess.py:106} INFO - 페이지 5 데이터 수집 시작 (카테고리: 310)
[2024-12-19T14:17:08.490+0000] {subprocess.py:106} INFO - 페이지 6 데이터 수집 시작 (카테고리: 310)
[2024-12-19T14:17:08.490+0000] {subprocess.py:106} INFO - 페이지 7 데이터 수집 시작 (카테고리: 310)
[2024-12-19T14:17:08.490+0000] {subprocess.py:106} INFO - 페이지 8 데이터 수집 시작 (카테고리: 310)
[2024-12-19T14:17:08.490+0000] {subprocess.py:106} INFO - 페이지 9 데이터 수집 시작 (카테고리: 310)
[2024-12-19T14:17:08.491+0000] {subprocess.py:106} INFO - 페이지 10 데이터 수집 시작 (카테고리: 310)
[2024-12-19T14:17:08.491+0000] {subprocess.py:106} INFO - 페이지 11 데이터 수집 시작 (카테고리: 310)
[2024-12-19T14:17:08.492+0000] {subprocess.py:106} INFO - 페이지 12 데이터 수집 시작 (카테고리: 310)
[2024-12-19T14:17:08.492+0000] {subprocess.py:106} INFO - 페이지 13 데이터 수집 시작 (카테고리: 310)
[2024-12-19T14:17:08.492+0000] {subprocess.py:106} INFO - 페이지 14 데이터 수집 시작 (카테고리: 310)
[2024-12-19T14:17:08.493+0000] {subprocess.py:106} INFO - 페이지 15 데이터 수집 시작 (카테고리: 310)
[2024-12-19T14:17:08.493+0000] {subprocess.py:106} INFO - 페이지 16 데이터 수집 시작 (카테고리: 310)
[2024-12-19T14:17:08.494+0000] {subprocess.py:106} INFO - 페이지 17 데이터 수집 시작 (카테고리: 310)
[2024-12-19T14:17:08.494+0000] {subprocess.py:106} INFO - 페이지 18 데이터 수집 시작 (카테고리: 310)
[2024-12-19T14:17:08.494+0000] {subprocess.py:106} INFO - 페이지 19 데이터 수집 시작 (카테고리: 310)
[2024-12-19T14:17:08.495+0000] {subprocess.py:106} INFO - 페이지 20 데이터 수집 시작 (카테고리: 310)
[2024-12-19T14:17:08.495+0000] {subprocess.py:106} INFO - 페이지 21 데이터 수집 시작 (카테고리: 310)
[2024-12-19T14:17:08.495+0000] {subprocess.py:106} INFO - 페이지 22 데이터 수집 시작 (카테고리: 310)
[2024-12-19T14:17:08.496+0000] {subprocess.py:106} INFO - 페이지 23 데이터 수집 시작 (카테고리: 310)
[2024-12-19T14:17:08.496+0000] {subprocess.py:106} INFO - 페이지 24 데이터 수집 시작 (카테고리: 310)
[2024-12-19T14:17:08.497+0000] {subprocess.py:106} INFO - 페이지 25 데이터 수집 시작 (카테고리: 310)
[2024-12-19T14:17:08.497+0000] {subprocess.py:106} INFO - 페이지 26 데이터 수집 시작 (카테고리: 310)
[2024-12-19T14:17:08.498+0000] {subprocess.py:106} INFO - 페이지 27 데이터 수집 시작 (카테고리: 310)
[2024-12-19T14:17:08.498+0000] {subprocess.py:106} INFO - 페이지 28 데이터 수집 시작 (카테고리: 310)
[2024-12-19T14:17:08.498+0000] {subprocess.py:106} INFO - 페이지 29 데이터 수집 시작 (카테고리: 310)
[2024-12-19T14:17:08.499+0000] {subprocess.py:106} INFO - 페이지 30 데이터 수집 시작 (카테고리: 310)
[2024-12-19T14:17:08.500+0000] {subprocess.py:106} INFO - 페이지 31 데이터 수집 시작 (카테고리: 310)
[2024-12-19T14:17:08.500+0000] {subprocess.py:106} INFO - 페이지 32 데이터 수집 시작 (카테고리: 310)
[2024-12-19T14:17:08.500+0000] {subprocess.py:106} INFO - 페이지 33 데이터 수집 시작 (카테고리: 310)
[2024-12-19T14:17:08.501+0000] {subprocess.py:106} INFO - 페이지 34 데이터 수집 시작 (카테고리: 310)
[2024-12-19T14:17:08.501+0000] {subprocess.py:106} INFO - 페이지 35 데이터 수집 시작 (카테고리: 310)
[2024-12-19T14:17:08.502+0000] {subprocess.py:106} INFO - 페이지 36 데이터 수집 시작 (카테고리: 310)
[2024-12-19T14:17:08.503+0000] {subprocess.py:106} INFO - 페이지 37 데이터 수집 시작 (카테고리: 310)
[2024-12-19T14:17:08.504+0000] {subprocess.py:106} INFO - 페이지 38 데이터 수집 시작 (카테고리: 310)
[2024-12-19T14:17:08.504+0000] {subprocess.py:106} INFO - 페이지 39 데이터 수집 시작 (카테고리: 310)
[2024-12-19T14:17:08.504+0000] {subprocess.py:106} INFO - 페이지 40 데이터 수집 시작 (카테고리: 310)
[2024-12-19T14:17:08.505+0000] {subprocess.py:106} INFO - 페이지 41 데이터 수집 시작 (카테고리: 310)
[2024-12-19T14:17:08.505+0000] {subprocess.py:106} INFO - 페이지 42 데이터 수집 시작 (카테고리: 310)
[2024-12-19T14:17:08.505+0000] {subprocess.py:106} INFO - 페이지 43 데이터 수집 시작 (카테고리: 310)
[2024-12-19T14:17:08.505+0000] {subprocess.py:106} INFO - 페이지 44 데이터 수집 시작 (카테고리: 310)
[2024-12-19T14:17:08.506+0000] {subprocess.py:106} INFO - 페이지 45 데이터 수집 시작 (카테고리: 310)
[2024-12-19T14:17:08.506+0000] {subprocess.py:106} INFO - 페이지 46 데이터 수집 시작 (카테고리: 310)
[2024-12-19T14:17:08.506+0000] {subprocess.py:106} INFO - 페이지 47 데이터 수집 시작 (카테고리: 310)
[2024-12-19T14:17:08.507+0000] {subprocess.py:106} INFO - 페이지 48 데이터 수집 시작 (카테고리: 310)
[2024-12-19T14:17:08.507+0000] {subprocess.py:106} INFO - 페이지 49 데이터 수집 시작 (카테고리: 310)
[2024-12-19T14:17:08.507+0000] {subprocess.py:106} INFO - 페이지 50 데이터 수집 시작 (카테고리: 310)
[2024-12-19T14:17:08.508+0000] {subprocess.py:106} INFO - 페이지 51 데이터 수집 시작 (카테고리: 310)
[2024-12-19T14:17:08.508+0000] {subprocess.py:106} INFO - 페이지 52 데이터 수집 시작 (카테고리: 310)
[2024-12-19T14:17:08.508+0000] {subprocess.py:106} INFO - 페이지 53 데이터 수집 시작 (카테고리: 310)
[2024-12-19T14:17:08.509+0000] {subprocess.py:106} INFO - 페이지 54 데이터 수집 시작 (카테고리: 310)
[2024-12-19T14:17:08.509+0000] {subprocess.py:106} INFO - 페이지 55 데이터 수집 시작 (카테고리: 310)
[2024-12-19T14:17:08.509+0000] {subprocess.py:106} INFO - 페이지 56 데이터 수집 시작 (카테고리: 310)
[2024-12-19T14:17:08.509+0000] {subprocess.py:106} INFO - 페이지 57 데이터 수집 시작 (카테고리: 310)
[2024-12-19T14:17:08.510+0000] {subprocess.py:106} INFO - 페이지 58 데이터 수집 시작 (카테고리: 310)
[2024-12-19T14:17:08.510+0000] {subprocess.py:106} INFO - 페이지 59 데이터 수집 시작 (카테고리: 310)
[2024-12-19T14:17:08.510+0000] {subprocess.py:106} INFO - 페이지 60 데이터 수집 시작 (카테고리: 310)
[2024-12-19T14:17:08.510+0000] {subprocess.py:106} INFO - 페이지 61 데이터 수집 시작 (카테고리: 310)
[2024-12-19T14:17:08.510+0000] {subprocess.py:106} INFO - 페이지 62 데이터 수집 시작 (카테고리: 310)
[2024-12-19T14:17:08.510+0000] {subprocess.py:106} INFO - 페이지 63 데이터 수집 시작 (카테고리: 310)
[2024-12-19T14:17:08.511+0000] {subprocess.py:106} INFO - 페이지 64 데이터 수집 시작 (카테고리: 310)
[2024-12-19T14:17:08.511+0000] {subprocess.py:106} INFO - 페이지 65 데이터 수집 시작 (카테고리: 310)
[2024-12-19T14:17:08.511+0000] {subprocess.py:106} INFO - 페이지 66 데이터 수집 시작 (카테고리: 310)
[2024-12-19T14:17:08.511+0000] {subprocess.py:106} INFO - 페이지 67 데이터 수집 시작 (카테고리: 310)
[2024-12-19T14:17:08.511+0000] {subprocess.py:106} INFO - 페이지 68 데이터 수집 시작 (카테고리: 310)
[2024-12-19T14:17:08.512+0000] {subprocess.py:106} INFO - 페이지 69 데이터 수집 시작 (카테고리: 310)
[2024-12-19T14:17:08.512+0000] {subprocess.py:106} INFO - 페이지 70 데이터 수집 시작 (카테고리: 310)
[2024-12-19T14:17:08.512+0000] {subprocess.py:106} INFO - 페이지 71 데이터 수집 시작 (카테고리: 310)
[2024-12-19T14:17:08.513+0000] {subprocess.py:106} INFO - 페이지 72 데이터 수집 시작 (카테고리: 310)
[2024-12-19T14:17:08.513+0000] {subprocess.py:106} INFO - 페이지 73 데이터 수집 시작 (카테고리: 310)
[2024-12-19T14:17:08.514+0000] {subprocess.py:106} INFO - 페이지 74 데이터 수집 시작 (카테고리: 310)
[2024-12-19T14:17:08.514+0000] {subprocess.py:106} INFO - 페이지 75 데이터 수집 시작 (카테고리: 310)
[2024-12-19T14:17:08.514+0000] {subprocess.py:106} INFO - 페이지 76 데이터 수집 시작 (카테고리: 310)
[2024-12-19T14:17:08.514+0000] {subprocess.py:106} INFO - 페이지 77 데이터 수집 시작 (카테고리: 310)
[2024-12-19T14:17:08.515+0000] {subprocess.py:106} INFO - 페이지 78 데이터 수집 시작 (카테고리: 310)
[2024-12-19T14:17:08.516+0000] {subprocess.py:106} INFO - 페이지 79 데이터 수집 시작 (카테고리: 310)
[2024-12-19T14:17:08.516+0000] {subprocess.py:106} INFO - 페이지 80 데이터 수집 시작 (카테고리: 310)
[2024-12-19T14:17:08.516+0000] {subprocess.py:106} INFO - 페이지 81 데이터 수집 시작 (카테고리: 310)
[2024-12-19T14:17:08.516+0000] {subprocess.py:106} INFO - 페이지 82 데이터 수집 시작 (카테고리: 310)
[2024-12-19T14:17:08.517+0000] {subprocess.py:106} INFO - 페이지 83 데이터 수집 시작 (카테고리: 310)
[2024-12-19T14:17:08.517+0000] {subprocess.py:106} INFO - 페이지 84 데이터 수집 시작 (카테고리: 310)
[2024-12-19T14:17:08.517+0000] {subprocess.py:106} INFO - 페이지 85 데이터 수집 시작 (카테고리: 310)
[2024-12-19T14:17:08.517+0000] {subprocess.py:106} INFO - 페이지 86 데이터 수집 시작 (카테고리: 310)
[2024-12-19T14:17:08.517+0000] {subprocess.py:106} INFO - 페이지 87 데이터 수집 시작 (카테고리: 310)
[2024-12-19T14:17:08.517+0000] {subprocess.py:106} INFO - 페이지 88 데이터 수집 시작 (카테고리: 310)
[2024-12-19T14:17:08.517+0000] {subprocess.py:106} INFO - 페이지 89 데이터 수집 시작 (카테고리: 310)
[2024-12-19T14:17:08.518+0000] {subprocess.py:106} INFO - 페이지 90 데이터 수집 시작 (카테고리: 310)
[2024-12-19T14:17:08.518+0000] {subprocess.py:106} INFO - 페이지 91 데이터 수집 시작 (카테고리: 310)
[2024-12-19T14:17:08.518+0000] {subprocess.py:106} INFO - 페이지 92 데이터 수집 시작 (카테고리: 310)
[2024-12-19T14:17:08.518+0000] {subprocess.py:106} INFO - 페이지 93 데이터 수집 시작 (카테고리: 310)
[2024-12-19T14:17:08.518+0000] {subprocess.py:106} INFO - 페이지 94 데이터 수집 시작 (카테고리: 310)
[2024-12-19T14:17:08.519+0000] {subprocess.py:106} INFO - 페이지 95 데이터 수집 시작 (카테고리: 310)
[2024-12-19T14:17:08.519+0000] {subprocess.py:106} INFO - 페이지 96 데이터 수집 시작 (카테고리: 310)
[2024-12-19T14:17:08.519+0000] {subprocess.py:106} INFO - 페이지 97 데이터 수집 시작 (카테고리: 310)
[2024-12-19T14:17:08.520+0000] {subprocess.py:106} INFO - 페이지 98 데이터 수집 시작 (카테고리: 310)
[2024-12-19T14:17:08.520+0000] {subprocess.py:106} INFO - 페이지 99 데이터 수집 시작 (카테고리: 310)
[2024-12-19T14:17:08.520+0000] {subprocess.py:106} INFO - 페이지 100 데이터 수집 시작 (카테고리: 310)
[2024-12-19T14:17:08.520+0000] {subprocess.py:106} INFO - 페이지 101 데이터 수집 시작 (카테고리: 310)
[2024-12-19T14:17:08.521+0000] {subprocess.py:106} INFO - 페이지 102 데이터 수집 시작 (카테고리: 310)
[2024-12-19T14:17:08.521+0000] {subprocess.py:106} INFO - 페이지 103 데이터 수집 시작 (카테고리: 310)
[2024-12-19T14:17:08.521+0000] {subprocess.py:106} INFO - 페이지 104 데이터 수집 시작 (카테고리: 310)
[2024-12-19T14:17:08.521+0000] {subprocess.py:106} INFO - 페이지 105 데이터 수집 시작 (카테고리: 310)
[2024-12-19T14:17:08.522+0000] {subprocess.py:106} INFO - 페이지 106 데이터 수집 시작 (카테고리: 310)
[2024-12-19T14:17:08.522+0000] {subprocess.py:106} INFO - 페이지 107 데이터 수집 시작 (카테고리: 310)
[2024-12-19T14:17:08.523+0000] {subprocess.py:106} INFO - 페이지 108 데이터 수집 시작 (카테고리: 310)
[2024-12-19T14:17:08.523+0000] {subprocess.py:106} INFO - 페이지 109 데이터 수집 시작 (카테고리: 310)
[2024-12-19T14:17:08.523+0000] {subprocess.py:106} INFO - 페이지 110 데이터 수집 시작 (카테고리: 310)
[2024-12-19T14:17:08.524+0000] {subprocess.py:106} INFO - 페이지 111 데이터 수집 시작 (카테고리: 310)
[2024-12-19T14:17:08.524+0000] {subprocess.py:106} INFO - 페이지 112 데이터 수집 시작 (카테고리: 310)
[2024-12-19T14:17:08.525+0000] {subprocess.py:106} INFO - 페이지 113 데이터 수집 시작 (카테고리: 310)
[2024-12-19T14:17:08.525+0000] {subprocess.py:106} INFO - 페이지 114 데이터 수집 시작 (카테고리: 310)
[2024-12-19T14:17:08.525+0000] {subprocess.py:106} INFO - 페이지 115 데이터 수집 시작 (카테고리: 310)
[2024-12-19T14:17:08.525+0000] {subprocess.py:106} INFO - 페이지 116 데이터 수집 시작 (카테고리: 310)
[2024-12-19T14:17:08.526+0000] {subprocess.py:106} INFO - 페이지 117 데이터 수집 시작 (카테고리: 310)
[2024-12-19T14:17:08.531+0000] {subprocess.py:106} INFO - 페이지 118 데이터 수집 시작 (카테고리: 310)
[2024-12-19T14:17:08.532+0000] {subprocess.py:106} INFO - 페이지 119 데이터 수집 시작 (카테고리: 310)
[2024-12-19T14:17:08.532+0000] {subprocess.py:106} INFO - 페이지 120 데이터 수집 시작 (카테고리: 310)
[2024-12-19T14:17:08.532+0000] {subprocess.py:106} INFO - 페이지 121 데이터 수집 시작 (카테고리: 310)
[2024-12-19T14:17:08.533+0000] {subprocess.py:106} INFO - 페이지 122 데이터 수집 시작 (카테고리: 310)
[2024-12-19T14:17:08.533+0000] {subprocess.py:106} INFO - 페이지 123 데이터 수집 시작 (카테고리: 310)
[2024-12-19T14:17:08.533+0000] {subprocess.py:106} INFO - 페이지 124 데이터 수집 시작 (카테고리: 310)
[2024-12-19T14:17:08.533+0000] {subprocess.py:106} INFO - 페이지 125 데이터 수집 시작 (카테고리: 310)
[2024-12-19T14:28:02.088+0000] {subprocess.py:106} INFO - 페이지 126 데이터 수집 시작 (카테고리: 310)
[2024-12-19T14:28:02.090+0000] {subprocess.py:106} INFO - 페이지 127 데이터 수집 시작 (카테고리: 310)
[2024-12-19T14:28:02.091+0000] {subprocess.py:106} INFO - 페이지 128 데이터 수집 시작 (카테고리: 310)
[2024-12-19T14:28:02.091+0000] {subprocess.py:106} INFO - 페이지 129 데이터 수집 시작 (카테고리: 310)
[2024-12-19T14:28:02.091+0000] {subprocess.py:106} INFO - 페이지 130 데이터 수집 시작 (카테고리: 310)
[2024-12-19T14:28:02.092+0000] {subprocess.py:106} INFO - 페이지 131 데이터 수집 시작 (카테고리: 310)
[2024-12-19T14:28:02.092+0000] {subprocess.py:106} INFO - 페이지 132 데이터 수집 시작 (카테고리: 310)
[2024-12-19T14:28:02.092+0000] {subprocess.py:106} INFO - 페이지 133 데이터 수집 시작 (카테고리: 310)
[2024-12-19T14:28:02.092+0000] {subprocess.py:106} INFO - 페이지 134 데이터 수집 시작 (카테고리: 310)
[2024-12-19T14:28:02.093+0000] {subprocess.py:106} INFO - 페이지 135 데이터 수집 시작 (카테고리: 310)
[2024-12-19T14:28:02.093+0000] {subprocess.py:106} INFO - 페이지 136 데이터 수집 시작 (카테고리: 310)
[2024-12-19T14:28:02.093+0000] {subprocess.py:106} INFO - 페이지 137 데이터 수집 시작 (카테고리: 310)
[2024-12-19T14:28:02.093+0000] {subprocess.py:106} INFO - 페이지 138 데이터 수집 시작 (카테고리: 310)
[2024-12-19T14:28:02.093+0000] {subprocess.py:106} INFO - 페이지 139 데이터 수집 시작 (카테고리: 310)
[2024-12-19T14:28:02.094+0000] {subprocess.py:106} INFO - 페이지 140 데이터 수집 시작 (카테고리: 310)
[2024-12-19T14:28:02.094+0000] {subprocess.py:106} INFO - 페이지 141 데이터 수집 시작 (카테고리: 310)
[2024-12-19T14:28:02.094+0000] {subprocess.py:106} INFO - 페이지 142 데이터 수집 시작 (카테고리: 310)
[2024-12-19T14:28:02.094+0000] {subprocess.py:106} INFO - 페이지 143 데이터 수집 시작 (카테고리: 310)
[2024-12-19T14:28:02.095+0000] {subprocess.py:106} INFO - 페이지 144 데이터 수집 시작 (카테고리: 310)
[2024-12-19T14:28:02.095+0000] {subprocess.py:106} INFO - 페이지 145 데이터 수집 시작 (카테고리: 310)
[2024-12-19T14:28:02.095+0000] {subprocess.py:106} INFO - 페이지 146 데이터 수집 시작 (카테고리: 310)
[2024-12-19T14:28:02.096+0000] {subprocess.py:106} INFO - 페이지 147 데이터 수집 시작 (카테고리: 310)
[2024-12-19T14:28:02.096+0000] {subprocess.py:106} INFO - 페이지 148 데이터 수집 시작 (카테고리: 310)
[2024-12-19T14:28:02.096+0000] {subprocess.py:106} INFO - 페이지 149 데이터 수집 시작 (카테고리: 310)
[2024-12-19T14:28:02.097+0000] {subprocess.py:106} INFO - 페이지 150 데이터 수집 시작 (카테고리: 310)
[2024-12-19T14:28:02.097+0000] {subprocess.py:106} INFO - 페이지 151 데이터 수집 시작 (카테고리: 310)
[2024-12-19T14:28:02.098+0000] {subprocess.py:106} INFO - 페이지 152 데이터 수집 시작 (카테고리: 310)
[2024-12-19T14:28:02.098+0000] {subprocess.py:106} INFO - 페이지 153 데이터 수집 시작 (카테고리: 310)
[2024-12-19T14:28:02.098+0000] {subprocess.py:106} INFO - 페이지 154 데이터 수집 시작 (카테고리: 310)
[2024-12-19T14:28:02.098+0000] {subprocess.py:106} INFO - 페이지 155 데이터 수집 시작 (카테고리: 310)
[2024-12-19T14:28:02.100+0000] {subprocess.py:106} INFO - 페이지 156 데이터 수집 시작 (카테고리: 310)
[2024-12-19T14:28:02.100+0000] {subprocess.py:106} INFO - 페이지 157 데이터 수집 시작 (카테고리: 310)
[2024-12-19T14:28:02.101+0000] {subprocess.py:106} INFO - 페이지 158 데이터 수집 시작 (카테고리: 310)
[2024-12-19T14:28:02.102+0000] {subprocess.py:106} INFO - 페이지 159 데이터 수집 시작 (카테고리: 310)
[2024-12-19T14:28:02.103+0000] {subprocess.py:106} INFO - 페이지 160 데이터 수집 시작 (카테고리: 310)
[2024-12-19T14:28:02.103+0000] {subprocess.py:106} INFO - 페이지 161 데이터 수집 시작 (카테고리: 310)
[2024-12-19T14:28:02.103+0000] {subprocess.py:106} INFO - 페이지 162 데이터 수집 시작 (카테고리: 310)
[2024-12-19T14:28:02.104+0000] {subprocess.py:106} INFO - 페이지 163 데이터 수집 시작 (카테고리: 310)
[2024-12-19T14:28:02.104+0000] {subprocess.py:106} INFO - 페이지 164 데이터 수집 시작 (카테고리: 310)
[2024-12-19T14:28:02.105+0000] {subprocess.py:106} INFO - 페이지 165 데이터 수집 시작 (카테고리: 310)
[2024-12-19T14:28:02.105+0000] {subprocess.py:106} INFO - 페이지 166 데이터 수집 시작 (카테고리: 310)
[2024-12-19T14:28:02.105+0000] {subprocess.py:106} INFO - 페이지 167 데이터 수집 시작 (카테고리: 310)
[2024-12-19T14:28:02.106+0000] {subprocess.py:106} INFO - 페이지 168 데이터 수집 시작 (카테고리: 310)
[2024-12-19T14:28:02.106+0000] {subprocess.py:106} INFO - 페이지 169 데이터 수집 시작 (카테고리: 310)
[2024-12-19T14:28:02.106+0000] {subprocess.py:106} INFO - 페이지 170 데이터 수집 시작 (카테고리: 310)
[2024-12-19T14:28:02.107+0000] {subprocess.py:106} INFO - 페이지 171 데이터 수집 시작 (카테고리: 310)
[2024-12-19T14:28:02.107+0000] {subprocess.py:106} INFO - 페이지 172 데이터 수집 시작 (카테고리: 310)
[2024-12-19T14:28:02.107+0000] {subprocess.py:106} INFO - 페이지 173 데이터 수집 시작 (카테고리: 310)
[2024-12-19T14:28:02.109+0000] {subprocess.py:106} INFO - 페이지 174 데이터 수집 시작 (카테고리: 310)
[2024-12-19T14:28:02.109+0000] {subprocess.py:106} INFO - 페이지 175 데이터 수집 시작 (카테고리: 310)
[2024-12-19T14:28:02.109+0000] {subprocess.py:106} INFO - 페이지 176 데이터 수집 시작 (카테고리: 310)
[2024-12-19T14:28:02.110+0000] {subprocess.py:106} INFO - 페이지 177 데이터 수집 시작 (카테고리: 310)
[2024-12-19T14:28:02.110+0000] {subprocess.py:106} INFO - 페이지 178 데이터 수집 시작 (카테고리: 310)
[2024-12-19T14:28:02.110+0000] {subprocess.py:106} INFO - 페이지 179 데이터 수집 시작 (카테고리: 310)
[2024-12-19T14:28:02.110+0000] {subprocess.py:106} INFO - 페이지 180 데이터 수집 시작 (카테고리: 310)
[2024-12-19T14:28:02.111+0000] {subprocess.py:106} INFO - 페이지 181 데이터 수집 시작 (카테고리: 310)
[2024-12-19T14:28:02.111+0000] {subprocess.py:106} INFO - 페이지 182 데이터 수집 시작 (카테고리: 310)
[2024-12-19T14:28:02.112+0000] {subprocess.py:106} INFO - 페이지 183 데이터 수집 시작 (카테고리: 310)
[2024-12-19T14:28:02.112+0000] {subprocess.py:106} INFO - 페이지 184 데이터 수집 시작 (카테고리: 310)
[2024-12-19T14:28:02.112+0000] {subprocess.py:106} INFO - 페이지 185 데이터 수집 시작 (카테고리: 310)
[2024-12-19T14:28:02.113+0000] {subprocess.py:106} INFO - 페이지 186 데이터 수집 시작 (카테고리: 310)
[2024-12-19T14:28:02.113+0000] {subprocess.py:106} INFO - 페이지 187 데이터 수집 시작 (카테고리: 310)
[2024-12-19T14:28:02.113+0000] {subprocess.py:106} INFO - 페이지 188 데이터 수집 시작 (카테고리: 310)
[2024-12-19T14:28:02.114+0000] {subprocess.py:106} INFO - 페이지 189 데이터 수집 시작 (카테고리: 310)
[2024-12-19T14:28:02.114+0000] {subprocess.py:106} INFO - 페이지 190 데이터 수집 시작 (카테고리: 310)
[2024-12-19T14:28:02.115+0000] {subprocess.py:106} INFO - 페이지 191 데이터 수집 시작 (카테고리: 310)
[2024-12-19T14:28:02.115+0000] {subprocess.py:106} INFO - 페이지 192 데이터 수집 시작 (카테고리: 310)
[2024-12-19T14:28:02.115+0000] {subprocess.py:106} INFO - 페이지 193 데이터 수집 시작 (카테고리: 310)
[2024-12-19T14:28:02.115+0000] {subprocess.py:106} INFO - 페이지 194 데이터 수집 시작 (카테고리: 310)
[2024-12-19T14:28:02.116+0000] {subprocess.py:106} INFO - 페이지 195 데이터 수집 시작 (카테고리: 310)
[2024-12-19T14:28:02.116+0000] {subprocess.py:106} INFO - 페이지 196 데이터 수집 시작 (카테고리: 310)
[2024-12-19T14:28:02.116+0000] {subprocess.py:106} INFO - 페이지 197 데이터 수집 시작 (카테고리: 310)
[2024-12-19T14:28:02.116+0000] {subprocess.py:106} INFO - 페이지 198 데이터 수집 시작 (카테고리: 310)
[2024-12-19T14:28:02.116+0000] {subprocess.py:106} INFO - 페이지 199 데이터 수집 시작 (카테고리: 310)
[2024-12-19T14:28:02.116+0000] {subprocess.py:106} INFO - 페이지 200 데이터 수집 시작 (카테고리: 310)
[2024-12-19T14:28:02.117+0000] {subprocess.py:106} INFO - 페이지 201 데이터 수집 시작 (카테고리: 310)
[2024-12-19T14:28:02.117+0000] {subprocess.py:106} INFO - 페이지 202 데이터 수집 시작 (카테고리: 310)
[2024-12-19T14:28:02.117+0000] {subprocess.py:106} INFO - 페이지 203 데이터 수집 시작 (카테고리: 310)
[2024-12-19T14:28:02.118+0000] {subprocess.py:106} INFO - 페이지 204 데이터 수집 시작 (카테고리: 310)
[2024-12-19T14:28:02.118+0000] {subprocess.py:106} INFO - 페이지 205 데이터 수집 시작 (카테고리: 310)
[2024-12-19T14:28:02.118+0000] {subprocess.py:106} INFO - 페이지 206 데이터 수집 시작 (카테고리: 310)
[2024-12-19T14:28:02.118+0000] {subprocess.py:106} INFO - 페이지 207 데이터 수집 시작 (카테고리: 310)
[2024-12-19T14:28:02.118+0000] {subprocess.py:106} INFO - 페이지 208 데이터 수집 시작 (카테고리: 310)
[2024-12-19T14:28:02.119+0000] {subprocess.py:106} INFO - 페이지 209 데이터 수집 시작 (카테고리: 310)
[2024-12-19T14:28:02.119+0000] {subprocess.py:106} INFO - 페이지 210 데이터 수집 시작 (카테고리: 310)
[2024-12-19T14:28:02.119+0000] {subprocess.py:106} INFO - 페이지 211 데이터 수집 시작 (카테고리: 310)
[2024-12-19T14:28:02.120+0000] {subprocess.py:106} INFO - 페이지 212 데이터 수집 시작 (카테고리: 310)
[2024-12-19T14:28:02.120+0000] {subprocess.py:106} INFO - 페이지 213 데이터 수집 시작 (카테고리: 310)
[2024-12-19T14:28:02.120+0000] {subprocess.py:106} INFO - 페이지 214 데이터 수집 시작 (카테고리: 310)
[2024-12-19T14:28:02.120+0000] {subprocess.py:106} INFO - 페이지 215 데이터 수집 시작 (카테고리: 310)
[2024-12-19T14:28:02.121+0000] {subprocess.py:106} INFO - 페이지 216 데이터 수집 시작 (카테고리: 310)
[2024-12-19T14:28:02.121+0000] {subprocess.py:106} INFO - 페이지 217 데이터 수집 시작 (카테고리: 310)
[2024-12-19T14:28:02.122+0000] {subprocess.py:106} INFO - 페이지 218 데이터 수집 시작 (카테고리: 310)
[2024-12-19T14:28:02.122+0000] {subprocess.py:106} INFO - 페이지 219 데이터 수집 시작 (카테고리: 310)
[2024-12-19T14:28:02.122+0000] {subprocess.py:106} INFO - 페이지 220 데이터 수집 시작 (카테고리: 310)
[2024-12-19T14:28:02.122+0000] {subprocess.py:106} INFO - 페이지 221 데이터 수집 시작 (카테고리: 310)
[2024-12-19T14:28:02.123+0000] {subprocess.py:106} INFO - 페이지 222 데이터 수집 시작 (카테고리: 310)
[2024-12-19T14:28:02.123+0000] {subprocess.py:106} INFO - 페이지 223 데이터 수집 시작 (카테고리: 310)
[2024-12-19T14:28:02.123+0000] {subprocess.py:106} INFO - 페이지 224 데이터 수집 시작 (카테고리: 310)
[2024-12-19T14:28:02.123+0000] {subprocess.py:106} INFO - 페이지 225 데이터 수집 시작 (카테고리: 310)
[2024-12-19T14:28:02.124+0000] {subprocess.py:106} INFO - 페이지 226 데이터 수집 시작 (카테고리: 310)
[2024-12-19T14:28:02.124+0000] {subprocess.py:106} INFO - 페이지 227 데이터 수집 시작 (카테고리: 310)
[2024-12-19T14:28:02.124+0000] {subprocess.py:106} INFO - 페이지 228 데이터 수집 시작 (카테고리: 310)
[2024-12-19T14:28:02.124+0000] {subprocess.py:106} INFO - 페이지 229 데이터 수집 시작 (카테고리: 310)
[2024-12-19T14:28:02.124+0000] {subprocess.py:106} INFO - 페이지 230 데이터 수집 시작 (카테고리: 310)
[2024-12-19T14:28:02.124+0000] {subprocess.py:106} INFO - 페이지 231 데이터 수집 시작 (카테고리: 310)
[2024-12-19T14:28:02.125+0000] {subprocess.py:106} INFO - 페이지 232 데이터 수집 시작 (카테고리: 310)
[2024-12-19T14:28:02.125+0000] {subprocess.py:106} INFO - 페이지 233 데이터 수집 시작 (카테고리: 310)
[2024-12-19T14:28:02.126+0000] {subprocess.py:106} INFO - 페이지 234 데이터 수집 시작 (카테고리: 310)
[2024-12-19T14:28:02.126+0000] {subprocess.py:106} INFO - 페이지 235 데이터 수집 시작 (카테고리: 310)
[2024-12-19T14:28:02.126+0000] {subprocess.py:106} INFO - 페이지 236 데이터 수집 시작 (카테고리: 310)
[2024-12-19T14:28:02.126+0000] {subprocess.py:106} INFO - 페이지 237 데이터 수집 시작 (카테고리: 310)
[2024-12-19T14:28:02.126+0000] {subprocess.py:106} INFO - 페이지 238 데이터 수집 시작 (카테고리: 310)
[2024-12-19T14:28:02.126+0000] {subprocess.py:106} INFO - 페이지 239 데이터 수집 시작 (카테고리: 310)
[2024-12-19T14:28:02.127+0000] {subprocess.py:106} INFO - 페이지 240 데이터 수집 시작 (카테고리: 310)
[2024-12-19T14:28:02.127+0000] {subprocess.py:106} INFO - 페이지 241 데이터 수집 시작 (카테고리: 310)
[2024-12-19T14:28:02.127+0000] {subprocess.py:106} INFO - 페이지 242 데이터 수집 시작 (카테고리: 310)
[2024-12-19T14:28:02.127+0000] {subprocess.py:106} INFO - 페이지 243 데이터 수집 시작 (카테고리: 310)
[2024-12-19T14:28:02.127+0000] {subprocess.py:106} INFO - 페이지 244 데이터 수집 시작 (카테고리: 310)
[2024-12-19T14:28:02.128+0000] {subprocess.py:106} INFO - 페이지 245 데이터 수집 시작 (카테고리: 310)
[2024-12-19T14:28:02.128+0000] {subprocess.py:106} INFO - 페이지 246 데이터 수집 시작 (카테고리: 310)
[2024-12-19T14:28:02.128+0000] {subprocess.py:106} INFO - 페이지 247 데이터 수집 시작 (카테고리: 310)
[2024-12-19T14:28:02.128+0000] {subprocess.py:106} INFO - 페이지 248 데이터 수집 시작 (카테고리: 310)
[2024-12-19T14:28:02.129+0000] {subprocess.py:106} INFO - 페이지 249 데이터 수집 시작 (카테고리: 310)
[2024-12-19T14:28:02.129+0000] {subprocess.py:106} INFO - 페이지 250 데이터 수집 시작 (카테고리: 310)
[2024-12-19T14:28:02.129+0000] {subprocess.py:106} INFO - 페이지 251 데이터 수집 시작 (카테고리: 310)
[2024-12-19T14:28:02.129+0000] {subprocess.py:106} INFO - 페이지 252 데이터 수집 시작 (카테고리: 310)
[2024-12-19T14:28:02.130+0000] {subprocess.py:106} INFO - 페이지 253 데이터 수집 시작 (카테고리: 310)
[2024-12-19T14:28:02.130+0000] {subprocess.py:106} INFO - 페이지 254 데이터 수집 시작 (카테고리: 310)
[2024-12-19T14:28:02.130+0000] {subprocess.py:106} INFO - 페이지 255 데이터 수집 시작 (카테고리: 310)
[2024-12-19T14:28:02.130+0000] {subprocess.py:106} INFO - 페이지 256 데이터 수집 시작 (카테고리: 310)
[2024-12-19T14:28:02.131+0000] {subprocess.py:106} INFO - 페이지 257 데이터 수집 시작 (카테고리: 310)
[2024-12-19T14:28:02.131+0000] {subprocess.py:106} INFO - 페이지 258 데이터 수집 시작 (카테고리: 310)
[2024-12-19T14:28:02.132+0000] {subprocess.py:106} INFO - 페이지 259 데이터 수집 시작 (카테고리: 310)
[2024-12-19T14:28:02.132+0000] {subprocess.py:106} INFO - 페이지 260 데이터 수집 시작 (카테고리: 310)
[2024-12-19T14:28:02.132+0000] {subprocess.py:106} INFO - 페이지 261 데이터 수집 시작 (카테고리: 310)
[2024-12-19T14:28:02.132+0000] {subprocess.py:106} INFO - 페이지 262 데이터 수집 시작 (카테고리: 310)
[2024-12-19T14:28:02.132+0000] {subprocess.py:106} INFO - 페이지 263 데이터 수집 시작 (카테고리: 310)
[2024-12-19T14:28:02.133+0000] {subprocess.py:106} INFO - 페이지 264 데이터 수집 시작 (카테고리: 310)
[2024-12-19T14:28:02.133+0000] {subprocess.py:106} INFO - 페이지 265 데이터 수집 시작 (카테고리: 310)
[2024-12-19T14:28:02.133+0000] {subprocess.py:106} INFO - 페이지 266 데이터 수집 시작 (카테고리: 310)
[2024-12-19T14:28:02.134+0000] {subprocess.py:106} INFO - 페이지 267 데이터 수집 시작 (카테고리: 310)
[2024-12-19T14:31:04.408+0000] {subprocess.py:106} INFO - 페이지 268 데이터 수집 시작 (카테고리: 310)
[2024-12-19T14:31:04.410+0000] {subprocess.py:106} INFO - 페이지 269 데이터 수집 시작 (카테고리: 310)
[2024-12-19T14:31:04.410+0000] {subprocess.py:106} INFO - 페이지 270 데이터 수집 시작 (카테고리: 310)
[2024-12-19T14:31:04.411+0000] {subprocess.py:106} INFO - 페이지 271 데이터 수집 시작 (카테고리: 310)
[2024-12-19T14:31:04.411+0000] {subprocess.py:106} INFO - 페이지 272 데이터 수집 시작 (카테고리: 310)
[2024-12-19T14:31:04.411+0000] {subprocess.py:106} INFO - 페이지 273 데이터 수집 시작 (카테고리: 310)
[2024-12-19T14:31:04.411+0000] {subprocess.py:106} INFO - 페이지 274 데이터 수집 시작 (카테고리: 310)
[2024-12-19T14:31:04.411+0000] {subprocess.py:106} INFO - 페이지 275 데이터 수집 시작 (카테고리: 310)
[2024-12-19T14:31:04.411+0000] {subprocess.py:106} INFO - 페이지 276 데이터 수집 시작 (카테고리: 310)
[2024-12-19T14:31:04.411+0000] {subprocess.py:106} INFO - 페이지 277 데이터 수집 시작 (카테고리: 310)
[2024-12-19T14:31:04.411+0000] {subprocess.py:106} INFO - 페이지 278 데이터 수집 시작 (카테고리: 310)
[2024-12-19T14:31:04.412+0000] {subprocess.py:106} INFO - 페이지 279 데이터 수집 시작 (카테고리: 310)
[2024-12-19T14:31:04.412+0000] {subprocess.py:106} INFO - 페이지 280 데이터 수집 시작 (카테고리: 310)
[2024-12-19T14:31:04.412+0000] {subprocess.py:106} INFO - 페이지 281 데이터 수집 시작 (카테고리: 310)
[2024-12-19T14:31:04.412+0000] {subprocess.py:106} INFO - 페이지 282 데이터 수집 시작 (카테고리: 310)
[2024-12-19T14:31:04.412+0000] {subprocess.py:106} INFO - 페이지 283 데이터 수집 시작 (카테고리: 310)
[2024-12-19T14:31:04.412+0000] {subprocess.py:106} INFO - 페이지 284 데이터 수집 시작 (카테고리: 310)
[2024-12-19T14:31:04.412+0000] {subprocess.py:106} INFO - 페이지 285 데이터 수집 시작 (카테고리: 310)
[2024-12-19T14:31:04.413+0000] {subprocess.py:106} INFO - 페이지 286 데이터 수집 시작 (카테고리: 310)
[2024-12-19T14:31:04.413+0000] {subprocess.py:106} INFO - 페이지 287 데이터 수집 시작 (카테고리: 310)
[2024-12-19T14:31:04.413+0000] {subprocess.py:106} INFO - 페이지 288 데이터 수집 시작 (카테고리: 310)
[2024-12-19T14:31:04.413+0000] {subprocess.py:106} INFO - 페이지 289 데이터 수집 시작 (카테고리: 310)
[2024-12-19T14:31:04.413+0000] {subprocess.py:106} INFO - 페이지 290 데이터 수집 시작 (카테고리: 310)
[2024-12-19T14:31:04.413+0000] {subprocess.py:106} INFO - 페이지 291 데이터 수집 시작 (카테고리: 310)
[2024-12-19T14:31:04.413+0000] {subprocess.py:106} INFO - 페이지 292 데이터 수집 시작 (카테고리: 310)
[2024-12-19T14:31:04.414+0000] {subprocess.py:106} INFO - 페이지 293 데이터 수집 시작 (카테고리: 310)
[2024-12-19T14:31:04.414+0000] {subprocess.py:106} INFO - 페이지 294 데이터 수집 시작 (카테고리: 310)
[2024-12-19T14:31:04.414+0000] {subprocess.py:106} INFO - 페이지 295 데이터 수집 시작 (카테고리: 310)
[2024-12-19T14:31:04.414+0000] {subprocess.py:106} INFO - 페이지 296 데이터 수집 시작 (카테고리: 310)
[2024-12-19T14:31:04.414+0000] {subprocess.py:106} INFO - 페이지 297 데이터 수집 시작 (카테고리: 310)
[2024-12-19T14:31:04.414+0000] {subprocess.py:106} INFO - 페이지 298 데이터 수집 시작 (카테고리: 310)
[2024-12-19T14:31:04.414+0000] {subprocess.py:106} INFO - 페이지 299 데이터 수집 시작 (카테고리: 310)
[2024-12-19T14:31:04.414+0000] {subprocess.py:106} INFO - 페이지 300 데이터 수집 시작 (카테고리: 310)
[2024-12-19T14:31:04.415+0000] {subprocess.py:106} INFO - 데이터 수집 및 저장 완료: /opt/***/collectedData/woman_category/woman_category_20241219_143104.csv
[2024-12-19T14:31:04.470+0000] {subprocess.py:110} INFO - Command exited with return code 0
[2024-12-19T14:31:04.496+0000] {taskinstance.py:340} INFO - ::group::Post task execution logs
[2024-12-19T14:31:04.497+0000] {taskinstance.py:352} INFO - Marking task as SUCCESS. dag_id=data_pipeline_etl, task_id=collect_data, run_id=scheduled__2024-12-18T04:00:00+00:00, execution_date=20241218T040000, start_date=20241219T133926, end_date=20241219T143104
[2024-12-19T14:31:04.524+0000] {local_task_job_runner.py:266} INFO - Task exited with return code 0
[2024-12-19T14:31:04.532+0000] {taskinstance.py:3895} INFO - 0 downstream tasks scheduled from follow-on schedule check
[2024-12-19T14:31:04.533+0000] {local_task_job_runner.py:245} INFO - ::endgroup::
