[2024-12-21T06:11:40.114+0000] {local_task_job_runner.py:123} INFO - ::group::Pre task execution logs
[2024-12-21T06:11:40.133+0000] {taskinstance.py:2613} INFO - Dependencies all met for dep_context=non-requeueable deps ti=<TaskInstance: data_pipeline_etl.collect_data scheduled__2024-12-19T04:00:00+00:00 [queued]>
[2024-12-21T06:11:40.137+0000] {taskinstance.py:2613} INFO - Dependencies all met for dep_context=requeueable deps ti=<TaskInstance: data_pipeline_etl.collect_data scheduled__2024-12-19T04:00:00+00:00 [queued]>
[2024-12-21T06:11:40.138+0000] {taskinstance.py:2866} INFO - Starting attempt 2 of 2
[2024-12-21T06:11:40.150+0000] {taskinstance.py:2889} INFO - Executing <Task(BashOperator): collect_data> on 2024-12-19 04:00:00+00:00
[2024-12-21T06:11:40.154+0000] {logging_mixin.py:190} WARNING - /home/***/.local/lib/python3.12/site-packages/***/task/task_runner/standard_task_runner.py:70 DeprecationWarning: This process (pid=207) is multi-threaded, use of fork() may lead to deadlocks in the child.
[2024-12-21T06:11:40.155+0000] {standard_task_runner.py:104} INFO - Running: ['***', 'tasks', 'run', 'data_pipeline_etl', 'collect_data', 'scheduled__2024-12-19T04:00:00+00:00', '--job-id', '87', '--raw', '--subdir', 'DAGS_FOLDER/etl_pipeline_auto.py', '--cfg-path', '/tmp/tmp1bj4by6t']
[2024-12-21T06:11:40.156+0000] {standard_task_runner.py:105} INFO - Job 87: Subtask collect_data
[2024-12-21T06:11:40.156+0000] {standard_task_runner.py:72} INFO - Started process 208 to run task
[2024-12-21T06:11:40.186+0000] {task_command.py:467} INFO - Running <TaskInstance: data_pipeline_etl.collect_data scheduled__2024-12-19T04:00:00+00:00 [running]> on host 9e8889dddaab
[2024-12-21T06:11:40.230+0000] {taskinstance.py:3132} INFO - Exporting env vars: AIRFLOW_CTX_DAG_OWNER='***' AIRFLOW_CTX_DAG_ID='data_pipeline_etl' AIRFLOW_CTX_TASK_ID='collect_data' AIRFLOW_CTX_EXECUTION_DATE='2024-12-19T04:00:00+00:00' AIRFLOW_CTX_TRY_NUMBER='2' AIRFLOW_CTX_DAG_RUN_ID='scheduled__2024-12-19T04:00:00+00:00'
[2024-12-21T06:11:40.231+0000] {taskinstance.py:731} INFO - ::endgroup::
[2024-12-21T06:11:40.258+0000] {subprocess.py:78} INFO - Tmp dir root location: /tmp
[2024-12-21T06:11:40.259+0000] {subprocess.py:88} INFO - Running command: ['/usr/bin/bash', '-c', 'python /opt/***/data-pipeline-project/product_data_scraper.py']
[2024-12-21T06:11:40.263+0000] {subprocess.py:99} INFO - Output:
[2024-12-21T06:19:00.986+0000] {subprocess.py:106} INFO - 320번 데이터 수집 시작
[2024-12-21T06:19:00.988+0000] {subprocess.py:106} INFO - 페이지 4 데이터 수집 시작 (카테고리: 320)
[2024-12-21T06:19:00.989+0000] {subprocess.py:106} INFO - 페이지 2 데이터 수집 시작 (카테고리: 320)
[2024-12-21T06:19:00.989+0000] {subprocess.py:106} INFO - 페이지 3 데이터 수집 시작 (카테고리: 320)
[2024-12-21T06:19:00.990+0000] {subprocess.py:106} INFO - 페이지 1 데이터 수집 시작 (카테고리: 320)
[2024-12-21T06:19:00.990+0000] {subprocess.py:106} INFO - 페이지 5 데이터 수집 시작 (카테고리: 320)
[2024-12-21T06:19:00.991+0000] {subprocess.py:106} INFO - 페이지 6 데이터 수집 시작 (카테고리: 320)
[2024-12-21T06:19:00.991+0000] {subprocess.py:106} INFO - 페이지 7 데이터 수집 시작 (카테고리: 320)
[2024-12-21T06:19:00.991+0000] {subprocess.py:106} INFO - 페이지 8 데이터 수집 시작 (카테고리: 320)
[2024-12-21T06:19:00.991+0000] {subprocess.py:106} INFO - 페이지 9 데이터 수집 시작 (카테고리: 320)
[2024-12-21T06:19:00.992+0000] {subprocess.py:106} INFO - 페이지 10 데이터 수집 시작 (카테고리: 320)
[2024-12-21T06:19:00.992+0000] {subprocess.py:106} INFO - 페이지 11 데이터 수집 시작 (카테고리: 320)
[2024-12-21T06:19:00.992+0000] {subprocess.py:106} INFO - 페이지 12 데이터 수집 시작 (카테고리: 320)
[2024-12-21T06:19:00.993+0000] {subprocess.py:106} INFO - 페이지 13 데이터 수집 시작 (카테고리: 320)
[2024-12-21T06:19:00.993+0000] {subprocess.py:106} INFO - 페이지 14 데이터 수집 시작 (카테고리: 320)
[2024-12-21T06:19:00.994+0000] {subprocess.py:106} INFO - 페이지 15 데이터 수집 시작 (카테고리: 320)
[2024-12-21T06:19:00.994+0000] {subprocess.py:106} INFO - 페이지 16 데이터 수집 시작 (카테고리: 320)
[2024-12-21T06:19:00.995+0000] {subprocess.py:106} INFO - 페이지 17 데이터 수집 시작 (카테고리: 320)
[2024-12-21T06:19:00.995+0000] {subprocess.py:106} INFO - 페이지 18 데이터 수집 시작 (카테고리: 320)
[2024-12-21T06:19:00.996+0000] {subprocess.py:106} INFO - 페이지 19 데이터 수집 시작 (카테고리: 320)
[2024-12-21T06:19:00.996+0000] {subprocess.py:106} INFO - 페이지 20 데이터 수집 시작 (카테고리: 320)
[2024-12-21T06:19:00.996+0000] {subprocess.py:106} INFO - 페이지 21 데이터 수집 시작 (카테고리: 320)
[2024-12-21T06:19:00.996+0000] {subprocess.py:106} INFO - 페이지 22 데이터 수집 시작 (카테고리: 320)
[2024-12-21T06:19:00.997+0000] {subprocess.py:106} INFO - 페이지 23 데이터 수집 시작 (카테고리: 320)
[2024-12-21T06:19:00.997+0000] {subprocess.py:106} INFO - 페이지 24 데이터 수집 시작 (카테고리: 320)
[2024-12-21T06:19:00.997+0000] {subprocess.py:106} INFO - 페이지 25 데이터 수집 시작 (카테고리: 320)
[2024-12-21T06:19:00.997+0000] {subprocess.py:106} INFO - 페이지 26 데이터 수집 시작 (카테고리: 320)
[2024-12-21T06:19:00.998+0000] {subprocess.py:106} INFO - 페이지 27 데이터 수집 시작 (카테고리: 320)
[2024-12-21T06:19:00.999+0000] {subprocess.py:106} INFO - 페이지 28 데이터 수집 시작 (카테고리: 320)
[2024-12-21T06:19:01.000+0000] {subprocess.py:106} INFO - 페이지 29 데이터 수집 시작 (카테고리: 320)
[2024-12-21T06:19:01.001+0000] {subprocess.py:106} INFO - 페이지 30 데이터 수집 시작 (카테고리: 320)
[2024-12-21T06:19:01.002+0000] {subprocess.py:106} INFO - 페이지 31 데이터 수집 시작 (카테고리: 320)
[2024-12-21T06:19:01.002+0000] {subprocess.py:106} INFO - 페이지 32 데이터 수집 시작 (카테고리: 320)
[2024-12-21T06:19:01.003+0000] {subprocess.py:106} INFO - 페이지 33 데이터 수집 시작 (카테고리: 320)
[2024-12-21T06:19:01.003+0000] {subprocess.py:106} INFO - 페이지 34 데이터 수집 시작 (카테고리: 320)
[2024-12-21T06:19:01.004+0000] {subprocess.py:106} INFO - 페이지 35 데이터 수집 시작 (카테고리: 320)
[2024-12-21T06:19:01.004+0000] {subprocess.py:106} INFO - 페이지 36 데이터 수집 시작 (카테고리: 320)
[2024-12-21T06:19:01.009+0000] {subprocess.py:106} INFO - 페이지 37 데이터 수집 시작 (카테고리: 320)
[2024-12-21T06:19:01.010+0000] {subprocess.py:106} INFO - 페이지 38 데이터 수집 시작 (카테고리: 320)
[2024-12-21T06:19:01.010+0000] {subprocess.py:106} INFO - 페이지 39 데이터 수집 시작 (카테고리: 320)
[2024-12-21T06:19:01.011+0000] {subprocess.py:106} INFO - 페이지 40 데이터 수집 시작 (카테고리: 320)
[2024-12-21T06:19:01.011+0000] {subprocess.py:106} INFO - 페이지 41 데이터 수집 시작 (카테고리: 320)
[2024-12-21T06:19:01.011+0000] {subprocess.py:106} INFO - 페이지 42 데이터 수집 시작 (카테고리: 320)
[2024-12-21T06:19:01.012+0000] {subprocess.py:106} INFO - 페이지 43 데이터 수집 시작 (카테고리: 320)
[2024-12-21T06:19:01.012+0000] {subprocess.py:106} INFO - 페이지 44 데이터 수집 시작 (카테고리: 320)
[2024-12-21T06:19:01.012+0000] {subprocess.py:106} INFO - 페이지 45 데이터 수집 시작 (카테고리: 320)
[2024-12-21T06:19:01.013+0000] {subprocess.py:106} INFO - 페이지 46 데이터 수집 시작 (카테고리: 320)
[2024-12-21T06:19:01.013+0000] {subprocess.py:106} INFO - 페이지 47 데이터 수집 시작 (카테고리: 320)
[2024-12-21T06:19:01.013+0000] {subprocess.py:106} INFO - 페이지 48 데이터 수집 시작 (카테고리: 320)
[2024-12-21T06:19:01.014+0000] {subprocess.py:106} INFO - 페이지 49 데이터 수집 시작 (카테고리: 320)
[2024-12-21T06:19:01.014+0000] {subprocess.py:106} INFO - 페이지 50 데이터 수집 시작 (카테고리: 320)
[2024-12-21T06:19:01.014+0000] {subprocess.py:106} INFO - 페이지 51 데이터 수집 시작 (카테고리: 320)
[2024-12-21T06:19:01.015+0000] {subprocess.py:106} INFO - 페이지 52 데이터 수집 시작 (카테고리: 320)
[2024-12-21T06:19:01.015+0000] {subprocess.py:106} INFO - 페이지 53 데이터 수집 시작 (카테고리: 320)
[2024-12-21T06:19:01.015+0000] {subprocess.py:106} INFO - 페이지 54 데이터 수집 시작 (카테고리: 320)
[2024-12-21T06:19:01.016+0000] {subprocess.py:106} INFO - 페이지 55 데이터 수집 시작 (카테고리: 320)
[2024-12-21T06:19:01.016+0000] {subprocess.py:106} INFO - 페이지 56 데이터 수집 시작 (카테고리: 320)
[2024-12-21T06:19:01.016+0000] {subprocess.py:106} INFO - 페이지 57 데이터 수집 시작 (카테고리: 320)
[2024-12-21T06:19:01.016+0000] {subprocess.py:106} INFO - 페이지 58 데이터 수집 시작 (카테고리: 320)
[2024-12-21T06:19:01.017+0000] {subprocess.py:106} INFO - 페이지 59 데이터 수집 시작 (카테고리: 320)
[2024-12-21T06:19:01.017+0000] {subprocess.py:106} INFO - 페이지 60 데이터 수집 시작 (카테고리: 320)
[2024-12-21T06:19:01.017+0000] {subprocess.py:106} INFO - 페이지 61 데이터 수집 시작 (카테고리: 320)
[2024-12-21T06:19:01.017+0000] {subprocess.py:106} INFO - 페이지 62 데이터 수집 시작 (카테고리: 320)
[2024-12-21T06:19:01.017+0000] {subprocess.py:106} INFO - 페이지 63 데이터 수집 시작 (카테고리: 320)
[2024-12-21T06:19:01.018+0000] {subprocess.py:106} INFO - 페이지 64 데이터 수집 시작 (카테고리: 320)
[2024-12-21T06:19:01.018+0000] {subprocess.py:106} INFO - 페이지 65 데이터 수집 시작 (카테고리: 320)
[2024-12-21T06:19:01.018+0000] {subprocess.py:106} INFO - 페이지 66 데이터 수집 시작 (카테고리: 320)
[2024-12-21T06:19:01.019+0000] {subprocess.py:106} INFO - 페이지 67 데이터 수집 시작 (카테고리: 320)
[2024-12-21T06:19:01.019+0000] {subprocess.py:106} INFO - 페이지 68 데이터 수집 시작 (카테고리: 320)
[2024-12-21T06:19:01.019+0000] {subprocess.py:106} INFO - 페이지 69 데이터 수집 시작 (카테고리: 320)
[2024-12-21T06:19:01.020+0000] {subprocess.py:106} INFO - 페이지 70 데이터 수집 시작 (카테고리: 320)
[2024-12-21T06:19:01.020+0000] {subprocess.py:106} INFO - 페이지 71 데이터 수집 시작 (카테고리: 320)
[2024-12-21T06:19:01.021+0000] {subprocess.py:106} INFO - 페이지 72 데이터 수집 시작 (카테고리: 320)
[2024-12-21T06:19:01.021+0000] {subprocess.py:106} INFO - 페이지 73 데이터 수집 시작 (카테고리: 320)
[2024-12-21T06:19:01.021+0000] {subprocess.py:106} INFO - 페이지 74 데이터 수집 시작 (카테고리: 320)
[2024-12-21T06:19:01.022+0000] {subprocess.py:106} INFO - 페이지 75 데이터 수집 시작 (카테고리: 320)
[2024-12-21T06:19:01.022+0000] {subprocess.py:106} INFO - 페이지 76 데이터 수집 시작 (카테고리: 320)
[2024-12-21T06:19:01.022+0000] {subprocess.py:106} INFO - 페이지 77 데이터 수집 시작 (카테고리: 320)
[2024-12-21T06:19:01.022+0000] {subprocess.py:106} INFO - 페이지 78 데이터 수집 시작 (카테고리: 320)
[2024-12-21T06:19:01.023+0000] {subprocess.py:106} INFO - 페이지 79 데이터 수집 시작 (카테고리: 320)
[2024-12-21T06:19:01.023+0000] {subprocess.py:106} INFO - 페이지 80 데이터 수집 시작 (카테고리: 320)
[2024-12-21T06:19:01.024+0000] {subprocess.py:106} INFO - 페이지 81 데이터 수집 시작 (카테고리: 320)
[2024-12-21T06:19:01.026+0000] {subprocess.py:106} INFO - 페이지 82 데이터 수집 시작 (카테고리: 320)
[2024-12-21T06:19:01.027+0000] {subprocess.py:106} INFO - 페이지 83 데이터 수집 시작 (카테고리: 320)
[2024-12-21T06:19:01.028+0000] {subprocess.py:106} INFO - 페이지 84 데이터 수집 시작 (카테고리: 320)
[2024-12-21T06:19:01.028+0000] {subprocess.py:106} INFO - 페이지 85 데이터 수집 시작 (카테고리: 320)
[2024-12-21T06:19:01.029+0000] {subprocess.py:106} INFO - 페이지 87 데이터 수집 시작 (카테고리: 320)
[2024-12-21T06:19:01.029+0000] {subprocess.py:106} INFO - 페이지 86 데이터 수집 시작 (카테고리: 320)
[2024-12-21T06:19:01.029+0000] {subprocess.py:106} INFO - 페이지 88 데이터 수집 시작 (카테고리: 320)
[2024-12-21T06:19:01.030+0000] {subprocess.py:106} INFO - 페이지 89 데이터 수집 시작 (카테고리: 320)
[2024-12-21T06:19:01.030+0000] {subprocess.py:106} INFO - 페이지 90 데이터 수집 시작 (카테고리: 320)
[2024-12-21T06:19:01.031+0000] {subprocess.py:106} INFO - 페이지 91 데이터 수집 시작 (카테고리: 320)
[2024-12-21T06:19:01.031+0000] {subprocess.py:106} INFO - 페이지 92 데이터 수집 시작 (카테고리: 320)
[2024-12-21T06:19:01.031+0000] {subprocess.py:106} INFO - 페이지 93 데이터 수집 시작 (카테고리: 320)
[2024-12-21T06:19:01.031+0000] {subprocess.py:106} INFO - 페이지 94 데이터 수집 시작 (카테고리: 320)
[2024-12-21T06:19:01.032+0000] {subprocess.py:106} INFO - 페이지 95 데이터 수집 시작 (카테고리: 320)
[2024-12-21T06:19:01.032+0000] {subprocess.py:106} INFO - 페이지 96 데이터 수집 시작 (카테고리: 320)
[2024-12-21T06:19:01.032+0000] {subprocess.py:106} INFO - 페이지 97 데이터 수집 시작 (카테고리: 320)
[2024-12-21T06:19:01.032+0000] {subprocess.py:106} INFO - 페이지 98 데이터 수집 시작 (카테고리: 320)
[2024-12-21T06:19:01.033+0000] {subprocess.py:106} INFO - 페이지 99 데이터 수집 시작 (카테고리: 320)
[2024-12-21T06:19:01.033+0000] {subprocess.py:106} INFO - 페이지 100 데이터 수집 시작 (카테고리: 320)
[2024-12-21T06:19:01.033+0000] {subprocess.py:106} INFO - 페이지 101 데이터 수집 시작 (카테고리: 320)
[2024-12-21T06:19:01.034+0000] {subprocess.py:106} INFO - 페이지 102 데이터 수집 시작 (카테고리: 320)
[2024-12-21T06:19:01.034+0000] {subprocess.py:106} INFO - 페이지 103 데이터 수집 시작 (카테고리: 320)
[2024-12-21T06:19:01.034+0000] {subprocess.py:106} INFO - 페이지 104 데이터 수집 시작 (카테고리: 320)
[2024-12-21T06:19:01.035+0000] {subprocess.py:106} INFO - 페이지 105 데이터 수집 시작 (카테고리: 320)
[2024-12-21T06:19:01.035+0000] {subprocess.py:106} INFO - 페이지 106 데이터 수집 시작 (카테고리: 320)
[2024-12-21T06:19:01.036+0000] {subprocess.py:106} INFO - 페이지 107 데이터 수집 시작 (카테고리: 320)
[2024-12-21T06:19:01.036+0000] {subprocess.py:106} INFO - 페이지 108 데이터 수집 시작 (카테고리: 320)
[2024-12-21T06:19:01.036+0000] {subprocess.py:106} INFO - 페이지 109 데이터 수집 시작 (카테고리: 320)
[2024-12-21T06:19:01.036+0000] {subprocess.py:106} INFO - 페이지 110 데이터 수집 시작 (카테고리: 320)
[2024-12-21T06:19:01.037+0000] {subprocess.py:106} INFO - 페이지 111 데이터 수집 시작 (카테고리: 320)
[2024-12-21T06:19:01.037+0000] {subprocess.py:106} INFO - 페이지 112 데이터 수집 시작 (카테고리: 320)
[2024-12-21T06:19:01.037+0000] {subprocess.py:106} INFO - 페이지 113 데이터 수집 시작 (카테고리: 320)
[2024-12-21T06:19:01.038+0000] {subprocess.py:106} INFO - 페이지 114 데이터 수집 시작 (카테고리: 320)
[2024-12-21T06:19:01.038+0000] {subprocess.py:106} INFO - 페이지 115 데이터 수집 시작 (카테고리: 320)
[2024-12-21T06:19:01.039+0000] {subprocess.py:106} INFO - 페이지 116 데이터 수집 시작 (카테고리: 320)
[2024-12-21T06:19:01.039+0000] {subprocess.py:106} INFO - 페이지 117 데이터 수집 시작 (카테고리: 320)
[2024-12-21T06:19:01.040+0000] {subprocess.py:106} INFO - 페이지 118 데이터 수집 시작 (카테고리: 320)
[2024-12-21T06:19:01.040+0000] {subprocess.py:106} INFO - 페이지 119 데이터 수집 시작 (카테고리: 320)
[2024-12-21T06:19:01.040+0000] {subprocess.py:106} INFO - 페이지 120 데이터 수집 시작 (카테고리: 320)
[2024-12-21T06:19:01.041+0000] {subprocess.py:106} INFO - 페이지 121 데이터 수집 시작 (카테고리: 320)
[2024-12-21T06:19:01.042+0000] {subprocess.py:106} INFO - 페이지 122 데이터 수집 시작 (카테고리: 320)
[2024-12-21T06:19:01.042+0000] {subprocess.py:106} INFO - 페이지 123 데이터 수집 시작 (카테고리: 320)
[2024-12-21T06:19:01.043+0000] {subprocess.py:106} INFO - 페이지 124 데이터 수집 시작 (카테고리: 320)
[2024-12-21T06:19:01.043+0000] {subprocess.py:106} INFO - 페이지 125 데이터 수집 시작 (카테고리: 320)
[2024-12-21T06:19:01.043+0000] {subprocess.py:106} INFO - 페이지 126 데이터 수집 시작 (카테고리: 320)
[2024-12-21T06:19:01.043+0000] {subprocess.py:106} INFO - 페이지 127 데이터 수집 시작 (카테고리: 320)
[2024-12-21T06:19:01.044+0000] {subprocess.py:106} INFO - 페이지 128 데이터 수집 시작 (카테고리: 320)
[2024-12-21T06:19:01.044+0000] {subprocess.py:106} INFO - 페이지 129 데이터 수집 시작 (카테고리: 320)
[2024-12-21T06:19:01.044+0000] {subprocess.py:106} INFO - 페이지 130 데이터 수집 시작 (카테고리: 320)
[2024-12-21T06:19:01.044+0000] {subprocess.py:106} INFO - 페이지 131 데이터 수집 시작 (카테고리: 320)
[2024-12-21T06:19:01.045+0000] {subprocess.py:106} INFO - 페이지 132 데이터 수집 시작 (카테고리: 320)
[2024-12-21T06:19:01.045+0000] {subprocess.py:106} INFO - 페이지 133 데이터 수집 시작 (카테고리: 320)
[2024-12-21T06:19:01.045+0000] {subprocess.py:106} INFO - 페이지 134 데이터 수집 시작 (카테고리: 320)
[2024-12-21T06:19:01.046+0000] {subprocess.py:106} INFO - 페이지 135 데이터 수집 시작 (카테고리: 320)
[2024-12-21T06:19:01.046+0000] {subprocess.py:106} INFO - 페이지 136 데이터 수집 시작 (카테고리: 320)
[2024-12-21T06:19:01.046+0000] {subprocess.py:106} INFO - 페이지 137 데이터 수집 시작 (카테고리: 320)
[2024-12-21T06:19:01.046+0000] {subprocess.py:106} INFO - 페이지 138 데이터 수집 시작 (카테고리: 320)
[2024-12-21T06:19:01.047+0000] {subprocess.py:106} INFO - 페이지 139 데이터 수집 시작 (카테고리: 320)
[2024-12-21T06:19:01.047+0000] {subprocess.py:106} INFO - 페이지 140 데이터 수집 시작 (카테고리: 320)
[2024-12-21T06:19:01.048+0000] {subprocess.py:106} INFO - 페이지 141 데이터 수집 시작 (카테고리: 320)
[2024-12-21T06:19:01.048+0000] {subprocess.py:106} INFO - 페이지 142 데이터 수집 시작 (카테고리: 320)
[2024-12-21T06:26:51.903+0000] {subprocess.py:106} INFO - 페이지 143 데이터 수집 시작 (카테고리: 320)
[2024-12-21T06:26:51.904+0000] {subprocess.py:106} INFO - 페이지 144 데이터 수집 시작 (카테고리: 320)
[2024-12-21T06:26:51.904+0000] {subprocess.py:106} INFO - 페이지 145 데이터 수집 시작 (카테고리: 320)
[2024-12-21T06:26:51.905+0000] {subprocess.py:106} INFO - 페이지 146 데이터 수집 시작 (카테고리: 320)
[2024-12-21T06:26:51.905+0000] {subprocess.py:106} INFO - 페이지 147 데이터 수집 시작 (카테고리: 320)
[2024-12-21T06:26:51.905+0000] {subprocess.py:106} INFO - 페이지 148 데이터 수집 시작 (카테고리: 320)
[2024-12-21T06:26:51.905+0000] {subprocess.py:106} INFO - 페이지 149 데이터 수집 시작 (카테고리: 320)
[2024-12-21T06:26:51.905+0000] {subprocess.py:106} INFO - 페이지 150 데이터 수집 시작 (카테고리: 320)
[2024-12-21T06:26:51.905+0000] {subprocess.py:106} INFO - 페이지 151 데이터 수집 시작 (카테고리: 320)
[2024-12-21T06:26:51.905+0000] {subprocess.py:106} INFO - 페이지 152 데이터 수집 시작 (카테고리: 320)
[2024-12-21T06:26:51.906+0000] {subprocess.py:106} INFO - 페이지 153 데이터 수집 시작 (카테고리: 320)
[2024-12-21T06:26:51.906+0000] {subprocess.py:106} INFO - 페이지 154 데이터 수집 시작 (카테고리: 320)
[2024-12-21T06:26:51.906+0000] {subprocess.py:106} INFO - 페이지 155 데이터 수집 시작 (카테고리: 320)
[2024-12-21T06:26:51.906+0000] {subprocess.py:106} INFO - 페이지 156 데이터 수집 시작 (카테고리: 320)
[2024-12-21T06:26:51.906+0000] {subprocess.py:106} INFO - 페이지 157 데이터 수집 시작 (카테고리: 320)
[2024-12-21T06:26:51.907+0000] {subprocess.py:106} INFO - 페이지 158 데이터 수집 시작 (카테고리: 320)
[2024-12-21T06:26:51.907+0000] {subprocess.py:106} INFO - 페이지 159 데이터 수집 시작 (카테고리: 320)
[2024-12-21T06:26:51.907+0000] {subprocess.py:106} INFO - 페이지 160 데이터 수집 시작 (카테고리: 320)
[2024-12-21T06:26:51.907+0000] {subprocess.py:106} INFO - 페이지 161 데이터 수집 시작 (카테고리: 320)
[2024-12-21T06:26:51.908+0000] {subprocess.py:106} INFO - 페이지 162 데이터 수집 시작 (카테고리: 320)
[2024-12-21T06:26:51.910+0000] {subprocess.py:106} INFO - 페이지 163 데이터 수집 시작 (카테고리: 320)
[2024-12-21T06:26:51.910+0000] {subprocess.py:106} INFO - 페이지 164 데이터 수집 시작 (카테고리: 320)
[2024-12-21T06:26:51.910+0000] {subprocess.py:106} INFO - 페이지 165 데이터 수집 시작 (카테고리: 320)
[2024-12-21T06:26:51.911+0000] {subprocess.py:106} INFO - 페이지 166 데이터 수집 시작 (카테고리: 320)
[2024-12-21T06:26:51.911+0000] {subprocess.py:106} INFO - 페이지 167 데이터 수집 시작 (카테고리: 320)
[2024-12-21T06:26:51.911+0000] {subprocess.py:106} INFO - 페이지 168 데이터 수집 시작 (카테고리: 320)
[2024-12-21T06:26:51.911+0000] {subprocess.py:106} INFO - 페이지 169 데이터 수집 시작 (카테고리: 320)
[2024-12-21T06:26:51.912+0000] {subprocess.py:106} INFO - 페이지 170 데이터 수집 시작 (카테고리: 320)
[2024-12-21T06:26:51.912+0000] {subprocess.py:106} INFO - 페이지 171 데이터 수집 시작 (카테고리: 320)
[2024-12-21T06:26:51.912+0000] {subprocess.py:106} INFO - 페이지 172 데이터 수집 시작 (카테고리: 320)
[2024-12-21T06:26:51.913+0000] {subprocess.py:106} INFO - 페이지 173 데이터 수집 시작 (카테고리: 320)
[2024-12-21T06:26:51.913+0000] {subprocess.py:106} INFO - 페이지 174 데이터 수집 시작 (카테고리: 320)
[2024-12-21T06:26:51.913+0000] {subprocess.py:106} INFO - 페이지 175 데이터 수집 시작 (카테고리: 320)
[2024-12-21T06:26:51.913+0000] {subprocess.py:106} INFO - 페이지 176 데이터 수집 시작 (카테고리: 320)
[2024-12-21T06:26:51.913+0000] {subprocess.py:106} INFO - 페이지 177 데이터 수집 시작 (카테고리: 320)
[2024-12-21T06:26:51.914+0000] {subprocess.py:106} INFO - 페이지 178 데이터 수집 시작 (카테고리: 320)
[2024-12-21T06:26:51.914+0000] {subprocess.py:106} INFO - 페이지 179 데이터 수집 시작 (카테고리: 320)
[2024-12-21T06:26:51.914+0000] {subprocess.py:106} INFO - 페이지 180 데이터 수집 시작 (카테고리: 320)
[2024-12-21T06:26:51.914+0000] {subprocess.py:106} INFO - 페이지 181 데이터 수집 시작 (카테고리: 320)
[2024-12-21T06:26:51.914+0000] {subprocess.py:106} INFO - 페이지 182 데이터 수집 시작 (카테고리: 320)
[2024-12-21T06:26:51.915+0000] {subprocess.py:106} INFO - 페이지 183 데이터 수집 시작 (카테고리: 320)
[2024-12-21T06:26:51.915+0000] {subprocess.py:106} INFO - 페이지 184 데이터 수집 시작 (카테고리: 320)
[2024-12-21T06:26:51.915+0000] {subprocess.py:106} INFO - 페이지 185 데이터 수집 시작 (카테고리: 320)
[2024-12-21T06:26:51.916+0000] {subprocess.py:106} INFO - 페이지 186 데이터 수집 시작 (카테고리: 320)
[2024-12-21T06:26:51.916+0000] {subprocess.py:106} INFO - 페이지 187 데이터 수집 시작 (카테고리: 320)
[2024-12-21T06:26:51.916+0000] {subprocess.py:106} INFO - 페이지 188 데이터 수집 시작 (카테고리: 320)
[2024-12-21T06:26:51.916+0000] {subprocess.py:106} INFO - 페이지 189 데이터 수집 시작 (카테고리: 320)
[2024-12-21T06:26:51.917+0000] {subprocess.py:106} INFO - 페이지 190 데이터 수집 시작 (카테고리: 320)
[2024-12-21T06:26:51.917+0000] {subprocess.py:106} INFO - 페이지 191 데이터 수집 시작 (카테고리: 320)
[2024-12-21T06:26:51.917+0000] {subprocess.py:106} INFO - 페이지 192 데이터 수집 시작 (카테고리: 320)
[2024-12-21T06:26:51.918+0000] {subprocess.py:106} INFO - 페이지 193 데이터 수집 시작 (카테고리: 320)
[2024-12-21T06:26:51.919+0000] {subprocess.py:106} INFO - 페이지 194 데이터 수집 시작 (카테고리: 320)
[2024-12-21T06:26:51.919+0000] {subprocess.py:106} INFO - 페이지 195 데이터 수집 시작 (카테고리: 320)
[2024-12-21T06:26:51.920+0000] {subprocess.py:106} INFO - 페이지 196 데이터 수집 시작 (카테고리: 320)
[2024-12-21T06:26:51.920+0000] {subprocess.py:106} INFO - 페이지 197 데이터 수집 시작 (카테고리: 320)
[2024-12-21T06:26:51.920+0000] {subprocess.py:106} INFO - 페이지 198 데이터 수집 시작 (카테고리: 320)
[2024-12-21T06:26:51.920+0000] {subprocess.py:106} INFO - 페이지 199 데이터 수집 시작 (카테고리: 320)
[2024-12-21T06:26:51.921+0000] {subprocess.py:106} INFO - 페이지 200 데이터 수집 시작 (카테고리: 320)
[2024-12-21T06:26:51.921+0000] {subprocess.py:106} INFO - 페이지 201 데이터 수집 시작 (카테고리: 320)
[2024-12-21T06:26:51.921+0000] {subprocess.py:106} INFO - 페이지 202 데이터 수집 시작 (카테고리: 320)
[2024-12-21T06:26:51.922+0000] {subprocess.py:106} INFO - 페이지 203 데이터 수집 시작 (카테고리: 320)
[2024-12-21T06:26:51.924+0000] {subprocess.py:106} INFO - 페이지 204 데이터 수집 시작 (카테고리: 320)
[2024-12-21T06:26:51.924+0000] {subprocess.py:106} INFO - 페이지 205 데이터 수집 시작 (카테고리: 320)
[2024-12-21T06:26:51.924+0000] {subprocess.py:106} INFO - 페이지 206 데이터 수집 시작 (카테고리: 320)
[2024-12-21T06:26:51.925+0000] {subprocess.py:106} INFO - 페이지 207 데이터 수집 시작 (카테고리: 320)
[2024-12-21T06:26:51.925+0000] {subprocess.py:106} INFO - 페이지 208 데이터 수집 시작 (카테고리: 320)
[2024-12-21T06:26:51.925+0000] {subprocess.py:106} INFO - 페이지 209 데이터 수집 시작 (카테고리: 320)
[2024-12-21T06:26:51.925+0000] {subprocess.py:106} INFO - 페이지 210 데이터 수집 시작 (카테고리: 320)
[2024-12-21T06:26:51.925+0000] {subprocess.py:106} INFO - 페이지 211 데이터 수집 시작 (카테고리: 320)
[2024-12-21T06:26:51.925+0000] {subprocess.py:106} INFO - 페이지 212 데이터 수집 시작 (카테고리: 320)
[2024-12-21T06:26:51.925+0000] {subprocess.py:106} INFO - 페이지 213 데이터 수집 시작 (카테고리: 320)
[2024-12-21T06:26:51.926+0000] {subprocess.py:106} INFO - 페이지 214 데이터 수집 시작 (카테고리: 320)
[2024-12-21T06:26:51.926+0000] {subprocess.py:106} INFO - 페이지 215 데이터 수집 시작 (카테고리: 320)
[2024-12-21T06:26:51.926+0000] {subprocess.py:106} INFO - 페이지 216 데이터 수집 시작 (카테고리: 320)
[2024-12-21T06:26:51.926+0000] {subprocess.py:106} INFO - 페이지 217 데이터 수집 시작 (카테고리: 320)
[2024-12-21T06:26:51.926+0000] {subprocess.py:106} INFO - 페이지 218 데이터 수집 시작 (카테고리: 320)
[2024-12-21T06:26:51.926+0000] {subprocess.py:106} INFO - 페이지 219 데이터 수집 시작 (카테고리: 320)
[2024-12-21T06:26:51.926+0000] {subprocess.py:106} INFO - 페이지 220 데이터 수집 시작 (카테고리: 320)
[2024-12-21T06:26:51.926+0000] {subprocess.py:106} INFO - 페이지 221 데이터 수집 시작 (카테고리: 320)
[2024-12-21T06:26:51.926+0000] {subprocess.py:106} INFO - 페이지 222 데이터 수집 시작 (카테고리: 320)
[2024-12-21T06:26:51.927+0000] {subprocess.py:106} INFO - 페이지 223 데이터 수집 시작 (카테고리: 320)
[2024-12-21T06:26:51.927+0000] {subprocess.py:106} INFO - 페이지 224 데이터 수집 시작 (카테고리: 320)
[2024-12-21T06:26:51.927+0000] {subprocess.py:106} INFO - 페이지 225 데이터 수집 시작 (카테고리: 320)
[2024-12-21T06:26:51.927+0000] {subprocess.py:106} INFO - 페이지 226 데이터 수집 시작 (카테고리: 320)
[2024-12-21T06:26:51.927+0000] {subprocess.py:106} INFO - 페이지 227 데이터 수집 시작 (카테고리: 320)
[2024-12-21T06:26:51.928+0000] {subprocess.py:106} INFO - 페이지 228 데이터 수집 시작 (카테고리: 320)
[2024-12-21T06:26:51.928+0000] {subprocess.py:106} INFO - 페이지 229 데이터 수집 시작 (카테고리: 320)
[2024-12-21T06:26:51.929+0000] {subprocess.py:106} INFO - 페이지 230 데이터 수집 시작 (카테고리: 320)
[2024-12-21T06:26:51.929+0000] {subprocess.py:106} INFO - 페이지 231 데이터 수집 시작 (카테고리: 320)
[2024-12-21T06:26:51.931+0000] {subprocess.py:106} INFO - 페이지 232 데이터 수집 시작 (카테고리: 320)
[2024-12-21T06:26:51.932+0000] {subprocess.py:106} INFO - 페이지 233 데이터 수집 시작 (카테고리: 320)
[2024-12-21T06:26:51.932+0000] {subprocess.py:106} INFO - 페이지 234 데이터 수집 시작 (카테고리: 320)
[2024-12-21T06:26:51.932+0000] {subprocess.py:106} INFO - 페이지 235 데이터 수집 시작 (카테고리: 320)
[2024-12-21T06:26:51.932+0000] {subprocess.py:106} INFO - 페이지 236 데이터 수집 시작 (카테고리: 320)
[2024-12-21T06:26:51.933+0000] {subprocess.py:106} INFO - 페이지 237 데이터 수집 시작 (카테고리: 320)
[2024-12-21T06:26:51.933+0000] {subprocess.py:106} INFO - 페이지 238 데이터 수집 시작 (카테고리: 320)
[2024-12-21T06:26:51.933+0000] {subprocess.py:106} INFO - 페이지 239 데이터 수집 시작 (카테고리: 320)
[2024-12-21T06:26:51.933+0000] {subprocess.py:106} INFO - 페이지 240 데이터 수집 시작 (카테고리: 320)
[2024-12-21T06:26:51.933+0000] {subprocess.py:106} INFO - 페이지 241 데이터 수집 시작 (카테고리: 320)
[2024-12-21T06:26:51.933+0000] {subprocess.py:106} INFO - 페이지 242 데이터 수집 시작 (카테고리: 320)
[2024-12-21T06:26:51.933+0000] {subprocess.py:106} INFO - 페이지 243 데이터 수집 시작 (카테고리: 320)
[2024-12-21T06:26:51.934+0000] {subprocess.py:106} INFO - 페이지 244 데이터 수집 시작 (카테고리: 320)
[2024-12-21T06:26:51.935+0000] {subprocess.py:106} INFO - 페이지 245 데이터 수집 시작 (카테고리: 320)
[2024-12-21T06:26:51.936+0000] {subprocess.py:106} INFO - 페이지 246 데이터 수집 시작 (카테고리: 320)
[2024-12-21T06:26:51.937+0000] {subprocess.py:106} INFO - 페이지 247 데이터 수집 시작 (카테고리: 320)
[2024-12-21T06:26:51.938+0000] {subprocess.py:106} INFO - 페이지 248 데이터 수집 시작 (카테고리: 320)
[2024-12-21T06:26:51.938+0000] {subprocess.py:106} INFO - 페이지 249 데이터 수집 시작 (카테고리: 320)
[2024-12-21T06:26:51.939+0000] {subprocess.py:106} INFO - 페이지 250 데이터 수집 시작 (카테고리: 320)
[2024-12-21T06:26:51.939+0000] {subprocess.py:106} INFO - 페이지 251 데이터 수집 시작 (카테고리: 320)
[2024-12-21T06:26:51.939+0000] {subprocess.py:106} INFO - 페이지 252 데이터 수집 시작 (카테고리: 320)
[2024-12-21T06:26:51.940+0000] {subprocess.py:106} INFO - 페이지 253 데이터 수집 시작 (카테고리: 320)
[2024-12-21T06:26:51.940+0000] {subprocess.py:106} INFO - 페이지 254 데이터 수집 시작 (카테고리: 320)
[2024-12-21T06:26:51.940+0000] {subprocess.py:106} INFO - 페이지 255 데이터 수집 시작 (카테고리: 320)
[2024-12-21T06:26:51.940+0000] {subprocess.py:106} INFO - 페이지 256 데이터 수집 시작 (카테고리: 320)
[2024-12-21T06:26:51.940+0000] {subprocess.py:106} INFO - 페이지 257 데이터 수집 시작 (카테고리: 320)
[2024-12-21T06:26:51.940+0000] {subprocess.py:106} INFO - 페이지 258 데이터 수집 시작 (카테고리: 320)
[2024-12-21T06:26:51.941+0000] {subprocess.py:106} INFO - 페이지 259 데이터 수집 시작 (카테고리: 320)
[2024-12-21T06:26:51.944+0000] {subprocess.py:106} INFO - 페이지 260 데이터 수집 시작 (카테고리: 320)
[2024-12-21T06:26:51.946+0000] {subprocess.py:106} INFO - 페이지 261 데이터 수집 시작 (카테고리: 320)
[2024-12-21T06:26:51.947+0000] {subprocess.py:106} INFO - 페이지 262 데이터 수집 시작 (카테고리: 320)
[2024-12-21T06:26:51.949+0000] {subprocess.py:106} INFO - 페이지 263 데이터 수집 시작 (카테고리: 320)
[2024-12-21T06:26:51.950+0000] {subprocess.py:106} INFO - 페이지 264 데이터 수집 시작 (카테고리: 320)
[2024-12-21T06:26:51.950+0000] {subprocess.py:106} INFO - 페이지 265 데이터 수집 시작 (카테고리: 320)
[2024-12-21T06:26:51.951+0000] {subprocess.py:106} INFO - 페이지 266 데이터 수집 시작 (카테고리: 320)
[2024-12-21T06:26:51.951+0000] {subprocess.py:106} INFO - 페이지 267 데이터 수집 시작 (카테고리: 320)
[2024-12-21T06:26:51.951+0000] {subprocess.py:106} INFO - 페이지 268 데이터 수집 시작 (카테고리: 320)
[2024-12-21T06:26:51.952+0000] {subprocess.py:106} INFO - 페이지 269 데이터 수집 시작 (카테고리: 320)
[2024-12-21T06:26:51.952+0000] {subprocess.py:106} INFO - 페이지 270 데이터 수집 시작 (카테고리: 320)
[2024-12-21T06:26:51.952+0000] {subprocess.py:106} INFO - 페이지 271 데이터 수집 시작 (카테고리: 320)
[2024-12-21T06:26:51.952+0000] {subprocess.py:106} INFO - 페이지 272 데이터 수집 시작 (카테고리: 320)
[2024-12-21T06:26:51.953+0000] {subprocess.py:106} INFO - 페이지 273 데이터 수집 시작 (카테고리: 320)
[2024-12-21T06:26:51.954+0000] {subprocess.py:106} INFO - 페이지 274 데이터 수집 시작 (카테고리: 320)
[2024-12-21T06:26:51.954+0000] {subprocess.py:106} INFO - 페이지 275 데이터 수집 시작 (카테고리: 320)
[2024-12-21T06:26:51.955+0000] {subprocess.py:106} INFO - 페이지 276 데이터 수집 시작 (카테고리: 320)
[2024-12-21T06:26:51.955+0000] {subprocess.py:106} INFO - 페이지 277 데이터 수집 시작 (카테고리: 320)
[2024-12-21T06:26:51.956+0000] {subprocess.py:106} INFO - 페이지 278 데이터 수집 시작 (카테고리: 320)
[2024-12-21T06:26:51.956+0000] {subprocess.py:106} INFO - 페이지 279 데이터 수집 시작 (카테고리: 320)
[2024-12-21T06:26:51.956+0000] {subprocess.py:106} INFO - 페이지 280 데이터 수집 시작 (카테고리: 320)
[2024-12-21T06:26:51.956+0000] {subprocess.py:106} INFO - 페이지 281 데이터 수집 시작 (카테고리: 320)
[2024-12-21T06:26:51.957+0000] {subprocess.py:106} INFO - 페이지 282 데이터 수집 시작 (카테고리: 320)
[2024-12-21T06:26:51.957+0000] {subprocess.py:106} INFO - 페이지 283 데이터 수집 시작 (카테고리: 320)
[2024-12-21T06:26:51.957+0000] {subprocess.py:106} INFO - 페이지 284 데이터 수집 시작 (카테고리: 320)
[2024-12-21T06:34:56.892+0000] {subprocess.py:106} INFO - 페이지 285 데이터 수집 시작 (카테고리: 320)
[2024-12-21T06:34:56.894+0000] {subprocess.py:106} INFO - 페이지 286 데이터 수집 시작 (카테고리: 320)
[2024-12-21T06:34:56.896+0000] {subprocess.py:106} INFO - 페이지 287 데이터 수집 시작 (카테고리: 320)
[2024-12-21T06:34:56.896+0000] {subprocess.py:106} INFO - 페이지 288 데이터 수집 시작 (카테고리: 320)
[2024-12-21T06:34:56.897+0000] {subprocess.py:106} INFO - 페이지 289 데이터 수집 시작 (카테고리: 320)
[2024-12-21T06:34:56.897+0000] {subprocess.py:106} INFO - 페이지 290 데이터 수집 시작 (카테고리: 320)
[2024-12-21T06:34:56.897+0000] {subprocess.py:106} INFO - 페이지 291 데이터 수집 시작 (카테고리: 320)
[2024-12-21T06:34:56.897+0000] {subprocess.py:106} INFO - 페이지 292 데이터 수집 시작 (카테고리: 320)
[2024-12-21T06:34:56.898+0000] {subprocess.py:106} INFO - 페이지 293 데이터 수집 시작 (카테고리: 320)
[2024-12-21T06:34:56.898+0000] {subprocess.py:106} INFO - 페이지 294 데이터 수집 시작 (카테고리: 320)
[2024-12-21T06:34:56.898+0000] {subprocess.py:106} INFO - 페이지 295 데이터 수집 시작 (카테고리: 320)
[2024-12-21T06:34:56.899+0000] {subprocess.py:106} INFO - 페이지 296 데이터 수집 시작 (카테고리: 320)
[2024-12-21T06:34:56.899+0000] {subprocess.py:106} INFO - 페이지 297 데이터 수집 시작 (카테고리: 320)
[2024-12-21T06:34:56.899+0000] {subprocess.py:106} INFO - 페이지 298 데이터 수집 시작 (카테고리: 320)
[2024-12-21T06:34:56.899+0000] {subprocess.py:106} INFO - 페이지 299 데이터 수집 시작 (카테고리: 320)
[2024-12-21T06:34:56.900+0000] {subprocess.py:106} INFO - 페이지 300 데이터 수집 시작 (카테고리: 320)
[2024-12-21T06:34:56.900+0000] {subprocess.py:106} INFO - 데이터 수집 및 저장 완료: /opt/***/collectedData/mans_category/mans_category_20241221_062753.csv
[2024-12-21T06:34:56.900+0000] {subprocess.py:106} INFO - 310번 데이터 수집 시작
[2024-12-21T06:34:56.901+0000] {subprocess.py:106} INFO - 페이지 3 데이터 수집 시작 (카테고리: 310)
[2024-12-21T06:34:56.901+0000] {subprocess.py:106} INFO - 페이지 4 데이터 수집 시작 (카테고리: 310)
[2024-12-21T06:34:56.902+0000] {subprocess.py:106} INFO - 페이지 2 데이터 수집 시작 (카테고리: 310)
[2024-12-21T06:34:56.903+0000] {subprocess.py:106} INFO - 페이지 1 데이터 수집 시작 (카테고리: 310)
[2024-12-21T06:34:56.903+0000] {subprocess.py:106} INFO - 페이지 6 데이터 수집 시작 (카테고리: 310)
[2024-12-21T06:34:56.904+0000] {subprocess.py:106} INFO - 페이지 5 데이터 수집 시작 (카테고리: 310)
[2024-12-21T06:34:56.904+0000] {subprocess.py:106} INFO - 페이지 7 데이터 수집 시작 (카테고리: 310)
[2024-12-21T06:34:56.905+0000] {subprocess.py:106} INFO - 페이지 8 데이터 수집 시작 (카테고리: 310)
[2024-12-21T06:34:56.905+0000] {subprocess.py:106} INFO - 페이지 9 데이터 수집 시작 (카테고리: 310)
[2024-12-21T06:34:56.905+0000] {subprocess.py:106} INFO - 페이지 10 데이터 수집 시작 (카테고리: 310)
[2024-12-21T06:34:56.906+0000] {subprocess.py:106} INFO - 페이지 11 데이터 수집 시작 (카테고리: 310)
[2024-12-21T06:34:56.906+0000] {subprocess.py:106} INFO - 페이지 12 데이터 수집 시작 (카테고리: 310)
[2024-12-21T06:34:56.906+0000] {subprocess.py:106} INFO - 페이지 13 데이터 수집 시작 (카테고리: 310)
[2024-12-21T06:34:56.907+0000] {subprocess.py:106} INFO - 페이지 14 데이터 수집 시작 (카테고리: 310)
[2024-12-21T06:34:56.908+0000] {subprocess.py:106} INFO - 페이지 15 데이터 수집 시작 (카테고리: 310)
[2024-12-21T06:34:56.908+0000] {subprocess.py:106} INFO - 페이지 16 데이터 수집 시작 (카테고리: 310)
[2024-12-21T06:34:56.909+0000] {subprocess.py:106} INFO - 페이지 17 데이터 수집 시작 (카테고리: 310)
[2024-12-21T06:34:56.909+0000] {subprocess.py:106} INFO - 페이지 18 데이터 수집 시작 (카테고리: 310)
[2024-12-21T06:34:56.909+0000] {subprocess.py:106} INFO - 페이지 19 데이터 수집 시작 (카테고리: 310)
[2024-12-21T06:34:56.910+0000] {subprocess.py:106} INFO - 페이지 20 데이터 수집 시작 (카테고리: 310)
[2024-12-21T06:34:56.910+0000] {subprocess.py:106} INFO - 페이지 21 데이터 수집 시작 (카테고리: 310)
[2024-12-21T06:34:56.911+0000] {subprocess.py:106} INFO - 페이지 22 데이터 수집 시작 (카테고리: 310)
[2024-12-21T06:34:56.911+0000] {subprocess.py:106} INFO - 페이지 23 데이터 수집 시작 (카테고리: 310)
[2024-12-21T06:34:56.912+0000] {subprocess.py:106} INFO - 페이지 24 데이터 수집 시작 (카테고리: 310)
[2024-12-21T06:34:56.912+0000] {subprocess.py:106} INFO - 페이지 25 데이터 수집 시작 (카테고리: 310)
[2024-12-21T06:34:56.912+0000] {subprocess.py:106} INFO - 페이지 26 데이터 수집 시작 (카테고리: 310)
[2024-12-21T06:34:56.913+0000] {subprocess.py:106} INFO - 페이지 27 데이터 수집 시작 (카테고리: 310)
[2024-12-21T06:34:56.913+0000] {subprocess.py:106} INFO - 페이지 28 데이터 수집 시작 (카테고리: 310)
[2024-12-21T06:34:56.913+0000] {subprocess.py:106} INFO - 페이지 29 데이터 수집 시작 (카테고리: 310)
[2024-12-21T06:34:56.914+0000] {subprocess.py:106} INFO - 페이지 30 데이터 수집 시작 (카테고리: 310)
[2024-12-21T06:34:56.914+0000] {subprocess.py:106} INFO - 페이지 31 데이터 수집 시작 (카테고리: 310)
[2024-12-21T06:34:56.919+0000] {subprocess.py:106} INFO - 페이지 32 데이터 수집 시작 (카테고리: 310)
[2024-12-21T06:34:56.919+0000] {subprocess.py:106} INFO - 페이지 33 데이터 수집 시작 (카테고리: 310)
[2024-12-21T06:34:56.920+0000] {subprocess.py:106} INFO - 페이지 34 데이터 수집 시작 (카테고리: 310)
[2024-12-21T06:34:56.920+0000] {subprocess.py:106} INFO - 페이지 35 데이터 수집 시작 (카테고리: 310)
[2024-12-21T06:34:56.921+0000] {subprocess.py:106} INFO - 페이지 36 데이터 수집 시작 (카테고리: 310)
[2024-12-21T06:34:56.921+0000] {subprocess.py:106} INFO - 페이지 37 데이터 수집 시작 (카테고리: 310)
[2024-12-21T06:34:56.922+0000] {subprocess.py:106} INFO - 페이지 38 데이터 수집 시작 (카테고리: 310)
[2024-12-21T06:34:56.922+0000] {subprocess.py:106} INFO - 페이지 39 데이터 수집 시작 (카테고리: 310)
[2024-12-21T06:34:56.923+0000] {subprocess.py:106} INFO - 페이지 40 데이터 수집 시작 (카테고리: 310)
[2024-12-21T06:34:56.927+0000] {subprocess.py:106} INFO - 페이지 41 데이터 수집 시작 (카테고리: 310)
[2024-12-21T06:34:56.927+0000] {subprocess.py:106} INFO - 페이지 42 데이터 수집 시작 (카테고리: 310)
[2024-12-21T06:34:56.927+0000] {subprocess.py:106} INFO - 페이지 43 데이터 수집 시작 (카테고리: 310)
[2024-12-21T06:34:56.928+0000] {subprocess.py:106} INFO - 페이지 44 데이터 수집 시작 (카테고리: 310)
[2024-12-21T06:34:56.928+0000] {subprocess.py:106} INFO - 페이지 45 데이터 수집 시작 (카테고리: 310)
[2024-12-21T06:34:56.928+0000] {subprocess.py:106} INFO - 페이지 46 데이터 수집 시작 (카테고리: 310)
[2024-12-21T06:34:56.929+0000] {subprocess.py:106} INFO - 페이지 47 데이터 수집 시작 (카테고리: 310)
[2024-12-21T06:34:56.929+0000] {subprocess.py:106} INFO - 페이지 48 데이터 수집 시작 (카테고리: 310)
[2024-12-21T06:34:56.930+0000] {subprocess.py:106} INFO - 페이지 49 데이터 수집 시작 (카테고리: 310)
[2024-12-21T06:34:56.930+0000] {subprocess.py:106} INFO - 페이지 50 데이터 수집 시작 (카테고리: 310)
[2024-12-21T06:34:56.931+0000] {subprocess.py:106} INFO - 페이지 51 데이터 수집 시작 (카테고리: 310)
[2024-12-21T06:34:56.933+0000] {subprocess.py:106} INFO - 페이지 52 데이터 수집 시작 (카테고리: 310)
[2024-12-21T06:34:56.934+0000] {subprocess.py:106} INFO - 페이지 53 데이터 수집 시작 (카테고리: 310)
[2024-12-21T06:34:56.935+0000] {subprocess.py:106} INFO - 페이지 54 데이터 수집 시작 (카테고리: 310)
[2024-12-21T06:34:56.936+0000] {subprocess.py:106} INFO - 페이지 55 데이터 수집 시작 (카테고리: 310)
[2024-12-21T06:34:56.937+0000] {subprocess.py:106} INFO - 페이지 56 데이터 수집 시작 (카테고리: 310)
[2024-12-21T06:34:56.938+0000] {subprocess.py:106} INFO - 페이지 57 데이터 수집 시작 (카테고리: 310)
[2024-12-21T06:34:56.938+0000] {subprocess.py:106} INFO - 페이지 58 데이터 수집 시작 (카테고리: 310)
[2024-12-21T06:34:56.938+0000] {subprocess.py:106} INFO - 페이지 59 데이터 수집 시작 (카테고리: 310)
[2024-12-21T06:34:56.939+0000] {subprocess.py:106} INFO - 페이지 60 데이터 수집 시작 (카테고리: 310)
[2024-12-21T06:34:56.939+0000] {subprocess.py:106} INFO - 페이지 61 데이터 수집 시작 (카테고리: 310)
[2024-12-21T06:34:56.940+0000] {subprocess.py:106} INFO - 페이지 62 데이터 수집 시작 (카테고리: 310)
[2024-12-21T06:34:56.940+0000] {subprocess.py:106} INFO - 페이지 63 데이터 수집 시작 (카테고리: 310)
[2024-12-21T06:34:56.941+0000] {subprocess.py:106} INFO - 페이지 64 데이터 수집 시작 (카테고리: 310)
[2024-12-21T06:34:56.941+0000] {subprocess.py:106} INFO - 페이지 65 데이터 수집 시작 (카테고리: 310)
[2024-12-21T06:34:56.941+0000] {subprocess.py:106} INFO - 페이지 66 데이터 수집 시작 (카테고리: 310)
[2024-12-21T06:34:56.942+0000] {subprocess.py:106} INFO - 페이지 67 데이터 수집 시작 (카테고리: 310)
[2024-12-21T06:34:56.942+0000] {subprocess.py:106} INFO - 페이지 68 데이터 수집 시작 (카테고리: 310)
[2024-12-21T06:34:56.942+0000] {subprocess.py:106} INFO - 페이지 69 데이터 수집 시작 (카테고리: 310)
[2024-12-21T06:34:56.943+0000] {subprocess.py:106} INFO - 페이지 71 데이터 수집 시작 (카테고리: 310)
[2024-12-21T06:34:56.943+0000] {subprocess.py:106} INFO - 페이지 70 데이터 수집 시작 (카테고리: 310)
[2024-12-21T06:34:56.944+0000] {subprocess.py:106} INFO - 페이지 72 데이터 수집 시작 (카테고리: 310)
[2024-12-21T06:34:56.945+0000] {subprocess.py:106} INFO - 페이지 73 데이터 수집 시작 (카테고리: 310)
[2024-12-21T06:34:56.945+0000] {subprocess.py:106} INFO - 페이지 74 데이터 수집 시작 (카테고리: 310)
[2024-12-21T06:34:56.945+0000] {subprocess.py:106} INFO - 페이지 75 데이터 수집 시작 (카테고리: 310)
[2024-12-21T06:34:56.945+0000] {subprocess.py:106} INFO - 페이지 76 데이터 수집 시작 (카테고리: 310)
[2024-12-21T06:34:56.946+0000] {subprocess.py:106} INFO - 페이지 77 데이터 수집 시작 (카테고리: 310)
[2024-12-21T06:34:56.946+0000] {subprocess.py:106} INFO - 페이지 78 데이터 수집 시작 (카테고리: 310)
[2024-12-21T06:34:56.946+0000] {subprocess.py:106} INFO - 페이지 79 데이터 수집 시작 (카테고리: 310)
[2024-12-21T06:34:56.947+0000] {subprocess.py:106} INFO - 페이지 80 데이터 수집 시작 (카테고리: 310)
[2024-12-21T06:34:56.947+0000] {subprocess.py:106} INFO - 페이지 81 데이터 수집 시작 (카테고리: 310)
[2024-12-21T06:34:56.947+0000] {subprocess.py:106} INFO - 페이지 82 데이터 수집 시작 (카테고리: 310)
[2024-12-21T06:34:56.947+0000] {subprocess.py:106} INFO - 페이지 83 데이터 수집 시작 (카테고리: 310)
[2024-12-21T06:34:56.948+0000] {subprocess.py:106} INFO - 페이지 84 데이터 수집 시작 (카테고리: 310)
[2024-12-21T06:34:56.948+0000] {subprocess.py:106} INFO - 페이지 85 데이터 수집 시작 (카테고리: 310)
[2024-12-21T06:34:56.948+0000] {subprocess.py:106} INFO - 페이지 86 데이터 수집 시작 (카테고리: 310)
[2024-12-21T06:34:56.948+0000] {subprocess.py:106} INFO - 페이지 87 데이터 수집 시작 (카테고리: 310)
[2024-12-21T06:34:56.949+0000] {subprocess.py:106} INFO - 페이지 88 데이터 수집 시작 (카테고리: 310)
[2024-12-21T06:34:56.949+0000] {subprocess.py:106} INFO - 페이지 89 데이터 수집 시작 (카테고리: 310)
[2024-12-21T06:34:56.949+0000] {subprocess.py:106} INFO - 페이지 90 데이터 수집 시작 (카테고리: 310)
[2024-12-21T06:34:56.950+0000] {subprocess.py:106} INFO - 페이지 91 데이터 수집 시작 (카테고리: 310)
[2024-12-21T06:34:56.950+0000] {subprocess.py:106} INFO - 페이지 92 데이터 수집 시작 (카테고리: 310)
[2024-12-21T06:34:56.950+0000] {subprocess.py:106} INFO - 페이지 93 데이터 수집 시작 (카테고리: 310)
[2024-12-21T06:34:56.950+0000] {subprocess.py:106} INFO - 페이지 94 데이터 수집 시작 (카테고리: 310)
[2024-12-21T06:34:56.951+0000] {subprocess.py:106} INFO - 페이지 95 데이터 수집 시작 (카테고리: 310)
[2024-12-21T06:34:56.951+0000] {subprocess.py:106} INFO - 페이지 96 데이터 수집 시작 (카테고리: 310)
[2024-12-21T06:34:56.952+0000] {subprocess.py:106} INFO - 페이지 97 데이터 수집 시작 (카테고리: 310)
[2024-12-21T06:34:56.952+0000] {subprocess.py:106} INFO - 페이지 98 데이터 수집 시작 (카테고리: 310)
[2024-12-21T06:34:56.952+0000] {subprocess.py:106} INFO - 페이지 99 데이터 수집 시작 (카테고리: 310)
[2024-12-21T06:34:56.952+0000] {subprocess.py:106} INFO - 페이지 100 데이터 수집 시작 (카테고리: 310)
[2024-12-21T06:34:56.953+0000] {subprocess.py:106} INFO - 페이지 101 데이터 수집 시작 (카테고리: 310)
[2024-12-21T06:34:56.953+0000] {subprocess.py:106} INFO - 페이지 102 데이터 수집 시작 (카테고리: 310)
[2024-12-21T06:34:56.954+0000] {subprocess.py:106} INFO - 페이지 103 데이터 수집 시작 (카테고리: 310)
[2024-12-21T06:34:56.954+0000] {subprocess.py:106} INFO - 페이지 104 데이터 수집 시작 (카테고리: 310)
[2024-12-21T06:34:56.954+0000] {subprocess.py:106} INFO - 페이지 105 데이터 수집 시작 (카테고리: 310)
[2024-12-21T06:34:56.954+0000] {subprocess.py:106} INFO - 페이지 106 데이터 수집 시작 (카테고리: 310)
[2024-12-21T06:34:56.955+0000] {subprocess.py:106} INFO - 페이지 107 데이터 수집 시작 (카테고리: 310)
[2024-12-21T06:34:56.955+0000] {subprocess.py:106} INFO - 페이지 108 데이터 수집 시작 (카테고리: 310)
[2024-12-21T06:34:56.955+0000] {subprocess.py:106} INFO - 페이지 109 데이터 수집 시작 (카테고리: 310)
[2024-12-21T06:34:56.956+0000] {subprocess.py:106} INFO - 페이지 110 데이터 수집 시작 (카테고리: 310)
[2024-12-21T06:34:56.956+0000] {subprocess.py:106} INFO - 페이지 111 데이터 수집 시작 (카테고리: 310)
[2024-12-21T06:34:56.956+0000] {subprocess.py:106} INFO - 페이지 112 데이터 수집 시작 (카테고리: 310)
[2024-12-21T06:34:56.957+0000] {subprocess.py:106} INFO - 페이지 113 데이터 수집 시작 (카테고리: 310)
[2024-12-21T06:34:56.958+0000] {subprocess.py:106} INFO - 페이지 114 데이터 수집 시작 (카테고리: 310)
[2024-12-21T06:34:56.958+0000] {subprocess.py:106} INFO - 페이지 115 데이터 수집 시작 (카테고리: 310)
[2024-12-21T06:34:56.958+0000] {subprocess.py:106} INFO - 페이지 116 데이터 수집 시작 (카테고리: 310)
[2024-12-21T06:34:56.959+0000] {subprocess.py:106} INFO - 페이지 117 데이터 수집 시작 (카테고리: 310)
[2024-12-21T06:34:56.959+0000] {subprocess.py:106} INFO - 페이지 118 데이터 수집 시작 (카테고리: 310)
[2024-12-21T06:34:56.959+0000] {subprocess.py:106} INFO - 페이지 119 데이터 수집 시작 (카테고리: 310)
[2024-12-21T06:34:56.960+0000] {subprocess.py:106} INFO - 페이지 120 데이터 수집 시작 (카테고리: 310)
[2024-12-21T06:34:56.960+0000] {subprocess.py:106} INFO - 페이지 121 데이터 수집 시작 (카테고리: 310)
[2024-12-21T06:34:56.960+0000] {subprocess.py:106} INFO - 페이지 122 데이터 수집 시작 (카테고리: 310)
[2024-12-21T06:34:56.961+0000] {subprocess.py:106} INFO - 페이지 123 데이터 수집 시작 (카테고리: 310)
[2024-12-21T06:34:56.961+0000] {subprocess.py:106} INFO - 페이지 124 데이터 수집 시작 (카테고리: 310)
[2024-12-21T06:34:56.962+0000] {subprocess.py:106} INFO - 페이지 125 데이터 수집 시작 (카테고리: 310)
[2024-12-21T06:41:38.022+0000] {subprocess.py:106} INFO - 페이지 126 데이터 수집 시작 (카테고리: 310)
[2024-12-21T06:41:38.025+0000] {subprocess.py:106} INFO - 페이지 127 데이터 수집 시작 (카테고리: 310)
[2024-12-21T06:41:38.025+0000] {subprocess.py:106} INFO - 페이지 128 데이터 수집 시작 (카테고리: 310)
[2024-12-21T06:41:38.025+0000] {subprocess.py:106} INFO - 페이지 129 데이터 수집 시작 (카테고리: 310)
[2024-12-21T06:41:38.025+0000] {subprocess.py:106} INFO - 페이지 130 데이터 수집 시작 (카테고리: 310)
[2024-12-21T06:41:38.026+0000] {subprocess.py:106} INFO - 페이지 131 데이터 수집 시작 (카테고리: 310)
[2024-12-21T06:41:38.026+0000] {subprocess.py:106} INFO - 페이지 132 데이터 수집 시작 (카테고리: 310)
[2024-12-21T06:41:38.026+0000] {subprocess.py:106} INFO - 페이지 133 데이터 수집 시작 (카테고리: 310)
[2024-12-21T06:41:38.026+0000] {subprocess.py:106} INFO - 페이지 134 데이터 수집 시작 (카테고리: 310)
[2024-12-21T06:41:38.026+0000] {subprocess.py:106} INFO - 페이지 135 데이터 수집 시작 (카테고리: 310)
[2024-12-21T06:41:38.027+0000] {subprocess.py:106} INFO - 페이지 136 데이터 수집 시작 (카테고리: 310)
[2024-12-21T06:41:38.027+0000] {subprocess.py:106} INFO - 페이지 137 데이터 수집 시작 (카테고리: 310)
[2024-12-21T06:41:38.027+0000] {subprocess.py:106} INFO - 페이지 138 데이터 수집 시작 (카테고리: 310)
[2024-12-21T06:41:38.027+0000] {subprocess.py:106} INFO - 페이지 139 데이터 수집 시작 (카테고리: 310)
[2024-12-21T06:41:38.027+0000] {subprocess.py:106} INFO - 페이지 140 데이터 수집 시작 (카테고리: 310)
[2024-12-21T06:41:38.027+0000] {subprocess.py:106} INFO - 페이지 141 데이터 수집 시작 (카테고리: 310)
[2024-12-21T06:41:38.028+0000] {subprocess.py:106} INFO - 페이지 142 데이터 수집 시작 (카테고리: 310)
[2024-12-21T06:41:38.028+0000] {subprocess.py:106} INFO - 페이지 143 데이터 수집 시작 (카테고리: 310)
[2024-12-21T06:41:38.028+0000] {subprocess.py:106} INFO - 페이지 144 데이터 수집 시작 (카테고리: 310)
[2024-12-21T06:41:38.028+0000] {subprocess.py:106} INFO - 페이지 145 데이터 수집 시작 (카테고리: 310)
[2024-12-21T06:41:38.028+0000] {subprocess.py:106} INFO - 페이지 146 데이터 수집 시작 (카테고리: 310)
[2024-12-21T06:41:38.028+0000] {subprocess.py:106} INFO - 페이지 147 데이터 수집 시작 (카테고리: 310)
[2024-12-21T06:41:38.028+0000] {subprocess.py:106} INFO - 페이지 148 데이터 수집 시작 (카테고리: 310)
[2024-12-21T06:41:38.029+0000] {subprocess.py:106} INFO - 페이지 149 데이터 수집 시작 (카테고리: 310)
[2024-12-21T06:41:38.029+0000] {subprocess.py:106} INFO - 페이지 150 데이터 수집 시작 (카테고리: 310)
[2024-12-21T06:41:38.029+0000] {subprocess.py:106} INFO - 페이지 151 데이터 수집 시작 (카테고리: 310)
[2024-12-21T06:41:38.029+0000] {subprocess.py:106} INFO - 페이지 152 데이터 수집 시작 (카테고리: 310)
[2024-12-21T06:41:38.029+0000] {subprocess.py:106} INFO - 페이지 153 데이터 수집 시작 (카테고리: 310)
[2024-12-21T06:41:38.029+0000] {subprocess.py:106} INFO - 페이지 154 데이터 수집 시작 (카테고리: 310)
[2024-12-21T06:41:38.029+0000] {subprocess.py:106} INFO - 페이지 155 데이터 수집 시작 (카테고리: 310)
[2024-12-21T06:41:38.029+0000] {subprocess.py:106} INFO - 페이지 156 데이터 수집 시작 (카테고리: 310)
[2024-12-21T06:41:38.030+0000] {subprocess.py:106} INFO - 페이지 157 데이터 수집 시작 (카테고리: 310)
[2024-12-21T06:41:38.030+0000] {subprocess.py:106} INFO - 페이지 158 데이터 수집 시작 (카테고리: 310)
[2024-12-21T06:41:38.030+0000] {subprocess.py:106} INFO - 페이지 159 데이터 수집 시작 (카테고리: 310)
[2024-12-21T06:41:38.030+0000] {subprocess.py:106} INFO - 페이지 160 데이터 수집 시작 (카테고리: 310)
[2024-12-21T06:41:38.030+0000] {subprocess.py:106} INFO - 페이지 161 데이터 수집 시작 (카테고리: 310)
[2024-12-21T06:41:38.030+0000] {subprocess.py:106} INFO - 페이지 162 데이터 수집 시작 (카테고리: 310)
[2024-12-21T06:41:38.030+0000] {subprocess.py:106} INFO - 페이지 163 데이터 수집 시작 (카테고리: 310)
[2024-12-21T06:41:38.030+0000] {subprocess.py:106} INFO - 페이지 164 데이터 수집 시작 (카테고리: 310)
[2024-12-21T06:41:38.030+0000] {subprocess.py:106} INFO - 페이지 165 데이터 수집 시작 (카테고리: 310)
[2024-12-21T06:41:38.031+0000] {subprocess.py:106} INFO - 페이지 166 데이터 수집 시작 (카테고리: 310)
[2024-12-21T06:41:38.031+0000] {subprocess.py:106} INFO - 페이지 167 데이터 수집 시작 (카테고리: 310)
[2024-12-21T06:41:38.031+0000] {subprocess.py:106} INFO - 페이지 168 데이터 수집 시작 (카테고리: 310)
[2024-12-21T06:41:38.031+0000] {subprocess.py:106} INFO - 페이지 169 데이터 수집 시작 (카테고리: 310)
[2024-12-21T06:41:38.031+0000] {subprocess.py:106} INFO - 페이지 170 데이터 수집 시작 (카테고리: 310)
[2024-12-21T06:41:38.031+0000] {subprocess.py:106} INFO - 페이지 171 데이터 수집 시작 (카테고리: 310)
[2024-12-21T06:41:38.031+0000] {subprocess.py:106} INFO - 페이지 172 데이터 수집 시작 (카테고리: 310)
[2024-12-21T06:41:38.032+0000] {subprocess.py:106} INFO - 페이지 173 데이터 수집 시작 (카테고리: 310)
[2024-12-21T06:41:38.032+0000] {subprocess.py:106} INFO - 페이지 174 데이터 수집 시작 (카테고리: 310)
[2024-12-21T06:41:38.032+0000] {subprocess.py:106} INFO - 페이지 175 데이터 수집 시작 (카테고리: 310)
[2024-12-21T06:41:38.032+0000] {subprocess.py:106} INFO - 페이지 176 데이터 수집 시작 (카테고리: 310)
[2024-12-21T06:41:38.032+0000] {subprocess.py:106} INFO - 페이지 177 데이터 수집 시작 (카테고리: 310)
[2024-12-21T06:41:38.032+0000] {subprocess.py:106} INFO - 페이지 178 데이터 수집 시작 (카테고리: 310)
[2024-12-21T06:41:38.033+0000] {subprocess.py:106} INFO - 페이지 179 데이터 수집 시작 (카테고리: 310)
[2024-12-21T06:41:38.033+0000] {subprocess.py:106} INFO - 페이지 180 데이터 수집 시작 (카테고리: 310)
[2024-12-21T06:41:38.033+0000] {subprocess.py:106} INFO - 페이지 181 데이터 수집 시작 (카테고리: 310)
[2024-12-21T06:41:38.033+0000] {subprocess.py:106} INFO - 페이지 182 데이터 수집 시작 (카테고리: 310)
[2024-12-21T06:41:38.033+0000] {subprocess.py:106} INFO - 페이지 183 데이터 수집 시작 (카테고리: 310)
[2024-12-21T06:41:38.033+0000] {subprocess.py:106} INFO - 페이지 184 데이터 수집 시작 (카테고리: 310)
[2024-12-21T06:41:38.033+0000] {subprocess.py:106} INFO - 페이지 185 데이터 수집 시작 (카테고리: 310)
[2024-12-21T06:41:38.034+0000] {subprocess.py:106} INFO - 페이지 186 데이터 수집 시작 (카테고리: 310)
[2024-12-21T06:41:38.034+0000] {subprocess.py:106} INFO - 페이지 187 데이터 수집 시작 (카테고리: 310)
[2024-12-21T06:41:38.034+0000] {subprocess.py:106} INFO - 페이지 188 데이터 수집 시작 (카테고리: 310)
[2024-12-21T06:41:38.034+0000] {subprocess.py:106} INFO - 페이지 189 데이터 수집 시작 (카테고리: 310)
[2024-12-21T06:41:38.035+0000] {subprocess.py:106} INFO - 페이지 190 데이터 수집 시작 (카테고리: 310)
[2024-12-21T06:41:38.035+0000] {subprocess.py:106} INFO - 페이지 191 데이터 수집 시작 (카테고리: 310)
[2024-12-21T06:41:38.035+0000] {subprocess.py:106} INFO - 페이지 192 데이터 수집 시작 (카테고리: 310)
[2024-12-21T06:41:38.035+0000] {subprocess.py:106} INFO - 페이지 193 데이터 수집 시작 (카테고리: 310)
[2024-12-21T06:41:38.035+0000] {subprocess.py:106} INFO - 페이지 194 데이터 수집 시작 (카테고리: 310)
[2024-12-21T06:41:38.035+0000] {subprocess.py:106} INFO - 페이지 195 데이터 수집 시작 (카테고리: 310)
[2024-12-21T06:41:38.035+0000] {subprocess.py:106} INFO - 페이지 196 데이터 수집 시작 (카테고리: 310)
[2024-12-21T06:41:38.035+0000] {subprocess.py:106} INFO - 페이지 197 데이터 수집 시작 (카테고리: 310)
[2024-12-21T06:41:38.036+0000] {subprocess.py:106} INFO - 페이지 198 데이터 수집 시작 (카테고리: 310)
[2024-12-21T06:41:38.036+0000] {subprocess.py:106} INFO - 페이지 199 데이터 수집 시작 (카테고리: 310)
[2024-12-21T06:41:38.036+0000] {subprocess.py:106} INFO - 페이지 200 데이터 수집 시작 (카테고리: 310)
[2024-12-21T06:41:38.036+0000] {subprocess.py:106} INFO - 페이지 201 데이터 수집 시작 (카테고리: 310)
[2024-12-21T06:41:38.036+0000] {subprocess.py:106} INFO - 페이지 202 데이터 수집 시작 (카테고리: 310)
[2024-12-21T06:41:38.036+0000] {subprocess.py:106} INFO - 페이지 203 데이터 수집 시작 (카테고리: 310)
[2024-12-21T06:41:38.036+0000] {subprocess.py:106} INFO - 페이지 204 데이터 수집 시작 (카테고리: 310)
[2024-12-21T06:41:38.036+0000] {subprocess.py:106} INFO - 페이지 205 데이터 수집 시작 (카테고리: 310)
[2024-12-21T06:41:38.036+0000] {subprocess.py:106} INFO - 페이지 206 데이터 수집 시작 (카테고리: 310)
[2024-12-21T06:41:38.036+0000] {subprocess.py:106} INFO - 페이지 207 데이터 수집 시작 (카테고리: 310)
[2024-12-21T06:41:38.036+0000] {subprocess.py:106} INFO - 페이지 208 데이터 수집 시작 (카테고리: 310)
[2024-12-21T06:41:38.037+0000] {subprocess.py:106} INFO - 페이지 209 데이터 수집 시작 (카테고리: 310)
[2024-12-21T06:41:38.037+0000] {subprocess.py:106} INFO - 페이지 210 데이터 수집 시작 (카테고리: 310)
[2024-12-21T06:41:38.037+0000] {subprocess.py:106} INFO - 페이지 211 데이터 수집 시작 (카테고리: 310)
[2024-12-21T06:41:38.037+0000] {subprocess.py:106} INFO - 페이지 212 데이터 수집 시작 (카테고리: 310)
[2024-12-21T06:41:38.037+0000] {subprocess.py:106} INFO - 페이지 213 데이터 수집 시작 (카테고리: 310)
[2024-12-21T06:41:38.037+0000] {subprocess.py:106} INFO - 페이지 214 데이터 수집 시작 (카테고리: 310)
[2024-12-21T06:41:38.037+0000] {subprocess.py:106} INFO - 페이지 215 데이터 수집 시작 (카테고리: 310)
[2024-12-21T06:41:38.037+0000] {subprocess.py:106} INFO - 페이지 216 데이터 수집 시작 (카테고리: 310)
[2024-12-21T06:41:38.037+0000] {subprocess.py:106} INFO - 페이지 217 데이터 수집 시작 (카테고리: 310)
[2024-12-21T06:41:38.037+0000] {subprocess.py:106} INFO - 페이지 218 데이터 수집 시작 (카테고리: 310)
[2024-12-21T06:41:38.037+0000] {subprocess.py:106} INFO - 페이지 219 데이터 수집 시작 (카테고리: 310)
[2024-12-21T06:41:38.037+0000] {subprocess.py:106} INFO - 페이지 220 데이터 수집 시작 (카테고리: 310)
[2024-12-21T06:41:38.037+0000] {subprocess.py:106} INFO - 페이지 221 데이터 수집 시작 (카테고리: 310)
[2024-12-21T06:41:38.037+0000] {subprocess.py:106} INFO - 페이지 222 데이터 수집 시작 (카테고리: 310)
[2024-12-21T06:41:38.038+0000] {subprocess.py:106} INFO - 페이지 223 데이터 수집 시작 (카테고리: 310)
[2024-12-21T06:41:38.038+0000] {subprocess.py:106} INFO - 페이지 224 데이터 수집 시작 (카테고리: 310)
[2024-12-21T06:41:38.038+0000] {subprocess.py:106} INFO - 페이지 225 데이터 수집 시작 (카테고리: 310)
[2024-12-21T06:41:38.038+0000] {subprocess.py:106} INFO - 페이지 226 데이터 수집 시작 (카테고리: 310)
[2024-12-21T06:41:38.038+0000] {subprocess.py:106} INFO - 페이지 227 데이터 수집 시작 (카테고리: 310)
[2024-12-21T06:41:38.038+0000] {subprocess.py:106} INFO - 페이지 228 데이터 수집 시작 (카테고리: 310)
[2024-12-21T06:41:38.038+0000] {subprocess.py:106} INFO - 페이지 229 데이터 수집 시작 (카테고리: 310)
[2024-12-21T06:41:38.038+0000] {subprocess.py:106} INFO - 페이지 230 데이터 수집 시작 (카테고리: 310)
[2024-12-21T06:41:38.038+0000] {subprocess.py:106} INFO - 페이지 231 데이터 수집 시작 (카테고리: 310)
[2024-12-21T06:41:38.038+0000] {subprocess.py:106} INFO - 페이지 232 데이터 수집 시작 (카테고리: 310)
[2024-12-21T06:41:38.038+0000] {subprocess.py:106} INFO - 페이지 233 데이터 수집 시작 (카테고리: 310)
[2024-12-21T06:41:38.038+0000] {subprocess.py:106} INFO - 페이지 234 데이터 수집 시작 (카테고리: 310)
[2024-12-21T06:41:38.038+0000] {subprocess.py:106} INFO - 페이지 235 데이터 수집 시작 (카테고리: 310)
[2024-12-21T06:41:38.039+0000] {subprocess.py:106} INFO - 페이지 236 데이터 수집 시작 (카테고리: 310)
[2024-12-21T06:41:38.039+0000] {subprocess.py:106} INFO - 페이지 237 데이터 수집 시작 (카테고리: 310)
[2024-12-21T06:41:38.039+0000] {subprocess.py:106} INFO - 페이지 238 데이터 수집 시작 (카테고리: 310)
[2024-12-21T06:41:38.039+0000] {subprocess.py:106} INFO - 페이지 239 데이터 수집 시작 (카테고리: 310)
[2024-12-21T06:41:38.039+0000] {subprocess.py:106} INFO - 페이지 240 데이터 수집 시작 (카테고리: 310)
[2024-12-21T06:41:38.039+0000] {subprocess.py:106} INFO - 페이지 241 데이터 수집 시작 (카테고리: 310)
[2024-12-21T06:41:38.039+0000] {subprocess.py:106} INFO - 페이지 242 데이터 수집 시작 (카테고리: 310)
[2024-12-21T06:41:38.039+0000] {subprocess.py:106} INFO - 페이지 243 데이터 수집 시작 (카테고리: 310)
[2024-12-21T06:41:38.039+0000] {subprocess.py:106} INFO - 페이지 244 데이터 수집 시작 (카테고리: 310)
[2024-12-21T06:41:38.039+0000] {subprocess.py:106} INFO - 페이지 245 데이터 수집 시작 (카테고리: 310)
[2024-12-21T06:41:38.039+0000] {subprocess.py:106} INFO - 페이지 246 데이터 수집 시작 (카테고리: 310)
[2024-12-21T06:41:38.039+0000] {subprocess.py:106} INFO - 페이지 247 데이터 수집 시작 (카테고리: 310)
[2024-12-21T06:41:38.039+0000] {subprocess.py:106} INFO - 페이지 248 데이터 수집 시작 (카테고리: 310)
[2024-12-21T06:41:38.040+0000] {subprocess.py:106} INFO - 페이지 249 데이터 수집 시작 (카테고리: 310)
[2024-12-21T06:41:38.040+0000] {subprocess.py:106} INFO - 페이지 250 데이터 수집 시작 (카테고리: 310)
[2024-12-21T06:41:38.040+0000] {subprocess.py:106} INFO - 페이지 251 데이터 수집 시작 (카테고리: 310)
[2024-12-21T06:41:38.040+0000] {subprocess.py:106} INFO - 페이지 252 데이터 수집 시작 (카테고리: 310)
[2024-12-21T06:41:38.040+0000] {subprocess.py:106} INFO - 페이지 253 데이터 수집 시작 (카테고리: 310)
[2024-12-21T06:41:38.040+0000] {subprocess.py:106} INFO - 페이지 254 데이터 수집 시작 (카테고리: 310)
[2024-12-21T06:41:38.040+0000] {subprocess.py:106} INFO - 페이지 255 데이터 수집 시작 (카테고리: 310)
[2024-12-21T06:41:38.040+0000] {subprocess.py:106} INFO - 페이지 256 데이터 수집 시작 (카테고리: 310)
[2024-12-21T06:41:38.040+0000] {subprocess.py:106} INFO - 페이지 257 데이터 수집 시작 (카테고리: 310)
[2024-12-21T06:41:38.040+0000] {subprocess.py:106} INFO - 페이지 258 데이터 수집 시작 (카테고리: 310)
[2024-12-21T06:41:38.040+0000] {subprocess.py:106} INFO - 페이지 259 데이터 수집 시작 (카테고리: 310)
[2024-12-21T06:41:38.040+0000] {subprocess.py:106} INFO - 페이지 260 데이터 수집 시작 (카테고리: 310)
[2024-12-21T06:41:38.040+0000] {subprocess.py:106} INFO - 페이지 261 데이터 수집 시작 (카테고리: 310)
[2024-12-21T06:41:38.040+0000] {subprocess.py:106} INFO - 페이지 262 데이터 수집 시작 (카테고리: 310)
[2024-12-21T06:41:38.040+0000] {subprocess.py:106} INFO - 페이지 263 데이터 수집 시작 (카테고리: 310)
[2024-12-21T06:41:38.040+0000] {subprocess.py:106} INFO - 페이지 264 데이터 수집 시작 (카테고리: 310)
[2024-12-21T06:41:38.041+0000] {subprocess.py:106} INFO - 페이지 265 데이터 수집 시작 (카테고리: 310)
[2024-12-21T06:41:38.041+0000] {subprocess.py:106} INFO - 페이지 266 데이터 수집 시작 (카테고리: 310)
[2024-12-21T06:41:38.041+0000] {subprocess.py:106} INFO - 페이지 267 데이터 수집 시작 (카테고리: 310)
[2024-12-21T06:42:55.295+0000] {subprocess.py:106} INFO - 페이지 268 데이터 수집 시작 (카테고리: 310)
[2024-12-21T06:42:55.296+0000] {subprocess.py:106} INFO - 페이지 269 데이터 수집 시작 (카테고리: 310)
[2024-12-21T06:42:55.297+0000] {subprocess.py:106} INFO - 페이지 270 데이터 수집 시작 (카테고리: 310)
[2024-12-21T06:42:55.298+0000] {subprocess.py:106} INFO - 페이지 271 데이터 수집 시작 (카테고리: 310)
[2024-12-21T06:42:55.299+0000] {subprocess.py:106} INFO - 페이지 272 데이터 수집 시작 (카테고리: 310)
[2024-12-21T06:42:55.300+0000] {subprocess.py:106} INFO - 페이지 273 데이터 수집 시작 (카테고리: 310)
[2024-12-21T06:42:55.300+0000] {subprocess.py:106} INFO - 페이지 274 데이터 수집 시작 (카테고리: 310)
[2024-12-21T06:42:55.300+0000] {subprocess.py:106} INFO - 페이지 275 데이터 수집 시작 (카테고리: 310)
[2024-12-21T06:42:55.300+0000] {subprocess.py:106} INFO - 페이지 276 데이터 수집 시작 (카테고리: 310)
[2024-12-21T06:42:55.301+0000] {subprocess.py:106} INFO - 페이지 277 데이터 수집 시작 (카테고리: 310)
[2024-12-21T06:42:55.303+0000] {subprocess.py:106} INFO - 페이지 278 데이터 수집 시작 (카테고리: 310)
[2024-12-21T06:42:55.303+0000] {subprocess.py:106} INFO - 페이지 279 데이터 수집 시작 (카테고리: 310)
[2024-12-21T06:42:55.303+0000] {subprocess.py:106} INFO - 페이지 280 데이터 수집 시작 (카테고리: 310)
[2024-12-21T06:42:55.303+0000] {subprocess.py:106} INFO - 페이지 281 데이터 수집 시작 (카테고리: 310)
[2024-12-21T06:42:55.303+0000] {subprocess.py:106} INFO - 페이지 282 데이터 수집 시작 (카테고리: 310)
[2024-12-21T06:42:55.303+0000] {subprocess.py:106} INFO - 페이지 283 데이터 수집 시작 (카테고리: 310)
[2024-12-21T06:42:55.303+0000] {subprocess.py:106} INFO - 페이지 284 데이터 수집 시작 (카테고리: 310)
[2024-12-21T06:42:55.303+0000] {subprocess.py:106} INFO - 페이지 285 데이터 수집 시작 (카테고리: 310)
[2024-12-21T06:42:55.303+0000] {subprocess.py:106} INFO - 페이지 286 데이터 수집 시작 (카테고리: 310)
[2024-12-21T06:42:55.303+0000] {subprocess.py:106} INFO - 페이지 287 데이터 수집 시작 (카테고리: 310)
[2024-12-21T06:42:55.303+0000] {subprocess.py:106} INFO - 페이지 288 데이터 수집 시작 (카테고리: 310)
[2024-12-21T06:42:55.303+0000] {subprocess.py:106} INFO - 페이지 289 데이터 수집 시작 (카테고리: 310)
[2024-12-21T06:42:55.303+0000] {subprocess.py:106} INFO - 페이지 290 데이터 수집 시작 (카테고리: 310)
[2024-12-21T06:42:55.304+0000] {subprocess.py:106} INFO - 페이지 291 데이터 수집 시작 (카테고리: 310)
[2024-12-21T06:42:55.304+0000] {subprocess.py:106} INFO - 페이지 292 데이터 수집 시작 (카테고리: 310)
[2024-12-21T06:42:55.304+0000] {subprocess.py:106} INFO - 페이지 293 데이터 수집 시작 (카테고리: 310)
[2024-12-21T06:42:55.305+0000] {subprocess.py:106} INFO - 페이지 294 데이터 수집 시작 (카테고리: 310)
[2024-12-21T06:42:55.306+0000] {subprocess.py:106} INFO - 페이지 295 데이터 수집 시작 (카테고리: 310)
[2024-12-21T06:42:55.307+0000] {subprocess.py:106} INFO - 페이지 296 데이터 수집 시작 (카테고리: 310)
[2024-12-21T06:42:55.307+0000] {subprocess.py:106} INFO - 페이지 297 데이터 수집 시작 (카테고리: 310)
[2024-12-21T06:42:55.307+0000] {subprocess.py:106} INFO - 페이지 298 데이터 수집 시작 (카테고리: 310)
[2024-12-21T06:42:55.307+0000] {subprocess.py:106} INFO - 페이지 299 데이터 수집 시작 (카테고리: 310)
[2024-12-21T06:42:55.307+0000] {subprocess.py:106} INFO - 페이지 300 데이터 수집 시작 (카테고리: 310)
[2024-12-21T06:42:55.307+0000] {subprocess.py:106} INFO - 데이터 수집 및 저장 완료: /opt/***/collectedData/woman_category/woman_category_20241221_064255.csv
[2024-12-21T06:42:55.350+0000] {subprocess.py:110} INFO - Command exited with return code 0
[2024-12-21T06:42:55.367+0000] {taskinstance.py:340} INFO - ::group::Post task execution logs
[2024-12-21T06:42:55.367+0000] {taskinstance.py:352} INFO - Marking task as SUCCESS. dag_id=data_pipeline_etl, task_id=collect_data, run_id=scheduled__2024-12-19T04:00:00+00:00, execution_date=20241219T040000, start_date=20241221T061140, end_date=20241221T064255
[2024-12-21T06:42:55.406+0000] {local_task_job_runner.py:266} INFO - Task exited with return code 0
[2024-12-21T06:42:55.413+0000] {taskinstance.py:3895} INFO - 0 downstream tasks scheduled from follow-on schedule check
[2024-12-21T06:42:55.413+0000] {local_task_job_runner.py:245} INFO - ::endgroup::
