[2024-11-16T08:19:43.947+0000] {processor.py:186} INFO - Started process (PID=32) to work on /opt/airflow/dags/etl_pipeline_auto.py
[2024-11-16T08:19:43.947+0000] {processor.py:914} INFO - Processing file /opt/airflow/dags/etl_pipeline_auto.py for tasks to queue
[2024-11-16T08:19:43.951+0000] {logging_mixin.py:190} INFO - [2024-11-16T08:19:43.951+0000] {dagbag.py:588} INFO - Filling up the DagBag from /opt/airflow/dags/etl_pipeline_auto.py
[2024-11-16T08:19:43.967+0000] {processor.py:925} INFO - DAG(s) 'data_pipeline_etl' retrieved from /opt/airflow/dags/etl_pipeline_auto.py
[2024-11-16T08:19:44.086+0000] {logging_mixin.py:190} INFO - [2024-11-16T08:19:44.086+0000] {dag.py:3239} INFO - Sync 1 DAGs
[2024-11-16T08:19:44.100+0000] {logging_mixin.py:190} INFO - [2024-11-16T08:19:44.100+0000] {dag.py:4180} INFO - Setting next_dagrun for data_pipeline_etl to 2024-11-16 00:00:00+00:00, run_after=2024-11-16 08:00:00+00:00
[2024-11-16T08:19:44.111+0000] {processor.py:208} INFO - Processing /opt/airflow/dags/etl_pipeline_auto.py took 0.171 seconds
[2024-11-16T08:20:14.371+0000] {processor.py:186} INFO - Started process (PID=34) to work on /opt/airflow/dags/etl_pipeline_auto.py
[2024-11-16T08:20:14.372+0000] {processor.py:914} INFO - Processing file /opt/airflow/dags/etl_pipeline_auto.py for tasks to queue
[2024-11-16T08:20:14.376+0000] {logging_mixin.py:190} INFO - [2024-11-16T08:20:14.376+0000] {dagbag.py:588} INFO - Filling up the DagBag from /opt/airflow/dags/etl_pipeline_auto.py
[2024-11-16T08:20:14.391+0000] {processor.py:925} INFO - DAG(s) 'data_pipeline_etl' retrieved from /opt/airflow/dags/etl_pipeline_auto.py
[2024-11-16T08:20:14.413+0000] {logging_mixin.py:190} INFO - [2024-11-16T08:20:14.413+0000] {dag.py:3239} INFO - Sync 1 DAGs
[2024-11-16T08:20:14.429+0000] {logging_mixin.py:190} INFO - [2024-11-16T08:20:14.429+0000] {dag.py:4180} INFO - Setting next_dagrun for data_pipeline_etl to 2024-11-16 00:00:00+00:00, run_after=2024-11-16 08:00:00+00:00
[2024-11-16T08:20:14.442+0000] {processor.py:208} INFO - Processing /opt/airflow/dags/etl_pipeline_auto.py took 0.077 seconds
[2024-11-16T08:20:44.776+0000] {processor.py:186} INFO - Started process (PID=36) to work on /opt/airflow/dags/etl_pipeline_auto.py
[2024-11-16T08:20:44.777+0000] {processor.py:914} INFO - Processing file /opt/airflow/dags/etl_pipeline_auto.py for tasks to queue
[2024-11-16T08:20:44.778+0000] {logging_mixin.py:190} INFO - [2024-11-16T08:20:44.778+0000] {dagbag.py:588} INFO - Filling up the DagBag from /opt/airflow/dags/etl_pipeline_auto.py
[2024-11-16T08:20:44.788+0000] {processor.py:925} INFO - DAG(s) 'data_pipeline_etl' retrieved from /opt/airflow/dags/etl_pipeline_auto.py
[2024-11-16T08:20:44.806+0000] {logging_mixin.py:190} INFO - [2024-11-16T08:20:44.806+0000] {dag.py:3239} INFO - Sync 1 DAGs
[2024-11-16T08:20:44.819+0000] {logging_mixin.py:190} INFO - [2024-11-16T08:20:44.819+0000] {dag.py:4180} INFO - Setting next_dagrun for data_pipeline_etl to 2024-11-16 00:00:00+00:00, run_after=2024-11-16 08:00:00+00:00
[2024-11-16T08:20:44.830+0000] {processor.py:208} INFO - Processing /opt/airflow/dags/etl_pipeline_auto.py took 0.060 seconds
[2024-11-16T08:21:15.153+0000] {processor.py:186} INFO - Started process (PID=38) to work on /opt/airflow/dags/etl_pipeline_auto.py
[2024-11-16T08:21:15.154+0000] {processor.py:914} INFO - Processing file /opt/airflow/dags/etl_pipeline_auto.py for tasks to queue
[2024-11-16T08:21:15.155+0000] {logging_mixin.py:190} INFO - [2024-11-16T08:21:15.155+0000] {dagbag.py:588} INFO - Filling up the DagBag from /opt/airflow/dags/etl_pipeline_auto.py
[2024-11-16T08:21:15.167+0000] {processor.py:925} INFO - DAG(s) 'data_pipeline_etl' retrieved from /opt/airflow/dags/etl_pipeline_auto.py
[2024-11-16T08:21:15.189+0000] {logging_mixin.py:190} INFO - [2024-11-16T08:21:15.189+0000] {dag.py:3239} INFO - Sync 1 DAGs
[2024-11-16T08:21:15.210+0000] {logging_mixin.py:190} INFO - [2024-11-16T08:21:15.210+0000] {dag.py:4180} INFO - Setting next_dagrun for data_pipeline_etl to 2024-11-16 00:00:00+00:00, run_after=2024-11-16 08:00:00+00:00
[2024-11-16T08:21:15.227+0000] {processor.py:208} INFO - Processing /opt/airflow/dags/etl_pipeline_auto.py took 0.080 seconds
[2024-11-16T08:21:45.582+0000] {processor.py:186} INFO - Started process (PID=40) to work on /opt/airflow/dags/etl_pipeline_auto.py
[2024-11-16T08:21:45.583+0000] {processor.py:914} INFO - Processing file /opt/airflow/dags/etl_pipeline_auto.py for tasks to queue
[2024-11-16T08:21:45.586+0000] {logging_mixin.py:190} INFO - [2024-11-16T08:21:45.585+0000] {dagbag.py:588} INFO - Filling up the DagBag from /opt/airflow/dags/etl_pipeline_auto.py
[2024-11-16T08:21:45.594+0000] {processor.py:925} INFO - DAG(s) 'data_pipeline_etl' retrieved from /opt/airflow/dags/etl_pipeline_auto.py
[2024-11-16T08:21:45.614+0000] {logging_mixin.py:190} INFO - [2024-11-16T08:21:45.614+0000] {dag.py:3239} INFO - Sync 1 DAGs
[2024-11-16T08:21:45.629+0000] {logging_mixin.py:190} INFO - [2024-11-16T08:21:45.629+0000] {dag.py:4180} INFO - Setting next_dagrun for data_pipeline_etl to 2024-11-16 00:00:00+00:00, run_after=2024-11-16 08:00:00+00:00
[2024-11-16T08:21:45.645+0000] {processor.py:208} INFO - Processing /opt/airflow/dags/etl_pipeline_auto.py took 0.069 seconds
[2024-11-16T08:22:15.901+0000] {processor.py:186} INFO - Started process (PID=42) to work on /opt/airflow/dags/etl_pipeline_auto.py
[2024-11-16T08:22:15.901+0000] {processor.py:914} INFO - Processing file /opt/airflow/dags/etl_pipeline_auto.py for tasks to queue
[2024-11-16T08:22:15.903+0000] {logging_mixin.py:190} INFO - [2024-11-16T08:22:15.903+0000] {dagbag.py:588} INFO - Filling up the DagBag from /opt/airflow/dags/etl_pipeline_auto.py
[2024-11-16T08:22:15.912+0000] {processor.py:925} INFO - DAG(s) 'data_pipeline_etl' retrieved from /opt/airflow/dags/etl_pipeline_auto.py
[2024-11-16T08:22:15.928+0000] {logging_mixin.py:190} INFO - [2024-11-16T08:22:15.928+0000] {dag.py:3239} INFO - Sync 1 DAGs
[2024-11-16T08:22:15.942+0000] {logging_mixin.py:190} INFO - [2024-11-16T08:22:15.942+0000] {dag.py:4180} INFO - Setting next_dagrun for data_pipeline_etl to 2024-11-16 00:00:00+00:00, run_after=2024-11-16 08:00:00+00:00
[2024-11-16T08:22:15.953+0000] {processor.py:208} INFO - Processing /opt/airflow/dags/etl_pipeline_auto.py took 0.057 seconds
[2024-11-16T08:22:46.303+0000] {processor.py:186} INFO - Started process (PID=44) to work on /opt/airflow/dags/etl_pipeline_auto.py
[2024-11-16T08:22:46.304+0000] {processor.py:914} INFO - Processing file /opt/airflow/dags/etl_pipeline_auto.py for tasks to queue
[2024-11-16T08:22:46.306+0000] {logging_mixin.py:190} INFO - [2024-11-16T08:22:46.306+0000] {dagbag.py:588} INFO - Filling up the DagBag from /opt/airflow/dags/etl_pipeline_auto.py
[2024-11-16T08:22:46.318+0000] {processor.py:925} INFO - DAG(s) 'data_pipeline_etl' retrieved from /opt/airflow/dags/etl_pipeline_auto.py
[2024-11-16T08:22:46.337+0000] {logging_mixin.py:190} INFO - [2024-11-16T08:22:46.337+0000] {dag.py:3239} INFO - Sync 1 DAGs
[2024-11-16T08:22:46.350+0000] {logging_mixin.py:190} INFO - [2024-11-16T08:22:46.350+0000] {dag.py:4180} INFO - Setting next_dagrun for data_pipeline_etl to 2024-11-16 00:00:00+00:00, run_after=2024-11-16 08:00:00+00:00
[2024-11-16T08:22:46.363+0000] {processor.py:208} INFO - Processing /opt/airflow/dags/etl_pipeline_auto.py took 0.066 seconds
[2024-11-16T08:23:16.690+0000] {processor.py:186} INFO - Started process (PID=46) to work on /opt/airflow/dags/etl_pipeline_auto.py
[2024-11-16T08:23:16.691+0000] {processor.py:914} INFO - Processing file /opt/airflow/dags/etl_pipeline_auto.py for tasks to queue
[2024-11-16T08:23:16.693+0000] {logging_mixin.py:190} INFO - [2024-11-16T08:23:16.693+0000] {dagbag.py:588} INFO - Filling up the DagBag from /opt/airflow/dags/etl_pipeline_auto.py
[2024-11-16T08:23:16.702+0000] {processor.py:925} INFO - DAG(s) 'data_pipeline_etl' retrieved from /opt/airflow/dags/etl_pipeline_auto.py
[2024-11-16T08:23:16.720+0000] {logging_mixin.py:190} INFO - [2024-11-16T08:23:16.719+0000] {dag.py:3239} INFO - Sync 1 DAGs
[2024-11-16T08:23:16.733+0000] {logging_mixin.py:190} INFO - [2024-11-16T08:23:16.733+0000] {dag.py:4180} INFO - Setting next_dagrun for data_pipeline_etl to 2024-11-16 00:00:00+00:00, run_after=2024-11-16 08:00:00+00:00
[2024-11-16T08:23:16.746+0000] {processor.py:208} INFO - Processing /opt/airflow/dags/etl_pipeline_auto.py took 0.060 seconds
[2024-11-16T08:23:46.978+0000] {processor.py:186} INFO - Started process (PID=48) to work on /opt/airflow/dags/etl_pipeline_auto.py
[2024-11-16T08:23:46.979+0000] {processor.py:914} INFO - Processing file /opt/airflow/dags/etl_pipeline_auto.py for tasks to queue
[2024-11-16T08:23:46.981+0000] {logging_mixin.py:190} INFO - [2024-11-16T08:23:46.981+0000] {dagbag.py:588} INFO - Filling up the DagBag from /opt/airflow/dags/etl_pipeline_auto.py
[2024-11-16T08:23:46.991+0000] {processor.py:925} INFO - DAG(s) 'data_pipeline_etl' retrieved from /opt/airflow/dags/etl_pipeline_auto.py
[2024-11-16T08:23:47.011+0000] {logging_mixin.py:190} INFO - [2024-11-16T08:23:47.011+0000] {dag.py:3239} INFO - Sync 1 DAGs
[2024-11-16T08:23:47.026+0000] {logging_mixin.py:190} INFO - [2024-11-16T08:23:47.026+0000] {dag.py:4180} INFO - Setting next_dagrun for data_pipeline_etl to 2024-11-16 00:00:00+00:00, run_after=2024-11-16 08:00:00+00:00
[2024-11-16T08:23:47.039+0000] {processor.py:208} INFO - Processing /opt/airflow/dags/etl_pipeline_auto.py took 0.066 seconds
[2024-11-16T08:24:17.379+0000] {processor.py:186} INFO - Started process (PID=50) to work on /opt/airflow/dags/etl_pipeline_auto.py
[2024-11-16T08:24:17.380+0000] {processor.py:914} INFO - Processing file /opt/airflow/dags/etl_pipeline_auto.py for tasks to queue
[2024-11-16T08:24:17.382+0000] {logging_mixin.py:190} INFO - [2024-11-16T08:24:17.382+0000] {dagbag.py:588} INFO - Filling up the DagBag from /opt/airflow/dags/etl_pipeline_auto.py
[2024-11-16T08:24:17.391+0000] {processor.py:925} INFO - DAG(s) 'data_pipeline_etl' retrieved from /opt/airflow/dags/etl_pipeline_auto.py
[2024-11-16T08:24:17.408+0000] {logging_mixin.py:190} INFO - [2024-11-16T08:24:17.408+0000] {dag.py:3239} INFO - Sync 1 DAGs
[2024-11-16T08:24:17.422+0000] {logging_mixin.py:190} INFO - [2024-11-16T08:24:17.422+0000] {dag.py:4180} INFO - Setting next_dagrun for data_pipeline_etl to 2024-11-16 00:00:00+00:00, run_after=2024-11-16 08:00:00+00:00
[2024-11-16T08:24:17.433+0000] {processor.py:208} INFO - Processing /opt/airflow/dags/etl_pipeline_auto.py took 0.061 seconds
[2024-11-16T08:24:47.774+0000] {processor.py:186} INFO - Started process (PID=52) to work on /opt/airflow/dags/etl_pipeline_auto.py
[2024-11-16T08:24:47.774+0000] {processor.py:914} INFO - Processing file /opt/airflow/dags/etl_pipeline_auto.py for tasks to queue
[2024-11-16T08:24:47.776+0000] {logging_mixin.py:190} INFO - [2024-11-16T08:24:47.776+0000] {dagbag.py:588} INFO - Filling up the DagBag from /opt/airflow/dags/etl_pipeline_auto.py
[2024-11-16T08:24:47.791+0000] {processor.py:925} INFO - DAG(s) 'data_pipeline_etl' retrieved from /opt/airflow/dags/etl_pipeline_auto.py
[2024-11-16T08:24:47.813+0000] {logging_mixin.py:190} INFO - [2024-11-16T08:24:47.813+0000] {dag.py:3239} INFO - Sync 1 DAGs
[2024-11-16T08:24:47.829+0000] {logging_mixin.py:190} INFO - [2024-11-16T08:24:47.829+0000] {dag.py:4180} INFO - Setting next_dagrun for data_pipeline_etl to 2024-11-16 00:00:00+00:00, run_after=2024-11-16 08:00:00+00:00
[2024-11-16T08:24:47.843+0000] {processor.py:208} INFO - Processing /opt/airflow/dags/etl_pipeline_auto.py took 0.074 seconds
[2024-11-16T08:25:18.095+0000] {processor.py:186} INFO - Started process (PID=54) to work on /opt/airflow/dags/etl_pipeline_auto.py
[2024-11-16T08:25:18.095+0000] {processor.py:914} INFO - Processing file /opt/airflow/dags/etl_pipeline_auto.py for tasks to queue
[2024-11-16T08:25:18.098+0000] {logging_mixin.py:190} INFO - [2024-11-16T08:25:18.098+0000] {dagbag.py:588} INFO - Filling up the DagBag from /opt/airflow/dags/etl_pipeline_auto.py
[2024-11-16T08:25:18.109+0000] {processor.py:925} INFO - DAG(s) 'data_pipeline_etl' retrieved from /opt/airflow/dags/etl_pipeline_auto.py
[2024-11-16T08:25:18.127+0000] {logging_mixin.py:190} INFO - [2024-11-16T08:25:18.127+0000] {dag.py:3239} INFO - Sync 1 DAGs
[2024-11-16T08:25:18.141+0000] {logging_mixin.py:190} INFO - [2024-11-16T08:25:18.141+0000] {dag.py:4180} INFO - Setting next_dagrun for data_pipeline_etl to 2024-11-16 00:00:00+00:00, run_after=2024-11-16 08:00:00+00:00
[2024-11-16T08:25:18.153+0000] {processor.py:208} INFO - Processing /opt/airflow/dags/etl_pipeline_auto.py took 0.064 seconds
[2024-11-16T08:25:48.433+0000] {processor.py:186} INFO - Started process (PID=56) to work on /opt/airflow/dags/etl_pipeline_auto.py
[2024-11-16T08:25:48.435+0000] {processor.py:914} INFO - Processing file /opt/airflow/dags/etl_pipeline_auto.py for tasks to queue
[2024-11-16T08:25:48.436+0000] {logging_mixin.py:190} INFO - [2024-11-16T08:25:48.436+0000] {dagbag.py:588} INFO - Filling up the DagBag from /opt/airflow/dags/etl_pipeline_auto.py
[2024-11-16T08:25:48.444+0000] {processor.py:925} INFO - DAG(s) 'data_pipeline_etl' retrieved from /opt/airflow/dags/etl_pipeline_auto.py
[2024-11-16T08:25:48.460+0000] {logging_mixin.py:190} INFO - [2024-11-16T08:25:48.460+0000] {dag.py:3239} INFO - Sync 1 DAGs
[2024-11-16T08:25:48.477+0000] {logging_mixin.py:190} INFO - [2024-11-16T08:25:48.477+0000] {dag.py:4180} INFO - Setting next_dagrun for data_pipeline_etl to 2024-11-16 00:00:00+00:00, run_after=2024-11-16 08:00:00+00:00
[2024-11-16T08:25:48.490+0000] {processor.py:208} INFO - Processing /opt/airflow/dags/etl_pipeline_auto.py took 0.062 seconds
[2024-11-16T08:26:18.753+0000] {processor.py:186} INFO - Started process (PID=58) to work on /opt/airflow/dags/etl_pipeline_auto.py
[2024-11-16T08:26:18.754+0000] {processor.py:914} INFO - Processing file /opt/airflow/dags/etl_pipeline_auto.py for tasks to queue
[2024-11-16T08:26:18.756+0000] {logging_mixin.py:190} INFO - [2024-11-16T08:26:18.756+0000] {dagbag.py:588} INFO - Filling up the DagBag from /opt/airflow/dags/etl_pipeline_auto.py
[2024-11-16T08:26:18.766+0000] {processor.py:925} INFO - DAG(s) 'data_pipeline_etl' retrieved from /opt/airflow/dags/etl_pipeline_auto.py
[2024-11-16T08:26:18.783+0000] {logging_mixin.py:190} INFO - [2024-11-16T08:26:18.783+0000] {dag.py:3239} INFO - Sync 1 DAGs
[2024-11-16T08:26:18.796+0000] {logging_mixin.py:190} INFO - [2024-11-16T08:26:18.796+0000] {dag.py:4180} INFO - Setting next_dagrun for data_pipeline_etl to 2024-11-16 00:00:00+00:00, run_after=2024-11-16 08:00:00+00:00
[2024-11-16T08:26:18.809+0000] {processor.py:208} INFO - Processing /opt/airflow/dags/etl_pipeline_auto.py took 0.062 seconds
[2024-11-16T08:26:49.154+0000] {processor.py:186} INFO - Started process (PID=60) to work on /opt/airflow/dags/etl_pipeline_auto.py
[2024-11-16T08:26:49.155+0000] {processor.py:914} INFO - Processing file /opt/airflow/dags/etl_pipeline_auto.py for tasks to queue
[2024-11-16T08:26:49.158+0000] {logging_mixin.py:190} INFO - [2024-11-16T08:26:49.158+0000] {dagbag.py:588} INFO - Filling up the DagBag from /opt/airflow/dags/etl_pipeline_auto.py
[2024-11-16T08:26:49.171+0000] {processor.py:925} INFO - DAG(s) 'data_pipeline_etl' retrieved from /opt/airflow/dags/etl_pipeline_auto.py
[2024-11-16T08:26:49.188+0000] {logging_mixin.py:190} INFO - [2024-11-16T08:26:49.187+0000] {dag.py:3239} INFO - Sync 1 DAGs
[2024-11-16T08:26:49.203+0000] {logging_mixin.py:190} INFO - [2024-11-16T08:26:49.203+0000] {dag.py:4180} INFO - Setting next_dagrun for data_pipeline_etl to 2024-11-16 00:00:00+00:00, run_after=2024-11-16 08:00:00+00:00
[2024-11-16T08:26:49.217+0000] {processor.py:208} INFO - Processing /opt/airflow/dags/etl_pipeline_auto.py took 0.069 seconds
[2024-11-16T08:27:19.534+0000] {processor.py:186} INFO - Started process (PID=62) to work on /opt/airflow/dags/etl_pipeline_auto.py
[2024-11-16T08:27:19.535+0000] {processor.py:914} INFO - Processing file /opt/airflow/dags/etl_pipeline_auto.py for tasks to queue
[2024-11-16T08:27:19.538+0000] {logging_mixin.py:190} INFO - [2024-11-16T08:27:19.538+0000] {dagbag.py:588} INFO - Filling up the DagBag from /opt/airflow/dags/etl_pipeline_auto.py
[2024-11-16T08:27:19.550+0000] {processor.py:925} INFO - DAG(s) 'data_pipeline_etl' retrieved from /opt/airflow/dags/etl_pipeline_auto.py
[2024-11-16T08:27:19.567+0000] {logging_mixin.py:190} INFO - [2024-11-16T08:27:19.567+0000] {dag.py:3239} INFO - Sync 1 DAGs
[2024-11-16T08:27:19.582+0000] {logging_mixin.py:190} INFO - [2024-11-16T08:27:19.581+0000] {dag.py:4180} INFO - Setting next_dagrun for data_pipeline_etl to 2024-11-16 00:00:00+00:00, run_after=2024-11-16 08:00:00+00:00
[2024-11-16T08:27:19.592+0000] {processor.py:208} INFO - Processing /opt/airflow/dags/etl_pipeline_auto.py took 0.064 seconds
[2024-11-16T08:27:49.944+0000] {processor.py:186} INFO - Started process (PID=64) to work on /opt/airflow/dags/etl_pipeline_auto.py
[2024-11-16T08:27:49.945+0000] {processor.py:914} INFO - Processing file /opt/airflow/dags/etl_pipeline_auto.py for tasks to queue
[2024-11-16T08:27:49.947+0000] {logging_mixin.py:190} INFO - [2024-11-16T08:27:49.946+0000] {dagbag.py:588} INFO - Filling up the DagBag from /opt/airflow/dags/etl_pipeline_auto.py
[2024-11-16T08:27:49.956+0000] {processor.py:925} INFO - DAG(s) 'data_pipeline_etl' retrieved from /opt/airflow/dags/etl_pipeline_auto.py
[2024-11-16T08:27:49.973+0000] {logging_mixin.py:190} INFO - [2024-11-16T08:27:49.973+0000] {dag.py:3239} INFO - Sync 1 DAGs
[2024-11-16T08:27:49.987+0000] {logging_mixin.py:190} INFO - [2024-11-16T08:27:49.987+0000] {dag.py:4180} INFO - Setting next_dagrun for data_pipeline_etl to 2024-11-16 00:00:00+00:00, run_after=2024-11-16 08:00:00+00:00
[2024-11-16T08:27:49.999+0000] {processor.py:208} INFO - Processing /opt/airflow/dags/etl_pipeline_auto.py took 0.061 seconds
[2024-11-16T08:28:20.345+0000] {processor.py:186} INFO - Started process (PID=66) to work on /opt/airflow/dags/etl_pipeline_auto.py
[2024-11-16T08:28:20.346+0000] {processor.py:914} INFO - Processing file /opt/airflow/dags/etl_pipeline_auto.py for tasks to queue
[2024-11-16T08:28:20.348+0000] {logging_mixin.py:190} INFO - [2024-11-16T08:28:20.347+0000] {dagbag.py:588} INFO - Filling up the DagBag from /opt/airflow/dags/etl_pipeline_auto.py
[2024-11-16T08:28:20.355+0000] {processor.py:925} INFO - DAG(s) 'data_pipeline_etl' retrieved from /opt/airflow/dags/etl_pipeline_auto.py
[2024-11-16T08:28:20.372+0000] {logging_mixin.py:190} INFO - [2024-11-16T08:28:20.372+0000] {dag.py:3239} INFO - Sync 1 DAGs
[2024-11-16T08:28:20.385+0000] {logging_mixin.py:190} INFO - [2024-11-16T08:28:20.385+0000] {dag.py:4180} INFO - Setting next_dagrun for data_pipeline_etl to 2024-11-16 00:00:00+00:00, run_after=2024-11-16 08:00:00+00:00
[2024-11-16T08:28:20.397+0000] {processor.py:208} INFO - Processing /opt/airflow/dags/etl_pipeline_auto.py took 0.058 seconds
[2024-11-16T08:28:50.730+0000] {processor.py:186} INFO - Started process (PID=68) to work on /opt/airflow/dags/etl_pipeline_auto.py
[2024-11-16T08:28:50.731+0000] {processor.py:914} INFO - Processing file /opt/airflow/dags/etl_pipeline_auto.py for tasks to queue
[2024-11-16T08:28:50.733+0000] {logging_mixin.py:190} INFO - [2024-11-16T08:28:50.732+0000] {dagbag.py:588} INFO - Filling up the DagBag from /opt/airflow/dags/etl_pipeline_auto.py
[2024-11-16T08:28:50.741+0000] {processor.py:925} INFO - DAG(s) 'data_pipeline_etl' retrieved from /opt/airflow/dags/etl_pipeline_auto.py
[2024-11-16T08:28:50.760+0000] {logging_mixin.py:190} INFO - [2024-11-16T08:28:50.760+0000] {dag.py:3239} INFO - Sync 1 DAGs
[2024-11-16T08:28:50.774+0000] {logging_mixin.py:190} INFO - [2024-11-16T08:28:50.774+0000] {dag.py:4180} INFO - Setting next_dagrun for data_pipeline_etl to 2024-11-16 00:00:00+00:00, run_after=2024-11-16 08:00:00+00:00
[2024-11-16T08:28:50.786+0000] {processor.py:208} INFO - Processing /opt/airflow/dags/etl_pipeline_auto.py took 0.060 seconds
[2024-11-16T08:29:21.055+0000] {processor.py:186} INFO - Started process (PID=70) to work on /opt/airflow/dags/etl_pipeline_auto.py
[2024-11-16T08:29:21.056+0000] {processor.py:914} INFO - Processing file /opt/airflow/dags/etl_pipeline_auto.py for tasks to queue
[2024-11-16T08:29:21.059+0000] {logging_mixin.py:190} INFO - [2024-11-16T08:29:21.058+0000] {dagbag.py:588} INFO - Filling up the DagBag from /opt/airflow/dags/etl_pipeline_auto.py
[2024-11-16T08:29:21.076+0000] {processor.py:925} INFO - DAG(s) 'data_pipeline_etl' retrieved from /opt/airflow/dags/etl_pipeline_auto.py
[2024-11-16T08:29:21.100+0000] {logging_mixin.py:190} INFO - [2024-11-16T08:29:21.099+0000] {dag.py:3239} INFO - Sync 1 DAGs
[2024-11-16T08:29:21.118+0000] {logging_mixin.py:190} INFO - [2024-11-16T08:29:21.118+0000] {dag.py:4180} INFO - Setting next_dagrun for data_pipeline_etl to 2024-11-16 00:00:00+00:00, run_after=2024-11-16 08:00:00+00:00
[2024-11-16T08:29:21.130+0000] {processor.py:208} INFO - Processing /opt/airflow/dags/etl_pipeline_auto.py took 0.083 seconds
[2024-11-16T08:29:51.340+0000] {processor.py:186} INFO - Started process (PID=72) to work on /opt/airflow/dags/etl_pipeline_auto.py
[2024-11-16T08:29:51.341+0000] {processor.py:914} INFO - Processing file /opt/airflow/dags/etl_pipeline_auto.py for tasks to queue
[2024-11-16T08:29:51.344+0000] {logging_mixin.py:190} INFO - [2024-11-16T08:29:51.344+0000] {dagbag.py:588} INFO - Filling up the DagBag from /opt/airflow/dags/etl_pipeline_auto.py
[2024-11-16T08:29:51.355+0000] {processor.py:925} INFO - DAG(s) 'data_pipeline_etl' retrieved from /opt/airflow/dags/etl_pipeline_auto.py
[2024-11-16T08:29:51.376+0000] {logging_mixin.py:190} INFO - [2024-11-16T08:29:51.376+0000] {dag.py:3239} INFO - Sync 1 DAGs
[2024-11-16T08:29:51.394+0000] {logging_mixin.py:190} INFO - [2024-11-16T08:29:51.394+0000] {dag.py:4180} INFO - Setting next_dagrun for data_pipeline_etl to 2024-11-16 00:00:00+00:00, run_after=2024-11-16 08:00:00+00:00
[2024-11-16T08:29:51.406+0000] {processor.py:208} INFO - Processing /opt/airflow/dags/etl_pipeline_auto.py took 0.075 seconds
[2024-11-16T08:30:21.647+0000] {processor.py:186} INFO - Started process (PID=74) to work on /opt/airflow/dags/etl_pipeline_auto.py
[2024-11-16T08:30:21.648+0000] {processor.py:914} INFO - Processing file /opt/airflow/dags/etl_pipeline_auto.py for tasks to queue
[2024-11-16T08:30:21.652+0000] {logging_mixin.py:190} INFO - [2024-11-16T08:30:21.652+0000] {dagbag.py:588} INFO - Filling up the DagBag from /opt/airflow/dags/etl_pipeline_auto.py
[2024-11-16T08:30:21.661+0000] {processor.py:925} INFO - DAG(s) 'data_pipeline_etl' retrieved from /opt/airflow/dags/etl_pipeline_auto.py
[2024-11-16T08:30:21.682+0000] {logging_mixin.py:190} INFO - [2024-11-16T08:30:21.682+0000] {dag.py:3239} INFO - Sync 1 DAGs
[2024-11-16T08:30:21.697+0000] {logging_mixin.py:190} INFO - [2024-11-16T08:30:21.697+0000] {dag.py:4180} INFO - Setting next_dagrun for data_pipeline_etl to 2024-11-16 00:00:00+00:00, run_after=2024-11-16 08:00:00+00:00
[2024-11-16T08:30:21.708+0000] {processor.py:208} INFO - Processing /opt/airflow/dags/etl_pipeline_auto.py took 0.068 seconds
[2024-11-16T08:30:48.998+0000] {processor.py:186} INFO - Started process (PID=76) to work on /opt/airflow/dags/etl_pipeline_auto.py
[2024-11-16T08:30:48.999+0000] {processor.py:914} INFO - Processing file /opt/airflow/dags/etl_pipeline_auto.py for tasks to queue
[2024-11-16T08:30:49.001+0000] {logging_mixin.py:190} INFO - [2024-11-16T08:30:49.001+0000] {dagbag.py:588} INFO - Filling up the DagBag from /opt/airflow/dags/etl_pipeline_auto.py
[2024-11-16T08:30:49.012+0000] {processor.py:925} INFO - DAG(s) 'data_pipeline_etl' retrieved from /opt/airflow/dags/etl_pipeline_auto.py
[2024-11-16T08:30:49.098+0000] {logging_mixin.py:190} INFO - [2024-11-16T08:30:49.098+0000] {dag.py:3239} INFO - Sync 1 DAGs
[2024-11-16T08:30:49.296+0000] {logging_mixin.py:190} INFO - [2024-11-16T08:30:49.295+0000] {dag.py:4180} INFO - Setting next_dagrun for data_pipeline_etl to 2024-11-16 00:00:00+00:00, run_after=2024-11-16 08:00:00+00:00
[2024-11-16T08:30:49.307+0000] {processor.py:208} INFO - Processing /opt/airflow/dags/etl_pipeline_auto.py took 0.316 seconds
[2024-11-16T08:31:12.249+0000] {processor.py:186} INFO - Started process (PID=78) to work on /opt/airflow/dags/etl_pipeline_auto.py
[2024-11-16T08:31:12.250+0000] {processor.py:914} INFO - Processing file /opt/airflow/dags/etl_pipeline_auto.py for tasks to queue
[2024-11-16T08:31:12.251+0000] {logging_mixin.py:190} INFO - [2024-11-16T08:31:12.251+0000] {dagbag.py:588} INFO - Filling up the DagBag from /opt/airflow/dags/etl_pipeline_auto.py
[2024-11-16T08:31:12.262+0000] {processor.py:925} INFO - DAG(s) 'data_pipeline_etl' retrieved from /opt/airflow/dags/etl_pipeline_auto.py
[2024-11-16T08:31:12.274+0000] {logging_mixin.py:190} INFO - [2024-11-16T08:31:12.274+0000] {dag.py:3239} INFO - Sync 1 DAGs
[2024-11-16T08:31:12.289+0000] {logging_mixin.py:190} INFO - [2024-11-16T08:31:12.289+0000] {dag.py:4180} INFO - Setting next_dagrun for data_pipeline_etl to 2024-11-16 00:00:00+00:00, run_after=2024-11-16 08:00:00+00:00
[2024-11-16T08:31:12.300+0000] {processor.py:208} INFO - Processing /opt/airflow/dags/etl_pipeline_auto.py took 0.058 seconds
[2024-11-16T08:31:42.649+0000] {processor.py:186} INFO - Started process (PID=80) to work on /opt/airflow/dags/etl_pipeline_auto.py
[2024-11-16T08:31:42.650+0000] {processor.py:914} INFO - Processing file /opt/airflow/dags/etl_pipeline_auto.py for tasks to queue
[2024-11-16T08:31:42.652+0000] {logging_mixin.py:190} INFO - [2024-11-16T08:31:42.652+0000] {dagbag.py:588} INFO - Filling up the DagBag from /opt/airflow/dags/etl_pipeline_auto.py
[2024-11-16T08:31:42.663+0000] {processor.py:925} INFO - DAG(s) 'data_pipeline_etl' retrieved from /opt/airflow/dags/etl_pipeline_auto.py
[2024-11-16T08:31:42.741+0000] {logging_mixin.py:190} INFO - [2024-11-16T08:31:42.741+0000] {dag.py:3239} INFO - Sync 1 DAGs
[2024-11-16T08:31:42.754+0000] {logging_mixin.py:190} INFO - [2024-11-16T08:31:42.754+0000] {dag.py:4180} INFO - Setting next_dagrun for data_pipeline_etl to 2024-11-16 00:00:00+00:00, run_after=2024-11-16 08:00:00+00:00
[2024-11-16T08:31:42.765+0000] {processor.py:208} INFO - Processing /opt/airflow/dags/etl_pipeline_auto.py took 0.122 seconds
[2024-11-16T08:32:12.965+0000] {processor.py:186} INFO - Started process (PID=82) to work on /opt/airflow/dags/etl_pipeline_auto.py
[2024-11-16T08:32:12.966+0000] {processor.py:914} INFO - Processing file /opt/airflow/dags/etl_pipeline_auto.py for tasks to queue
[2024-11-16T08:32:12.968+0000] {logging_mixin.py:190} INFO - [2024-11-16T08:32:12.968+0000] {dagbag.py:588} INFO - Filling up the DagBag from /opt/airflow/dags/etl_pipeline_auto.py
[2024-11-16T08:32:12.978+0000] {processor.py:925} INFO - DAG(s) 'data_pipeline_etl' retrieved from /opt/airflow/dags/etl_pipeline_auto.py
[2024-11-16T08:32:12.997+0000] {logging_mixin.py:190} INFO - [2024-11-16T08:32:12.997+0000] {dag.py:3239} INFO - Sync 1 DAGs
[2024-11-16T08:32:13.012+0000] {logging_mixin.py:190} INFO - [2024-11-16T08:32:13.012+0000] {dag.py:4180} INFO - Setting next_dagrun for data_pipeline_etl to 2024-11-16 00:00:00+00:00, run_after=2024-11-16 08:00:00+00:00
[2024-11-16T08:32:13.023+0000] {processor.py:208} INFO - Processing /opt/airflow/dags/etl_pipeline_auto.py took 0.065 seconds
[2024-11-16T08:32:22.098+0000] {processor.py:186} INFO - Started process (PID=83) to work on /opt/airflow/dags/etl_pipeline_auto.py
[2024-11-16T08:32:22.099+0000] {processor.py:914} INFO - Processing file /opt/airflow/dags/etl_pipeline_auto.py for tasks to queue
[2024-11-16T08:32:22.100+0000] {logging_mixin.py:190} INFO - [2024-11-16T08:32:22.100+0000] {dagbag.py:588} INFO - Filling up the DagBag from /opt/airflow/dags/etl_pipeline_auto.py
[2024-11-16T08:32:22.111+0000] {processor.py:925} INFO - DAG(s) 'data_pipeline_etl' retrieved from /opt/airflow/dags/etl_pipeline_auto.py
[2024-11-16T08:32:22.185+0000] {logging_mixin.py:190} INFO - [2024-11-16T08:32:22.184+0000] {dag.py:3239} INFO - Sync 1 DAGs
[2024-11-16T08:32:22.197+0000] {logging_mixin.py:190} INFO - [2024-11-16T08:32:22.197+0000] {dag.py:4180} INFO - Setting next_dagrun for data_pipeline_etl to 2024-11-16 00:00:00+00:00, run_after=2024-11-16 08:00:00+00:00
[2024-11-16T08:32:22.209+0000] {processor.py:208} INFO - Processing /opt/airflow/dags/etl_pipeline_auto.py took 0.117 seconds
[2024-11-16T08:32:49.380+0000] {processor.py:186} INFO - Started process (PID=85) to work on /opt/airflow/dags/etl_pipeline_auto.py
[2024-11-16T08:32:49.381+0000] {processor.py:914} INFO - Processing file /opt/airflow/dags/etl_pipeline_auto.py for tasks to queue
[2024-11-16T08:32:49.382+0000] {logging_mixin.py:190} INFO - [2024-11-16T08:32:49.382+0000] {dagbag.py:588} INFO - Filling up the DagBag from /opt/airflow/dags/etl_pipeline_auto.py
[2024-11-16T08:32:49.391+0000] {processor.py:925} INFO - DAG(s) 'data_pipeline_etl' retrieved from /opt/airflow/dags/etl_pipeline_auto.py
[2024-11-16T08:32:49.400+0000] {logging_mixin.py:190} INFO - [2024-11-16T08:32:49.400+0000] {dag.py:3239} INFO - Sync 1 DAGs
[2024-11-16T08:32:49.414+0000] {logging_mixin.py:190} INFO - [2024-11-16T08:32:49.414+0000] {dag.py:4180} INFO - Setting next_dagrun for data_pipeline_etl to 2024-11-16 00:00:00+00:00, run_after=2024-11-16 08:00:00+00:00
[2024-11-16T08:32:49.424+0000] {processor.py:208} INFO - Processing /opt/airflow/dags/etl_pipeline_auto.py took 0.049 seconds
[2024-11-16T08:33:19.743+0000] {processor.py:186} INFO - Started process (PID=87) to work on /opt/airflow/dags/etl_pipeline_auto.py
[2024-11-16T08:33:19.743+0000] {processor.py:914} INFO - Processing file /opt/airflow/dags/etl_pipeline_auto.py for tasks to queue
[2024-11-16T08:33:19.745+0000] {logging_mixin.py:190} INFO - [2024-11-16T08:33:19.745+0000] {dagbag.py:588} INFO - Filling up the DagBag from /opt/airflow/dags/etl_pipeline_auto.py
[2024-11-16T08:33:19.755+0000] {processor.py:925} INFO - DAG(s) 'data_pipeline_etl' retrieved from /opt/airflow/dags/etl_pipeline_auto.py
[2024-11-16T08:33:19.833+0000] {logging_mixin.py:190} INFO - [2024-11-16T08:33:19.833+0000] {dag.py:3239} INFO - Sync 1 DAGs
[2024-11-16T08:33:19.959+0000] {logging_mixin.py:190} INFO - [2024-11-16T08:33:19.959+0000] {dag.py:4180} INFO - Setting next_dagrun for data_pipeline_etl to 2024-11-16 00:00:00+00:00, run_after=2024-11-16 08:00:00+00:00
[2024-11-16T08:33:19.969+0000] {processor.py:208} INFO - Processing /opt/airflow/dags/etl_pipeline_auto.py took 0.232 seconds
[2024-11-16T08:33:50.026+0000] {processor.py:186} INFO - Started process (PID=89) to work on /opt/airflow/dags/etl_pipeline_auto.py
[2024-11-16T08:33:50.027+0000] {processor.py:914} INFO - Processing file /opt/airflow/dags/etl_pipeline_auto.py for tasks to queue
[2024-11-16T08:33:50.029+0000] {logging_mixin.py:190} INFO - [2024-11-16T08:33:50.029+0000] {dagbag.py:588} INFO - Filling up the DagBag from /opt/airflow/dags/etl_pipeline_auto.py
[2024-11-16T08:33:50.041+0000] {processor.py:925} INFO - DAG(s) 'data_pipeline_etl' retrieved from /opt/airflow/dags/etl_pipeline_auto.py
[2024-11-16T08:33:50.060+0000] {logging_mixin.py:190} INFO - [2024-11-16T08:33:50.060+0000] {dag.py:3239} INFO - Sync 1 DAGs
[2024-11-16T08:33:50.075+0000] {logging_mixin.py:190} INFO - [2024-11-16T08:33:50.075+0000] {dag.py:4180} INFO - Setting next_dagrun for data_pipeline_etl to 2024-11-16 00:00:00+00:00, run_after=2024-11-16 08:00:00+00:00
[2024-11-16T08:33:50.085+0000] {processor.py:208} INFO - Processing /opt/airflow/dags/etl_pipeline_auto.py took 0.065 seconds
[2024-11-16T08:34:20.379+0000] {processor.py:186} INFO - Started process (PID=91) to work on /opt/airflow/dags/etl_pipeline_auto.py
[2024-11-16T08:34:20.380+0000] {processor.py:914} INFO - Processing file /opt/airflow/dags/etl_pipeline_auto.py for tasks to queue
[2024-11-16T08:34:20.382+0000] {logging_mixin.py:190} INFO - [2024-11-16T08:34:20.382+0000] {dagbag.py:588} INFO - Filling up the DagBag from /opt/airflow/dags/etl_pipeline_auto.py
[2024-11-16T08:34:20.392+0000] {processor.py:925} INFO - DAG(s) 'data_pipeline_etl' retrieved from /opt/airflow/dags/etl_pipeline_auto.py
[2024-11-16T08:34:20.411+0000] {logging_mixin.py:190} INFO - [2024-11-16T08:34:20.411+0000] {dag.py:3239} INFO - Sync 1 DAGs
[2024-11-16T08:34:20.426+0000] {logging_mixin.py:190} INFO - [2024-11-16T08:34:20.426+0000] {dag.py:4180} INFO - Setting next_dagrun for data_pipeline_etl to 2024-11-16 00:00:00+00:00, run_after=2024-11-16 08:00:00+00:00
[2024-11-16T08:34:20.437+0000] {processor.py:208} INFO - Processing /opt/airflow/dags/etl_pipeline_auto.py took 0.063 seconds
[2024-11-16T08:34:50.765+0000] {processor.py:186} INFO - Started process (PID=93) to work on /opt/airflow/dags/etl_pipeline_auto.py
[2024-11-16T08:34:50.766+0000] {processor.py:914} INFO - Processing file /opt/airflow/dags/etl_pipeline_auto.py for tasks to queue
[2024-11-16T08:34:50.768+0000] {logging_mixin.py:190} INFO - [2024-11-16T08:34:50.768+0000] {dagbag.py:588} INFO - Filling up the DagBag from /opt/airflow/dags/etl_pipeline_auto.py
[2024-11-16T08:34:50.777+0000] {processor.py:925} INFO - DAG(s) 'data_pipeline_etl' retrieved from /opt/airflow/dags/etl_pipeline_auto.py
[2024-11-16T08:34:50.795+0000] {logging_mixin.py:190} INFO - [2024-11-16T08:34:50.795+0000] {dag.py:3239} INFO - Sync 1 DAGs
[2024-11-16T08:34:50.810+0000] {logging_mixin.py:190} INFO - [2024-11-16T08:34:50.810+0000] {dag.py:4180} INFO - Setting next_dagrun for data_pipeline_etl to 2024-11-16 00:00:00+00:00, run_after=2024-11-16 08:00:00+00:00
[2024-11-16T08:34:50.822+0000] {processor.py:208} INFO - Processing /opt/airflow/dags/etl_pipeline_auto.py took 0.063 seconds
[2024-11-16T08:35:08.009+0000] {processor.py:186} INFO - Started process (PID=95) to work on /opt/airflow/dags/etl_pipeline_auto.py
[2024-11-16T08:35:08.010+0000] {processor.py:914} INFO - Processing file /opt/airflow/dags/etl_pipeline_auto.py for tasks to queue
[2024-11-16T08:35:08.011+0000] {logging_mixin.py:190} INFO - [2024-11-16T08:35:08.011+0000] {dagbag.py:588} INFO - Filling up the DagBag from /opt/airflow/dags/etl_pipeline_auto.py
[2024-11-16T08:35:08.022+0000] {processor.py:925} INFO - DAG(s) 'data_pipeline_etl' retrieved from /opt/airflow/dags/etl_pipeline_auto.py
[2024-11-16T08:35:08.039+0000] {logging_mixin.py:190} INFO - [2024-11-16T08:35:08.039+0000] {dag.py:3239} INFO - Sync 1 DAGs
[2024-11-16T08:35:08.053+0000] {logging_mixin.py:190} INFO - [2024-11-16T08:35:08.053+0000] {dag.py:4180} INFO - Setting next_dagrun for data_pipeline_etl to 2024-11-16 00:00:00+00:00, run_after=2024-11-16 08:00:00+00:00
[2024-11-16T08:35:08.064+0000] {processor.py:208} INFO - Processing /opt/airflow/dags/etl_pipeline_auto.py took 0.061 seconds
[2024-11-16T08:35:38.338+0000] {processor.py:186} INFO - Started process (PID=97) to work on /opt/airflow/dags/etl_pipeline_auto.py
[2024-11-16T08:35:38.340+0000] {processor.py:914} INFO - Processing file /opt/airflow/dags/etl_pipeline_auto.py for tasks to queue
[2024-11-16T08:35:38.341+0000] {logging_mixin.py:190} INFO - [2024-11-16T08:35:38.341+0000] {dagbag.py:588} INFO - Filling up the DagBag from /opt/airflow/dags/etl_pipeline_auto.py
[2024-11-16T08:35:38.352+0000] {processor.py:925} INFO - DAG(s) 'data_pipeline_etl' retrieved from /opt/airflow/dags/etl_pipeline_auto.py
[2024-11-16T08:35:38.372+0000] {logging_mixin.py:190} INFO - [2024-11-16T08:35:38.372+0000] {dag.py:3239} INFO - Sync 1 DAGs
[2024-11-16T08:35:38.386+0000] {logging_mixin.py:190} INFO - [2024-11-16T08:35:38.386+0000] {dag.py:4180} INFO - Setting next_dagrun for data_pipeline_etl to 2024-11-16 00:00:00+00:00, run_after=2024-11-16 08:00:00+00:00
[2024-11-16T08:35:38.398+0000] {processor.py:208} INFO - Processing /opt/airflow/dags/etl_pipeline_auto.py took 0.067 seconds
[2024-11-16T08:36:08.724+0000] {processor.py:186} INFO - Started process (PID=99) to work on /opt/airflow/dags/etl_pipeline_auto.py
[2024-11-16T08:36:08.725+0000] {processor.py:914} INFO - Processing file /opt/airflow/dags/etl_pipeline_auto.py for tasks to queue
[2024-11-16T08:36:08.728+0000] {logging_mixin.py:190} INFO - [2024-11-16T08:36:08.728+0000] {dagbag.py:588} INFO - Filling up the DagBag from /opt/airflow/dags/etl_pipeline_auto.py
[2024-11-16T08:36:08.741+0000] {processor.py:925} INFO - DAG(s) 'data_pipeline_etl' retrieved from /opt/airflow/dags/etl_pipeline_auto.py
[2024-11-16T08:36:08.768+0000] {logging_mixin.py:190} INFO - [2024-11-16T08:36:08.767+0000] {dag.py:3239} INFO - Sync 1 DAGs
[2024-11-16T08:36:08.787+0000] {logging_mixin.py:190} INFO - [2024-11-16T08:36:08.787+0000] {dag.py:4180} INFO - Setting next_dagrun for data_pipeline_etl to 2024-11-16 00:00:00+00:00, run_after=2024-11-16 08:00:00+00:00
[2024-11-16T08:36:08.800+0000] {processor.py:208} INFO - Processing /opt/airflow/dags/etl_pipeline_auto.py took 0.086 seconds
