[2024-12-22T04:00:00.467+0000] {local_task_job_runner.py:123} INFO - ::group::Pre task execution logs
[2024-12-22T04:00:00.476+0000] {taskinstance.py:2613} INFO - Dependencies all met for dep_context=non-requeueable deps ti=<TaskInstance: data_pipeline_etl.collect_data scheduled__2024-12-21T04:00:00+00:00 [queued]>
[2024-12-22T04:00:00.481+0000] {taskinstance.py:2613} INFO - Dependencies all met for dep_context=requeueable deps ti=<TaskInstance: data_pipeline_etl.collect_data scheduled__2024-12-21T04:00:00+00:00 [queued]>
[2024-12-22T04:00:00.481+0000] {taskinstance.py:2866} INFO - Starting attempt 1 of 2
[2024-12-22T04:00:00.490+0000] {taskinstance.py:2889} INFO - Executing <Task(BashOperator): collect_data> on 2024-12-21 04:00:00+00:00
[2024-12-22T04:00:00.494+0000] {logging_mixin.py:190} WARNING - /home/***/.local/lib/python3.12/site-packages/***/task/task_runner/standard_task_runner.py:70 DeprecationWarning: This process (pid=758) is multi-threaded, use of fork() may lead to deadlocks in the child.
[2024-12-22T04:00:00.494+0000] {standard_task_runner.py:72} INFO - Started process 759 to run task
[2024-12-22T04:00:00.494+0000] {standard_task_runner.py:104} INFO - Running: ['***', 'tasks', 'run', 'data_pipeline_etl', 'collect_data', 'scheduled__2024-12-21T04:00:00+00:00', '--job-id', '92', '--raw', '--subdir', 'DAGS_FOLDER/etl_pipeline_auto.py', '--cfg-path', '/tmp/tmpd7w4nipp']
[2024-12-22T04:00:00.495+0000] {standard_task_runner.py:105} INFO - Job 92: Subtask collect_data
[2024-12-22T04:00:00.521+0000] {task_command.py:467} INFO - Running <TaskInstance: data_pipeline_etl.collect_data scheduled__2024-12-21T04:00:00+00:00 [running]> on host f5a2f111b35f
[2024-12-22T04:00:00.575+0000] {taskinstance.py:3132} INFO - Exporting env vars: AIRFLOW_CTX_DAG_OWNER='***' AIRFLOW_CTX_DAG_ID='data_pipeline_etl' AIRFLOW_CTX_TASK_ID='collect_data' AIRFLOW_CTX_EXECUTION_DATE='2024-12-21T04:00:00+00:00' AIRFLOW_CTX_TRY_NUMBER='1' AIRFLOW_CTX_DAG_RUN_ID='scheduled__2024-12-21T04:00:00+00:00'
[2024-12-22T04:00:00.576+0000] {taskinstance.py:731} INFO - ::endgroup::
[2024-12-22T04:00:00.612+0000] {subprocess.py:78} INFO - Tmp dir root location: /tmp
[2024-12-22T04:00:00.613+0000] {subprocess.py:88} INFO - Running command: ['/usr/bin/bash', '-c', 'python /opt/***/data-pipeline-project/product_data_scraper.py']
[2024-12-22T04:00:00.617+0000] {subprocess.py:99} INFO - Output:
[2024-12-22T04:08:33.434+0000] {subprocess.py:106} INFO - 320번 데이터 수집 시작
[2024-12-22T04:08:33.434+0000] {subprocess.py:106} INFO - 페이지 1 데이터 수집 시작 (카테고리: 320)
[2024-12-22T04:08:33.435+0000] {subprocess.py:106} INFO - 페이지 4 데이터 수집 시작 (카테고리: 320)
[2024-12-22T04:08:33.436+0000] {subprocess.py:106} INFO - 페이지 2 데이터 수집 시작 (카테고리: 320)
[2024-12-22T04:08:33.436+0000] {subprocess.py:106} INFO - 페이지 3 데이터 수집 시작 (카테고리: 320)
[2024-12-22T04:08:33.436+0000] {subprocess.py:106} INFO - 페이지 5 데이터 수집 시작 (카테고리: 320)
[2024-12-22T04:08:33.436+0000] {subprocess.py:106} INFO - 페이지 6 데이터 수집 시작 (카테고리: 320)
[2024-12-22T04:08:33.437+0000] {subprocess.py:106} INFO - 페이지 7 데이터 수집 시작 (카테고리: 320)
[2024-12-22T04:08:33.437+0000] {subprocess.py:106} INFO - 페이지 8 데이터 수집 시작 (카테고리: 320)
[2024-12-22T04:08:33.437+0000] {subprocess.py:106} INFO - 페이지 9 데이터 수집 시작 (카테고리: 320)
[2024-12-22T04:08:33.438+0000] {subprocess.py:106} INFO - 페이지 10 데이터 수집 시작 (카테고리: 320)
[2024-12-22T04:08:33.438+0000] {subprocess.py:106} INFO - 페이지 11 데이터 수집 시작 (카테고리: 320)
[2024-12-22T04:08:33.438+0000] {subprocess.py:106} INFO - 페이지 12 데이터 수집 시작 (카테고리: 320)
[2024-12-22T04:08:33.439+0000] {subprocess.py:106} INFO - 페이지 13 데이터 수집 시작 (카테고리: 320)
[2024-12-22T04:08:33.439+0000] {subprocess.py:106} INFO - 페이지 14 데이터 수집 시작 (카테고리: 320)
[2024-12-22T04:08:33.439+0000] {subprocess.py:106} INFO - 페이지 15 데이터 수집 시작 (카테고리: 320)
[2024-12-22T04:08:33.440+0000] {subprocess.py:106} INFO - 페이지 16 데이터 수집 시작 (카테고리: 320)
[2024-12-22T04:08:33.440+0000] {subprocess.py:106} INFO - 페이지 17 데이터 수집 시작 (카테고리: 320)
[2024-12-22T04:08:33.441+0000] {subprocess.py:106} INFO - 페이지 18 데이터 수집 시작 (카테고리: 320)
[2024-12-22T04:08:33.441+0000] {subprocess.py:106} INFO - 페이지 19 데이터 수집 시작 (카테고리: 320)
[2024-12-22T04:08:33.441+0000] {subprocess.py:106} INFO - 페이지 20 데이터 수집 시작 (카테고리: 320)
[2024-12-22T04:08:33.442+0000] {subprocess.py:106} INFO - 페이지 21 데이터 수집 시작 (카테고리: 320)
[2024-12-22T04:08:33.442+0000] {subprocess.py:106} INFO - 페이지 22 데이터 수집 시작 (카테고리: 320)
[2024-12-22T04:08:33.442+0000] {subprocess.py:106} INFO - 페이지 23 데이터 수집 시작 (카테고리: 320)
[2024-12-22T04:08:33.443+0000] {subprocess.py:106} INFO - 페이지 24 데이터 수집 시작 (카테고리: 320)
[2024-12-22T04:08:33.443+0000] {subprocess.py:106} INFO - 페이지 25 데이터 수집 시작 (카테고리: 320)
[2024-12-22T04:08:33.443+0000] {subprocess.py:106} INFO - 페이지 26 데이터 수집 시작 (카테고리: 320)
[2024-12-22T04:08:33.444+0000] {subprocess.py:106} INFO - 페이지 27 데이터 수집 시작 (카테고리: 320)
[2024-12-22T04:08:33.444+0000] {subprocess.py:106} INFO - 페이지 28 데이터 수집 시작 (카테고리: 320)
[2024-12-22T04:08:33.445+0000] {subprocess.py:106} INFO - 페이지 29 데이터 수집 시작 (카테고리: 320)
[2024-12-22T04:08:33.445+0000] {subprocess.py:106} INFO - 페이지 30 데이터 수집 시작 (카테고리: 320)
[2024-12-22T04:08:33.445+0000] {subprocess.py:106} INFO - 페이지 31 데이터 수집 시작 (카테고리: 320)
[2024-12-22T04:08:33.446+0000] {subprocess.py:106} INFO - 페이지 32 데이터 수집 시작 (카테고리: 320)
[2024-12-22T04:08:33.446+0000] {subprocess.py:106} INFO - 페이지 33 데이터 수집 시작 (카테고리: 320)
[2024-12-22T04:08:33.447+0000] {subprocess.py:106} INFO - 페이지 34 데이터 수집 시작 (카테고리: 320)
[2024-12-22T04:08:33.448+0000] {subprocess.py:106} INFO - 페이지 35 데이터 수집 시작 (카테고리: 320)
[2024-12-22T04:08:33.448+0000] {subprocess.py:106} INFO - 페이지 36 데이터 수집 시작 (카테고리: 320)
[2024-12-22T04:08:33.448+0000] {subprocess.py:106} INFO - 페이지 37 데이터 수집 시작 (카테고리: 320)
[2024-12-22T04:08:33.449+0000] {subprocess.py:106} INFO - 페이지 38 데이터 수집 시작 (카테고리: 320)
[2024-12-22T04:08:33.450+0000] {subprocess.py:106} INFO - 페이지 39 데이터 수집 시작 (카테고리: 320)
[2024-12-22T04:08:33.450+0000] {subprocess.py:106} INFO - 페이지 40 데이터 수집 시작 (카테고리: 320)
[2024-12-22T04:08:33.451+0000] {subprocess.py:106} INFO - 페이지 41 데이터 수집 시작 (카테고리: 320)
[2024-12-22T04:08:33.451+0000] {subprocess.py:106} INFO - 페이지 42 데이터 수집 시작 (카테고리: 320)
[2024-12-22T04:08:33.452+0000] {subprocess.py:106} INFO - 페이지 43 데이터 수집 시작 (카테고리: 320)
[2024-12-22T04:08:33.452+0000] {subprocess.py:106} INFO - 페이지 44 데이터 수집 시작 (카테고리: 320)
[2024-12-22T04:08:33.452+0000] {subprocess.py:106} INFO - 페이지 45 데이터 수집 시작 (카테고리: 320)
[2024-12-22T04:08:33.453+0000] {subprocess.py:106} INFO - 페이지 46 데이터 수집 시작 (카테고리: 320)
[2024-12-22T04:08:33.454+0000] {subprocess.py:106} INFO - 페이지 47 데이터 수집 시작 (카테고리: 320)
[2024-12-22T04:08:33.454+0000] {subprocess.py:106} INFO - 페이지 48 데이터 수집 시작 (카테고리: 320)
[2024-12-22T04:08:33.454+0000] {subprocess.py:106} INFO - 페이지 49 데이터 수집 시작 (카테고리: 320)
[2024-12-22T04:08:33.455+0000] {subprocess.py:106} INFO - 페이지 50 데이터 수집 시작 (카테고리: 320)
[2024-12-22T04:08:33.455+0000] {subprocess.py:106} INFO - 페이지 51 데이터 수집 시작 (카테고리: 320)
[2024-12-22T04:08:33.455+0000] {subprocess.py:106} INFO - 페이지 52 데이터 수집 시작 (카테고리: 320)
[2024-12-22T04:08:33.456+0000] {subprocess.py:106} INFO - 페이지 53 데이터 수집 시작 (카테고리: 320)
[2024-12-22T04:08:33.456+0000] {subprocess.py:106} INFO - 페이지 54 데이터 수집 시작 (카테고리: 320)
[2024-12-22T04:08:33.456+0000] {subprocess.py:106} INFO - 페이지 55 데이터 수집 시작 (카테고리: 320)
[2024-12-22T04:08:33.456+0000] {subprocess.py:106} INFO - 페이지 56 데이터 수집 시작 (카테고리: 320)
[2024-12-22T04:08:33.457+0000] {subprocess.py:106} INFO - 페이지 57 데이터 수집 시작 (카테고리: 320)
[2024-12-22T04:08:33.457+0000] {subprocess.py:106} INFO - 페이지 58 데이터 수집 시작 (카테고리: 320)
[2024-12-22T04:08:33.457+0000] {subprocess.py:106} INFO - 페이지 59 데이터 수집 시작 (카테고리: 320)
[2024-12-22T04:08:33.457+0000] {subprocess.py:106} INFO - 페이지 60 데이터 수집 시작 (카테고리: 320)
[2024-12-22T04:08:33.458+0000] {subprocess.py:106} INFO - 페이지 61 데이터 수집 시작 (카테고리: 320)
[2024-12-22T04:08:33.459+0000] {subprocess.py:106} INFO - 페이지 62 데이터 수집 시작 (카테고리: 320)
[2024-12-22T04:08:33.459+0000] {subprocess.py:106} INFO - 페이지 63 데이터 수집 시작 (카테고리: 320)
[2024-12-22T04:08:33.459+0000] {subprocess.py:106} INFO - 페이지 64 데이터 수집 시작 (카테고리: 320)
[2024-12-22T04:08:33.460+0000] {subprocess.py:106} INFO - 페이지 65 데이터 수집 시작 (카테고리: 320)
[2024-12-22T04:08:33.460+0000] {subprocess.py:106} INFO - 페이지 66 데이터 수집 시작 (카테고리: 320)
[2024-12-22T04:08:33.460+0000] {subprocess.py:106} INFO - 페이지 68 데이터 수집 시작 (카테고리: 320)
[2024-12-22T04:08:33.460+0000] {subprocess.py:106} INFO - 페이지 67 데이터 수집 시작 (카테고리: 320)
[2024-12-22T04:08:33.461+0000] {subprocess.py:106} INFO - 페이지 69 데이터 수집 시작 (카테고리: 320)
[2024-12-22T04:08:33.461+0000] {subprocess.py:106} INFO - 페이지 70 데이터 수집 시작 (카테고리: 320)
[2024-12-22T04:08:33.461+0000] {subprocess.py:106} INFO - 페이지 71 데이터 수집 시작 (카테고리: 320)
[2024-12-22T04:08:33.462+0000] {subprocess.py:106} INFO - 페이지 72 데이터 수집 시작 (카테고리: 320)
[2024-12-22T04:08:33.462+0000] {subprocess.py:106} INFO - 페이지 73 데이터 수집 시작 (카테고리: 320)
[2024-12-22T04:08:33.462+0000] {subprocess.py:106} INFO - 페이지 74 데이터 수집 시작 (카테고리: 320)
[2024-12-22T04:08:33.463+0000] {subprocess.py:106} INFO - 페이지 75 데이터 수집 시작 (카테고리: 320)
[2024-12-22T04:08:33.463+0000] {subprocess.py:106} INFO - 페이지 76 데이터 수집 시작 (카테고리: 320)
[2024-12-22T04:08:33.463+0000] {subprocess.py:106} INFO - 페이지 77 데이터 수집 시작 (카테고리: 320)
[2024-12-22T04:08:33.463+0000] {subprocess.py:106} INFO - 페이지 78 데이터 수집 시작 (카테고리: 320)
[2024-12-22T04:08:33.464+0000] {subprocess.py:106} INFO - 페이지 79 데이터 수집 시작 (카테고리: 320)
[2024-12-22T04:08:33.464+0000] {subprocess.py:106} INFO - 페이지 80 데이터 수집 시작 (카테고리: 320)
[2024-12-22T04:08:33.464+0000] {subprocess.py:106} INFO - 페이지 81 데이터 수집 시작 (카테고리: 320)
[2024-12-22T04:08:33.465+0000] {subprocess.py:106} INFO - 페이지 82 데이터 수집 시작 (카테고리: 320)
[2024-12-22T04:08:33.465+0000] {subprocess.py:106} INFO - 페이지 83 데이터 수집 시작 (카테고리: 320)
[2024-12-22T04:08:33.466+0000] {subprocess.py:106} INFO - 페이지 84 데이터 수집 시작 (카테고리: 320)
[2024-12-22T04:08:33.466+0000] {subprocess.py:106} INFO - 페이지 85 데이터 수집 시작 (카테고리: 320)
[2024-12-22T04:08:33.466+0000] {subprocess.py:106} INFO - 페이지 86 데이터 수집 시작 (카테고리: 320)
[2024-12-22T04:08:33.467+0000] {subprocess.py:106} INFO - 페이지 87 데이터 수집 시작 (카테고리: 320)
[2024-12-22T04:08:33.467+0000] {subprocess.py:106} INFO - 페이지 88 데이터 수집 시작 (카테고리: 320)
[2024-12-22T04:08:33.467+0000] {subprocess.py:106} INFO - 페이지 89 데이터 수집 시작 (카테고리: 320)
[2024-12-22T04:08:33.468+0000] {subprocess.py:106} INFO - 페이지 90 데이터 수집 시작 (카테고리: 320)
[2024-12-22T04:08:33.468+0000] {subprocess.py:106} INFO - 페이지 91 데이터 수집 시작 (카테고리: 320)
[2024-12-22T04:08:33.468+0000] {subprocess.py:106} INFO - 페이지 92 데이터 수집 시작 (카테고리: 320)
[2024-12-22T04:08:33.469+0000] {subprocess.py:106} INFO - 페이지 93 데이터 수집 시작 (카테고리: 320)
[2024-12-22T04:08:33.469+0000] {subprocess.py:106} INFO - 페이지 94 데이터 수집 시작 (카테고리: 320)
[2024-12-22T04:08:33.470+0000] {subprocess.py:106} INFO - 페이지 95 데이터 수집 시작 (카테고리: 320)
[2024-12-22T04:08:33.470+0000] {subprocess.py:106} INFO - 페이지 96 데이터 수집 시작 (카테고리: 320)
[2024-12-22T04:08:33.470+0000] {subprocess.py:106} INFO - 페이지 97 데이터 수집 시작 (카테고리: 320)
[2024-12-22T04:08:33.470+0000] {subprocess.py:106} INFO - 페이지 98 데이터 수집 시작 (카테고리: 320)
[2024-12-22T04:08:33.471+0000] {subprocess.py:106} INFO - 페이지 99 데이터 수집 시작 (카테고리: 320)
[2024-12-22T04:08:33.471+0000] {subprocess.py:106} INFO - 페이지 100 데이터 수집 시작 (카테고리: 320)
[2024-12-22T04:08:33.471+0000] {subprocess.py:106} INFO - 페이지 101 데이터 수집 시작 (카테고리: 320)
[2024-12-22T04:08:33.472+0000] {subprocess.py:106} INFO - 페이지 102 데이터 수집 시작 (카테고리: 320)
[2024-12-22T04:08:33.472+0000] {subprocess.py:106} INFO - 페이지 103 데이터 수집 시작 (카테고리: 320)
[2024-12-22T04:08:33.472+0000] {subprocess.py:106} INFO - 페이지 104 데이터 수집 시작 (카테고리: 320)
[2024-12-22T04:08:33.473+0000] {subprocess.py:106} INFO - 페이지 105 데이터 수집 시작 (카테고리: 320)
[2024-12-22T04:08:33.473+0000] {subprocess.py:106} INFO - 페이지 106 데이터 수집 시작 (카테고리: 320)
[2024-12-22T04:08:33.473+0000] {subprocess.py:106} INFO - 페이지 107 데이터 수집 시작 (카테고리: 320)
[2024-12-22T04:08:33.474+0000] {subprocess.py:106} INFO - 페이지 108 데이터 수집 시작 (카테고리: 320)
[2024-12-22T04:08:33.474+0000] {subprocess.py:106} INFO - 페이지 109 데이터 수집 시작 (카테고리: 320)
[2024-12-22T04:08:33.474+0000] {subprocess.py:106} INFO - 페이지 110 데이터 수집 시작 (카테고리: 320)
[2024-12-22T04:08:33.475+0000] {subprocess.py:106} INFO - 페이지 111 데이터 수집 시작 (카테고리: 320)
[2024-12-22T04:08:33.475+0000] {subprocess.py:106} INFO - 페이지 112 데이터 수집 시작 (카테고리: 320)
[2024-12-22T04:08:33.475+0000] {subprocess.py:106} INFO - 페이지 113 데이터 수집 시작 (카테고리: 320)
[2024-12-22T04:08:33.475+0000] {subprocess.py:106} INFO - 페이지 114 데이터 수집 시작 (카테고리: 320)
[2024-12-22T04:08:33.476+0000] {subprocess.py:106} INFO - 페이지 115 데이터 수집 시작 (카테고리: 320)
[2024-12-22T04:08:33.476+0000] {subprocess.py:106} INFO - 페이지 116 데이터 수집 시작 (카테고리: 320)
[2024-12-22T04:08:33.476+0000] {subprocess.py:106} INFO - 페이지 117 데이터 수집 시작 (카테고리: 320)
[2024-12-22T04:08:33.477+0000] {subprocess.py:106} INFO - 페이지 118 데이터 수집 시작 (카테고리: 320)
[2024-12-22T04:08:33.477+0000] {subprocess.py:106} INFO - 페이지 119 데이터 수집 시작 (카테고리: 320)
[2024-12-22T04:08:33.478+0000] {subprocess.py:106} INFO - 페이지 120 데이터 수집 시작 (카테고리: 320)
[2024-12-22T04:08:33.478+0000] {subprocess.py:106} INFO - 페이지 121 데이터 수집 시작 (카테고리: 320)
[2024-12-22T04:08:33.478+0000] {subprocess.py:106} INFO - 페이지 122 데이터 수집 시작 (카테고리: 320)
[2024-12-22T04:08:33.478+0000] {subprocess.py:106} INFO - 페이지 123 데이터 수집 시작 (카테고리: 320)
[2024-12-22T04:08:33.479+0000] {subprocess.py:106} INFO - 페이지 124 데이터 수집 시작 (카테고리: 320)
[2024-12-22T04:08:33.479+0000] {subprocess.py:106} INFO - 페이지 125 데이터 수집 시작 (카테고리: 320)
[2024-12-22T04:08:33.479+0000] {subprocess.py:106} INFO - 페이지 126 데이터 수집 시작 (카테고리: 320)
[2024-12-22T04:08:33.479+0000] {subprocess.py:106} INFO - 페이지 127 데이터 수집 시작 (카테고리: 320)
[2024-12-22T04:08:33.479+0000] {subprocess.py:106} INFO - 페이지 128 데이터 수집 시작 (카테고리: 320)
[2024-12-22T04:08:33.480+0000] {subprocess.py:106} INFO - 페이지 129 데이터 수집 시작 (카테고리: 320)
[2024-12-22T04:08:33.480+0000] {subprocess.py:106} INFO - 페이지 130 데이터 수집 시작 (카테고리: 320)
[2024-12-22T04:08:33.480+0000] {subprocess.py:106} INFO - 페이지 131 데이터 수집 시작 (카테고리: 320)
[2024-12-22T04:08:33.480+0000] {subprocess.py:106} INFO - 페이지 132 데이터 수집 시작 (카테고리: 320)
[2024-12-22T04:08:33.480+0000] {subprocess.py:106} INFO - 페이지 133 데이터 수집 시작 (카테고리: 320)
[2024-12-22T04:08:33.481+0000] {subprocess.py:106} INFO - 페이지 134 데이터 수집 시작 (카테고리: 320)
[2024-12-22T04:08:33.481+0000] {subprocess.py:106} INFO - 페이지 135 데이터 수집 시작 (카테고리: 320)
[2024-12-22T04:08:33.481+0000] {subprocess.py:106} INFO - 페이지 136 데이터 수집 시작 (카테고리: 320)
[2024-12-22T04:08:33.481+0000] {subprocess.py:106} INFO - 페이지 137 데이터 수집 시작 (카테고리: 320)
[2024-12-22T04:08:33.481+0000] {subprocess.py:106} INFO - 페이지 138 데이터 수집 시작 (카테고리: 320)
[2024-12-22T04:08:33.482+0000] {subprocess.py:106} INFO - 페이지 139 데이터 수집 시작 (카테고리: 320)
[2024-12-22T04:08:33.482+0000] {subprocess.py:106} INFO - 페이지 140 데이터 수집 시작 (카테고리: 320)
[2024-12-22T04:08:33.482+0000] {subprocess.py:106} INFO - 페이지 141 데이터 수집 시작 (카테고리: 320)
[2024-12-22T04:08:33.482+0000] {subprocess.py:106} INFO - 페이지 142 데이터 수집 시작 (카테고리: 320)
[2024-12-22T04:17:25.589+0000] {subprocess.py:106} INFO - 페이지 143 데이터 수집 시작 (카테고리: 320)
[2024-12-22T04:17:25.590+0000] {subprocess.py:106} INFO - 페이지 144 데이터 수집 시작 (카테고리: 320)
[2024-12-22T04:17:25.591+0000] {subprocess.py:106} INFO - 페이지 145 데이터 수집 시작 (카테고리: 320)
[2024-12-22T04:17:25.591+0000] {subprocess.py:106} INFO - 페이지 146 데이터 수집 시작 (카테고리: 320)
[2024-12-22T04:17:25.591+0000] {subprocess.py:106} INFO - 페이지 147 데이터 수집 시작 (카테고리: 320)
[2024-12-22T04:17:25.592+0000] {subprocess.py:106} INFO - 페이지 148 데이터 수집 시작 (카테고리: 320)
[2024-12-22T04:17:25.592+0000] {subprocess.py:106} INFO - 페이지 149 데이터 수집 시작 (카테고리: 320)
[2024-12-22T04:17:25.592+0000] {subprocess.py:106} INFO - 페이지 150 데이터 수집 시작 (카테고리: 320)
[2024-12-22T04:17:25.593+0000] {subprocess.py:106} INFO - 페이지 151 데이터 수집 시작 (카테고리: 320)
[2024-12-22T04:17:25.593+0000] {subprocess.py:106} INFO - 페이지 152 데이터 수집 시작 (카테고리: 320)
[2024-12-22T04:17:25.593+0000] {subprocess.py:106} INFO - 페이지 153 데이터 수집 시작 (카테고리: 320)
[2024-12-22T04:17:25.594+0000] {subprocess.py:106} INFO - 페이지 154 데이터 수집 시작 (카테고리: 320)
[2024-12-22T04:17:25.594+0000] {subprocess.py:106} INFO - 페이지 155 데이터 수집 시작 (카테고리: 320)
[2024-12-22T04:17:25.594+0000] {subprocess.py:106} INFO - 페이지 156 데이터 수집 시작 (카테고리: 320)
[2024-12-22T04:17:25.595+0000] {subprocess.py:106} INFO - 페이지 157 데이터 수집 시작 (카테고리: 320)
[2024-12-22T04:17:25.595+0000] {subprocess.py:106} INFO - 페이지 158 데이터 수집 시작 (카테고리: 320)
[2024-12-22T04:17:25.596+0000] {subprocess.py:106} INFO - 페이지 159 데이터 수집 시작 (카테고리: 320)
[2024-12-22T04:17:25.596+0000] {subprocess.py:106} INFO - 페이지 160 데이터 수집 시작 (카테고리: 320)
[2024-12-22T04:17:25.596+0000] {subprocess.py:106} INFO - 페이지 161 데이터 수집 시작 (카테고리: 320)
[2024-12-22T04:17:25.597+0000] {subprocess.py:106} INFO - 페이지 162 데이터 수집 시작 (카테고리: 320)
[2024-12-22T04:17:25.597+0000] {subprocess.py:106} INFO - 페이지 163 데이터 수집 시작 (카테고리: 320)
[2024-12-22T04:17:25.597+0000] {subprocess.py:106} INFO - 페이지 164 데이터 수집 시작 (카테고리: 320)
[2024-12-22T04:17:25.597+0000] {subprocess.py:106} INFO - 페이지 165 데이터 수집 시작 (카테고리: 320)
[2024-12-22T04:17:25.598+0000] {subprocess.py:106} INFO - 페이지 166 데이터 수집 시작 (카테고리: 320)
[2024-12-22T04:17:25.598+0000] {subprocess.py:106} INFO - 페이지 167 데이터 수집 시작 (카테고리: 320)
[2024-12-22T04:17:25.598+0000] {subprocess.py:106} INFO - 페이지 168 데이터 수집 시작 (카테고리: 320)
[2024-12-22T04:17:25.598+0000] {subprocess.py:106} INFO - 페이지 169 데이터 수집 시작 (카테고리: 320)
[2024-12-22T04:17:25.599+0000] {subprocess.py:106} INFO - 페이지 170 데이터 수집 시작 (카테고리: 320)
[2024-12-22T04:17:25.599+0000] {subprocess.py:106} INFO - 페이지 171 데이터 수집 시작 (카테고리: 320)
[2024-12-22T04:17:25.599+0000] {subprocess.py:106} INFO - 페이지 172 데이터 수집 시작 (카테고리: 320)
[2024-12-22T04:17:25.600+0000] {subprocess.py:106} INFO - 페이지 173 데이터 수집 시작 (카테고리: 320)
[2024-12-22T04:17:25.601+0000] {subprocess.py:106} INFO - 페이지 174 데이터 수집 시작 (카테고리: 320)
[2024-12-22T04:17:25.601+0000] {subprocess.py:106} INFO - 페이지 175 데이터 수집 시작 (카테고리: 320)
[2024-12-22T04:17:25.601+0000] {subprocess.py:106} INFO - 페이지 176 데이터 수집 시작 (카테고리: 320)
[2024-12-22T04:17:25.602+0000] {subprocess.py:106} INFO - 페이지 177 데이터 수집 시작 (카테고리: 320)
[2024-12-22T04:17:25.602+0000] {subprocess.py:106} INFO - 페이지 178 데이터 수집 시작 (카테고리: 320)
[2024-12-22T04:17:25.602+0000] {subprocess.py:106} INFO - 페이지 179 데이터 수집 시작 (카테고리: 320)
[2024-12-22T04:17:25.602+0000] {subprocess.py:106} INFO - 페이지 180 데이터 수집 시작 (카테고리: 320)
[2024-12-22T04:17:25.602+0000] {subprocess.py:106} INFO - 페이지 181 데이터 수집 시작 (카테고리: 320)
[2024-12-22T04:17:25.602+0000] {subprocess.py:106} INFO - 페이지 182 데이터 수집 시작 (카테고리: 320)
[2024-12-22T04:17:25.603+0000] {subprocess.py:106} INFO - 페이지 183 데이터 수집 시작 (카테고리: 320)
[2024-12-22T04:17:25.603+0000] {subprocess.py:106} INFO - 페이지 184 데이터 수집 시작 (카테고리: 320)
[2024-12-22T04:17:25.603+0000] {subprocess.py:106} INFO - 페이지 185 데이터 수집 시작 (카테고리: 320)
[2024-12-22T04:17:25.603+0000] {subprocess.py:106} INFO - 페이지 186 데이터 수집 시작 (카테고리: 320)
[2024-12-22T04:17:25.603+0000] {subprocess.py:106} INFO - 페이지 187 데이터 수집 시작 (카테고리: 320)
[2024-12-22T04:17:25.603+0000] {subprocess.py:106} INFO - 페이지 188 데이터 수집 시작 (카테고리: 320)
[2024-12-22T04:17:25.603+0000] {subprocess.py:106} INFO - 페이지 190 데이터 수집 시작 (카테고리: 320)
[2024-12-22T04:17:25.604+0000] {subprocess.py:106} INFO - 페이지 189 데이터 수집 시작 (카테고리: 320)
[2024-12-22T04:17:25.604+0000] {subprocess.py:106} INFO - 페이지 191 데이터 수집 시작 (카테고리: 320)
[2024-12-22T04:17:25.604+0000] {subprocess.py:106} INFO - 페이지 192 데이터 수집 시작 (카테고리: 320)
[2024-12-22T04:17:25.605+0000] {subprocess.py:106} INFO - 페이지 193 데이터 수집 시작 (카테고리: 320)
[2024-12-22T04:17:25.605+0000] {subprocess.py:106} INFO - 페이지 194 데이터 수집 시작 (카테고리: 320)
[2024-12-22T04:17:25.605+0000] {subprocess.py:106} INFO - 페이지 195 데이터 수집 시작 (카테고리: 320)
[2024-12-22T04:17:25.605+0000] {subprocess.py:106} INFO - 페이지 196 데이터 수집 시작 (카테고리: 320)
[2024-12-22T04:17:25.605+0000] {subprocess.py:106} INFO - 페이지 197 데이터 수집 시작 (카테고리: 320)
[2024-12-22T04:17:25.605+0000] {subprocess.py:106} INFO - 페이지 198 데이터 수집 시작 (카테고리: 320)
[2024-12-22T04:17:25.606+0000] {subprocess.py:106} INFO - 페이지 199 데이터 수집 시작 (카테고리: 320)
[2024-12-22T04:17:25.606+0000] {subprocess.py:106} INFO - 페이지 200 데이터 수집 시작 (카테고리: 320)
[2024-12-22T04:17:25.606+0000] {subprocess.py:106} INFO - 페이지 201 데이터 수집 시작 (카테고리: 320)
[2024-12-22T04:17:25.606+0000] {subprocess.py:106} INFO - 페이지 202 데이터 수집 시작 (카테고리: 320)
[2024-12-22T04:17:25.606+0000] {subprocess.py:106} INFO - 페이지 203 데이터 수집 시작 (카테고리: 320)
[2024-12-22T04:17:25.607+0000] {subprocess.py:106} INFO - 페이지 204 데이터 수집 시작 (카테고리: 320)
[2024-12-22T04:17:25.607+0000] {subprocess.py:106} INFO - 페이지 205 데이터 수집 시작 (카테고리: 320)
[2024-12-22T04:17:25.607+0000] {subprocess.py:106} INFO - 페이지 206 데이터 수집 시작 (카테고리: 320)
[2024-12-22T04:17:25.608+0000] {subprocess.py:106} INFO - 페이지 207 데이터 수집 시작 (카테고리: 320)
[2024-12-22T04:17:25.608+0000] {subprocess.py:106} INFO - 페이지 208 데이터 수집 시작 (카테고리: 320)
[2024-12-22T04:17:25.608+0000] {subprocess.py:106} INFO - 페이지 209 데이터 수집 시작 (카테고리: 320)
[2024-12-22T04:17:25.608+0000] {subprocess.py:106} INFO - 페이지 210 데이터 수집 시작 (카테고리: 320)
[2024-12-22T04:17:25.609+0000] {subprocess.py:106} INFO - 페이지 211 데이터 수집 시작 (카테고리: 320)
[2024-12-22T04:17:25.609+0000] {subprocess.py:106} INFO - 페이지 212 데이터 수집 시작 (카테고리: 320)
[2024-12-22T04:17:25.609+0000] {subprocess.py:106} INFO - 페이지 213 데이터 수집 시작 (카테고리: 320)
[2024-12-22T04:17:25.610+0000] {subprocess.py:106} INFO - 페이지 214 데이터 수집 시작 (카테고리: 320)
[2024-12-22T04:17:25.610+0000] {subprocess.py:106} INFO - 페이지 215 데이터 수집 시작 (카테고리: 320)
[2024-12-22T04:17:25.610+0000] {subprocess.py:106} INFO - 페이지 216 데이터 수집 시작 (카테고리: 320)
[2024-12-22T04:17:25.611+0000] {subprocess.py:106} INFO - 페이지 217 데이터 수집 시작 (카테고리: 320)
[2024-12-22T04:17:25.611+0000] {subprocess.py:106} INFO - 페이지 218 데이터 수집 시작 (카테고리: 320)
[2024-12-22T04:17:25.611+0000] {subprocess.py:106} INFO - 페이지 219 데이터 수집 시작 (카테고리: 320)
[2024-12-22T04:17:25.611+0000] {subprocess.py:106} INFO - 페이지 220 데이터 수집 시작 (카테고리: 320)
[2024-12-22T04:17:25.612+0000] {subprocess.py:106} INFO - 페이지 221 데이터 수집 시작 (카테고리: 320)
[2024-12-22T04:17:25.612+0000] {subprocess.py:106} INFO - 페이지 222 데이터 수집 시작 (카테고리: 320)
[2024-12-22T04:17:25.612+0000] {subprocess.py:106} INFO - 페이지 223 데이터 수집 시작 (카테고리: 320)
[2024-12-22T04:17:25.613+0000] {subprocess.py:106} INFO - 페이지 224 데이터 수집 시작 (카테고리: 320)
[2024-12-22T04:17:25.613+0000] {subprocess.py:106} INFO - 페이지 225 데이터 수집 시작 (카테고리: 320)
[2024-12-22T04:17:25.613+0000] {subprocess.py:106} INFO - 페이지 226 데이터 수집 시작 (카테고리: 320)
[2024-12-22T04:17:25.613+0000] {subprocess.py:106} INFO - 페이지 227 데이터 수집 시작 (카테고리: 320)
[2024-12-22T04:17:25.614+0000] {subprocess.py:106} INFO - 페이지 228 데이터 수집 시작 (카테고리: 320)
[2024-12-22T04:17:25.614+0000] {subprocess.py:106} INFO - 페이지 229 데이터 수집 시작 (카테고리: 320)
[2024-12-22T04:17:25.615+0000] {subprocess.py:106} INFO - 페이지 230 데이터 수집 시작 (카테고리: 320)
[2024-12-22T04:17:25.615+0000] {subprocess.py:106} INFO - 페이지 231 데이터 수집 시작 (카테고리: 320)
[2024-12-22T04:17:25.615+0000] {subprocess.py:106} INFO - 페이지 232 데이터 수집 시작 (카테고리: 320)
[2024-12-22T04:17:25.616+0000] {subprocess.py:106} INFO - 페이지 233 데이터 수집 시작 (카테고리: 320)
[2024-12-22T04:17:25.616+0000] {subprocess.py:106} INFO - 페이지 234 데이터 수집 시작 (카테고리: 320)
[2024-12-22T04:17:25.617+0000] {subprocess.py:106} INFO - 페이지 235 데이터 수집 시작 (카테고리: 320)
[2024-12-22T04:17:25.617+0000] {subprocess.py:106} INFO - 페이지 236 데이터 수집 시작 (카테고리: 320)
[2024-12-22T04:17:25.617+0000] {subprocess.py:106} INFO - 페이지 237 데이터 수집 시작 (카테고리: 320)
[2024-12-22T04:17:25.617+0000] {subprocess.py:106} INFO - 페이지 238 데이터 수집 시작 (카테고리: 320)
[2024-12-22T04:17:25.617+0000] {subprocess.py:106} INFO - 페이지 239 데이터 수집 시작 (카테고리: 320)
[2024-12-22T04:17:25.618+0000] {subprocess.py:106} INFO - 페이지 240 데이터 수집 시작 (카테고리: 320)
[2024-12-22T04:17:25.618+0000] {subprocess.py:106} INFO - 페이지 241 데이터 수집 시작 (카테고리: 320)
[2024-12-22T04:17:25.618+0000] {subprocess.py:106} INFO - 페이지 242 데이터 수집 시작 (카테고리: 320)
[2024-12-22T04:17:25.618+0000] {subprocess.py:106} INFO - 페이지 243 데이터 수집 시작 (카테고리: 320)
[2024-12-22T04:17:25.618+0000] {subprocess.py:106} INFO - 페이지 244 데이터 수집 시작 (카테고리: 320)
[2024-12-22T04:17:25.619+0000] {subprocess.py:106} INFO - 페이지 245 데이터 수집 시작 (카테고리: 320)
[2024-12-22T04:17:25.619+0000] {subprocess.py:106} INFO - 페이지 246 데이터 수집 시작 (카테고리: 320)
[2024-12-22T04:17:25.620+0000] {subprocess.py:106} INFO - 페이지 247 데이터 수집 시작 (카테고리: 320)
[2024-12-22T04:17:25.620+0000] {subprocess.py:106} INFO - 페이지 248 데이터 수집 시작 (카테고리: 320)
[2024-12-22T04:17:25.620+0000] {subprocess.py:106} INFO - 페이지 249 데이터 수집 시작 (카테고리: 320)
[2024-12-22T04:17:25.620+0000] {subprocess.py:106} INFO - 페이지 250 데이터 수집 시작 (카테고리: 320)
[2024-12-22T04:17:25.621+0000] {subprocess.py:106} INFO - 페이지 251 데이터 수집 시작 (카테고리: 320)
[2024-12-22T04:17:25.621+0000] {subprocess.py:106} INFO - 페이지 252 데이터 수집 시작 (카테고리: 320)
[2024-12-22T04:17:25.621+0000] {subprocess.py:106} INFO - 페이지 253 데이터 수집 시작 (카테고리: 320)
[2024-12-22T04:17:25.622+0000] {subprocess.py:106} INFO - 페이지 254 데이터 수집 시작 (카테고리: 320)
[2024-12-22T04:17:25.622+0000] {subprocess.py:106} INFO - 페이지 255 데이터 수집 시작 (카테고리: 320)
[2024-12-22T04:17:25.623+0000] {subprocess.py:106} INFO - 페이지 256 데이터 수집 시작 (카테고리: 320)
[2024-12-22T04:17:25.623+0000] {subprocess.py:106} INFO - 페이지 257 데이터 수집 시작 (카테고리: 320)
[2024-12-22T04:17:25.623+0000] {subprocess.py:106} INFO - 페이지 259 데이터 수집 시작 (카테고리: 320)
[2024-12-22T04:17:25.624+0000] {subprocess.py:106} INFO - 페이지 258 데이터 수집 시작 (카테고리: 320)
[2024-12-22T04:17:25.624+0000] {subprocess.py:106} INFO - 페이지 260 데이터 수집 시작 (카테고리: 320)
[2024-12-22T04:17:25.624+0000] {subprocess.py:106} INFO - 페이지 261 데이터 수집 시작 (카테고리: 320)
[2024-12-22T04:17:25.624+0000] {subprocess.py:106} INFO - 페이지 262 데이터 수집 시작 (카테고리: 320)
[2024-12-22T04:17:25.625+0000] {subprocess.py:106} INFO - 페이지 263 데이터 수집 시작 (카테고리: 320)
[2024-12-22T04:17:25.625+0000] {subprocess.py:106} INFO - 페이지 264 데이터 수집 시작 (카테고리: 320)
[2024-12-22T04:17:25.625+0000] {subprocess.py:106} INFO - 페이지 265 데이터 수집 시작 (카테고리: 320)
[2024-12-22T04:17:25.626+0000] {subprocess.py:106} INFO - 페이지 266 데이터 수집 시작 (카테고리: 320)
[2024-12-22T04:17:25.626+0000] {subprocess.py:106} INFO - 페이지 267 데이터 수집 시작 (카테고리: 320)
[2024-12-22T04:17:25.627+0000] {subprocess.py:106} INFO - 페이지 268 데이터 수집 시작 (카테고리: 320)
[2024-12-22T04:17:25.627+0000] {subprocess.py:106} INFO - 페이지 269 데이터 수집 시작 (카테고리: 320)
[2024-12-22T04:17:25.628+0000] {subprocess.py:106} INFO - 페이지 270 데이터 수집 시작 (카테고리: 320)
[2024-12-22T04:17:25.628+0000] {subprocess.py:106} INFO - 페이지 271 데이터 수집 시작 (카테고리: 320)
[2024-12-22T04:17:25.628+0000] {subprocess.py:106} INFO - 페이지 272 데이터 수집 시작 (카테고리: 320)
[2024-12-22T04:17:25.629+0000] {subprocess.py:106} INFO - 페이지 273 데이터 수집 시작 (카테고리: 320)
[2024-12-22T04:17:25.629+0000] {subprocess.py:106} INFO - 페이지 274 데이터 수집 시작 (카테고리: 320)
[2024-12-22T04:17:25.629+0000] {subprocess.py:106} INFO - 페이지 275 데이터 수집 시작 (카테고리: 320)
[2024-12-22T04:17:25.630+0000] {subprocess.py:106} INFO - 페이지 276 데이터 수집 시작 (카테고리: 320)
[2024-12-22T04:17:25.631+0000] {subprocess.py:106} INFO - 페이지 277 데이터 수집 시작 (카테고리: 320)
[2024-12-22T04:17:25.631+0000] {subprocess.py:106} INFO - 페이지 278 데이터 수집 시작 (카테고리: 320)
[2024-12-22T04:17:25.632+0000] {subprocess.py:106} INFO - 페이지 279 데이터 수집 시작 (카테고리: 320)
[2024-12-22T04:17:25.632+0000] {subprocess.py:106} INFO - 페이지 280 데이터 수집 시작 (카테고리: 320)
[2024-12-22T04:17:25.633+0000] {subprocess.py:106} INFO - 페이지 281 데이터 수집 시작 (카테고리: 320)
[2024-12-22T04:17:25.633+0000] {subprocess.py:106} INFO - 페이지 282 데이터 수집 시작 (카테고리: 320)
[2024-12-22T04:17:25.633+0000] {subprocess.py:106} INFO - 페이지 283 데이터 수집 시작 (카테고리: 320)
[2024-12-22T04:17:25.634+0000] {subprocess.py:106} INFO - 페이지 284 데이터 수집 시작 (카테고리: 320)
[2024-12-22T04:20:00.298+0000] {local_task_job_runner.py:127} ERROR - Received SIGTERM. Terminating subprocesses
[2024-12-22T04:20:00.307+0000] {process_utils.py:132} INFO - Sending 15 to group 759. PIDs of all processes in the group: [761, 759]
[2024-12-22T04:20:00.309+0000] {process_utils.py:87} INFO - Sending the signal 15 to group 759
[2024-12-22T04:20:00.316+0000] {taskinstance.py:3093} ERROR - Received SIGTERM. Terminating subprocesses.
[2024-12-22T04:20:00.320+0000] {subprocess.py:117} INFO - Sending SIGTERM signal to process group
[2024-12-22T04:20:00.340+0000] {taskinstance.py:3311} ERROR - Task failed with exception
Traceback (most recent call last):
  File "/home/airflow/.local/lib/python3.12/site-packages/airflow/models/taskinstance.py", line 762, in _execute_task
    result = _execute_callable(context=context, **execute_callable_kwargs)
             ^^^^^^^^^^^^^^^^^^^^^^^^^^^^^^^^^^^^^^^^^^^^^^^^^^^^^^^^^^^^^
  File "/home/airflow/.local/lib/python3.12/site-packages/airflow/models/taskinstance.py", line 733, in _execute_callable
    return ExecutionCallableRunner(
           ^^^^^^^^^^^^^^^^^^^^^^^^
  File "/home/airflow/.local/lib/python3.12/site-packages/airflow/utils/operator_helpers.py", line 252, in run
    return self.func(*args, **kwargs)
           ^^^^^^^^^^^^^^^^^^^^^^^^^^
  File "/home/airflow/.local/lib/python3.12/site-packages/airflow/models/baseoperator.py", line 417, in wrapper
    return func(self, *args, **kwargs)
           ^^^^^^^^^^^^^^^^^^^^^^^^^^^
  File "/home/airflow/.local/lib/python3.12/site-packages/airflow/operators/bash.py", line 257, in execute
    result = self._run_inline_command(bash_path=bash_path, env=env)
             ^^^^^^^^^^^^^^^^^^^^^^^^^^^^^^^^^^^^^^^^^^^^^^^^^^^^^^
  File "/home/airflow/.local/lib/python3.12/site-packages/airflow/operators/bash.py", line 284, in _run_inline_command
    return self.subprocess_hook.run_command(
           ^^^^^^^^^^^^^^^^^^^^^^^^^^^^^^^^^
  File "/home/airflow/.local/lib/python3.12/site-packages/airflow/hooks/subprocess.py", line 104, in run_command
    for raw_line in iter(self.sub_process.stdout.readline, b""):
                    ^^^^^^^^^^^^^^^^^^^^^^^^^^^^^^^^^^^^^^^^^^^
  File "/home/airflow/.local/lib/python3.12/site-packages/airflow/models/taskinstance.py", line 3095, in signal_handler
    raise AirflowTaskTerminated("Task received SIGTERM signal")
airflow.exceptions.AirflowTaskTerminated: Task received SIGTERM signal
[2024-12-22T04:20:00.352+0000] {taskinstance.py:1225} INFO - Marking task as UP_FOR_RETRY. dag_id=data_pipeline_etl, task_id=collect_data, run_id=scheduled__2024-12-21T04:00:00+00:00, execution_date=20241221T040000, start_date=20241222T040000, end_date=20241222T042000
[2024-12-22T04:20:00.370+0000] {taskinstance.py:340} INFO - ::group::Post task execution logs
[2024-12-22T04:20:00.380+0000] {process_utils.py:80} INFO - Process psutil.Process(pid=761, status='terminated', started='04:00:00') (761) terminated with exit code None
[2024-12-22T04:20:00.381+0000] {process_utils.py:80} INFO - Process psutil.Process(pid=759, status='terminated', exitcode=2, started='04:00:00') (759) terminated with exit code 2
[2024-12-22T04:20:00.381+0000] {local_task_job_runner.py:266} INFO - Task exited with return code 143
[2024-12-22T04:20:00.396+0000] {taskinstance.py:3895} INFO - 0 downstream tasks scheduled from follow-on schedule check
[2024-12-22T04:20:00.810+0000] {standard_task_runner.py:217} INFO - Process not found (most likely exited), stop collecting metrics
[2024-12-22T04:20:01.205+0000] {local_task_job_runner.py:245} INFO - ::endgroup::
